#
# There is insufficient memory for the Java Runtime Environment to continue.
# Native memory allocation (malloc) failed to allocate 2045776 bytes for Chunk::new
# Possible reasons:
#   The system is out of physical RAM or swap space
#   The process is running with CompressedOops enabled, and the Java Heap may be blocking the growth of the native heap
# Possible solutions:
#   Reduce memory load on the system
#   Increase physical memory or swap space
#   Check if swap backing store is full
#   Decrease Java heap size (-Xmx/-Xms)
#   Decrease number of Java threads
#   Decrease Java thread stack sizes (-Xss)
#   Set larger code cache with -XX:ReservedCodeCacheSize=
#   JVM is running with Unscaled Compressed Oops mode in which the Java heap is
#     placed in the first 4GB address space. The Java Heap base address is the
#     maximum limit for the native heap growth. Please use -XX:HeapBaseMinAddress
#     to set the Java Heap base and to place the Java Heap above 4GB virtual address.
# This output file may be truncated or incomplete.
#
#  Out of Memory Error (arena.cpp:189), pid=11136, tid=23896
#
# JRE version: Java(TM) SE Runtime Environment (17.0.12+8) (build 17.0.12+8-LTS-286)
# Java VM: Java HotSpot(TM) 64-Bit Server VM (17.0.12+8-LTS-286, mixed mode, sharing, tiered, compressed oops, compressed class ptrs, g1 gc, windows-amd64)
# No core dump will be written. Minidumps are not enabled by default on client versions of Windows
#

---------------  S U M M A R Y ------------

Command Line: -javaagent:C:\Program Files\JetBrains\IntelliJ IDEA Community Edition 2024.3.5\lib\idea_rt.jar=54290 -Dfile.encoding=UTF-8 com.maven.OnlineShoppingSB.OnlineShoppingSbApplication

Host: AMD Ryzen 5 5500U with Radeon Graphics         , 12 cores, 5G,  Windows 11 , 64 bit Build 26100 (10.0.26100.4768)
Time: Fri Aug  1 00:52:15 2025 Myanmar Standard Time elapsed time: 2489.629479 seconds (0d 0h 41m 29s)

---------------  T H R E A D  ---------------

Current thread (0x00000288a8616f30):  JavaThread "C2 CompilerThread0" daemon [_thread_in_native, id=23896, stack(0x000000c3cec00000,0x000000c3ced00000)]


Current CompileTask:
C2:2489630 24378       4       org.hibernate.sql.exec.internal.JdbcSelectExecutorStandardImpl::resolveJdbcValuesSource (563 bytes)

Stack: [0x000000c3cec00000,0x000000c3ced00000]
Native frames: (J=compiled Java code, j=interpreted, Vv=VM code, C=native code)
V  [jvm.dll+0x67a04a]
V  [jvm.dll+0x7da4ed]
V  [jvm.dll+0x7dbe33]
V  [jvm.dll+0x7dc4a3]
V  [jvm.dll+0x24508f]
V  [jvm.dll+0xab773]
V  [jvm.dll+0xabd3c]
V  [jvm.dll+0x361b9f]
V  [jvm.dll+0x32c431]
V  [jvm.dll+0x32b8ca]
V  [jvm.dll+0x21683f]
V  [jvm.dll+0x215c6f]
V  [jvm.dll+0x1a2960]
V  [jvm.dll+0x22610b]
V  [jvm.dll+0x2242ab]
V  [jvm.dll+0x79075c]
V  [jvm.dll+0x78abea]
V  [jvm.dll+0x678f35]
C  [ucrtbase.dll+0x37b0]
C  [KERNEL32.DLL+0x2e8d7]
C  [ntdll.dll+0x3c34c]


---------------  P R O C E S S  ---------------

Threads class SMR info:
_java_thread_list=0x00000288f00afd50, length=49, elements={
0x00000288a8601be0, 0x00000288a86043c0, 0x00000288a86120f0, 0x00000288a86138d0,
0x00000288a8615fb0, 0x00000288a8616580, 0x00000288a8616f30, 0x00000288a8617900,
0x00000288a8627030, 0x00000288a85ec4c0, 0x00000288a8b35ea0, 0x00000288a8b36380,
0x00000288ef901ab0, 0x00000288f3244010, 0x00000288f2478ef0, 0x00000288f2477090,
0x00000288f24775a0, 0x00000288f2479910, 0x00000288f24789e0, 0x00000288f2479400,
0x00000288f2479e20, 0x00000288f2476670, 0x00000288f0035d00, 0x00000288f0033480,
0x00000288f00352e0, 0x00000288f00357f0, 0x00000288f0032550, 0x00000288f0032f70,
0x00000288f0036210, 0x00000288f0033990, 0x00000288f00348c0, 0x00000288f0033ea0,
0x00000288f0032a60, 0x00000288f0036720, 0x00000288f0036c30, 0x00000288f0037140,
0x00000288f0037650, 0x00000288f00343b0, 0x00000288f0038fa0, 0x00000288f0ff5e50,
0x00000288f0ff4f20, 0x00000288f0ff5430, 0x00000288f0ff6870, 0x00000288f0ffa530,
0x00000288f0ff81c0, 0x00000288f00394b0, 0x00000288f00399c0, 0x00000288f0039ed0,
0x00000288f0ff7290
}

Java Threads: ( => current thread )
  0x00000288a8601be0 JavaThread "Reference Handler" daemon [_thread_blocked, id=12796, stack(0x000000c3ce600000,0x000000c3ce700000)]
  0x00000288a86043c0 JavaThread "Finalizer" daemon [_thread_blocked, id=19028, stack(0x000000c3ce700000,0x000000c3ce800000)]
  0x00000288a86120f0 JavaThread "Signal Dispatcher" daemon [_thread_blocked, id=5152, stack(0x000000c3ce800000,0x000000c3ce900000)]
  0x00000288a86138d0 JavaThread "Attach Listener" daemon [_thread_blocked, id=27164, stack(0x000000c3ce900000,0x000000c3cea00000)]
  0x00000288a8615fb0 JavaThread "Service Thread" daemon [_thread_blocked, id=14908, stack(0x000000c3cea00000,0x000000c3ceb00000)]
  0x00000288a8616580 JavaThread "Monitor Deflation Thread" daemon [_thread_blocked, id=16132, stack(0x000000c3ceb00000,0x000000c3cec00000)]
=>0x00000288a8616f30 JavaThread "C2 CompilerThread0" daemon [_thread_in_native, id=23896, stack(0x000000c3cec00000,0x000000c3ced00000)]
  0x00000288a8617900 JavaThread "C1 CompilerThread0" daemon [_thread_blocked, id=25852, stack(0x000000c3ced00000,0x000000c3cee00000)]
  0x00000288a8627030 JavaThread "Sweeper thread" daemon [_thread_blocked, id=25480, stack(0x000000c3cee00000,0x000000c3cef00000)]
  0x00000288a85ec4c0 JavaThread "Common-Cleaner" daemon [_thread_blocked, id=21344, stack(0x000000c3cef00000,0x000000c3cf000000)]
  0x00000288a8b35ea0 JavaThread "Monitor Ctrl-Break" daemon [_thread_in_native, id=14084, stack(0x000000c3cf000000,0x000000c3cf100000)]
  0x00000288a8b36380 JavaThread "Notification Thread" daemon [_thread_blocked, id=26092, stack(0x000000c3cf100000,0x000000c3cf200000)]
  0x00000288ef901ab0 JavaThread "mysql-cj-abandoned-connection-cleanup" daemon [_thread_blocked, id=18688, stack(0x000000c3cff00000,0x000000c3d0000000)]
  0x00000288f3244010 JavaThread "HikariPool-1 housekeeper" daemon [_thread_blocked, id=3748, stack(0x000000c3d0100000,0x000000c3d0200000)]
  0x00000288f2478ef0 JavaThread "Catalina-utility-1" [_thread_blocked, id=18428, stack(0x000000c3d0300000,0x000000c3d0400000)]
  0x00000288f2477090 JavaThread "Catalina-utility-2" [_thread_blocked, id=26256, stack(0x000000c3d0400000,0x000000c3d0500000)]
  0x00000288f24775a0 JavaThread "container-0" [_thread_blocked, id=17800, stack(0x000000c3d0500000,0x000000c3d0600000)]
  0x00000288f2479910 JavaThread "MessageBroker-1" [_thread_blocked, id=11844, stack(0x000000c3d0a00000,0x000000c3d0b00000)]
  0x00000288f24789e0 JavaThread "http-nio-8080-exec-1" daemon [_thread_blocked, id=24772, stack(0x000000c3d0b00000,0x000000c3d0c00000)]
  0x00000288f2479400 JavaThread "http-nio-8080-exec-2" daemon [_thread_in_vm, id=25008, stack(0x000000c3d0c00000,0x000000c3d0d00000)]
  0x00000288f2479e20 JavaThread "http-nio-8080-exec-3" daemon [_thread_blocked, id=17644, stack(0x000000c3d0d00000,0x000000c3d0e00000)]
  0x00000288f2476670 JavaThread "http-nio-8080-exec-4" daemon [_thread_blocked, id=20324, stack(0x000000c3d0e00000,0x000000c3d0f00000)]
  0x00000288f0035d00 JavaThread "http-nio-8080-exec-5" daemon [_thread_blocked, id=3044, stack(0x000000c3d0f00000,0x000000c3d1000000)]
  0x00000288f0033480 JavaThread "http-nio-8080-exec-6" daemon [_thread_blocked, id=24548, stack(0x000000c3d1000000,0x000000c3d1100000)]
  0x00000288f00352e0 JavaThread "http-nio-8080-exec-7" daemon [_thread_blocked, id=26656, stack(0x000000c3d1100000,0x000000c3d1200000)]
  0x00000288f00357f0 JavaThread "http-nio-8080-exec-8" daemon [_thread_blocked, id=20688, stack(0x000000c3d1200000,0x000000c3d1300000)]
  0x00000288f0032550 JavaThread "http-nio-8080-exec-9" daemon [_thread_blocked, id=12536, stack(0x000000c3d1300000,0x000000c3d1400000)]
  0x00000288f0032f70 JavaThread "http-nio-8080-exec-10" daemon [_thread_blocked, id=17976, stack(0x000000c3d1400000,0x000000c3d1500000)]
  0x00000288f0036210 JavaThread "http-nio-8080-Poller" daemon [_thread_in_native, id=10756, stack(0x000000c3d1500000,0x000000c3d1600000)]
  0x00000288f0033990 JavaThread "http-nio-8080-Acceptor" daemon [_thread_in_native, id=24732, stack(0x000000c3d1600000,0x000000c3d1700000)]
  0x00000288f00348c0 JavaThread "MessageBroker-2" [_thread_blocked, id=11056, stack(0x000000c3d1700000,0x000000c3d1800000)]
  0x00000288f0033ea0 JavaThread "MessageBroker-3" [_thread_blocked, id=10616, stack(0x000000c3d1800000,0x000000c3d1900000)]
  0x00000288f0032a60 JavaThread "DestroyJavaVM" [_thread_blocked, id=17804, stack(0x000000c3cdf00000,0x000000c3ce000000)]
  0x00000288f0036720 JavaThread "MessageBroker-4" [_thread_blocked, id=27208, stack(0x000000c3d1900000,0x000000c3d1a00000)]
  0x00000288f0036c30 JavaThread "MessageBroker-6" [_thread_blocked, id=12068, stack(0x000000c3d0900000,0x000000c3d0a00000)]
  0x00000288f0037140 JavaThread "MessageBroker-5" [_thread_blocked, id=9104, stack(0x000000c3d1a00000,0x000000c3d1b00000)]
  0x00000288f0037650 JavaThread "MessageBroker-7" [_thread_blocked, id=21772, stack(0x000000c3d1b00000,0x000000c3d1c00000)]
  0x00000288f00343b0 JavaThread "WebSocket background processing" daemon [_thread_blocked, id=19660, stack(0x000000c3d1c00000,0x000000c3d1d00000)]
  0x00000288f0038fa0 JavaThread "MessageBroker-8" [_thread_blocked, id=22392, stack(0x000000c3d2100000,0x000000c3d2200000)]
  0x00000288f0ff5e50 JavaThread "MessageBroker-9" [_thread_blocked, id=2708, stack(0x000000c3d2800000,0x000000c3d2900000)]
  0x00000288f0ff4f20 JavaThread "MessageBroker-10" [_thread_blocked, id=26368, stack(0x000000c3cfe00000,0x000000c3cff00000)]
  0x00000288f0ff5430 JavaThread "MessageBroker-11" [_thread_blocked, id=13048, stack(0x000000c3d2500000,0x000000c3d2600000)]
  0x00000288f0ff6870 JavaThread "MessageBroker-12" [_thread_blocked, id=15932, stack(0x000000c3cdd00000,0x000000c3cde00000)]
  0x00000288f0ffa530 JavaThread "AuditExecutor-1" [_thread_blocked, id=11444, stack(0x000000c3d0000000,0x000000c3d0100000)]
  0x00000288f0ff81c0 JavaThread "AuditExecutor-2" [_thread_blocked, id=6588, stack(0x000000c3cdc00000,0x000000c3cdd00000)]
  0x00000288f00394b0 JavaThread "clientInboundChannel-22" [_thread_blocked, id=24532, stack(0x000000c3cde00000,0x000000c3cdf00000)]
  0x00000288f00399c0 JavaThread "clientInboundChannel-23" [_thread_blocked, id=26888, stack(0x000000c3d1d00000,0x000000c3d1e00000)]
  0x00000288f0039ed0 JavaThread "clientInboundChannel-24" [_thread_blocked, id=25848, stack(0x000000c3d1e00000,0x000000c3d1f00000)]
  0x00000288f0ff7290 JavaThread "clientOutboundChannel-5" [_thread_blocked, id=16764, stack(0x000000c3d1f00000,0x000000c3d2000000)]

Other Threads:
  0x00000288a85f9d20 VMThread "VM Thread" [stack: 0x000000c3ce500000,0x000000c3ce600000] [id=6924]
  0x000002888b49d8b0 WatcherThread [stack: 0x000000c3cf200000,0x000000c3cf300000] [id=18716]
  0x000002888b47afa0 GCTaskThread "GC Thread#0" [stack: 0x000000c3ce000000,0x000000c3ce100000] [id=25304]
  0x00000288ee5fc7e0 GCTaskThread "GC Thread#1" [stack: 0x000000c3cf300000,0x000000c3cf400000] [id=25072]
  0x00000288ee8a4a30 GCTaskThread "GC Thread#2" [stack: 0x000000c3cf400000,0x000000c3cf500000] [id=21668]
  0x00000288ee39d160 GCTaskThread "GC Thread#3" [stack: 0x000000c3cf500000,0x000000c3cf600000] [id=23464]
  0x00000288ee82d890 GCTaskThread "GC Thread#4" [stack: 0x000000c3cf600000,0x000000c3cf700000] [id=5228]
  0x00000288ef06c2d0 GCTaskThread "GC Thread#5" [stack: 0x000000c3cf800000,0x000000c3cf900000] [id=11652]
  0x00000288eed67ca0 GCTaskThread "GC Thread#6" [stack: 0x000000c3cf900000,0x000000c3cfa00000] [id=24704]
  0x00000288eeb59af0 GCTaskThread "GC Thread#7" [stack: 0x000000c3cfa00000,0x000000c3cfb00000] [id=3376]
  0x00000288ef05b2b0 GCTaskThread "GC Thread#8" [stack: 0x000000c3cfb00000,0x000000c3cfc00000] [id=26944]
  0x00000288eee35c30 GCTaskThread "GC Thread#9" [stack: 0x000000c3cfc00000,0x000000c3cfd00000] [id=27088]
  0x000002888b487b90 ConcurrentGCThread "G1 Main Marker" [stack: 0x000000c3ce100000,0x000000c3ce200000] [id=25424]
  0x000002888b48a3d0 ConcurrentGCThread "G1 Conc#0" [stack: 0x000000c3ce200000,0x000000c3ce300000] [id=20396]
  0x00000288eefdf180 ConcurrentGCThread "G1 Conc#1" [stack: 0x000000c3cf700000,0x000000c3cf800000] [id=10528]
  0x00000288ef116fb0 ConcurrentGCThread "G1 Conc#2" [stack: 0x000000c3cfd00000,0x000000c3cfe00000] [id=26884]
  0x000002888b4ee7f0 ConcurrentGCThread "G1 Refine#0" [stack: 0x000000c3ce300000,0x000000c3ce400000] [id=16876]
  0x00000288f0ac10c0 ConcurrentGCThread "G1 Refine#1" [stack: 0x000000c3d0200000,0x000000c3d0300000] [id=21228]
  0x00000288f39d73d0 ConcurrentGCThread "G1 Refine#2" [stack: 0x000000c3d0600000,0x000000c3d0700000] [id=11724]
  0x00000288efcb0130 ConcurrentGCThread "G1 Refine#3" [stack: 0x000000c3d0700000,0x000000c3d0800000] [id=12296]
  0x00000288ef412170 ConcurrentGCThread "G1 Refine#4" [stack: 0x000000c3d0800000,0x000000c3d0900000] [id=11924]
  0x00000288a84b60d0 ConcurrentGCThread "G1 Service" [stack: 0x000000c3ce400000,0x000000c3ce500000] [id=13288]

Threads with active compile tasks:
C2 CompilerThread0  2489736 24378       4       org.hibernate.sql.exec.internal.JdbcSelectExecutorStandardImpl::resolveJdbcValuesSource (563 bytes)

VM state: not at safepoint (normal execution)

VM Mutex/Monitor currently owned by a thread: None

Heap address: 0x00000000a2600000, size: 1498 MB, Compressed Oops mode: 32-bit

CDS archive(s) mapped at: [0x00000288a9000000-0x00000288a9bd0000-0x00000288a9bd0000), size 12386304, SharedBaseAddress: 0x00000288a9000000, ArchiveRelocationMode: 1.
Compressed class space mapped at: 0x00000288aa000000-0x00000288ea000000, reserved size: 1073741824
Narrow klass base: 0x00000288a9000000, Narrow klass shift: 0, Narrow klass range: 0x100000000

GC Precious Log:
 CPUs: 12 total, 12 available
 Memory: 5989M
 Large Page Support: Disabled
 NUMA Support: Disabled
 Compressed Oops: Enabled (32-bit)
 Heap Region Size: 1M
 Heap Min Capacity: 8M
 Heap Initial Capacity: 94M
 Heap Max Capacity: 1498M
 Pre-touch: Disabled
 Parallel Workers: 10
 Concurrent Workers: 3
 Concurrent Refinement Workers: 10
 Periodic GC: Disabled

Heap:
 garbage-first heap   total 273408K, used 186845K [0x00000000a2600000, 0x0000000100000000)
  region size 1024K, 102 young (104448K), 5 survivors (5120K)
 Metaspace       used 108390K, committed 109568K, reserved 1179648K
  class space    used 13826K, committed 14464K, reserved 1048576K

Heap Regions: E=young(eden), S=young(survivor), O=old, HS=humongous(starts), HC=humongous(continues), CS=collection set, F=free, OA=open archive, CA=closed archive, TAMS=top-at-mark-start (previous, next)
|   0|0x00000000a2600000, 0x00000000a2700000, 0x00000000a2700000|100%|HS|  |TAMS 0x00000000a2700000, 0x00000000a2600000| Complete 
|   1|0x00000000a2700000, 0x00000000a2800000, 0x00000000a2800000|100%|HS|  |TAMS 0x00000000a2800000, 0x00000000a2700000| Complete 
|   2|0x00000000a2800000, 0x00000000a2900000, 0x00000000a2900000|100%|HS|  |TAMS 0x00000000a2900000, 0x00000000a2800000| Complete 
|   3|0x00000000a2900000, 0x00000000a2a00000, 0x00000000a2a00000|100%| O|  |TAMS 0x00000000a2a00000, 0x00000000a2900000| Untracked 
|   4|0x00000000a2a00000, 0x00000000a2b00000, 0x00000000a2b00000|100%| O|  |TAMS 0x00000000a2b00000, 0x00000000a2a00000| Untracked 
|   5|0x00000000a2b00000, 0x00000000a2c00000, 0x00000000a2c00000|100%| O|  |TAMS 0x00000000a2c00000, 0x00000000a2b00000| Untracked 
|   6|0x00000000a2c00000, 0x00000000a2d00000, 0x00000000a2d00000|100%| O|  |TAMS 0x00000000a2d00000, 0x00000000a2c00000| Untracked 
|   7|0x00000000a2d00000, 0x00000000a2e00000, 0x00000000a2e00000|100%| O|  |TAMS 0x00000000a2e00000, 0x00000000a2d00000| Untracked 
|   8|0x00000000a2e00000, 0x00000000a2f00000, 0x00000000a2f00000|100%| O|  |TAMS 0x00000000a2f00000, 0x00000000a2e00000| Untracked 
|   9|0x00000000a2f00000, 0x00000000a3000000, 0x00000000a3000000|100%| O|  |TAMS 0x00000000a3000000, 0x00000000a2f00000| Untracked 
|  10|0x00000000a3000000, 0x00000000a3100000, 0x00000000a3100000|100%| O|  |TAMS 0x00000000a3100000, 0x00000000a3000000| Untracked 
|  11|0x00000000a3100000, 0x00000000a3200000, 0x00000000a3200000|100%| O|  |TAMS 0x00000000a3200000, 0x00000000a3100000| Untracked 
|  12|0x00000000a3200000, 0x00000000a3300000, 0x00000000a3300000|100%| O|  |TAMS 0x00000000a3300000, 0x00000000a3200000| Untracked 
|  13|0x00000000a3300000, 0x00000000a33ace00, 0x00000000a3400000| 67%| O|  |TAMS 0x00000000a33ace00, 0x00000000a3300000| Untracked 
|  14|0x00000000a3400000, 0x00000000a3500000, 0x00000000a3500000|100%| O|  |TAMS 0x00000000a3500000, 0x00000000a3400000| Untracked 
|  15|0x00000000a3500000, 0x00000000a3600000, 0x00000000a3600000|100%| O|  |TAMS 0x00000000a3600000, 0x00000000a3500000| Untracked 
|  16|0x00000000a3600000, 0x00000000a3700000, 0x00000000a3700000|100%| O|  |TAMS 0x00000000a3700000, 0x00000000a3600000| Untracked 
|  17|0x00000000a3700000, 0x00000000a3800000, 0x00000000a3800000|100%| O|  |TAMS 0x00000000a3800000, 0x00000000a3700000| Untracked 
|  18|0x00000000a3800000, 0x00000000a3900000, 0x00000000a3900000|100%| O|  |TAMS 0x00000000a3900000, 0x00000000a3800000| Untracked 
|  19|0x00000000a3900000, 0x00000000a3a00000, 0x00000000a3a00000|100%| O|  |TAMS 0x00000000a3a00000, 0x00000000a3900000| Untracked 
|  20|0x00000000a3a00000, 0x00000000a3b00000, 0x00000000a3b00000|100%| O|  |TAMS 0x00000000a3b00000, 0x00000000a3a00000| Untracked 
|  21|0x00000000a3b00000, 0x00000000a3c00000, 0x00000000a3c00000|100%| O|  |TAMS 0x00000000a3c00000, 0x00000000a3b00000| Untracked 
|  22|0x00000000a3c00000, 0x00000000a3d00000, 0x00000000a3d00000|100%| O|  |TAMS 0x00000000a3d00000, 0x00000000a3c00000| Untracked 
|  23|0x00000000a3d00000, 0x00000000a3e00000, 0x00000000a3e00000|100%| O|  |TAMS 0x00000000a3e00000, 0x00000000a3d00000| Untracked 
|  24|0x00000000a3e00000, 0x00000000a3f00000, 0x00000000a3f00000|100%| O|  |TAMS 0x00000000a3f00000, 0x00000000a3e00000| Untracked 
|  25|0x00000000a3f00000, 0x00000000a4000000, 0x00000000a4000000|100%| O|  |TAMS 0x00000000a4000000, 0x00000000a3f00000| Untracked 
|  26|0x00000000a4000000, 0x00000000a4100000, 0x00000000a4100000|100%| O|  |TAMS 0x00000000a4100000, 0x00000000a4000000| Untracked 
|  27|0x00000000a4100000, 0x00000000a4200000, 0x00000000a4200000|100%| O|  |TAMS 0x00000000a4200000, 0x00000000a4100000| Untracked 
|  28|0x00000000a4200000, 0x00000000a4300000, 0x00000000a4300000|100%| O|  |TAMS 0x00000000a4300000, 0x00000000a4200000| Untracked 
|  29|0x00000000a4300000, 0x00000000a4400000, 0x00000000a4400000|100%| O|  |TAMS 0x00000000a4400000, 0x00000000a4300000| Untracked 
|  30|0x00000000a4400000, 0x00000000a4500000, 0x00000000a4500000|100%| O|  |TAMS 0x00000000a4500000, 0x00000000a4400000| Untracked 
|  31|0x00000000a4500000, 0x00000000a4600000, 0x00000000a4600000|100%| O|  |TAMS 0x00000000a4600000, 0x00000000a4500000| Untracked 
|  32|0x00000000a4600000, 0x00000000a4700000, 0x00000000a4700000|100%| O|  |TAMS 0x00000000a4700000, 0x00000000a4600000| Untracked 
|  33|0x00000000a4700000, 0x00000000a4800000, 0x00000000a4800000|100%| O|  |TAMS 0x00000000a4800000, 0x00000000a4700000| Untracked 
|  34|0x00000000a4800000, 0x00000000a4900000, 0x00000000a4900000|100%| O|  |TAMS 0x00000000a4900000, 0x00000000a4800000| Untracked 
|  35|0x00000000a4900000, 0x00000000a4a00000, 0x00000000a4a00000|100%| O|  |TAMS 0x00000000a4a00000, 0x00000000a4900000| Untracked 
|  36|0x00000000a4a00000, 0x00000000a4b00000, 0x00000000a4b00000|100%| O|  |TAMS 0x00000000a4b00000, 0x00000000a4a00000| Untracked 
|  37|0x00000000a4b00000, 0x00000000a4c00000, 0x00000000a4c00000|100%| O|  |TAMS 0x00000000a4c00000, 0x00000000a4b00000| Untracked 
|  38|0x00000000a4c00000, 0x00000000a4d00000, 0x00000000a4d00000|100%| O|  |TAMS 0x00000000a4d00000, 0x00000000a4c00000| Untracked 
|  39|0x00000000a4d00000, 0x00000000a4e00000, 0x00000000a4e00000|100%| O|  |TAMS 0x00000000a4e00000, 0x00000000a4d00000| Untracked 
|  40|0x00000000a4e00000, 0x00000000a4f00000, 0x00000000a4f00000|100%| O|  |TAMS 0x00000000a4f00000, 0x00000000a4e00000| Untracked 
|  41|0x00000000a4f00000, 0x00000000a5000000, 0x00000000a5000000|100%| O|  |TAMS 0x00000000a5000000, 0x00000000a4f00000| Untracked 
|  42|0x00000000a5000000, 0x00000000a5100000, 0x00000000a5100000|100%| O|  |TAMS 0x00000000a5100000, 0x00000000a5000000| Untracked 
|  43|0x00000000a5100000, 0x00000000a5200000, 0x00000000a5200000|100%| O|  |TAMS 0x00000000a5200000, 0x00000000a5100000| Untracked 
|  44|0x00000000a5200000, 0x00000000a5300000, 0x00000000a5300000|100%| O|  |TAMS 0x00000000a5300000, 0x00000000a5200000| Untracked 
|  45|0x00000000a5300000, 0x00000000a5400000, 0x00000000a5400000|100%| O|  |TAMS 0x00000000a5400000, 0x00000000a5300000| Untracked 
|  46|0x00000000a5400000, 0x00000000a5500000, 0x00000000a5500000|100%| O|  |TAMS 0x00000000a5500000, 0x00000000a5400000| Untracked 
|  47|0x00000000a5500000, 0x00000000a5600000, 0x00000000a5600000|100%| O|  |TAMS 0x00000000a5500000, 0x00000000a5500000| Untracked 
|  48|0x00000000a5600000, 0x00000000a5700000, 0x00000000a5700000|100%| O|  |TAMS 0x00000000a5700000, 0x00000000a5600000| Untracked 
|  49|0x00000000a5700000, 0x00000000a5800000, 0x00000000a5800000|100%| O|  |TAMS 0x00000000a5800000, 0x00000000a5700000| Untracked 
|  50|0x00000000a5800000, 0x00000000a5900000, 0x00000000a5900000|100%| O|  |TAMS 0x00000000a5900000, 0x00000000a5800000| Untracked 
|  51|0x00000000a5900000, 0x00000000a5a00000, 0x00000000a5a00000|100%| O|  |TAMS 0x00000000a5a00000, 0x00000000a5900000| Untracked 
|  52|0x00000000a5a00000, 0x00000000a5b00000, 0x00000000a5b00000|100%| O|  |TAMS 0x00000000a5b00000, 0x00000000a5a00000| Untracked 
|  53|0x00000000a5b00000, 0x00000000a5c00000, 0x00000000a5c00000|100%| O|  |TAMS 0x00000000a5c00000, 0x00000000a5b00000| Untracked 
|  54|0x00000000a5c00000, 0x00000000a5d00000, 0x00000000a5d00000|100%| O|  |TAMS 0x00000000a5d00000, 0x00000000a5c00000| Untracked 
|  55|0x00000000a5d00000, 0x00000000a5e00000, 0x00000000a5e00000|100%| O|  |TAMS 0x00000000a5e00000, 0x00000000a5d00000| Untracked 
|  56|0x00000000a5e00000, 0x00000000a5f00000, 0x00000000a5f00000|100%| O|  |TAMS 0x00000000a5f00000, 0x00000000a5e00000| Untracked 
|  57|0x00000000a5f00000, 0x00000000a6000000, 0x00000000a6000000|100%| O|  |TAMS 0x00000000a6000000, 0x00000000a5f00000| Untracked 
|  58|0x00000000a6000000, 0x00000000a6100000, 0x00000000a6100000|100%| O|  |TAMS 0x00000000a6100000, 0x00000000a6000000| Untracked 
|  59|0x00000000a6100000, 0x00000000a6200000, 0x00000000a6200000|100%| O|  |TAMS 0x00000000a6200000, 0x00000000a6100000| Untracked 
|  60|0x00000000a6200000, 0x00000000a6300000, 0x00000000a6300000|100%| O|  |TAMS 0x00000000a6200000, 0x00000000a6200000| Untracked 
|  61|0x00000000a6300000, 0x00000000a6400000, 0x00000000a6400000|100%| O|  |TAMS 0x00000000a6400000, 0x00000000a6300000| Untracked 
|  62|0x00000000a6400000, 0x00000000a6500000, 0x00000000a6500000|100%| O|  |TAMS 0x00000000a6500000, 0x00000000a6400000| Untracked 
|  63|0x00000000a6500000, 0x00000000a6500000, 0x00000000a6600000|  0%| F|  |TAMS 0x00000000a6500000, 0x00000000a6500000| Untracked 
|  64|0x00000000a6600000, 0x00000000a6700000, 0x00000000a6700000|100%| O|  |TAMS 0x00000000a6600000, 0x00000000a6600000| Untracked 
|  65|0x00000000a6700000, 0x00000000a6700000, 0x00000000a6800000|  0%| F|  |TAMS 0x00000000a6700000, 0x00000000a6700000| Untracked 
|  66|0x00000000a6800000, 0x00000000a6900000, 0x00000000a6900000|100%| O|  |TAMS 0x00000000a6900000, 0x00000000a6800000| Untracked 
|  67|0x00000000a6900000, 0x00000000a6a00000, 0x00000000a6a00000|100%| O|  |TAMS 0x00000000a6a00000, 0x00000000a6900000| Untracked 
|  68|0x00000000a6a00000, 0x00000000a6b00000, 0x00000000a6b00000|100%| O|  |TAMS 0x00000000a6b00000, 0x00000000a6a00000| Untracked 
|  69|0x00000000a6b00000, 0x00000000a6c00000, 0x00000000a6c00000|100%| O|  |TAMS 0x00000000a6c00000, 0x00000000a6b00000| Untracked 
|  70|0x00000000a6c00000, 0x00000000a6d00000, 0x00000000a6d00000|100%| O|  |TAMS 0x00000000a6c00000, 0x00000000a6c00000| Untracked 
|  71|0x00000000a6d00000, 0x00000000a6e00000, 0x00000000a6e00000|100%| O|  |TAMS 0x00000000a6d00000, 0x00000000a6d00000| Untracked 
|  72|0x00000000a6e00000, 0x00000000a6f00000, 0x00000000a6f00000|100%| O|  |TAMS 0x00000000a6e00000, 0x00000000a6e00000| Untracked 
|  73|0x00000000a6f00000, 0x00000000a7000000, 0x00000000a7000000|100%| O|  |TAMS 0x00000000a6f00000, 0x00000000a6f00000| Untracked 
|  74|0x00000000a7000000, 0x00000000a7100000, 0x00000000a7100000|100%| O|  |TAMS 0x00000000a7000000, 0x00000000a7000000| Untracked 
|  75|0x00000000a7100000, 0x00000000a7200000, 0x00000000a7200000|100%| O|  |TAMS 0x00000000a7100000, 0x00000000a7100000| Untracked 
|  76|0x00000000a7200000, 0x00000000a7300000, 0x00000000a7300000|100%| O|  |TAMS 0x00000000a7200000, 0x00000000a7200000| Untracked 
|  77|0x00000000a7300000, 0x00000000a7400000, 0x00000000a7400000|100%| O|  |TAMS 0x00000000a7300000, 0x00000000a7300000| Untracked 
|  78|0x00000000a7400000, 0x00000000a74ca600, 0x00000000a7500000| 79%| O|  |TAMS 0x00000000a7400000, 0x00000000a7400000| Untracked 
|  79|0x00000000a7500000, 0x00000000a7500000, 0x00000000a7600000|  0%| F|  |TAMS 0x00000000a7500000, 0x00000000a7500000| Untracked 
|  80|0x00000000a7600000, 0x00000000a7700000, 0x00000000a7700000|100%| O|  |TAMS 0x00000000a7700000, 0x00000000a7600000| Untracked 
|  81|0x00000000a7700000, 0x00000000a7800000, 0x00000000a7800000|100%| O|  |TAMS 0x00000000a7800000, 0x00000000a7700000| Untracked 
|  82|0x00000000a7800000, 0x00000000a7900000, 0x00000000a7900000|100%| O|  |TAMS 0x00000000a7900000, 0x00000000a7800000| Untracked 
|  83|0x00000000a7900000, 0x00000000a7a00000, 0x00000000a7a00000|100%| O|  |TAMS 0x00000000a7a00000, 0x00000000a7900000| Untracked 
|  84|0x00000000a7a00000, 0x00000000a7a00000, 0x00000000a7b00000|  0%| F|  |TAMS 0x00000000a7a00000, 0x00000000a7a00000| Untracked 
|  85|0x00000000a7b00000, 0x00000000a7b00000, 0x00000000a7c00000|  0%| F|  |TAMS 0x00000000a7b00000, 0x00000000a7b00000| Untracked 
|  86|0x00000000a7c00000, 0x00000000a7c00000, 0x00000000a7d00000|  0%| F|  |TAMS 0x00000000a7c00000, 0x00000000a7c00000| Untracked 
|  87|0x00000000a7d00000, 0x00000000a7d00000, 0x00000000a7e00000|  0%| F|  |TAMS 0x00000000a7d00000, 0x00000000a7d00000| Untracked 
|  88|0x00000000a7e00000, 0x00000000a7e00000, 0x00000000a7f00000|  0%| F|  |TAMS 0x00000000a7e00000, 0x00000000a7e00000| Untracked 
|  89|0x00000000a7f00000, 0x00000000a7f00000, 0x00000000a8000000|  0%| F|  |TAMS 0x00000000a7f00000, 0x00000000a7f00000| Untracked 
|  90|0x00000000a8000000, 0x00000000a8000000, 0x00000000a8100000|  0%| F|  |TAMS 0x00000000a8000000, 0x00000000a8000000| Untracked 
|  91|0x00000000a8100000, 0x00000000a8100000, 0x00000000a8200000|  0%| F|  |TAMS 0x00000000a8100000, 0x00000000a8100000| Untracked 
|  92|0x00000000a8200000, 0x00000000a8200000, 0x00000000a8300000|  0%| F|  |TAMS 0x00000000a8200000, 0x00000000a8200000| Untracked 
|  93|0x00000000a8300000, 0x00000000a8400000, 0x00000000a8400000|100%| O|  |TAMS 0x00000000a8400000, 0x00000000a8300000| Untracked 
|  94|0x00000000a8400000, 0x00000000a8400000, 0x00000000a8500000|  0%| F|  |TAMS 0x00000000a8400000, 0x00000000a8400000| Untracked 
|  95|0x00000000a8500000, 0x00000000a8500000, 0x00000000a8600000|  0%| F|  |TAMS 0x00000000a8500000, 0x00000000a8500000| Untracked 
|  96|0x00000000a8600000, 0x00000000a8600000, 0x00000000a8700000|  0%| F|  |TAMS 0x00000000a8600000, 0x00000000a8600000| Untracked 
|  97|0x00000000a8700000, 0x00000000a8700000, 0x00000000a8800000|  0%| F|  |TAMS 0x00000000a8700000, 0x00000000a8700000| Untracked 
|  98|0x00000000a8800000, 0x00000000a8800000, 0x00000000a8900000|  0%| F|  |TAMS 0x00000000a8800000, 0x00000000a8800000| Untracked 
|  99|0x00000000a8900000, 0x00000000a8a00000, 0x00000000a8a00000|100%| O|  |TAMS 0x00000000a8996200, 0x00000000a8900000| Untracked 
| 100|0x00000000a8a00000, 0x00000000a8a00000, 0x00000000a8b00000|  0%| F|  |TAMS 0x00000000a8a00000, 0x00000000a8a00000| Untracked 
| 101|0x00000000a8b00000, 0x00000000a8b00000, 0x00000000a8c00000|  0%| F|  |TAMS 0x00000000a8b00000, 0x00000000a8b00000| Untracked 
| 102|0x00000000a8c00000, 0x00000000a8c00000, 0x00000000a8d00000|  0%| F|  |TAMS 0x00000000a8c00000, 0x00000000a8c00000| Untracked 
| 103|0x00000000a8d00000, 0x00000000a8d00000, 0x00000000a8e00000|  0%| F|  |TAMS 0x00000000a8d00000, 0x00000000a8d00000| Untracked 
| 104|0x00000000a8e00000, 0x00000000a8e00000, 0x00000000a8f00000|  0%| F|  |TAMS 0x00000000a8e00000, 0x00000000a8e00000| Untracked 
| 105|0x00000000a8f00000, 0x00000000a8f00000, 0x00000000a9000000|  0%| F|  |TAMS 0x00000000a8f00000, 0x00000000a8f00000| Untracked 
| 106|0x00000000a9000000, 0x00000000a9000000, 0x00000000a9100000|  0%| F|  |TAMS 0x00000000a9000000, 0x00000000a9000000| Untracked 
| 107|0x00000000a9100000, 0x00000000a9100000, 0x00000000a9200000|  0%| F|  |TAMS 0x00000000a9100000, 0x00000000a9100000| Untracked 
| 108|0x00000000a9200000, 0x00000000a9200000, 0x00000000a9300000|  0%| F|  |TAMS 0x00000000a9200000, 0x00000000a9200000| Untracked 
| 109|0x00000000a9300000, 0x00000000a9300000, 0x00000000a9400000|  0%| F|  |TAMS 0x00000000a9300000, 0x00000000a9300000| Untracked 
| 110|0x00000000a9400000, 0x00000000a9400000, 0x00000000a9500000|  0%| F|  |TAMS 0x00000000a9400000, 0x00000000a9400000| Untracked 
| 111|0x00000000a9500000, 0x00000000a9500000, 0x00000000a9600000|  0%| F|  |TAMS 0x00000000a9500000, 0x00000000a9500000| Untracked 
| 112|0x00000000a9600000, 0x00000000a9700000, 0x00000000a9700000|100%| S|CS|TAMS 0x00000000a9600000, 0x00000000a9600000| Complete 
| 113|0x00000000a9700000, 0x00000000a9700000, 0x00000000a9800000|  0%| F|  |TAMS 0x00000000a9700000, 0x00000000a9700000| Untracked 
| 114|0x00000000a9800000, 0x00000000a9800000, 0x00000000a9900000|  0%| F|  |TAMS 0x00000000a9800000, 0x00000000a9800000| Untracked 
| 115|0x00000000a9900000, 0x00000000a9a00000, 0x00000000a9a00000|100%| S|CS|TAMS 0x00000000a9900000, 0x00000000a9900000| Complete 
| 116|0x00000000a9a00000, 0x00000000a9b00000, 0x00000000a9b00000|100%| S|CS|TAMS 0x00000000a9a00000, 0x00000000a9a00000| Complete 
| 117|0x00000000a9b00000, 0x00000000a9c00000, 0x00000000a9c00000|100%| S|CS|TAMS 0x00000000a9b00000, 0x00000000a9b00000| Complete 
| 118|0x00000000a9c00000, 0x00000000a9c00000, 0x00000000a9d00000|  0%| F|  |TAMS 0x00000000a9c00000, 0x00000000a9c00000| Untracked 
| 119|0x00000000a9d00000, 0x00000000a9e00000, 0x00000000a9e00000|100%| S|CS|TAMS 0x00000000a9d00000, 0x00000000a9d00000| Complete 
| 120|0x00000000a9e00000, 0x00000000a9e00000, 0x00000000a9f00000|  0%| F|  |TAMS 0x00000000a9e00000, 0x00000000a9e00000| Untracked 
| 121|0x00000000a9f00000, 0x00000000a9f00000, 0x00000000aa000000|  0%| F|  |TAMS 0x00000000a9f00000, 0x00000000a9f00000| Untracked 
| 122|0x00000000aa000000, 0x00000000aa000000, 0x00000000aa100000|  0%| F|  |TAMS 0x00000000aa000000, 0x00000000aa000000| Untracked 
| 123|0x00000000aa100000, 0x00000000aa100000, 0x00000000aa200000|  0%| F|  |TAMS 0x00000000aa100000, 0x00000000aa100000| Untracked 
| 124|0x00000000aa200000, 0x00000000aa200000, 0x00000000aa300000|  0%| F|  |TAMS 0x00000000aa200000, 0x00000000aa200000| Untracked 
| 125|0x00000000aa300000, 0x00000000aa300000, 0x00000000aa400000|  0%| F|  |TAMS 0x00000000aa300000, 0x00000000aa300000| Untracked 
| 126|0x00000000aa400000, 0x00000000aa400000, 0x00000000aa500000|  0%| F|  |TAMS 0x00000000aa400000, 0x00000000aa400000| Untracked 
| 127|0x00000000aa500000, 0x00000000aa500000, 0x00000000aa600000|  0%| F|  |TAMS 0x00000000aa500000, 0x00000000aa500000| Untracked 
| 128|0x00000000aa600000, 0x00000000aa600000, 0x00000000aa700000|  0%| F|  |TAMS 0x00000000aa600000, 0x00000000aa600000| Untracked 
| 129|0x00000000aa700000, 0x00000000aa700000, 0x00000000aa800000|  0%| F|  |TAMS 0x00000000aa700000, 0x00000000aa700000| Untracked 
| 130|0x00000000aa800000, 0x00000000aa800000, 0x00000000aa900000|  0%| F|  |TAMS 0x00000000aa800000, 0x00000000aa800000| Untracked 
| 131|0x00000000aa900000, 0x00000000aa900000, 0x00000000aaa00000|  0%| F|  |TAMS 0x00000000aa900000, 0x00000000aa900000| Untracked 
| 132|0x00000000aaa00000, 0x00000000aaa00000, 0x00000000aab00000|  0%| F|  |TAMS 0x00000000aaa00000, 0x00000000aaa00000| Untracked 
| 133|0x00000000aab00000, 0x00000000aab00000, 0x00000000aac00000|  0%| F|  |TAMS 0x00000000aab00000, 0x00000000aab00000| Untracked 
| 134|0x00000000aac00000, 0x00000000aac00000, 0x00000000aad00000|  0%| F|  |TAMS 0x00000000aac00000, 0x00000000aac00000| Untracked 
| 135|0x00000000aad00000, 0x00000000aad00000, 0x00000000aae00000|  0%| F|  |TAMS 0x00000000aad00000, 0x00000000aad00000| Untracked 
| 136|0x00000000aae00000, 0x00000000aae00000, 0x00000000aaf00000|  0%| F|  |TAMS 0x00000000aae00000, 0x00000000aae00000| Untracked 
| 137|0x00000000aaf00000, 0x00000000aaf00000, 0x00000000ab000000|  0%| F|  |TAMS 0x00000000aaf00000, 0x00000000aaf00000| Untracked 
| 138|0x00000000ab000000, 0x00000000ab000000, 0x00000000ab100000|  0%| F|  |TAMS 0x00000000ab000000, 0x00000000ab000000| Untracked 
| 139|0x00000000ab100000, 0x00000000ab100000, 0x00000000ab200000|  0%| F|  |TAMS 0x00000000ab100000, 0x00000000ab100000| Untracked 
| 140|0x00000000ab200000, 0x00000000ab200000, 0x00000000ab300000|  0%| F|  |TAMS 0x00000000ab200000, 0x00000000ab200000| Untracked 
| 141|0x00000000ab300000, 0x00000000ab300000, 0x00000000ab400000|  0%| F|  |TAMS 0x00000000ab300000, 0x00000000ab300000| Untracked 
| 142|0x00000000ab400000, 0x00000000ab400000, 0x00000000ab500000|  0%| F|  |TAMS 0x00000000ab400000, 0x00000000ab400000| Untracked 
| 143|0x00000000ab500000, 0x00000000ab500000, 0x00000000ab600000|  0%| F|  |TAMS 0x00000000ab500000, 0x00000000ab500000| Untracked 
| 144|0x00000000ab600000, 0x00000000ab600000, 0x00000000ab700000|  0%| F|  |TAMS 0x00000000ab600000, 0x00000000ab600000| Untracked 
| 145|0x00000000ab700000, 0x00000000ab700000, 0x00000000ab800000|  0%| F|  |TAMS 0x00000000ab700000, 0x00000000ab700000| Untracked 
| 146|0x00000000ab800000, 0x00000000ab800000, 0x00000000ab900000|  0%| F|  |TAMS 0x00000000ab800000, 0x00000000ab800000| Untracked 
| 147|0x00000000ab900000, 0x00000000ab900000, 0x00000000aba00000|  0%| F|  |TAMS 0x00000000ab900000, 0x00000000ab900000| Untracked 
| 148|0x00000000aba00000, 0x00000000aba00000, 0x00000000abb00000|  0%| F|  |TAMS 0x00000000aba00000, 0x00000000aba00000| Untracked 
| 149|0x00000000abb00000, 0x00000000abb00000, 0x00000000abc00000|  0%| F|  |TAMS 0x00000000abb00000, 0x00000000abb00000| Untracked 
| 150|0x00000000abc00000, 0x00000000abc00000, 0x00000000abd00000|  0%| F|  |TAMS 0x00000000abc00000, 0x00000000abc00000| Untracked 
| 151|0x00000000abd00000, 0x00000000abd00000, 0x00000000abe00000|  0%| F|  |TAMS 0x00000000abd00000, 0x00000000abd00000| Untracked 
| 152|0x00000000abe00000, 0x00000000abe00000, 0x00000000abf00000|  0%| F|  |TAMS 0x00000000abe00000, 0x00000000abe00000| Untracked 
| 153|0x00000000abf00000, 0x00000000abf00000, 0x00000000ac000000|  0%| F|  |TAMS 0x00000000abf00000, 0x00000000abf00000| Untracked 
| 154|0x00000000ac000000, 0x00000000ac000000, 0x00000000ac100000|  0%| F|  |TAMS 0x00000000ac000000, 0x00000000ac000000| Untracked 
| 155|0x00000000ac100000, 0x00000000ac100000, 0x00000000ac200000|  0%| F|  |TAMS 0x00000000ac100000, 0x00000000ac100000| Untracked 
| 156|0x00000000ac200000, 0x00000000ac200000, 0x00000000ac300000|  0%| F|  |TAMS 0x00000000ac200000, 0x00000000ac200000| Untracked 
| 157|0x00000000ac300000, 0x00000000ac300000, 0x00000000ac400000|  0%| F|  |TAMS 0x00000000ac300000, 0x00000000ac300000| Untracked 
| 158|0x00000000ac400000, 0x00000000ac400000, 0x00000000ac500000|  0%| F|  |TAMS 0x00000000ac400000, 0x00000000ac400000| Untracked 
| 159|0x00000000ac500000, 0x00000000ac500000, 0x00000000ac600000|  0%| F|  |TAMS 0x00000000ac500000, 0x00000000ac500000| Untracked 
| 160|0x00000000ac600000, 0x00000000ac600000, 0x00000000ac700000|  0%| F|  |TAMS 0x00000000ac600000, 0x00000000ac600000| Untracked 
| 161|0x00000000ac700000, 0x00000000ac700000, 0x00000000ac800000|  0%| F|  |TAMS 0x00000000ac700000, 0x00000000ac700000| Untracked 
| 162|0x00000000ac800000, 0x00000000ac800000, 0x00000000ac900000|  0%| F|  |TAMS 0x00000000ac800000, 0x00000000ac800000| Untracked 
| 163|0x00000000ac900000, 0x00000000ac900000, 0x00000000aca00000|  0%| F|  |TAMS 0x00000000ac900000, 0x00000000ac900000| Untracked 
| 164|0x00000000aca00000, 0x00000000aca00000, 0x00000000acb00000|  0%| F|  |TAMS 0x00000000aca00000, 0x00000000aca00000| Untracked 
| 165|0x00000000acb00000, 0x00000000acb00000, 0x00000000acc00000|  0%| F|  |TAMS 0x00000000acb00000, 0x00000000acb00000| Untracked 
| 166|0x00000000acc00000, 0x00000000acc00000, 0x00000000acd00000|  0%| F|  |TAMS 0x00000000acc00000, 0x00000000acc00000| Untracked 
| 167|0x00000000acd00000, 0x00000000acd00000, 0x00000000ace00000|  0%| F|  |TAMS 0x00000000acd00000, 0x00000000acd00000| Untracked 
| 168|0x00000000ace00000, 0x00000000ace00000, 0x00000000acf00000|  0%| F|  |TAMS 0x00000000ace00000, 0x00000000ace00000| Untracked 
| 169|0x00000000acf00000, 0x00000000acf00000, 0x00000000ad000000|  0%| F|  |TAMS 0x00000000acf00000, 0x00000000acf00000| Untracked 
| 170|0x00000000ad000000, 0x00000000ad047de0, 0x00000000ad100000| 28%| E|  |TAMS 0x00000000ad000000, 0x00000000ad000000| Complete 
| 171|0x00000000ad100000, 0x00000000ad200000, 0x00000000ad200000|100%| E|CS|TAMS 0x00000000ad100000, 0x00000000ad100000| Complete 
| 172|0x00000000ad200000, 0x00000000ad300000, 0x00000000ad300000|100%| E|CS|TAMS 0x00000000ad200000, 0x00000000ad200000| Complete 
| 173|0x00000000ad300000, 0x00000000ad400000, 0x00000000ad400000|100%| E|CS|TAMS 0x00000000ad300000, 0x00000000ad300000| Complete 
| 174|0x00000000ad400000, 0x00000000ad500000, 0x00000000ad500000|100%| E|CS|TAMS 0x00000000ad400000, 0x00000000ad400000| Complete 
| 175|0x00000000ad500000, 0x00000000ad600000, 0x00000000ad600000|100%| E|CS|TAMS 0x00000000ad500000, 0x00000000ad500000| Complete 
| 176|0x00000000ad600000, 0x00000000ad700000, 0x00000000ad700000|100%| E|CS|TAMS 0x00000000ad600000, 0x00000000ad600000| Complete 
| 177|0x00000000ad700000, 0x00000000ad800000, 0x00000000ad800000|100%| E|CS|TAMS 0x00000000ad700000, 0x00000000ad700000| Complete 
| 178|0x00000000ad800000, 0x00000000ad900000, 0x00000000ad900000|100%| E|CS|TAMS 0x00000000ad800000, 0x00000000ad800000| Complete 
| 179|0x00000000ad900000, 0x00000000ada00000, 0x00000000ada00000|100%| E|CS|TAMS 0x00000000ad900000, 0x00000000ad900000| Complete 
| 180|0x00000000ada00000, 0x00000000adb00000, 0x00000000adb00000|100%| E|CS|TAMS 0x00000000ada00000, 0x00000000ada00000| Complete 
| 181|0x00000000adb00000, 0x00000000adc00000, 0x00000000adc00000|100%| E|CS|TAMS 0x00000000adb00000, 0x00000000adb00000| Complete 
| 182|0x00000000adc00000, 0x00000000add00000, 0x00000000add00000|100%| E|CS|TAMS 0x00000000adc00000, 0x00000000adc00000| Complete 
| 183|0x00000000add00000, 0x00000000ade00000, 0x00000000ade00000|100%| E|CS|TAMS 0x00000000add00000, 0x00000000add00000| Complete 
| 184|0x00000000ade00000, 0x00000000adf00000, 0x00000000adf00000|100%| E|CS|TAMS 0x00000000ade00000, 0x00000000ade00000| Complete 
| 185|0x00000000adf00000, 0x00000000ae000000, 0x00000000ae000000|100%| E|CS|TAMS 0x00000000adf00000, 0x00000000adf00000| Complete 
| 186|0x00000000ae000000, 0x00000000ae100000, 0x00000000ae100000|100%| E|CS|TAMS 0x00000000ae000000, 0x00000000ae000000| Complete 
| 187|0x00000000ae100000, 0x00000000ae200000, 0x00000000ae200000|100%| E|CS|TAMS 0x00000000ae100000, 0x00000000ae100000| Complete 
| 188|0x00000000ae200000, 0x00000000ae300000, 0x00000000ae300000|100%| E|CS|TAMS 0x00000000ae200000, 0x00000000ae200000| Complete 
| 189|0x00000000ae300000, 0x00000000ae400000, 0x00000000ae400000|100%| E|CS|TAMS 0x00000000ae300000, 0x00000000ae300000| Complete 
| 190|0x00000000ae400000, 0x00000000ae500000, 0x00000000ae500000|100%| E|CS|TAMS 0x00000000ae400000, 0x00000000ae400000| Complete 
| 191|0x00000000ae500000, 0x00000000ae600000, 0x00000000ae600000|100%| E|CS|TAMS 0x00000000ae500000, 0x00000000ae500000| Complete 
| 192|0x00000000ae600000, 0x00000000ae6ffc30, 0x00000000ae700000| 99%| E|  |TAMS 0x00000000ae600000, 0x00000000ae600000| Complete 
| 193|0x00000000ae700000, 0x00000000ae800000, 0x00000000ae800000|100%| E|CS|TAMS 0x00000000ae700000, 0x00000000ae700000| Complete 
| 194|0x00000000ae800000, 0x00000000ae900000, 0x00000000ae900000|100%| E|CS|TAMS 0x00000000ae800000, 0x00000000ae800000| Complete 
| 195|0x00000000ae900000, 0x00000000aea00000, 0x00000000aea00000|100%| E|CS|TAMS 0x00000000ae900000, 0x00000000ae900000| Complete 
| 196|0x00000000aea00000, 0x00000000aeb00000, 0x00000000aeb00000|100%| E|CS|TAMS 0x00000000aea00000, 0x00000000aea00000| Complete 
| 197|0x00000000aeb00000, 0x00000000aec00000, 0x00000000aec00000|100%| E|CS|TAMS 0x00000000aeb00000, 0x00000000aeb00000| Complete 
| 198|0x00000000aec00000, 0x00000000aed00000, 0x00000000aed00000|100%| E|CS|TAMS 0x00000000aec00000, 0x00000000aec00000| Complete 
| 199|0x00000000aed00000, 0x00000000aee00000, 0x00000000aee00000|100%| E|CS|TAMS 0x00000000aed00000, 0x00000000aed00000| Complete 
| 200|0x00000000aee00000, 0x00000000aef00000, 0x00000000aef00000|100%| E|CS|TAMS 0x00000000aee00000, 0x00000000aee00000| Complete 
| 201|0x00000000aef00000, 0x00000000af000000, 0x00000000af000000|100%| E|CS|TAMS 0x00000000aef00000, 0x00000000aef00000| Complete 
| 202|0x00000000af000000, 0x00000000af100000, 0x00000000af100000|100%| E|CS|TAMS 0x00000000af000000, 0x00000000af000000| Complete 
| 203|0x00000000af100000, 0x00000000af200000, 0x00000000af200000|100%| E|CS|TAMS 0x00000000af100000, 0x00000000af100000| Complete 
| 204|0x00000000af200000, 0x00000000af300000, 0x00000000af300000|100%| E|CS|TAMS 0x00000000af200000, 0x00000000af200000| Complete 
| 205|0x00000000af300000, 0x00000000af400000, 0x00000000af400000|100%| E|CS|TAMS 0x00000000af300000, 0x00000000af300000| Complete 
| 206|0x00000000af400000, 0x00000000af500000, 0x00000000af500000|100%| E|CS|TAMS 0x00000000af400000, 0x00000000af400000| Complete 
| 207|0x00000000af500000, 0x00000000af600000, 0x00000000af600000|100%| E|CS|TAMS 0x00000000af500000, 0x00000000af500000| Complete 
| 208|0x00000000af600000, 0x00000000af700000, 0x00000000af700000|100%| E|CS|TAMS 0x00000000af600000, 0x00000000af600000| Complete 
| 209|0x00000000af700000, 0x00000000af800000, 0x00000000af800000|100%| E|CS|TAMS 0x00000000af700000, 0x00000000af700000| Complete 
| 210|0x00000000af800000, 0x00000000af900000, 0x00000000af900000|100%| E|CS|TAMS 0x00000000af800000, 0x00000000af800000| Complete 
| 211|0x00000000af900000, 0x00000000afa00000, 0x00000000afa00000|100%| E|CS|TAMS 0x00000000af900000, 0x00000000af900000| Complete 
| 212|0x00000000afa00000, 0x00000000afb00000, 0x00000000afb00000|100%| E|CS|TAMS 0x00000000afa00000, 0x00000000afa00000| Complete 
| 213|0x00000000afb00000, 0x00000000afc00000, 0x00000000afc00000|100%| E|CS|TAMS 0x00000000afb00000, 0x00000000afb00000| Complete 
| 214|0x00000000afc00000, 0x00000000afd00000, 0x00000000afd00000|100%| E|CS|TAMS 0x00000000afc00000, 0x00000000afc00000| Complete 
| 215|0x00000000afd00000, 0x00000000afe00000, 0x00000000afe00000|100%| E|CS|TAMS 0x00000000afd00000, 0x00000000afd00000| Complete 
| 216|0x00000000afe00000, 0x00000000aff00000, 0x00000000aff00000|100%| E|CS|TAMS 0x00000000afe00000, 0x00000000afe00000| Complete 
| 217|0x00000000aff00000, 0x00000000b0000000, 0x00000000b0000000|100%| E|CS|TAMS 0x00000000aff00000, 0x00000000aff00000| Complete 
| 218|0x00000000b0000000, 0x00000000b0100000, 0x00000000b0100000|100%| E|CS|TAMS 0x00000000b0000000, 0x00000000b0000000| Complete 
| 219|0x00000000b0100000, 0x00000000b0200000, 0x00000000b0200000|100%| E|CS|TAMS 0x00000000b0100000, 0x00000000b0100000| Complete 
| 220|0x00000000b0200000, 0x00000000b0300000, 0x00000000b0300000|100%| E|CS|TAMS 0x00000000b0200000, 0x00000000b0200000| Complete 
| 221|0x00000000b0300000, 0x00000000b0400000, 0x00000000b0400000|100%| E|CS|TAMS 0x00000000b0300000, 0x00000000b0300000| Complete 
| 222|0x00000000b0400000, 0x00000000b0500000, 0x00000000b0500000|100%| E|CS|TAMS 0x00000000b0400000, 0x00000000b0400000| Complete 
| 223|0x00000000b0500000, 0x00000000b0600000, 0x00000000b0600000|100%| E|CS|TAMS 0x00000000b0500000, 0x00000000b0500000| Complete 
| 224|0x00000000b0600000, 0x00000000b0700000, 0x00000000b0700000|100%| E|CS|TAMS 0x00000000b0600000, 0x00000000b0600000| Complete 
| 225|0x00000000b0700000, 0x00000000b0800000, 0x00000000b0800000|100%| E|CS|TAMS 0x00000000b0700000, 0x00000000b0700000| Complete 
| 226|0x00000000b0800000, 0x00000000b0900000, 0x00000000b0900000|100%| E|CS|TAMS 0x00000000b0800000, 0x00000000b0800000| Complete 
| 227|0x00000000b0900000, 0x00000000b0a00000, 0x00000000b0a00000|100%| E|CS|TAMS 0x00000000b0900000, 0x00000000b0900000| Complete 
| 228|0x00000000b0a00000, 0x00000000b0b00000, 0x00000000b0b00000|100%| E|CS|TAMS 0x00000000b0a00000, 0x00000000b0a00000| Complete 
| 229|0x00000000b0b00000, 0x00000000b0c00000, 0x00000000b0c00000|100%| E|CS|TAMS 0x00000000b0b00000, 0x00000000b0b00000| Complete 
| 230|0x00000000b0c00000, 0x00000000b0d00000, 0x00000000b0d00000|100%| E|CS|TAMS 0x00000000b0c00000, 0x00000000b0c00000| Complete 
| 231|0x00000000b0d00000, 0x00000000b0e00000, 0x00000000b0e00000|100%| E|CS|TAMS 0x00000000b0d00000, 0x00000000b0d00000| Complete 
| 232|0x00000000b0e00000, 0x00000000b0f00000, 0x00000000b0f00000|100%| E|CS|TAMS 0x00000000b0e00000, 0x00000000b0e00000| Complete 
| 233|0x00000000b0f00000, 0x00000000b1000000, 0x00000000b1000000|100%| E|CS|TAMS 0x00000000b0f00000, 0x00000000b0f00000| Complete 
| 234|0x00000000b1000000, 0x00000000b1100000, 0x00000000b1100000|100%| E|CS|TAMS 0x00000000b1000000, 0x00000000b1000000| Complete 
| 235|0x00000000b1100000, 0x00000000b1200000, 0x00000000b1200000|100%| E|CS|TAMS 0x00000000b1100000, 0x00000000b1100000| Complete 
| 236|0x00000000b1200000, 0x00000000b1300000, 0x00000000b1300000|100%| E|CS|TAMS 0x00000000b1200000, 0x00000000b1200000| Complete 
| 237|0x00000000b1300000, 0x00000000b1400000, 0x00000000b1400000|100%| E|CS|TAMS 0x00000000b1300000, 0x00000000b1300000| Complete 
| 238|0x00000000b1400000, 0x00000000b1500000, 0x00000000b1500000|100%| E|CS|TAMS 0x00000000b1400000, 0x00000000b1400000| Complete 
| 239|0x00000000b1500000, 0x00000000b1600000, 0x00000000b1600000|100%| E|CS|TAMS 0x00000000b1500000, 0x00000000b1500000| Complete 
| 240|0x00000000b1600000, 0x00000000b1700000, 0x00000000b1700000|100%| E|CS|TAMS 0x00000000b1600000, 0x00000000b1600000| Complete 
| 241|0x00000000b1700000, 0x00000000b1800000, 0x00000000b1800000|100%| E|CS|TAMS 0x00000000b1700000, 0x00000000b1700000| Complete 
| 242|0x00000000b1800000, 0x00000000b1900000, 0x00000000b1900000|100%| E|CS|TAMS 0x00000000b1800000, 0x00000000b1800000| Complete 
| 243|0x00000000b1900000, 0x00000000b1a00000, 0x00000000b1a00000|100%| E|CS|TAMS 0x00000000b1900000, 0x00000000b1900000| Complete 
| 244|0x00000000b1a00000, 0x00000000b1b00000, 0x00000000b1b00000|100%| E|CS|TAMS 0x00000000b1a00000, 0x00000000b1a00000| Complete 
| 245|0x00000000b1b00000, 0x00000000b1c00000, 0x00000000b1c00000|100%| E|CS|TAMS 0x00000000b1b00000, 0x00000000b1b00000| Complete 
| 246|0x00000000b1c00000, 0x00000000b1d00000, 0x00000000b1d00000|100%| E|CS|TAMS 0x00000000b1c00000, 0x00000000b1c00000| Complete 
| 247|0x00000000b1d00000, 0x00000000b1e00000, 0x00000000b1e00000|100%| E|CS|TAMS 0x00000000b1d00000, 0x00000000b1d00000| Complete 
| 248|0x00000000b1e00000, 0x00000000b1f00000, 0x00000000b1f00000|100%| E|CS|TAMS 0x00000000b1e00000, 0x00000000b1e00000| Complete 
| 249|0x00000000b1f00000, 0x00000000b2000000, 0x00000000b2000000|100%| E|CS|TAMS 0x00000000b1f00000, 0x00000000b1f00000| Complete 
| 250|0x00000000b2000000, 0x00000000b2100000, 0x00000000b2100000|100%| E|CS|TAMS 0x00000000b2000000, 0x00000000b2000000| Complete 
| 251|0x00000000b2100000, 0x00000000b2200000, 0x00000000b2200000|100%| E|CS|TAMS 0x00000000b2100000, 0x00000000b2100000| Complete 
| 252|0x00000000b2200000, 0x00000000b2300000, 0x00000000b2300000|100%| E|CS|TAMS 0x00000000b2200000, 0x00000000b2200000| Complete 
| 253|0x00000000b2300000, 0x00000000b2400000, 0x00000000b2400000|100%| E|CS|TAMS 0x00000000b2300000, 0x00000000b2300000| Complete 
| 254|0x00000000b2400000, 0x00000000b2500000, 0x00000000b2500000|100%| E|CS|TAMS 0x00000000b2400000, 0x00000000b2400000| Complete 
| 255|0x00000000b2500000, 0x00000000b2600000, 0x00000000b2600000|100%| E|CS|TAMS 0x00000000b2500000, 0x00000000b2500000| Complete 
| 256|0x00000000b2600000, 0x00000000b2700000, 0x00000000b2700000|100%| E|CS|TAMS 0x00000000b2600000, 0x00000000b2600000| Complete 
| 257|0x00000000b2700000, 0x00000000b2800000, 0x00000000b2800000|100%| E|CS|TAMS 0x00000000b2700000, 0x00000000b2700000| Complete 
| 258|0x00000000b2800000, 0x00000000b2900000, 0x00000000b2900000|100%| E|CS|TAMS 0x00000000b2800000, 0x00000000b2800000| Complete 
| 259|0x00000000b2900000, 0x00000000b2a00000, 0x00000000b2a00000|100%| E|CS|TAMS 0x00000000b2900000, 0x00000000b2900000| Complete 
| 260|0x00000000b2a00000, 0x00000000b2b00000, 0x00000000b2b00000|100%| E|CS|TAMS 0x00000000b2a00000, 0x00000000b2a00000| Complete 
| 261|0x00000000b2b00000, 0x00000000b2c00000, 0x00000000b2c00000|100%| E|CS|TAMS 0x00000000b2b00000, 0x00000000b2b00000| Complete 
| 262|0x00000000b2c00000, 0x00000000b2d00000, 0x00000000b2d00000|100%| E|CS|TAMS 0x00000000b2c00000, 0x00000000b2c00000| Complete 
| 263|0x00000000b2d00000, 0x00000000b2e00000, 0x00000000b2e00000|100%| E|CS|TAMS 0x00000000b2d00000, 0x00000000b2d00000| Complete 
| 264|0x00000000b2e00000, 0x00000000b2f00000, 0x00000000b2f00000|100%| E|CS|TAMS 0x00000000b2e00000, 0x00000000b2e00000| Complete 
| 265|0x00000000b2f00000, 0x00000000b3000000, 0x00000000b3000000|100%| E|CS|TAMS 0x00000000b2f00000, 0x00000000b2f00000| Complete 
| 266|0x00000000b3000000, 0x00000000b3100000, 0x00000000b3100000|100%| E|CS|TAMS 0x00000000b3000000, 0x00000000b3000000| Complete 

Card table byte_map: [0x00000288a2520000,0x00000288a2810000] _byte_map_base: 0x00000288a200d000

Marking Bits (Prev, Next): (CMBitMap*) 0x000002888b47b600, (CMBitMap*) 0x000002888b47b5c0
 Prev Bits: [0x00000288a4270000, 0x00000288a59d8000)
 Next Bits: [0x00000288a2b00000, 0x00000288a4268000)

Polling page: 0x00000288893a0000

Metaspace:

Usage:
  Non-class:     92.35 MB used.
      Class:     13.50 MB used.
       Both:    105.85 MB used.

Virtual space:
  Non-class space:      128.00 MB reserved,      92.88 MB ( 73%) committed,  2 nodes.
      Class space:        1.00 GB reserved,      14.12 MB (  1%) committed,  1 nodes.
             Both:        1.12 GB reserved,     107.00 MB (  9%) committed. 

Chunk freelists:
   Non-Class:  3.07 MB
       Class:  1.82 MB
        Both:  4.90 MB

MaxMetaspaceSize: unlimited
CompressedClassSpaceSize: 1.00 GB
Initial GC threshold: 21.00 MB
Current GC threshold: 144.38 MB
CDS: on
MetaspaceReclaimPolicy: balanced
 - commit_granule_bytes: 65536.
 - commit_granule_words: 8192.
 - virtual_space_node_default_size: 8388608.
 - enlarge_chunks_in_place: 1.
 - new_chunks_are_fully_committed: 0.
 - uncommit_free_chunks: 1.
 - use_allocation_guard: 0.
 - handle_deallocations: 1.


Internal statistics:

num_allocs_failed_limit: 9.
num_arena_births: 2310.
num_arena_deaths: 0.
num_vsnodes_births: 3.
num_vsnodes_deaths: 0.
num_space_committed: 1710.
num_space_uncommitted: 0.
num_chunks_returned_to_freelist: 9.
num_chunks_taken_from_freelist: 6891.
num_chunk_merges: 9.
num_chunk_splits: 4479.
num_chunks_enlarged: 2917.
num_inconsistent_stats: 0.

CodeHeap 'non-profiled nmethods': size=120000Kb used=17485Kb max_used=17506Kb free=102514Kb
 bounds [0x000002889a7b0000, 0x000002889b8e0000, 0x00000288a1ce0000]
CodeHeap 'profiled nmethods': size=120000Kb used=33745Kb max_used=35738Kb free=86255Kb
 bounds [0x0000028892ce0000, 0x0000028894ff0000, 0x000002889a210000]
CodeHeap 'non-nmethods': size=5760Kb used=1435Kb max_used=1519Kb free=4324Kb
 bounds [0x000002889a210000, 0x000002889a480000, 0x000002889a7b0000]
 total_blobs=19639 nmethods=18867 adapters=682
 compilation: enabled
              stopped_count=0, restarted_count=0
 full_count=0

Compilation events (20 events):
Event: 2488.311 Thread 0x00000288a8617900 24402       3       com.maven.OnlineShoppingSB.service.ProductService$$Lambda$2051/0x00000288aad86d18::apply (12 bytes)
Event: 2488.315 Thread 0x00000288a8617900 nmethod 24402 0x0000028894a1a390 code [0x0000028894a1a540, 0x0000028894a1a768]
Event: 2488.315 Thread 0x00000288a8617900 24404       3       com.maven.OnlineShoppingSB.dto.ProductOptionDTO::<init> (5 bytes)
Event: 2488.315 Thread 0x00000288a8617900 nmethod 24404 0x000002889381a390 code [0x000002889381a520, 0x000002889381a678]
Event: 2488.315 Thread 0x00000288a8617900 24403       3       com.maven.OnlineShoppingSB.service.ProductService::lambda$mapToProductListItemDTO$20 (122 bytes)
Event: 2488.321 Thread 0x00000288a8617900 nmethod 24403 0x0000028892e56990 code [0x0000028892e56d60, 0x0000028892e58b98]
Event: 2488.331 Thread 0x00000288a8616f30 nmethod 24367 0x000002889b8c8990 code [0x000002889b8c91e0, 0x000002889b8d4c88]
Event: 2488.332 Thread 0x00000288a8616f30 24378       4       org.hibernate.sql.exec.internal.JdbcSelectExecutorStandardImpl::resolveJdbcValuesSource (563 bytes)
Event: 2488.536 Thread 0x00000288a8617900 24405   !   2       org.springframework.data.jpa.repository.support.CrudMethodMetadataPostProcessor$CrudMethodMetadataPopulatingMethodInterceptor::invoke (183 bytes)
Event: 2488.548 Thread 0x00000288a8617900 nmethod 24405 0x000002889365f110 code [0x000002889365f3c0, 0x000002889365fbc8]
Event: 2488.588 Thread 0x00000288a8617900 24406       3       org.springframework.data.jpa.repository.query.AbstractJpaQuery$TupleConverter::<init> (35 bytes)
Event: 2488.596 Thread 0x00000288a8617900 nmethod 24406 0x000002889408fb90 code [0x000002889408fda0, 0x0000028894090468]
Event: 2488.602 Thread 0x00000288a8617900 24407   !   2       org.hibernate.query.spi.AbstractSelectionQuery::list (73 bytes)
Event: 2488.606 Thread 0x00000288a8617900 nmethod 24407 0x0000028893671310 code [0x0000028893671580, 0x0000028893671ba8]
Event: 2488.794 Thread 0x00000288a8617900 24408       3       org.springframework.data.jpa.repository.query.AbstractJpaQuery::doExecute (54 bytes)
Event: 2488.801 Thread 0x00000288a8617900 nmethod 24408 0x000002889415be10 code [0x000002889415c100, 0x000002889415d518]
Event: 2488.888 Thread 0x00000288a8617900 24409       3       org.hibernate.type.descriptor.java.LongJavaType::isWider (196 bytes)
Event: 2488.890 Thread 0x00000288a8617900 nmethod 24409 0x00000288943b0c10 code [0x00000288943b0e40, 0x00000288943b15d8]
Event: 2489.221 Thread 0x00000288a8617900 24410   !   3       jdk.internal.reflect.GeneratedConstructorAccessor107::newInstance (49 bytes)
Event: 2489.226 Thread 0x00000288a8617900 nmethod 24410 0x00000288944e8f10 code [0x00000288944e9120, 0x00000288944e9778]

GC Heap History (20 events):
Event: 37.862 GC heap before
{Heap before GC invocations=41 (full 0):
 garbage-first heap   total 273408K, used 213526K [0x00000000a2600000, 0x0000000100000000)
  region size 1024K, 127 young (130048K), 4 survivors (4096K)
 Metaspace       used 101345K, committed 102272K, reserved 1179648K
  class space    used 13472K, committed 13952K, reserved 1048576K
}
Event: 37.867 GC heap after
{Heap after GC invocations=42 (full 0):
 garbage-first heap   total 273408K, used 87517K [0x00000000a2600000, 0x0000000100000000)
  region size 1024K, 3 young (3072K), 3 survivors (3072K)
 Metaspace       used 101345K, committed 102272K, reserved 1179648K
  class space    used 13472K, committed 13952K, reserved 1048576K
}
Event: 38.502 GC heap before
{Heap before GC invocations=42 (full 0):
 garbage-first heap   total 273408K, used 221661K [0x00000000a2600000, 0x0000000100000000)
  region size 1024K, 134 young (137216K), 3 survivors (3072K)
 Metaspace       used 101832K, committed 102784K, reserved 1179648K
  class space    used 13499K, committed 13952K, reserved 1048576K
}
Event: 38.509 GC heap after
{Heap after GC invocations=43 (full 0):
 garbage-first heap   total 273408K, used 87733K [0x00000000a2600000, 0x0000000100000000)
  region size 1024K, 4 young (4096K), 4 survivors (4096K)
 Metaspace       used 101832K, committed 102784K, reserved 1179648K
  class space    used 13499K, committed 13952K, reserved 1048576K
}
Event: 557.910 GC heap before
{Heap before GC invocations=43 (full 0):
 garbage-first heap   total 273408K, used 226997K [0x00000000a2600000, 0x0000000100000000)
  region size 1024K, 140 young (143360K), 4 survivors (4096K)
 Metaspace       used 105421K, committed 106624K, reserved 1179648K
  class space    used 13721K, committed 14336K, reserved 1048576K
}
Event: 557.938 GC heap after
{Heap after GC invocations=44 (full 0):
 garbage-first heap   total 273408K, used 88743K [0x00000000a2600000, 0x0000000100000000)
  region size 1024K, 5 young (5120K), 5 survivors (5120K)
 Metaspace       used 105421K, committed 106624K, reserved 1179648K
  class space    used 13721K, committed 14336K, reserved 1048576K
}
Event: 964.970 GC heap before
{Heap before GC invocations=44 (full 0):
 garbage-first heap   total 273408K, used 229031K [0x00000000a2600000, 0x0000000100000000)
  region size 1024K, 142 young (145408K), 5 survivors (5120K)
 Metaspace       used 106008K, committed 107264K, reserved 1179648K
  class space    used 13729K, committed 14400K, reserved 1048576K
}
Event: 965.007 GC heap after
{Heap after GC invocations=45 (full 0):
 garbage-first heap   total 273408K, used 89847K [0x00000000a2600000, 0x0000000100000000)
  region size 1024K, 6 young (6144K), 6 survivors (6144K)
 Metaspace       used 106008K, committed 107264K, reserved 1179648K
  class space    used 13729K, committed 14400K, reserved 1048576K
}
Event: 1064.270 GC heap before
{Heap before GC invocations=45 (full 0):
 garbage-first heap   total 273408K, used 230135K [0x00000000a2600000, 0x0000000100000000)
  region size 1024K, 144 young (147456K), 6 survivors (6144K)
 Metaspace       used 106617K, committed 107776K, reserved 1179648K
  class space    used 13736K, committed 14400K, reserved 1048576K
}
Event: 1064.287 GC heap after
{Heap after GC invocations=46 (full 0):
 garbage-first heap   total 273408K, used 89071K [0x00000000a2600000, 0x0000000100000000)
  region size 1024K, 5 young (5120K), 5 survivors (5120K)
 Metaspace       used 106617K, committed 107776K, reserved 1179648K
  class space    used 13736K, committed 14400K, reserved 1048576K
}
Event: 1068.874 GC heap before
{Heap before GC invocations=46 (full 0):
 garbage-first heap   total 273408K, used 233455K [0x00000000a2600000, 0x0000000100000000)
  region size 1024K, 147 young (150528K), 5 survivors (5120K)
 Metaspace       used 107285K, committed 108480K, reserved 1179648K
  class space    used 13738K, committed 14400K, reserved 1048576K
}
Event: 1068.881 GC heap after
{Heap after GC invocations=47 (full 0):
 garbage-first heap   total 273408K, used 89129K [0x00000000a2600000, 0x0000000100000000)
  region size 1024K, 5 young (5120K), 5 survivors (5120K)
 Metaspace       used 107285K, committed 108480K, reserved 1179648K
  class space    used 13738K, committed 14400K, reserved 1048576K
}
Event: 1121.346 GC heap before
{Heap before GC invocations=47 (full 0):
 garbage-first heap   total 273408K, used 235561K [0x00000000a2600000, 0x0000000100000000)
  region size 1024K, 149 young (152576K), 5 survivors (5120K)
 Metaspace       used 107722K, committed 108928K, reserved 1179648K
  class space    used 13755K, committed 14400K, reserved 1048576K
}
Event: 1121.352 GC heap after
{Heap after GC invocations=48 (full 0):
 garbage-first heap   total 273408K, used 89200K [0x00000000a2600000, 0x0000000100000000)
  region size 1024K, 5 young (5120K), 5 survivors (5120K)
 Metaspace       used 107722K, committed 108928K, reserved 1179648K
  class space    used 13755K, committed 14400K, reserved 1048576K
}
Event: 1332.875 GC heap before
{Heap before GC invocations=48 (full 0):
 garbage-first heap   total 273408K, used 237680K [0x00000000a2600000, 0x0000000100000000)
  region size 1024K, 150 young (153600K), 5 survivors (5120K)
 Metaspace       used 107854K, committed 108992K, reserved 1179648K
  class space    used 13756K, committed 14400K, reserved 1048576K
}
Event: 1332.908 GC heap after
{Heap after GC invocations=49 (full 0):
 garbage-first heap   total 273408K, used 89734K [0x00000000a2600000, 0x0000000100000000)
  region size 1024K, 6 young (6144K), 6 survivors (6144K)
 Metaspace       used 107854K, committed 108992K, reserved 1179648K
  class space    used 13756K, committed 14400K, reserved 1048576K
}
Event: 2293.425 GC heap before
{Heap before GC invocations=49 (full 0):
 garbage-first heap   total 273408K, used 238214K [0x00000000a2600000, 0x0000000100000000)
  region size 1024K, 151 young (154624K), 6 survivors (6144K)
 Metaspace       used 108200K, committed 109376K, reserved 1179648K
  class space    used 13805K, committed 14464K, reserved 1048576K
}
Event: 2293.486 GC heap after
{Heap after GC invocations=50 (full 0):
 garbage-first heap   total 273408K, used 90196K [0x00000000a2600000, 0x0000000100000000)
  region size 1024K, 6 young (6144K), 6 survivors (6144K)
 Metaspace       used 108200K, committed 109376K, reserved 1179648K
  class space    used 13805K, committed 14464K, reserved 1048576K
}
Event: 2298.384 GC heap before
{Heap before GC invocations=50 (full 0):
 garbage-first heap   total 273408K, used 237652K [0x00000000a2600000, 0x0000000100000000)
  region size 1024K, 151 young (154624K), 6 survivors (6144K)
 Metaspace       used 108258K, committed 109440K, reserved 1179648K
  class space    used 13806K, committed 14464K, reserved 1048576K
}
Event: 2298.391 GC heap after
{Heap after GC invocations=51 (full 0):
 garbage-first heap   total 273408K, used 89565K [0x00000000a2600000, 0x0000000100000000)
  region size 1024K, 5 young (5120K), 5 survivors (5120K)
 Metaspace       used 108258K, committed 109440K, reserved 1179648K
  class space    used 13806K, committed 14464K, reserved 1048576K
}

Deoptimization events (20 events):
Event: 2485.788 Thread 0x00000288f00357f0 DEOPT PACKING pc=0x000002889b1fb524 sp=0x000000c3d12fa240
Event: 2485.788 Thread 0x00000288f00357f0 DEOPT UNPACKING pc=0x000002889a2623a3 sp=0x000000c3d12fa190 mode 2
Event: 2486.008 Thread 0x00000288f00357f0 Uncommon trap: trap_request=0xffffffc6 fr.pc=0x000002889b711b18 relative=0x0000000000001798
Event: 2486.010 Thread 0x00000288f00357f0 Uncommon trap: reason=bimorphic_or_optimized_type_check action=maybe_recompile pc=0x000002889b711b18 method=com.fasterxml.jackson.databind.ser.BeanPropertyWriter.serializeAsField(Ljava/lang/Object;Lcom/fasterxml/jackson/core/JsonGenerator;Lcom/fasterxml/j
Event: 2486.011 Thread 0x00000288f00357f0 DEOPT PACKING pc=0x000002889b711b18 sp=0x000000c3d12fa4e0
Event: 2486.011 Thread 0x00000288f00357f0 DEOPT UNPACKING pc=0x000002889a2623a3 sp=0x000000c3d12fa4a8 mode 2
Event: 2486.011 Thread 0x00000288f00357f0 Uncommon trap: trap_request=0xffffffc6 fr.pc=0x000002889b711b18 relative=0x0000000000001798
Event: 2486.012 Thread 0x00000288f00357f0 Uncommon trap: reason=bimorphic_or_optimized_type_check action=maybe_recompile pc=0x000002889b711b18 method=com.fasterxml.jackson.databind.ser.BeanPropertyWriter.serializeAsField(Ljava/lang/Object;Lcom/fasterxml/jackson/core/JsonGenerator;Lcom/fasterxml/j
Event: 2486.012 Thread 0x00000288f00357f0 DEOPT PACKING pc=0x000002889b711b18 sp=0x000000c3d12fa4e0
Event: 2486.012 Thread 0x00000288f00357f0 DEOPT UNPACKING pc=0x000002889a2623a3 sp=0x000000c3d12fa4a8 mode 2
Event: 2486.013 Thread 0x00000288f00357f0 Uncommon trap: trap_request=0xffffffc6 fr.pc=0x000002889b711b18 relative=0x0000000000001798
Event: 2486.013 Thread 0x00000288f00357f0 Uncommon trap: reason=bimorphic_or_optimized_type_check action=maybe_recompile pc=0x000002889b711b18 method=com.fasterxml.jackson.databind.ser.BeanPropertyWriter.serializeAsField(Ljava/lang/Object;Lcom/fasterxml/jackson/core/JsonGenerator;Lcom/fasterxml/j
Event: 2486.013 Thread 0x00000288f00357f0 DEOPT PACKING pc=0x000002889b711b18 sp=0x000000c3d12fa4e0
Event: 2486.013 Thread 0x00000288f00357f0 DEOPT UNPACKING pc=0x000002889a2623a3 sp=0x000000c3d12fa4a8 mode 2
Event: 2486.018 Thread 0x00000288f00357f0 Uncommon trap: trap_request=0xffffffc6 fr.pc=0x000002889b711b18 relative=0x0000000000001798
Event: 2486.018 Thread 0x00000288f00357f0 Uncommon trap: reason=bimorphic_or_optimized_type_check action=maybe_recompile pc=0x000002889b711b18 method=com.fasterxml.jackson.databind.ser.BeanPropertyWriter.serializeAsField(Ljava/lang/Object;Lcom/fasterxml/jackson/core/JsonGenerator;Lcom/fasterxml/j
Event: 2486.018 Thread 0x00000288f00357f0 DEOPT PACKING pc=0x000002889b711b18 sp=0x000000c3d12fa4e0
Event: 2486.018 Thread 0x00000288f00357f0 DEOPT UNPACKING pc=0x000002889a2623a3 sp=0x000000c3d12fa4a8 mode 2
Event: 2486.787 Thread 0x00000288f2479400 DEOPT PACKING pc=0x0000028894275a28 sp=0x000000c3d0cf72f0
Event: 2486.787 Thread 0x00000288f2479400 DEOPT UNPACKING pc=0x000002889a262b43 sp=0x000000c3d0cf6888 mode 0

Classes unloaded (0 events):
No events

Classes redefined (0 events):
No events

Internal exceptions (20 events):
Event: 1574.466 Thread 0x00000288f0ff6870 Implicit null exception at 0x000002889b84c66c to 0x000002889b84cd44
Event: 1574.468 Thread 0x00000288f0ff6870 Implicit null exception at 0x000002889b84c66c to 0x000002889b84cd44
Event: 1574.469 Thread 0x00000288f0ff6870 Implicit null exception at 0x000002889b84c66c to 0x000002889b84cd44
Event: 1574.470 Thread 0x00000288f0ff6870 Implicit null exception at 0x000002889b84c66c to 0x000002889b84cd44
Event: 1771.782 Thread 0x00000288f0037b60 Exception <a 'java/io/IOException'{0x00000000adf1a600}> (0x00000000adf1a600) 
thrown [s\open\src\hotspot\share\prims\jni.cpp, line 516]
Event: 1771.795 Thread 0x00000288f0037b60 Exception <a 'java/io/IOException'{0x00000000adf1b140}> (0x00000000adf1b140) 
thrown [s\open\src\hotspot\share\prims\jni.cpp, line 516]
Event: 1772.068 Thread 0x00000288f0034dd0 Implicit null exception at 0x000002889b113d14 to 0x000002889b114d10
Event: 1772.073 Thread 0x00000288f0034dd0 Implicit null exception at 0x000002889b304030 to 0x000002889b304060
Event: 1772.159 Thread 0x00000288f0034dd0 Implicit null exception at 0x000002889aefbab9 to 0x000002889aefc778
Event: 1772.357 Thread 0x00000288f0034dd0 Implicit null exception at 0x000002889b04e662 to 0x000002889b054fd4
Event: 1772.397 Thread 0x00000288f0034dd0 Implicit null exception at 0x000002889af00caf to 0x000002889af030c4
Event: 1772.399 Thread 0x00000288f0034dd0 Implicit null exception at 0x000002889aefd4af to 0x000002889aefe210
Event: 2482.968 Thread 0x00000288f0033480 Implicit null exception at 0x000002889b57bd10 to 0x000002889b57f4d0
Event: 2483.958 Thread 0x00000288f00357f0 Implicit null exception at 0x000002889b4dc6d6 to 0x000002889b4dd6c0
Event: 2483.986 Thread 0x00000288f2479400 Implicit null exception at 0x000002889b5448d8 to 0x000002889b545074
Event: 2483.991 Thread 0x00000288f2479400 Implicit null exception at 0x000002889b0d5481 to 0x000002889b0d6130
Event: 2483.992 Thread 0x00000288f2479400 Implicit null exception at 0x000002889b2c78f9 to 0x000002889b2c79b5
Event: 2484.001 Thread 0x00000288f2479400 Implicit null exception at 0x000002889b023c06 to 0x000002889b024a28
Event: 2484.100 Thread 0x00000288f2479400 Implicit null exception at 0x000002889b2e98b0 to 0x000002889b2e98ca
Event: 2485.249 Thread 0x00000288f0033480 Implicit null exception at 0x000002889b890850 to 0x000002889b890bf0

VM Operations (20 events):
Event: 2475.956 Executing VM operation: Cleanup
Event: 2475.960 Executing VM operation: Cleanup done
Event: 2483.006 Executing VM operation: Cleanup
Event: 2483.787 Executing VM operation: Cleanup done
Event: 2483.787 Executing VM operation: HandshakeAllThreads
Event: 2483.803 Executing VM operation: HandshakeAllThreads done
Event: 2483.804 Executing VM operation: HandshakeAllThreads
Event: 2483.829 Executing VM operation: HandshakeAllThreads done
Event: 2484.836 Executing VM operation: Cleanup
Event: 2484.965 Executing VM operation: Cleanup done
Event: 2485.117 Executing VM operation: HandshakeAllThreads
Event: 2485.130 Executing VM operation: HandshakeAllThreads done
Event: 2486.137 Executing VM operation: Cleanup
Event: 2486.138 Executing VM operation: Cleanup done
Event: 2487.145 Executing VM operation: Cleanup
Event: 2487.146 Executing VM operation: Cleanup done
Event: 2488.152 Executing VM operation: Cleanup
Event: 2488.153 Executing VM operation: Cleanup done
Event: 2489.158 Executing VM operation: Cleanup
Event: 2489.158 Executing VM operation: Cleanup done

Events (20 events):
Event: 2484.480 Thread 0x00000288a8627030 flushing nmethod 0x000002889aefd210
Event: 2484.480 Thread 0x00000288a8627030 flushing nmethod 0x000002889af00510
Event: 2484.480 Thread 0x00000288a8627030 flushing nmethod 0x000002889af05590
Event: 2484.490 loading class java/util/stream/SliceOps
Event: 2484.550 Thread 0x00000288a8627030 flushing nmethod 0x000002889b026410
Event: 2484.553 Thread 0x00000288a8627030 flushing nmethod 0x000002889b04de10
Event: 2484.627 Thread 0x00000288a8627030 flushing nmethod 0x000002889b16a510
Event: 2484.628 Thread 0x00000288a8627030 flushing nmethod 0x000002889b16ac90
Event: 2484.649 Thread 0x00000288a8627030 flushing nmethod 0x000002889b1d4f90
Event: 2484.658 Thread 0x00000288a8627030 flushing nmethod 0x000002889b201a90
Event: 2484.661 Thread 0x00000288a8627030 flushing nmethod 0x000002889b20c710
Event: 2484.950 loading class java/util/stream/SliceOps done
Event: 2484.966 loading class java/util/stream/SliceOps$1
Event: 2485.090 loading class java/util/stream/SliceOps$1 done
Event: 2485.150 loading class java/util/stream/SliceOps$1$1
Event: 2485.176 loading class java/util/stream/SliceOps$1$1 done
Event: 2485.580 Thread 0x00000288a8627030 flushing nmethod 0x00000288937a9190
Event: 2485.584 Thread 0x00000288a8627030 flushing nmethod 0x00000288937b5f10
Event: 2485.584 Thread 0x00000288a8627030 flushing nmethod 0x00000288937c1710
Event: 2485.596 Thread 0x00000288a8627030 flushing nmethod 0x000002889381a390


Dynamic libraries:
0x00007ff69c490000 - 0x00007ff69c4a0000 	C:\Program Files\Java\jdk-17\bin\java.exe
0x00007ffbe98e0000 - 0x00007ffbe9b47000 	C:\WINDOWS\SYSTEM32\ntdll.dll
0x00007ffbe7670000 - 0x00007ffbe7739000 	C:\WINDOWS\System32\KERNEL32.DLL
0x00007ffbe6c40000 - 0x00007ffbe7030000 	C:\WINDOWS\System32\KERNELBASE.dll
0x00007ffbe7520000 - 0x00007ffbe766b000 	C:\WINDOWS\System32\ucrtbase.dll
0x00007ffbdf580000 - 0x00007ffbdf59b000 	C:\Program Files\Java\jdk-17\bin\VCRUNTIME140.dll
0x00007ffbdf530000 - 0x00007ffbdf549000 	C:\Program Files\Java\jdk-17\bin\jli.dll
0x00007ffbe8410000 - 0x00007ffbe84c4000 	C:\WINDOWS\System32\ADVAPI32.dll
0x00007ffbe9610000 - 0x00007ffbe96b9000 	C:\WINDOWS\System32\msvcrt.dll
0x00007ffbe96c0000 - 0x00007ffbe9766000 	C:\WINDOWS\System32\sechost.dll
0x00007ffbe9770000 - 0x00007ffbe9888000 	C:\WINDOWS\System32\RPCRT4.dll
0x00007ffbe8190000 - 0x00007ffbe8355000 	C:\WINDOWS\System32\USER32.dll
0x00007ffbe7460000 - 0x00007ffbe7487000 	C:\WINDOWS\System32\win32u.dll
0x00007ffbd4920000 - 0x00007ffbd4bba000 	C:\WINDOWS\WinSxS\amd64_microsoft.windows.common-controls_6595b64144ccf1df_6.0.26100.4768_none_3e0c112ce331287c\COMCTL32.dll
0x00007ffbe7e60000 - 0x00007ffbe7e8b000 	C:\WINDOWS\System32\GDI32.dll
0x00007ffbe7100000 - 0x00007ffbe7238000 	C:\WINDOWS\System32\gdi32full.dll
0x00007ffbe6a10000 - 0x00007ffbe6ab3000 	C:\WINDOWS\System32\msvcp_win.dll
0x00007ffbde280000 - 0x00007ffbde28b000 	C:\WINDOWS\SYSTEM32\VERSION.dll
0x00007ffbe8140000 - 0x00007ffbe816f000 	C:\WINDOWS\System32\IMM32.DLL
0x00007ffbdf730000 - 0x00007ffbdf73c000 	C:\Program Files\Java\jdk-17\bin\vcruntime140_1.dll
0x00007ffbb9720000 - 0x00007ffbb97ae000 	C:\Program Files\Java\jdk-17\bin\msvcp140.dll
0x00007ffb1a910000 - 0x00007ffb1b4f0000 	C:\Program Files\Java\jdk-17\bin\server\jvm.dll
0x00007ffbe8180000 - 0x00007ffbe8188000 	C:\WINDOWS\System32\PSAPI.DLL
0x00007ffbde150000 - 0x00007ffbde185000 	C:\WINDOWS\SYSTEM32\WINMM.dll
0x00007ffbc6740000 - 0x00007ffbc674a000 	C:\WINDOWS\SYSTEM32\WSOCK32.dll
0x00007ffbe77a0000 - 0x00007ffbe7814000 	C:\WINDOWS\System32\WS2_32.dll
0x00007ffbe5790000 - 0x00007ffbe57ab000 	C:\WINDOWS\SYSTEM32\kernel.appcore.dll
0x00007ffbdf570000 - 0x00007ffbdf57a000 	C:\Program Files\Java\jdk-17\bin\jimage.dll
0x00007ffbd8810000 - 0x00007ffbd8a51000 	C:\WINDOWS\SYSTEM32\DBGHELP.DLL
0x00007ffbe7ad0000 - 0x00007ffbe7e55000 	C:\WINDOWS\System32\combase.dll
0x00007ffbe7e90000 - 0x00007ffbe7f70000 	C:\WINDOWS\System32\OLEAUT32.dll
0x00007ffbd75c0000 - 0x00007ffbd7603000 	C:\WINDOWS\SYSTEM32\dbgcore.DLL
0x00007ffbe7240000 - 0x00007ffbe72d9000 	C:\WINDOWS\System32\bcryptPrimitives.dll
0x00007ffbdf520000 - 0x00007ffbdf52e000 	C:\Program Files\Java\jdk-17\bin\instrument.dll
0x00007ffbd27e0000 - 0x00007ffbd2805000 	C:\Program Files\Java\jdk-17\bin\java.dll
0x00007ffb99e40000 - 0x00007ffb99f17000 	C:\Program Files\Java\jdk-17\bin\jsvml.dll
0x00007ffbe8940000 - 0x00007ffbe908d000 	C:\WINDOWS\System32\SHELL32.dll
0x00007ffbe6ac0000 - 0x00007ffbe6c33000 	C:\WINDOWS\System32\wintypes.dll
0x00007ffbe4630000 - 0x00007ffbe4e8f000 	C:\WINDOWS\SYSTEM32\windows.storage.dll
0x00007ffbe84d0000 - 0x00007ffbe85c5000 	C:\WINDOWS\System32\SHCORE.dll
0x00007ffbe9110000 - 0x00007ffbe917a000 	C:\WINDOWS\System32\shlwapi.dll
0x00007ffbe6930000 - 0x00007ffbe6959000 	C:\WINDOWS\SYSTEM32\profapi.dll
0x00007ffbd0920000 - 0x00007ffbd0938000 	C:\Program Files\Java\jdk-17\bin\zip.dll
0x00007ffbdf4f0000 - 0x00007ffbdf509000 	C:\Program Files\Java\jdk-17\bin\net.dll
0x00007ffbe0380000 - 0x00007ffbe049e000 	C:\WINDOWS\SYSTEM32\WINHTTP.dll
0x00007ffbe5d20000 - 0x00007ffbe5d8b000 	C:\WINDOWS\system32\mswsock.dll
0x00007ffbd40b0000 - 0x00007ffbd40c6000 	C:\Program Files\Java\jdk-17\bin\nio.dll
0x00007ffbdebb0000 - 0x00007ffbdebbe000 	C:\Program Files\Java\jdk-17\bin\sunmscapi.dll
0x00007ffbe72e0000 - 0x00007ffbe7457000 	C:\WINDOWS\System32\CRYPT32.dll
0x00007ffbe6200000 - 0x00007ffbe6230000 	C:\WINDOWS\SYSTEM32\ncrypt.dll
0x00007ffbe61b0000 - 0x00007ffbe61ef000 	C:\WINDOWS\SYSTEM32\NTASN1.dll
0x00007ffbe5fe0000 - 0x00007ffbe5ffb000 	C:\WINDOWS\SYSTEM32\CRYPTSP.dll
0x00007ffbe56f0000 - 0x00007ffbe572b000 	C:\WINDOWS\system32\rsaenh.dll
0x00007ffbe5dc0000 - 0x00007ffbe5deb000 	C:\WINDOWS\SYSTEM32\USERENV.dll
0x00007ffbe6900000 - 0x00007ffbe6926000 	C:\WINDOWS\SYSTEM32\bcrypt.dll
0x00007ffbe6000000 - 0x00007ffbe600c000 	C:\WINDOWS\SYSTEM32\CRYPTBASE.dll
0x00007ffbe51a0000 - 0x00007ffbe51d3000 	C:\WINDOWS\SYSTEM32\IPHLPAPI.DLL
0x00007ffbe9890000 - 0x00007ffbe989a000 	C:\WINDOWS\System32\NSI.dll
0x00007ffbe05a0000 - 0x00007ffbe05bf000 	C:\WINDOWS\SYSTEM32\dhcpcsvc6.DLL
0x00007ffbe0350000 - 0x00007ffbe0375000 	C:\WINDOWS\SYSTEM32\dhcpcsvc.DLL
0x00007ffbe5230000 - 0x00007ffbe5356000 	C:\WINDOWS\SYSTEM32\DNSAPI.dll
0x00007ffbd0cd0000 - 0x00007ffbd0cda000 	C:\Program Files\Java\jdk-17\bin\management.dll
0x00007ffbd0790000 - 0x00007ffbd079b000 	C:\Program Files\Java\jdk-17\bin\management_ext.dll
0x00007ffbd05f0000 - 0x00007ffbd0600000 	C:\Program Files\Java\jdk-17\bin\verify.dll
0x00007ffbde000000 - 0x00007ffbde00b000 	C:\Windows\System32\rasadhlp.dll
0x00007ffbdfc60000 - 0x00007ffbdfce6000 	C:\WINDOWS\System32\fwpuclnt.dll
0x00007ffbb4db0000 - 0x00007ffbb4db8000 	C:\WINDOWS\system32\wshunix.dll

dbghelp: loaded successfully - version: 4.0.5 - missing functions: none
symbol engine: initialized successfully - sym options: 0x614 - pdb path: .;C:\Program Files\Java\jdk-17\bin;C:\WINDOWS\SYSTEM32;C:\WINDOWS\WinSxS\amd64_microsoft.windows.common-controls_6595b64144ccf1df_6.0.26100.4768_none_3e0c112ce331287c;C:\Program Files\Java\jdk-17\bin\server

VM Arguments:
jvm_args: -javaagent:C:\Program Files\JetBrains\IntelliJ IDEA Community Edition 2024.3.5\lib\idea_rt.jar=54290 -Dfile.encoding=UTF-8 
java_command: com.maven.OnlineShoppingSB.OnlineShoppingSbApplication
java_class_path (initial): D:\git\OnlineShoppingOJT\OnlineShoppingSB\target\classes;C:\Users\Lenovo\.m2\repository\org\apache\commons\commons-text\1.12.0\commons-text-1.12.0.jar;C:\Users\Lenovo\.m2\repository\org\apache\commons\commons-lang3\3.17.0\commons-lang3-3.17.0.jar;C:\Users\Lenovo\.m2\repository\org\apache\poi\poi-ooxml\5.2.3\poi-ooxml-5.2.3.jar;C:\Users\Lenovo\.m2\repository\org\apache\poi\poi\5.2.3\poi-5.2.3.jar;C:\Users\Lenovo\.m2\repository\commons-codec\commons-codec\1.17.2\commons-codec-1.17.2.jar;C:\Users\Lenovo\.m2\repository\org\apache\commons\commons-math3\3.6.1\commons-math3-3.6.1.jar;C:\Users\Lenovo\.m2\repository\com\zaxxer\SparseBitSet\1.2\SparseBitSet-1.2.jar;C:\Users\Lenovo\.m2\repository\org\apache\poi\poi-ooxml-lite\5.2.3\poi-ooxml-lite-5.2.3.jar;C:\Users\Lenovo\.m2\repository\org\apache\xmlbeans\xmlbeans\5.1.1\xmlbeans-5.1.1.jar;C:\Users\Lenovo\.m2\repository\org\apache\commons\commons-compress\1.21\commons-compress-1.21.jar;C:\Users\Lenovo\.m2\repository\commons-io\commons-io\2.11.0\commons-io-2.11.0.jar;C:\Users\Lenovo\.m2\repository\com\github\virtuald\curvesapi\1.07\curvesapi-1.07.jar;C:\Users\Lenovo\.m2\repository\org\apache\logging\log4j\log4j-api\2.24.3\log4j-api-2.24.3.jar;C:\Users\Lenovo\.m2\repository\org\apache\commons\commons-collections4\4.4\commons-collections4-4.4.jar;C:\Users\Lenovo\.m2\repository\com\fasterxml\jackson\core\jackson-databind\2.18.4\jackson-databind-2.18.4.jar;C:\Users\Lenovo\.m2\repository\com\fasterxml\jackson\core\jackson-annotations\2.18.4\jackson-annotations-2.18.4.jar;C:\Users\Lenovo\.m2\repository\com\fasterxml\jackson\core\jackson-core\2.18.4\jackson-core-2.18.4.jar;C:\Users\Lenovo\.m2\repository\org\springframework\boot\spring-boot-starter-websocket\3.4.6\spring-boot-starter-websocket-3.4.6.jar;C:\Users\Lenovo\.m2\repository\org\springframework\spring-messaging\6.2.7\spring-messaging-6.2.7.jar;C:\Users\Lenovo\.m2\repository\org\springframework\spring-beans\6.2.7\spring-beans-6.2.7.jar;C:\Users\Leno
Launcher Type: SUN_STANDARD

[Global flags]
     intx CICompilerCount                          = 4                                         {product} {ergonomic}
     uint ConcGCThreads                            = 3                                         {product} {ergonomic}
     uint G1ConcRefinementThreads                  = 10                                        {product} {ergonomic}
   size_t G1HeapRegionSize                         = 1048576                                   {product} {ergonomic}
    uintx GCDrainStackTargetSize                   = 64                                        {product} {ergonomic}
   size_t InitialHeapSize                          = 98566144                                  {product} {ergonomic}
   size_t MarkStackSize                            = 4194304                                   {product} {ergonomic}
   size_t MaxHeapSize                              = 1570766848                                {product} {ergonomic}
   size_t MaxNewSize                               = 941621248                                 {product} {ergonomic}
   size_t MinHeapDeltaBytes                        = 1048576                                   {product} {ergonomic}
   size_t MinHeapSize                              = 8388608                                   {product} {ergonomic}
    uintx NonNMethodCodeHeapSize                   = 5839372                                {pd product} {ergonomic}
    uintx NonProfiledCodeHeapSize                  = 122909434                              {pd product} {ergonomic}
    uintx ProfiledCodeHeapSize                     = 122909434                              {pd product} {ergonomic}
    uintx ReservedCodeCacheSize                    = 251658240                              {pd product} {ergonomic}
     bool SegmentedCodeCache                       = true                                      {product} {ergonomic}
   size_t SoftMaxHeapSize                          = 1570766848                             {manageable} {ergonomic}
     bool UseCompressedClassPointers               = true                           {product lp64_product} {ergonomic}
     bool UseCompressedOops                        = true                           {product lp64_product} {ergonomic}
     bool UseG1GC                                  = true                                      {product} {ergonomic}
     bool UseLargePagesIndividualAllocation        = false                                  {pd product} {ergonomic}

Logging:
Log output configuration:
 #0: stdout all=warning uptime,level,tags
 #1: stderr all=off uptime,level,tags

Environment Variables:
JAVA_HOME=C:\Users\Lenovo\Downloads\jdk-17_windows-x64_bin.exe
PATH=C:\Program Files (x86)\VMware\VMware Workstation\bin\;C:\Program Files\Common Files\Oracle\Java\javapath;C:\WINDOWS\system32;C:\WINDOWS;C:\WINDOWS\System32\Wbem;C:\WINDOWS\System32\WindowsPowerShell\v1.0\;C:\WINDOWS\System32\OpenSSH\;C:\Program Files\Java\jdk-17\bin;C:\Program Files\Git\cmd;C:\Program Files\nodejs\;C:\Users\Lenovo\AppData\Local\Microsoft\WindowsApps;C:\Users\Lenovo\AppData\Local\Programs\Microsoft VS Code\bin;C:\Program Files\JetBrains\IntelliJ IDEA Community Edition 2024.3.5\bin;;C:\Users\Lenovo\AppData\Local\GitHubDesktop\bin;C:\Users\Lenovo\AppData\Roaming\npm;C:\Users\Lenovo\AppData\Local\Programs\cursor\resources\app\bin
USERNAME=Lenovo
OS=Windows_NT
PROCESSOR_IDENTIFIER=AMD64 Family 23 Model 104 Stepping 1, AuthenticAMD



---------------  S Y S T E M  ---------------

OS:
 Windows 11 , 64 bit Build 26100 (10.0.26100.4768)
OS uptime: 1 days 2:36 hours

CPU: total 12 (initial active 12) (12 cores per cpu, 2 threads per core) family 23 model 104 stepping 1 microcode 0x8608103, cx8, cmov, fxsr, ht, mmx, 3dnowpref, sse, sse2, sse3, ssse3, sse4a, sse4.1, sse4.2, popcnt, lzcnt, tsc, tscinvbit, avx, avx2, aes, clmul, bmi1, bmi2, adx, sha, fma, vzeroupper, clflush, clflushopt

Memory: 4k page, system-wide physical 5989M (6M free)
TotalPageFile size 24421M (AvailPageFile size 36M)
current process WorkingSet (physical memory assigned to process): 174M, peak: 519M
current process commit charge ("private bytes"): 624M, peak: 644M

vm_info: Java HotSpot(TM) 64-Bit Server VM (17.0.12+8-LTS-286) for windows-amd64 JRE (17.0.12+8-LTS-286), built on Jun  5 2024 06:46:59 by "mach5one" with MS VC++ 17.6 (VS2022)

END.
