#
# There is insufficient memory for the Java Runtime Environment to continue.
# Native memory allocation (malloc) failed to allocate 1187696 bytes for Chunk::new
# Possible reasons:
#   The system is out of physical RAM or swap space
#   The process is running with CompressedOops enabled, and the Java Heap may be blocking the growth of the native heap
# Possible solutions:
#   Reduce memory load on the system
#   Increase physical memory or swap space
#   Check if swap backing store is full
#   Decrease Java heap size (-Xmx/-Xms)
#   Decrease number of Java threads
#   Decrease Java thread stack sizes (-Xss)
#   Set larger code cache with -XX:ReservedCodeCacheSize=
#   JVM is running with Unscaled Compressed Oops mode in which the Java heap is
#     placed in the first 4GB address space. The Java Heap base address is the
#     maximum limit for the native heap growth. Please use -XX:HeapBaseMinAddress
#     to set the Java Heap base and to place the Java Heap above 4GB virtual address.
# This output file may be truncated or incomplete.
#
#  Out of Memory Error (arena.cpp:189), pid=3088, tid=14324
#
# JRE version: Java(TM) SE Runtime Environment (17.0.12+8) (build 17.0.12+8-LTS-286)
# Java VM: Java HotSpot(TM) 64-Bit Server VM (17.0.12+8-LTS-286, mixed mode, sharing, tiered, compressed oops, compressed class ptrs, g1 gc, windows-amd64)
# No core dump will be written. Minidumps are not enabled by default on client versions of Windows
#

---------------  S U M M A R Y ------------

Command Line: -javaagent:C:\Program Files\JetBrains\IntelliJ IDEA Community Edition 2024.3.5\lib\idea_rt.jar=57245 -Dfile.encoding=UTF-8 com.maven.OnlineShoppingSB.OnlineShoppingSbApplication

Host: AMD Ryzen 5 5500U with Radeon Graphics         , 12 cores, 5G,  Windows 11 , 64 bit Build 26100 (10.0.26100.4768)
Time: Sun Aug  3 11:29:31 2025 Myanmar Standard Time elapsed time: 745.802198 seconds (0d 0h 12m 25s)

---------------  T H R E A D  ---------------

Current thread (0x000001edb783b690):  JavaThread "C2 CompilerThread0" daemon [_thread_in_native, id=14324, stack(0x000000a694b00000,0x000000a694c00000)]


Current CompileTask:
C2: 745802 20114       4       com.fasterxml.jackson.databind.type.TypeFactory::_fromAny (171 bytes)

Stack: [0x000000a694b00000,0x000000a694c00000]
Native frames: (J=compiled Java code, j=interpreted, Vv=VM code, C=native code)
V  [jvm.dll+0x67a04a]
V  [jvm.dll+0x7da4ed]
V  [jvm.dll+0x7dbe33]
V  [jvm.dll+0x7dc4a3]
V  [jvm.dll+0x24508f]
V  [jvm.dll+0xab773]
V  [jvm.dll+0xabd3c]
V  [jvm.dll+0x361b9f]
V  [jvm.dll+0x32c431]
V  [jvm.dll+0x32b8ca]
V  [jvm.dll+0x21683f]
V  [jvm.dll+0x215c6f]
V  [jvm.dll+0x1a2960]
V  [jvm.dll+0x22610b]
V  [jvm.dll+0x2242ab]
V  [jvm.dll+0x79075c]
V  [jvm.dll+0x78abea]
V  [jvm.dll+0x678f35]
C  [ucrtbase.dll+0x37b0]
C  [KERNEL32.DLL+0x2e8d7]
C  [ntdll.dll+0x3c34c]


---------------  P R O C E S S  ---------------

Threads class SMR info:
_java_thread_list=0x000001ed8257fce0, length=43, elements={
0x000001edb781f060, 0x000001edb781fc20, 0x000001edb7832670, 0x000001edb7833140,
0x000001edb7839f30, 0x000001edb783a8f0, 0x000001edb783b690, 0x000001edb783c140,
0x000001edb7846fc0, 0x000001edb7a8ac30, 0x000001edb7a8c580, 0x000001edb7a8ca90,
0x000001edfeebc730, 0x000001edfeebb2f0, 0x000001edfed1c370, 0x000001edfed1c880,
0x000001edfed195e0, 0x000001edfed1b440, 0x000001edfed1af30, 0x000001edfed190d0,
0x000001edfed1cd90, 0x000001edfed1d2a0, 0x000001edfed1aa20, 0x000001edfed1d7b0,
0x000001edfed1dcc0, 0x000001edfed1f100, 0x000001edfed1e1d0, 0x000001edfed1e6e0,
0x000001edfed1ebf0, 0x000001edfed1b950, 0x000001edfed1f610, 0x000001edfed1fb20,
0x000001edfed20030, 0x000001edfed20540, 0x000001edb7a8bb60, 0x000001edb7a8a210,
0x000001edb7a8c070, 0x000001edb7a89d00, 0x000001edb7a8b140, 0x000001edfeebc220,
0x000001edfeebade0, 0x000001ed825b5140, 0x000001ed825b74b0
}

Java Threads: ( => current thread )
  0x000001edb781f060 JavaThread "Reference Handler" daemon [_thread_blocked, id=5164, stack(0x000000a694500000,0x000000a694600000)]
  0x000001edb781fc20 JavaThread "Finalizer" daemon [_thread_blocked, id=14016, stack(0x000000a694600000,0x000000a694700000)]
  0x000001edb7832670 JavaThread "Signal Dispatcher" daemon [_thread_blocked, id=24336, stack(0x000000a694700000,0x000000a694800000)]
  0x000001edb7833140 JavaThread "Attach Listener" daemon [_thread_blocked, id=3040, stack(0x000000a694800000,0x000000a694900000)]
  0x000001edb7839f30 JavaThread "Service Thread" daemon [_thread_blocked, id=11028, stack(0x000000a694900000,0x000000a694a00000)]
  0x000001edb783a8f0 JavaThread "Monitor Deflation Thread" daemon [_thread_blocked, id=24224, stack(0x000000a694a00000,0x000000a694b00000)]
=>0x000001edb783b690 JavaThread "C2 CompilerThread0" daemon [_thread_in_native, id=14324, stack(0x000000a694b00000,0x000000a694c00000)]
  0x000001edb783c140 JavaThread "C1 CompilerThread0" daemon [_thread_blocked, id=24672, stack(0x000000a694c00000,0x000000a694d00000)]
  0x000001edb7846fc0 JavaThread "Sweeper thread" daemon [_thread_blocked, id=27296, stack(0x000000a694d00000,0x000000a694e00000)]
  0x000001edb7a8ac30 JavaThread "Common-Cleaner" daemon [_thread_blocked, id=12156, stack(0x000000a694e00000,0x000000a694f00000)]
  0x000001edb7a8c580 JavaThread "Monitor Ctrl-Break" daemon [_thread_in_native, id=24624, stack(0x000000a694f00000,0x000000a695000000)]
  0x000001edb7a8ca90 JavaThread "Notification Thread" daemon [_thread_blocked, id=26328, stack(0x000000a695000000,0x000000a695100000)]
  0x000001edfeebc730 JavaThread "mysql-cj-abandoned-connection-cleanup" daemon [_thread_blocked, id=22120, stack(0x000000a695f00000,0x000000a696000000)]
  0x000001edfeebb2f0 JavaThread "HikariPool-1 housekeeper" daemon [_thread_blocked, id=14592, stack(0x000000a696100000,0x000000a696200000)]
  0x000001edfed1c370 JavaThread "Catalina-utility-1" [_thread_blocked, id=25932, stack(0x000000a695e00000,0x000000a695f00000)]
  0x000001edfed1c880 JavaThread "Catalina-utility-2" [_thread_blocked, id=1564, stack(0x000000a696200000,0x000000a696300000)]
  0x000001edfed195e0 JavaThread "container-0" [_thread_blocked, id=27056, stack(0x000000a696300000,0x000000a696400000)]
  0x000001edfed1b440 JavaThread "MessageBroker-1" [_thread_blocked, id=10320, stack(0x000000a696800000,0x000000a696900000)]
  0x000001edfed1af30 JavaThread "http-nio-8080-exec-1" daemon [_thread_blocked, id=7844, stack(0x000000a696900000,0x000000a696a00000)]
  0x000001edfed190d0 JavaThread "http-nio-8080-exec-2" daemon [_thread_blocked, id=19360, stack(0x000000a696a00000,0x000000a696b00000)]
  0x000001edfed1cd90 JavaThread "http-nio-8080-exec-3" daemon [_thread_blocked, id=4688, stack(0x000000a696b00000,0x000000a696c00000)]
  0x000001edfed1d2a0 JavaThread "http-nio-8080-exec-4" daemon [_thread_blocked, id=26968, stack(0x000000a696c00000,0x000000a696d00000)]
  0x000001edfed1aa20 JavaThread "http-nio-8080-exec-5" daemon [_thread_blocked, id=4372, stack(0x000000a696d00000,0x000000a696e00000)]
  0x000001edfed1d7b0 JavaThread "http-nio-8080-exec-6" daemon [_thread_blocked, id=14884, stack(0x000000a696e00000,0x000000a696f00000)]
  0x000001edfed1dcc0 JavaThread "http-nio-8080-exec-7" daemon [_thread_blocked, id=21324, stack(0x000000a696f00000,0x000000a697000000)]
  0x000001edfed1f100 JavaThread "http-nio-8080-exec-8" daemon [_thread_blocked, id=14460, stack(0x000000a697000000,0x000000a697100000)]
  0x000001edfed1e1d0 JavaThread "http-nio-8080-exec-9" daemon [_thread_blocked, id=12792, stack(0x000000a697100000,0x000000a697200000)]
  0x000001edfed1e6e0 JavaThread "http-nio-8080-exec-10" daemon [_thread_blocked, id=26916, stack(0x000000a697200000,0x000000a697300000)]
  0x000001edfed1ebf0 JavaThread "http-nio-8080-Poller" daemon [_thread_in_native, id=27152, stack(0x000000a697300000,0x000000a697400000)]
  0x000001edfed1b950 JavaThread "http-nio-8080-Acceptor" daemon [_thread_in_native, id=15984, stack(0x000000a697400000,0x000000a697500000)]
  0x000001edfed1f610 JavaThread "MessageBroker-2" [_thread_blocked, id=18164, stack(0x000000a697500000,0x000000a697600000)]
  0x000001edfed1fb20 JavaThread "MessageBroker-3" [_thread_blocked, id=10148, stack(0x000000a697600000,0x000000a697700000)]
  0x000001edfed20030 JavaThread "DestroyJavaVM" [_thread_blocked, id=22224, stack(0x000000a693e00000,0x000000a693f00000)]
  0x000001edfed20540 JavaThread "MessageBroker-4" [_thread_blocked, id=24628, stack(0x000000a697700000,0x000000a697800000)]
  0x000001edb7a8bb60 JavaThread "MessageBroker-5" [_thread_blocked, id=11488, stack(0x000000a697900000,0x000000a697a00000)]
  0x000001edb7a8a210 JavaThread "MessageBroker-6" [_thread_blocked, id=19104, stack(0x000000a697b00000,0x000000a697c00000)]
  0x000001edb7a8c070 JavaThread "MessageBroker-7" [_thread_blocked, id=9808, stack(0x000000a693b00000,0x000000a693c00000)]
  0x000001edb7a89d00 JavaThread "MessageBroker-8" [_thread_blocked, id=26972, stack(0x000000a693c00000,0x000000a693d00000)]
  0x000001edb7a8b140 JavaThread "MessageBroker-9" [_thread_blocked, id=24124, stack(0x000000a693d00000,0x000000a693e00000)]
  0x000001edfeebc220 JavaThread "MessageBroker-10" [_thread_blocked, id=27276, stack(0x000000a697c00000,0x000000a697d00000)]
  0x000001edfeebade0 JavaThread "MessageBroker-11" [_thread_blocked, id=26740, stack(0x000000a695600000,0x000000a695700000)]
  0x000001ed825b5140 JavaThread "MessageBroker-12" [_thread_blocked, id=21032, stack(0x000000a697800000,0x000000a697900000)]
  0x000001ed825b74b0 JavaThread "WebSocket background processing" daemon [_thread_blocked, id=26800, stack(0x000000a697d00000,0x000000a697e00000)]

Other Threads:
  0x000001edb7818da0 VMThread "VM Thread" [stack: 0x000000a694400000,0x000000a694500000] [id=20344]
  0x000001ed9a6f0d30 WatcherThread [stack: 0x000000a695100000,0x000000a695200000] [id=6232]
  0x000001ed9a68d390 GCTaskThread "GC Thread#0" [stack: 0x000000a693f00000,0x000000a694000000] [id=27416]
  0x000001edfd88fc80 GCTaskThread "GC Thread#1" [stack: 0x000000a695200000,0x000000a695300000] [id=15788]
  0x000001edfd82fcf0 GCTaskThread "GC Thread#2" [stack: 0x000000a695300000,0x000000a695400000] [id=23832]
  0x000001edfda08e10 GCTaskThread "GC Thread#3" [stack: 0x000000a695400000,0x000000a695500000] [id=7944]
  0x000001edfda090d0 GCTaskThread "GC Thread#4" [stack: 0x000000a695500000,0x000000a695600000] [id=9708]
  0x000001edfdcc6d00 GCTaskThread "GC Thread#5" [stack: 0x000000a695800000,0x000000a695900000] [id=12376]
  0x000001edfddee830 GCTaskThread "GC Thread#6" [stack: 0x000000a695900000,0x000000a695a00000] [id=7744]
  0x000001edfe1f5470 GCTaskThread "GC Thread#7" [stack: 0x000000a695a00000,0x000000a695b00000] [id=10780]
  0x000001edff082330 GCTaskThread "GC Thread#8" [stack: 0x000000a695b00000,0x000000a695c00000] [id=21104]
  0x000001edff083bf0 GCTaskThread "GC Thread#9" [stack: 0x000000a695c00000,0x000000a695d00000] [id=25340]
  0x000001ed9a699e20 ConcurrentGCThread "G1 Main Marker" [stack: 0x000000a694000000,0x000000a694100000] [id=14792]
  0x000001ed9a69b500 ConcurrentGCThread "G1 Conc#0" [stack: 0x000000a694100000,0x000000a694200000] [id=21812]
  0x000001edff082070 ConcurrentGCThread "G1 Conc#1" [stack: 0x000000a695700000,0x000000a695800000] [id=4648]
  0x000001edff0830f0 ConcurrentGCThread "G1 Conc#2" [stack: 0x000000a695d00000,0x000000a695e00000] [id=5696]
  0x000001edb76db1e0 ConcurrentGCThread "G1 Refine#0" [stack: 0x000000a694200000,0x000000a694300000] [id=14716]
  0x000001ed81b95c70 ConcurrentGCThread "G1 Refine#1" [stack: 0x000000a696400000,0x000000a696500000] [id=17476]
  0x000001ed81b94dc0 ConcurrentGCThread "G1 Refine#2" [stack: 0x000000a696500000,0x000000a696600000] [id=8068]
  0x000001ed81b950b0 ConcurrentGCThread "G1 Refine#3" [stack: 0x000000a696600000,0x000000a696700000] [id=15160]
  0x000001ed81b96250 ConcurrentGCThread "G1 Refine#4" [stack: 0x000000a696700000,0x000000a696800000] [id=25020]
  0x000001edb76dbab0 ConcurrentGCThread "G1 Service" [stack: 0x000000a694300000,0x000000a694400000] [id=3380]

Threads with active compile tasks:
C2 CompilerThread0   745843 20114       4       com.fasterxml.jackson.databind.type.TypeFactory::_fromAny (171 bytes)

VM state: not at safepoint (normal execution)

VM Mutex/Monitor currently owned by a thread: None

Heap address: 0x00000000a2600000, size: 1498 MB, Compressed Oops mode: 32-bit

CDS archive(s) mapped at: [0x000001edb8000000-0x000001edb8bd0000-0x000001edb8bd0000), size 12386304, SharedBaseAddress: 0x000001edb8000000, ArchiveRelocationMode: 1.
Compressed class space mapped at: 0x000001edb9000000-0x000001edf9000000, reserved size: 1073741824
Narrow klass base: 0x000001edb8000000, Narrow klass shift: 0, Narrow klass range: 0x100000000

GC Precious Log:
 CPUs: 12 total, 12 available
 Memory: 5989M
 Large Page Support: Disabled
 NUMA Support: Disabled
 Compressed Oops: Enabled (32-bit)
 Heap Region Size: 1M
 Heap Min Capacity: 8M
 Heap Initial Capacity: 94M
 Heap Max Capacity: 1498M
 Pre-touch: Disabled
 Parallel Workers: 10
 Concurrent Workers: 3
 Concurrent Refinement Workers: 10
 Periodic GC: Disabled

Heap:
 garbage-first heap   total 347136K, used 183498K [0x00000000a2600000, 0x0000000100000000)
  region size 1024K, 82 young (83968K), 10 survivors (10240K)
 Metaspace       used 106236K, committed 107648K, reserved 1179648K
  class space    used 13872K, committed 14592K, reserved 1048576K

Heap Regions: E=young(eden), S=young(survivor), O=old, HS=humongous(starts), HC=humongous(continues), CS=collection set, F=free, OA=open archive, CA=closed archive, TAMS=top-at-mark-start (previous, next)
|   0|0x00000000a2600000, 0x00000000a2700000, 0x00000000a2700000|100%|HS|  |TAMS 0x00000000a2700000, 0x00000000a2600000| Complete 
|   1|0x00000000a2700000, 0x00000000a2800000, 0x00000000a2800000|100%|HS|  |TAMS 0x00000000a2800000, 0x00000000a2700000| Complete 
|   2|0x00000000a2800000, 0x00000000a2900000, 0x00000000a2900000|100%|HS|  |TAMS 0x00000000a2900000, 0x00000000a2800000| Complete 
|   3|0x00000000a2900000, 0x00000000a2a00000, 0x00000000a2a00000|100%| O|  |TAMS 0x00000000a2a00000, 0x00000000a2900000| Untracked 
|   4|0x00000000a2a00000, 0x00000000a2b00000, 0x00000000a2b00000|100%| O|  |TAMS 0x00000000a2b00000, 0x00000000a2a00000| Untracked 
|   5|0x00000000a2b00000, 0x00000000a2c00000, 0x00000000a2c00000|100%| O|  |TAMS 0x00000000a2c00000, 0x00000000a2b00000| Untracked 
|   6|0x00000000a2c00000, 0x00000000a2d00000, 0x00000000a2d00000|100%| O|  |TAMS 0x00000000a2d00000, 0x00000000a2c00000| Untracked 
|   7|0x00000000a2d00000, 0x00000000a2e00000, 0x00000000a2e00000|100%| O|  |TAMS 0x00000000a2e00000, 0x00000000a2d00000| Untracked 
|   8|0x00000000a2e00000, 0x00000000a2f00000, 0x00000000a2f00000|100%| O|  |TAMS 0x00000000a2f00000, 0x00000000a2e00000| Untracked 
|   9|0x00000000a2f00000, 0x00000000a3000000, 0x00000000a3000000|100%| O|  |TAMS 0x00000000a3000000, 0x00000000a2f00000| Untracked 
|  10|0x00000000a3000000, 0x00000000a3100000, 0x00000000a3100000|100%| O|  |TAMS 0x00000000a3100000, 0x00000000a3000000| Untracked 
|  11|0x00000000a3100000, 0x00000000a3200000, 0x00000000a3200000|100%| O|  |TAMS 0x00000000a3200000, 0x00000000a3100000| Untracked 
|  12|0x00000000a3200000, 0x00000000a3300000, 0x00000000a3300000|100%| O|  |TAMS 0x00000000a3300000, 0x00000000a3200000| Untracked 
|  13|0x00000000a3300000, 0x00000000a3400000, 0x00000000a3400000|100%| O|  |TAMS 0x00000000a3300000, 0x00000000a3300000| Untracked 
|  14|0x00000000a3400000, 0x00000000a3500000, 0x00000000a3500000|100%| O|  |TAMS 0x00000000a3500000, 0x00000000a3400000| Untracked 
|  15|0x00000000a3500000, 0x00000000a3600000, 0x00000000a3600000|100%| O|  |TAMS 0x00000000a3600000, 0x00000000a3500000| Untracked 
|  16|0x00000000a3600000, 0x00000000a3700000, 0x00000000a3700000|100%| O|  |TAMS 0x00000000a3700000, 0x00000000a3600000| Untracked 
|  17|0x00000000a3700000, 0x00000000a3800000, 0x00000000a3800000|100%| O|  |TAMS 0x00000000a3800000, 0x00000000a3700000| Untracked 
|  18|0x00000000a3800000, 0x00000000a3900000, 0x00000000a3900000|100%| O|  |TAMS 0x00000000a3900000, 0x00000000a3800000| Untracked 
|  19|0x00000000a3900000, 0x00000000a3a00000, 0x00000000a3a00000|100%| O|  |TAMS 0x00000000a3a00000, 0x00000000a3900000| Untracked 
|  20|0x00000000a3a00000, 0x00000000a3b00000, 0x00000000a3b00000|100%| O|  |TAMS 0x00000000a3b00000, 0x00000000a3a00000| Untracked 
|  21|0x00000000a3b00000, 0x00000000a3c00000, 0x00000000a3c00000|100%| O|  |TAMS 0x00000000a3c00000, 0x00000000a3b00000| Untracked 
|  22|0x00000000a3c00000, 0x00000000a3d00000, 0x00000000a3d00000|100%| O|  |TAMS 0x00000000a3d00000, 0x00000000a3c00000| Untracked 
|  23|0x00000000a3d00000, 0x00000000a3e00000, 0x00000000a3e00000|100%| O|  |TAMS 0x00000000a3e00000, 0x00000000a3d00000| Untracked 
|  24|0x00000000a3e00000, 0x00000000a3f00000, 0x00000000a3f00000|100%| O|  |TAMS 0x00000000a3f00000, 0x00000000a3e00000| Untracked 
|  25|0x00000000a3f00000, 0x00000000a4000000, 0x00000000a4000000|100%| O|  |TAMS 0x00000000a4000000, 0x00000000a3f00000| Untracked 
|  26|0x00000000a4000000, 0x00000000a4100000, 0x00000000a4100000|100%| O|  |TAMS 0x00000000a4100000, 0x00000000a4000000| Untracked 
|  27|0x00000000a4100000, 0x00000000a4200000, 0x00000000a4200000|100%| O|  |TAMS 0x00000000a4200000, 0x00000000a4100000| Untracked 
|  28|0x00000000a4200000, 0x00000000a4300000, 0x00000000a4300000|100%| O|  |TAMS 0x00000000a4300000, 0x00000000a4200000| Untracked 
|  29|0x00000000a4300000, 0x00000000a4400000, 0x00000000a4400000|100%| O|  |TAMS 0x00000000a4400000, 0x00000000a4300000| Untracked 
|  30|0x00000000a4400000, 0x00000000a4500000, 0x00000000a4500000|100%| O|  |TAMS 0x00000000a4500000, 0x00000000a4400000| Untracked 
|  31|0x00000000a4500000, 0x00000000a4600000, 0x00000000a4600000|100%| O|  |TAMS 0x00000000a4600000, 0x00000000a4500000| Untracked 
|  32|0x00000000a4600000, 0x00000000a4700000, 0x00000000a4700000|100%| O|  |TAMS 0x00000000a4700000, 0x00000000a4600000| Untracked 
|  33|0x00000000a4700000, 0x00000000a4800000, 0x00000000a4800000|100%| O|  |TAMS 0x00000000a4800000, 0x00000000a4700000| Untracked 
|  34|0x00000000a4800000, 0x00000000a4900000, 0x00000000a4900000|100%| O|  |TAMS 0x00000000a4900000, 0x00000000a4800000| Untracked 
|  35|0x00000000a4900000, 0x00000000a4a00000, 0x00000000a4a00000|100%| O|  |TAMS 0x00000000a4a00000, 0x00000000a4900000| Untracked 
|  36|0x00000000a4a00000, 0x00000000a4b00000, 0x00000000a4b00000|100%| O|  |TAMS 0x00000000a4b00000, 0x00000000a4a00000| Untracked 
|  37|0x00000000a4b00000, 0x00000000a4c00000, 0x00000000a4c00000|100%| O|  |TAMS 0x00000000a4c00000, 0x00000000a4b00000| Untracked 
|  38|0x00000000a4c00000, 0x00000000a4d00000, 0x00000000a4d00000|100%| O|  |TAMS 0x00000000a4d00000, 0x00000000a4c00000| Untracked 
|  39|0x00000000a4d00000, 0x00000000a4e00000, 0x00000000a4e00000|100%| O|  |TAMS 0x00000000a4e00000, 0x00000000a4d00000| Untracked 
|  40|0x00000000a4e00000, 0x00000000a4f00000, 0x00000000a4f00000|100%| O|  |TAMS 0x00000000a4f00000, 0x00000000a4e00000| Untracked 
|  41|0x00000000a4f00000, 0x00000000a5000000, 0x00000000a5000000|100%| O|  |TAMS 0x00000000a5000000, 0x00000000a4f00000| Untracked 
|  42|0x00000000a5000000, 0x00000000a5100000, 0x00000000a5100000|100%| O|  |TAMS 0x00000000a5100000, 0x00000000a5000000| Untracked 
|  43|0x00000000a5100000, 0x00000000a5200000, 0x00000000a5200000|100%| O|  |TAMS 0x00000000a5200000, 0x00000000a5100000| Untracked 
|  44|0x00000000a5200000, 0x00000000a5300000, 0x00000000a5300000|100%| O|  |TAMS 0x00000000a5300000, 0x00000000a5200000| Untracked 
|  45|0x00000000a5300000, 0x00000000a5400000, 0x00000000a5400000|100%| O|  |TAMS 0x00000000a5400000, 0x00000000a5300000| Untracked 
|  46|0x00000000a5400000, 0x00000000a5500000, 0x00000000a5500000|100%| O|  |TAMS 0x00000000a5500000, 0x00000000a5400000| Untracked 
|  47|0x00000000a5500000, 0x00000000a5600000, 0x00000000a5600000|100%| O|  |TAMS 0x00000000a5600000, 0x00000000a5500000| Untracked 
|  48|0x00000000a5600000, 0x00000000a5700000, 0x00000000a5700000|100%| O|  |TAMS 0x00000000a5700000, 0x00000000a5600000| Untracked 
|  49|0x00000000a5700000, 0x00000000a5800000, 0x00000000a5800000|100%| O|  |TAMS 0x00000000a5800000, 0x00000000a5700000| Untracked 
|  50|0x00000000a5800000, 0x00000000a5900000, 0x00000000a5900000|100%| O|  |TAMS 0x00000000a5900000, 0x00000000a5800000| Untracked 
|  51|0x00000000a5900000, 0x00000000a5a00000, 0x00000000a5a00000|100%| O|  |TAMS 0x00000000a5a00000, 0x00000000a5900000| Untracked 
|  52|0x00000000a5a00000, 0x00000000a5b00000, 0x00000000a5b00000|100%| O|  |TAMS 0x00000000a5b00000, 0x00000000a5a00000| Untracked 
|  53|0x00000000a5b00000, 0x00000000a5c00000, 0x00000000a5c00000|100%| O|  |TAMS 0x00000000a5b00000, 0x00000000a5b00000| Untracked 
|  54|0x00000000a5c00000, 0x00000000a5d00000, 0x00000000a5d00000|100%| O|  |TAMS 0x00000000a5c00000, 0x00000000a5c00000| Untracked 
|  55|0x00000000a5d00000, 0x00000000a5e00000, 0x00000000a5e00000|100%| O|  |TAMS 0x00000000a5e00000, 0x00000000a5d00000| Untracked 
|  56|0x00000000a5e00000, 0x00000000a5f00000, 0x00000000a5f00000|100%|HS|  |TAMS 0x00000000a5e00000, 0x00000000a5e00000| Complete 
|  57|0x00000000a5f00000, 0x00000000a6000000, 0x00000000a6000000|100%| O|  |TAMS 0x00000000a5f00000, 0x00000000a5f00000| Untracked 
|  58|0x00000000a6000000, 0x00000000a6100000, 0x00000000a6100000|100%| O|  |TAMS 0x00000000a6000000, 0x00000000a6000000| Untracked 
|  59|0x00000000a6100000, 0x00000000a6200000, 0x00000000a6200000|100%| O|  |TAMS 0x00000000a6100000, 0x00000000a6100000| Untracked 
|  60|0x00000000a6200000, 0x00000000a6300000, 0x00000000a6300000|100%| O|  |TAMS 0x00000000a6200000, 0x00000000a6200000| Untracked 
|  61|0x00000000a6300000, 0x00000000a6400000, 0x00000000a6400000|100%| O|  |TAMS 0x00000000a6300000, 0x00000000a6300000| Untracked 
|  62|0x00000000a6400000, 0x00000000a6500000, 0x00000000a6500000|100%| O|  |TAMS 0x00000000a6400000, 0x00000000a6400000| Untracked 
|  63|0x00000000a6500000, 0x00000000a6600000, 0x00000000a6600000|100%| O|  |TAMS 0x00000000a6500000, 0x00000000a6500000| Untracked 
|  64|0x00000000a6600000, 0x00000000a6700000, 0x00000000a6700000|100%| O|  |TAMS 0x00000000a6600000, 0x00000000a6600000| Untracked 
|  65|0x00000000a6700000, 0x00000000a6800000, 0x00000000a6800000|100%| O|  |TAMS 0x00000000a6700000, 0x00000000a6700000| Untracked 
|  66|0x00000000a6800000, 0x00000000a6900000, 0x00000000a6900000|100%| O|  |TAMS 0x00000000a6800000, 0x00000000a6800000| Untracked 
|  67|0x00000000a6900000, 0x00000000a6a00000, 0x00000000a6a00000|100%| O|  |TAMS 0x00000000a6900000, 0x00000000a6900000| Untracked 
|  68|0x00000000a6a00000, 0x00000000a6b00000, 0x00000000a6b00000|100%| O|  |TAMS 0x00000000a6a00000, 0x00000000a6a00000| Untracked 
|  69|0x00000000a6b00000, 0x00000000a6c00000, 0x00000000a6c00000|100%| O|  |TAMS 0x00000000a6b00000, 0x00000000a6b00000| Untracked 
|  70|0x00000000a6c00000, 0x00000000a6d00000, 0x00000000a6d00000|100%| O|  |TAMS 0x00000000a6c00000, 0x00000000a6c00000| Untracked 
|  71|0x00000000a6d00000, 0x00000000a6e00000, 0x00000000a6e00000|100%| O|  |TAMS 0x00000000a6e00000, 0x00000000a6d00000| Untracked 
|  72|0x00000000a6e00000, 0x00000000a6f00000, 0x00000000a6f00000|100%| O|  |TAMS 0x00000000a6f00000, 0x00000000a6e00000| Untracked 
|  73|0x00000000a6f00000, 0x00000000a7000000, 0x00000000a7000000|100%| O|  |TAMS 0x00000000a6f00000, 0x00000000a6f00000| Untracked 
|  74|0x00000000a7000000, 0x00000000a7100000, 0x00000000a7100000|100%| O|  |TAMS 0x00000000a7100000, 0x00000000a7000000| Untracked 
|  75|0x00000000a7100000, 0x00000000a7200000, 0x00000000a7200000|100%| O|  |TAMS 0x00000000a7200000, 0x00000000a7100000| Untracked 
|  76|0x00000000a7200000, 0x00000000a7300000, 0x00000000a7300000|100%| O|  |TAMS 0x00000000a7300000, 0x00000000a7200000| Untracked 
|  77|0x00000000a7300000, 0x00000000a7400000, 0x00000000a7400000|100%| O|  |TAMS 0x00000000a7400000, 0x00000000a7300000| Untracked 
|  78|0x00000000a7400000, 0x00000000a7500000, 0x00000000a7500000|100%| O|  |TAMS 0x00000000a745c800, 0x00000000a7400000| Untracked 
|  79|0x00000000a7500000, 0x00000000a7600000, 0x00000000a7600000|100%| O|  |TAMS 0x00000000a7500000, 0x00000000a7500000| Untracked 
|  80|0x00000000a7600000, 0x00000000a7700000, 0x00000000a7700000|100%| O|  |TAMS 0x00000000a7600000, 0x00000000a7600000| Untracked 
|  81|0x00000000a7700000, 0x00000000a7800000, 0x00000000a7800000|100%| O|  |TAMS 0x00000000a7700000, 0x00000000a7700000| Untracked 
|  82|0x00000000a7800000, 0x00000000a7900000, 0x00000000a7900000|100%| O|  |TAMS 0x00000000a7800000, 0x00000000a7800000| Untracked 
|  83|0x00000000a7900000, 0x00000000a7a00000, 0x00000000a7a00000|100%| O|  |TAMS 0x00000000a7900000, 0x00000000a7900000| Untracked 
|  84|0x00000000a7a00000, 0x00000000a7b00000, 0x00000000a7b00000|100%| O|  |TAMS 0x00000000a7a00000, 0x00000000a7a00000| Untracked 
|  85|0x00000000a7b00000, 0x00000000a7c00000, 0x00000000a7c00000|100%| O|  |TAMS 0x00000000a7b00000, 0x00000000a7b00000| Untracked 
|  86|0x00000000a7c00000, 0x00000000a7d00000, 0x00000000a7d00000|100%| O|  |TAMS 0x00000000a7c00000, 0x00000000a7c00000| Untracked 
|  87|0x00000000a7d00000, 0x00000000a7e00000, 0x00000000a7e00000|100%| O|  |TAMS 0x00000000a7d00000, 0x00000000a7d00000| Untracked 
|  88|0x00000000a7e00000, 0x00000000a7f00000, 0x00000000a7f00000|100%| O|  |TAMS 0x00000000a7e00000, 0x00000000a7e00000| Untracked 
|  89|0x00000000a7f00000, 0x00000000a8000000, 0x00000000a8000000|100%| O|  |TAMS 0x00000000a7f00000, 0x00000000a7f00000| Untracked 
|  90|0x00000000a8000000, 0x00000000a8100000, 0x00000000a8100000|100%| O|  |TAMS 0x00000000a8000000, 0x00000000a8000000| Untracked 
|  91|0x00000000a8100000, 0x00000000a8200000, 0x00000000a8200000|100%| O|  |TAMS 0x00000000a8100000, 0x00000000a8100000| Untracked 
|  92|0x00000000a8200000, 0x00000000a8300000, 0x00000000a8300000|100%| O|  |TAMS 0x00000000a8200000, 0x00000000a8200000| Untracked 
|  93|0x00000000a8300000, 0x00000000a8400000, 0x00000000a8400000|100%| O|  |TAMS 0x00000000a8300000, 0x00000000a8300000| Untracked 
|  94|0x00000000a8400000, 0x00000000a8500000, 0x00000000a8500000|100%| O|  |TAMS 0x00000000a8400000, 0x00000000a8400000| Untracked 
|  95|0x00000000a8500000, 0x00000000a8600000, 0x00000000a8600000|100%| O|  |TAMS 0x00000000a8500000, 0x00000000a8500000| Untracked 
|  96|0x00000000a8600000, 0x00000000a8700000, 0x00000000a8700000|100%| O|  |TAMS 0x00000000a8600000, 0x00000000a8600000| Untracked 
|  97|0x00000000a8700000, 0x00000000a8800000, 0x00000000a8800000|100%| O|  |TAMS 0x00000000a8700000, 0x00000000a8700000| Untracked 
|  98|0x00000000a8800000, 0x00000000a8876e00, 0x00000000a8900000| 46%| O|  |TAMS 0x00000000a8800000, 0x00000000a8800000| Untracked 
|  99|0x00000000a8900000, 0x00000000a8900000, 0x00000000a8a00000|  0%| F|  |TAMS 0x00000000a8900000, 0x00000000a8900000| Untracked 
| 100|0x00000000a8a00000, 0x00000000a8a00000, 0x00000000a8b00000|  0%| F|  |TAMS 0x00000000a8a00000, 0x00000000a8a00000| Untracked 
| 101|0x00000000a8b00000, 0x00000000a8b00000, 0x00000000a8c00000|  0%| F|  |TAMS 0x00000000a8b00000, 0x00000000a8b00000| Untracked 
| 102|0x00000000a8c00000, 0x00000000a8c00000, 0x00000000a8d00000|  0%| F|  |TAMS 0x00000000a8c00000, 0x00000000a8c00000| Untracked 
| 103|0x00000000a8d00000, 0x00000000a8d00000, 0x00000000a8e00000|  0%| F|  |TAMS 0x00000000a8d00000, 0x00000000a8d00000| Untracked 
| 104|0x00000000a8e00000, 0x00000000a8e00000, 0x00000000a8f00000|  0%| F|  |TAMS 0x00000000a8e00000, 0x00000000a8e00000| Untracked 
| 105|0x00000000a8f00000, 0x00000000a8f00000, 0x00000000a9000000|  0%| F|  |TAMS 0x00000000a8f00000, 0x00000000a8f00000| Untracked 
| 106|0x00000000a9000000, 0x00000000a9000000, 0x00000000a9100000|  0%| F|  |TAMS 0x00000000a9000000, 0x00000000a9000000| Untracked 
| 107|0x00000000a9100000, 0x00000000a9100000, 0x00000000a9200000|  0%| F|  |TAMS 0x00000000a9100000, 0x00000000a9100000| Untracked 
| 108|0x00000000a9200000, 0x00000000a9200000, 0x00000000a9300000|  0%| F|  |TAMS 0x00000000a9200000, 0x00000000a9200000| Untracked 
| 109|0x00000000a9300000, 0x00000000a9300000, 0x00000000a9400000|  0%| F|  |TAMS 0x00000000a9300000, 0x00000000a9300000| Untracked 
| 110|0x00000000a9400000, 0x00000000a9400000, 0x00000000a9500000|  0%| F|  |TAMS 0x00000000a9400000, 0x00000000a9400000| Untracked 
| 111|0x00000000a9500000, 0x00000000a9500000, 0x00000000a9600000|  0%| F|  |TAMS 0x00000000a9500000, 0x00000000a9500000| Untracked 
| 112|0x00000000a9600000, 0x00000000a9600000, 0x00000000a9700000|  0%| F|  |TAMS 0x00000000a9600000, 0x00000000a9600000| Untracked 
| 113|0x00000000a9700000, 0x00000000a9700000, 0x00000000a9800000|  0%| F|  |TAMS 0x00000000a9700000, 0x00000000a9700000| Untracked 
| 114|0x00000000a9800000, 0x00000000a9800000, 0x00000000a9900000|  0%| F|  |TAMS 0x00000000a9800000, 0x00000000a9800000| Untracked 
| 115|0x00000000a9900000, 0x00000000a9900000, 0x00000000a9a00000|  0%| F|  |TAMS 0x00000000a9900000, 0x00000000a9900000| Untracked 
| 116|0x00000000a9a00000, 0x00000000a9a00000, 0x00000000a9b00000|  0%| F|  |TAMS 0x00000000a9a00000, 0x00000000a9a00000| Untracked 
| 117|0x00000000a9b00000, 0x00000000a9b00000, 0x00000000a9c00000|  0%| F|  |TAMS 0x00000000a9b00000, 0x00000000a9b00000| Untracked 
| 118|0x00000000a9c00000, 0x00000000a9c00000, 0x00000000a9d00000|  0%| F|  |TAMS 0x00000000a9c00000, 0x00000000a9c00000| Untracked 
| 119|0x00000000a9d00000, 0x00000000a9d00000, 0x00000000a9e00000|  0%| F|  |TAMS 0x00000000a9d00000, 0x00000000a9d00000| Untracked 
| 120|0x00000000a9e00000, 0x00000000a9e00000, 0x00000000a9f00000|  0%| F|  |TAMS 0x00000000a9e00000, 0x00000000a9e00000| Untracked 
| 121|0x00000000a9f00000, 0x00000000a9f00000, 0x00000000aa000000|  0%| F|  |TAMS 0x00000000a9f00000, 0x00000000a9f00000| Untracked 
| 122|0x00000000aa000000, 0x00000000aa000000, 0x00000000aa100000|  0%| F|  |TAMS 0x00000000aa000000, 0x00000000aa000000| Untracked 
| 123|0x00000000aa100000, 0x00000000aa100000, 0x00000000aa200000|  0%| F|  |TAMS 0x00000000aa100000, 0x00000000aa100000| Untracked 
| 124|0x00000000aa200000, 0x00000000aa200000, 0x00000000aa300000|  0%| F|  |TAMS 0x00000000aa200000, 0x00000000aa200000| Untracked 
| 125|0x00000000aa300000, 0x00000000aa300000, 0x00000000aa400000|  0%| F|  |TAMS 0x00000000aa300000, 0x00000000aa300000| Untracked 
| 126|0x00000000aa400000, 0x00000000aa400000, 0x00000000aa500000|  0%| F|  |TAMS 0x00000000aa400000, 0x00000000aa400000| Untracked 
| 127|0x00000000aa500000, 0x00000000aa500000, 0x00000000aa600000|  0%| F|  |TAMS 0x00000000aa500000, 0x00000000aa500000| Untracked 
| 128|0x00000000aa600000, 0x00000000aa600000, 0x00000000aa700000|  0%| F|  |TAMS 0x00000000aa600000, 0x00000000aa600000| Untracked 
| 129|0x00000000aa700000, 0x00000000aa700000, 0x00000000aa800000|  0%| F|  |TAMS 0x00000000aa700000, 0x00000000aa700000| Untracked 
| 130|0x00000000aa800000, 0x00000000aa800000, 0x00000000aa900000|  0%| F|  |TAMS 0x00000000aa800000, 0x00000000aa800000| Untracked 
| 131|0x00000000aa900000, 0x00000000aa900000, 0x00000000aaa00000|  0%| F|  |TAMS 0x00000000aa900000, 0x00000000aa900000| Untracked 
| 132|0x00000000aaa00000, 0x00000000aaa00000, 0x00000000aab00000|  0%| F|  |TAMS 0x00000000aaa00000, 0x00000000aaa00000| Untracked 
| 133|0x00000000aab00000, 0x00000000aab00000, 0x00000000aac00000|  0%| F|  |TAMS 0x00000000aab00000, 0x00000000aab00000| Untracked 
| 134|0x00000000aac00000, 0x00000000aac00000, 0x00000000aad00000|  0%| F|  |TAMS 0x00000000aac00000, 0x00000000aac00000| Untracked 
| 135|0x00000000aad00000, 0x00000000aad00000, 0x00000000aae00000|  0%| F|  |TAMS 0x00000000aad00000, 0x00000000aad00000| Untracked 
| 136|0x00000000aae00000, 0x00000000aae00000, 0x00000000aaf00000|  0%| F|  |TAMS 0x00000000aae00000, 0x00000000aae00000| Untracked 
| 137|0x00000000aaf00000, 0x00000000aaf00000, 0x00000000ab000000|  0%| F|  |TAMS 0x00000000aaf00000, 0x00000000aaf00000| Untracked 
| 138|0x00000000ab000000, 0x00000000ab000000, 0x00000000ab100000|  0%| F|  |TAMS 0x00000000ab000000, 0x00000000ab000000| Untracked 
| 139|0x00000000ab100000, 0x00000000ab100000, 0x00000000ab200000|  0%| F|  |TAMS 0x00000000ab100000, 0x00000000ab100000| Untracked 
| 140|0x00000000ab200000, 0x00000000ab200000, 0x00000000ab300000|  0%| F|  |TAMS 0x00000000ab200000, 0x00000000ab200000| Untracked 
| 141|0x00000000ab300000, 0x00000000ab300000, 0x00000000ab400000|  0%| F|  |TAMS 0x00000000ab300000, 0x00000000ab300000| Untracked 
| 142|0x00000000ab400000, 0x00000000ab400000, 0x00000000ab500000|  0%| F|  |TAMS 0x00000000ab400000, 0x00000000ab400000| Untracked 
| 143|0x00000000ab500000, 0x00000000ab500000, 0x00000000ab600000|  0%| F|  |TAMS 0x00000000ab500000, 0x00000000ab500000| Untracked 
| 144|0x00000000ab600000, 0x00000000ab600000, 0x00000000ab700000|  0%| F|  |TAMS 0x00000000ab600000, 0x00000000ab600000| Untracked 
| 145|0x00000000ab700000, 0x00000000ab7bbbe0, 0x00000000ab800000| 73%| S|CS|TAMS 0x00000000ab700000, 0x00000000ab700000| Complete 
| 146|0x00000000ab800000, 0x00000000ab900000, 0x00000000ab900000|100%| S|CS|TAMS 0x00000000ab800000, 0x00000000ab800000| Complete 
| 147|0x00000000ab900000, 0x00000000aba00000, 0x00000000aba00000|100%| S|CS|TAMS 0x00000000ab900000, 0x00000000ab900000| Complete 
| 148|0x00000000aba00000, 0x00000000abb00000, 0x00000000abb00000|100%| S|CS|TAMS 0x00000000aba00000, 0x00000000aba00000| Complete 
| 149|0x00000000abb00000, 0x00000000abb00000, 0x00000000abc00000|  0%| F|  |TAMS 0x00000000abb00000, 0x00000000abb00000| Untracked 
| 150|0x00000000abc00000, 0x00000000abc00000, 0x00000000abd00000|  0%| F|  |TAMS 0x00000000abc00000, 0x00000000abc00000| Untracked 
| 151|0x00000000abd00000, 0x00000000abe00000, 0x00000000abe00000|100%| S|CS|TAMS 0x00000000abd00000, 0x00000000abd00000| Complete 
| 152|0x00000000abe00000, 0x00000000abf00000, 0x00000000abf00000|100%| S|CS|TAMS 0x00000000abe00000, 0x00000000abe00000| Complete 
| 153|0x00000000abf00000, 0x00000000ac000000, 0x00000000ac000000|100%| S|CS|TAMS 0x00000000abf00000, 0x00000000abf00000| Complete 
| 154|0x00000000ac000000, 0x00000000ac100000, 0x00000000ac100000|100%| S|CS|TAMS 0x00000000ac000000, 0x00000000ac000000| Complete 
| 155|0x00000000ac100000, 0x00000000ac200000, 0x00000000ac200000|100%| S|CS|TAMS 0x00000000ac100000, 0x00000000ac100000| Complete 
| 156|0x00000000ac200000, 0x00000000ac300000, 0x00000000ac300000|100%| S|CS|TAMS 0x00000000ac200000, 0x00000000ac200000| Complete 
| 157|0x00000000ac300000, 0x00000000ac300000, 0x00000000ac400000|  0%| F|  |TAMS 0x00000000ac300000, 0x00000000ac300000| Untracked 
| 158|0x00000000ac400000, 0x00000000ac400000, 0x00000000ac500000|  0%| F|  |TAMS 0x00000000ac400000, 0x00000000ac400000| Untracked 
| 159|0x00000000ac500000, 0x00000000ac500000, 0x00000000ac600000|  0%| F|  |TAMS 0x00000000ac500000, 0x00000000ac500000| Untracked 
| 160|0x00000000ac600000, 0x00000000ac600000, 0x00000000ac700000|  0%| F|  |TAMS 0x00000000ac600000, 0x00000000ac600000| Untracked 
| 161|0x00000000ac700000, 0x00000000ac700000, 0x00000000ac800000|  0%| F|  |TAMS 0x00000000ac700000, 0x00000000ac700000| Untracked 
| 162|0x00000000ac800000, 0x00000000ac800000, 0x00000000ac900000|  0%| F|  |TAMS 0x00000000ac800000, 0x00000000ac800000| Untracked 
| 163|0x00000000ac900000, 0x00000000ac900000, 0x00000000aca00000|  0%| F|  |TAMS 0x00000000ac900000, 0x00000000ac900000| Untracked 
| 164|0x00000000aca00000, 0x00000000aca00000, 0x00000000acb00000|  0%| F|  |TAMS 0x00000000aca00000, 0x00000000aca00000| Untracked 
| 165|0x00000000acb00000, 0x00000000acb00000, 0x00000000acc00000|  0%| F|  |TAMS 0x00000000acb00000, 0x00000000acb00000| Untracked 
| 166|0x00000000acc00000, 0x00000000acc00000, 0x00000000acd00000|  0%| F|  |TAMS 0x00000000acc00000, 0x00000000acc00000| Untracked 
| 167|0x00000000acd00000, 0x00000000acd00000, 0x00000000ace00000|  0%| F|  |TAMS 0x00000000acd00000, 0x00000000acd00000| Untracked 
| 168|0x00000000ace00000, 0x00000000ace00000, 0x00000000acf00000|  0%| F|  |TAMS 0x00000000ace00000, 0x00000000ace00000| Untracked 
| 169|0x00000000acf00000, 0x00000000acf00000, 0x00000000ad000000|  0%| F|  |TAMS 0x00000000acf00000, 0x00000000acf00000| Untracked 
| 170|0x00000000ad000000, 0x00000000ad000000, 0x00000000ad100000|  0%| F|  |TAMS 0x00000000ad000000, 0x00000000ad000000| Untracked 
| 171|0x00000000ad100000, 0x00000000ad100000, 0x00000000ad200000|  0%| F|  |TAMS 0x00000000ad100000, 0x00000000ad100000| Untracked 
| 172|0x00000000ad200000, 0x00000000ad200000, 0x00000000ad300000|  0%| F|  |TAMS 0x00000000ad200000, 0x00000000ad200000| Untracked 
| 173|0x00000000ad300000, 0x00000000ad300000, 0x00000000ad400000|  0%| F|  |TAMS 0x00000000ad300000, 0x00000000ad300000| Untracked 
| 174|0x00000000ad400000, 0x00000000ad400000, 0x00000000ad500000|  0%| F|  |TAMS 0x00000000ad400000, 0x00000000ad400000| Untracked 
| 175|0x00000000ad500000, 0x00000000ad500000, 0x00000000ad600000|  0%| F|  |TAMS 0x00000000ad500000, 0x00000000ad500000| Untracked 
| 176|0x00000000ad600000, 0x00000000ad600000, 0x00000000ad700000|  0%| F|  |TAMS 0x00000000ad600000, 0x00000000ad600000| Untracked 
| 177|0x00000000ad700000, 0x00000000ad700000, 0x00000000ad800000|  0%| F|  |TAMS 0x00000000ad700000, 0x00000000ad700000| Untracked 
| 178|0x00000000ad800000, 0x00000000ad800000, 0x00000000ad900000|  0%| F|  |TAMS 0x00000000ad800000, 0x00000000ad800000| Untracked 
| 179|0x00000000ad900000, 0x00000000ad900000, 0x00000000ada00000|  0%| F|  |TAMS 0x00000000ad900000, 0x00000000ad900000| Untracked 
| 180|0x00000000ada00000, 0x00000000ada00000, 0x00000000adb00000|  0%| F|  |TAMS 0x00000000ada00000, 0x00000000ada00000| Untracked 
| 181|0x00000000adb00000, 0x00000000adb00000, 0x00000000adc00000|  0%| F|  |TAMS 0x00000000adb00000, 0x00000000adb00000| Untracked 
| 182|0x00000000adc00000, 0x00000000adc00000, 0x00000000add00000|  0%| F|  |TAMS 0x00000000adc00000, 0x00000000adc00000| Untracked 
| 183|0x00000000add00000, 0x00000000add00000, 0x00000000ade00000|  0%| F|  |TAMS 0x00000000add00000, 0x00000000add00000| Untracked 
| 184|0x00000000ade00000, 0x00000000ade00000, 0x00000000adf00000|  0%| F|  |TAMS 0x00000000ade00000, 0x00000000ade00000| Untracked 
| 185|0x00000000adf00000, 0x00000000adf00000, 0x00000000ae000000|  0%| F|  |TAMS 0x00000000adf00000, 0x00000000adf00000| Untracked 
| 186|0x00000000ae000000, 0x00000000ae000000, 0x00000000ae100000|  0%| F|  |TAMS 0x00000000ae000000, 0x00000000ae000000| Untracked 
| 187|0x00000000ae100000, 0x00000000ae100000, 0x00000000ae200000|  0%| F|  |TAMS 0x00000000ae100000, 0x00000000ae100000| Untracked 
| 188|0x00000000ae200000, 0x00000000ae200000, 0x00000000ae300000|  0%| F|  |TAMS 0x00000000ae200000, 0x00000000ae200000| Untracked 
| 189|0x00000000ae300000, 0x00000000ae300000, 0x00000000ae400000|  0%| F|  |TAMS 0x00000000ae300000, 0x00000000ae300000| Untracked 
| 190|0x00000000ae400000, 0x00000000ae400000, 0x00000000ae500000|  0%| F|  |TAMS 0x00000000ae400000, 0x00000000ae400000| Untracked 
| 191|0x00000000ae500000, 0x00000000ae500000, 0x00000000ae600000|  0%| F|  |TAMS 0x00000000ae500000, 0x00000000ae500000| Untracked 
| 192|0x00000000ae600000, 0x00000000ae600000, 0x00000000ae700000|  0%| F|  |TAMS 0x00000000ae600000, 0x00000000ae600000| Untracked 
| 193|0x00000000ae700000, 0x00000000ae700000, 0x00000000ae800000|  0%| F|  |TAMS 0x00000000ae700000, 0x00000000ae700000| Untracked 
| 194|0x00000000ae800000, 0x00000000ae800000, 0x00000000ae900000|  0%| F|  |TAMS 0x00000000ae800000, 0x00000000ae800000| Untracked 
| 195|0x00000000ae900000, 0x00000000ae900000, 0x00000000aea00000|  0%| F|  |TAMS 0x00000000ae900000, 0x00000000ae900000| Untracked 
| 196|0x00000000aea00000, 0x00000000aea00000, 0x00000000aeb00000|  0%| F|  |TAMS 0x00000000aea00000, 0x00000000aea00000| Untracked 
| 197|0x00000000aeb00000, 0x00000000aeb00000, 0x00000000aec00000|  0%| F|  |TAMS 0x00000000aeb00000, 0x00000000aeb00000| Untracked 
| 198|0x00000000aec00000, 0x00000000aec00000, 0x00000000aed00000|  0%| F|  |TAMS 0x00000000aec00000, 0x00000000aec00000| Untracked 
| 199|0x00000000aed00000, 0x00000000aed00000, 0x00000000aee00000|  0%| F|  |TAMS 0x00000000aed00000, 0x00000000aed00000| Untracked 
| 200|0x00000000aee00000, 0x00000000aee00000, 0x00000000aef00000|  0%| F|  |TAMS 0x00000000aee00000, 0x00000000aee00000| Untracked 
| 201|0x00000000aef00000, 0x00000000aef00000, 0x00000000af000000|  0%| F|  |TAMS 0x00000000aef00000, 0x00000000aef00000| Untracked 
| 202|0x00000000af000000, 0x00000000af000000, 0x00000000af100000|  0%| F|  |TAMS 0x00000000af000000, 0x00000000af000000| Untracked 
| 203|0x00000000af100000, 0x00000000af100000, 0x00000000af200000|  0%| F|  |TAMS 0x00000000af100000, 0x00000000af100000| Untracked 
| 204|0x00000000af200000, 0x00000000af200000, 0x00000000af300000|  0%| F|  |TAMS 0x00000000af200000, 0x00000000af200000| Untracked 
| 205|0x00000000af300000, 0x00000000af300000, 0x00000000af400000|  0%| F|  |TAMS 0x00000000af300000, 0x00000000af300000| Untracked 
| 206|0x00000000af400000, 0x00000000af400000, 0x00000000af500000|  0%| F|  |TAMS 0x00000000af400000, 0x00000000af400000| Untracked 
| 207|0x00000000af500000, 0x00000000af500000, 0x00000000af600000|  0%| F|  |TAMS 0x00000000af500000, 0x00000000af500000| Untracked 
| 208|0x00000000af600000, 0x00000000af600000, 0x00000000af700000|  0%| F|  |TAMS 0x00000000af600000, 0x00000000af600000| Untracked 
| 209|0x00000000af700000, 0x00000000af700000, 0x00000000af800000|  0%| F|  |TAMS 0x00000000af700000, 0x00000000af700000| Untracked 
| 210|0x00000000af800000, 0x00000000af800000, 0x00000000af900000|  0%| F|  |TAMS 0x00000000af800000, 0x00000000af800000| Untracked 
| 211|0x00000000af900000, 0x00000000af900000, 0x00000000afa00000|  0%| F|  |TAMS 0x00000000af900000, 0x00000000af900000| Untracked 
| 212|0x00000000afa00000, 0x00000000afa00000, 0x00000000afb00000|  0%| F|  |TAMS 0x00000000afa00000, 0x00000000afa00000| Untracked 
| 213|0x00000000afb00000, 0x00000000afb00000, 0x00000000afc00000|  0%| F|  |TAMS 0x00000000afb00000, 0x00000000afb00000| Untracked 
| 214|0x00000000afc00000, 0x00000000afc00000, 0x00000000afd00000|  0%| F|  |TAMS 0x00000000afc00000, 0x00000000afc00000| Untracked 
| 215|0x00000000afd00000, 0x00000000afd00000, 0x00000000afe00000|  0%| F|  |TAMS 0x00000000afd00000, 0x00000000afd00000| Untracked 
| 216|0x00000000afe00000, 0x00000000afe00000, 0x00000000aff00000|  0%| F|  |TAMS 0x00000000afe00000, 0x00000000afe00000| Untracked 
| 217|0x00000000aff00000, 0x00000000aff00000, 0x00000000b0000000|  0%| F|  |TAMS 0x00000000aff00000, 0x00000000aff00000| Untracked 
| 218|0x00000000b0000000, 0x00000000b0000000, 0x00000000b0100000|  0%| F|  |TAMS 0x00000000b0000000, 0x00000000b0000000| Untracked 
| 219|0x00000000b0100000, 0x00000000b0100000, 0x00000000b0200000|  0%| F|  |TAMS 0x00000000b0100000, 0x00000000b0100000| Untracked 
| 220|0x00000000b0200000, 0x00000000b0200000, 0x00000000b0300000|  0%| F|  |TAMS 0x00000000b0200000, 0x00000000b0200000| Untracked 
| 221|0x00000000b0300000, 0x00000000b0300000, 0x00000000b0400000|  0%| F|  |TAMS 0x00000000b0300000, 0x00000000b0300000| Untracked 
| 222|0x00000000b0400000, 0x00000000b0400000, 0x00000000b0500000|  0%| F|  |TAMS 0x00000000b0400000, 0x00000000b0400000| Untracked 
| 223|0x00000000b0500000, 0x00000000b0500000, 0x00000000b0600000|  0%| F|  |TAMS 0x00000000b0500000, 0x00000000b0500000| Untracked 
| 224|0x00000000b0600000, 0x00000000b0600000, 0x00000000b0700000|  0%| F|  |TAMS 0x00000000b0600000, 0x00000000b0600000| Untracked 
| 225|0x00000000b0700000, 0x00000000b0700000, 0x00000000b0800000|  0%| F|  |TAMS 0x00000000b0700000, 0x00000000b0700000| Untracked 
| 226|0x00000000b0800000, 0x00000000b0800000, 0x00000000b0900000|  0%| F|  |TAMS 0x00000000b0800000, 0x00000000b0800000| Untracked 
| 227|0x00000000b0900000, 0x00000000b0900000, 0x00000000b0a00000|  0%| F|  |TAMS 0x00000000b0900000, 0x00000000b0900000| Untracked 
| 228|0x00000000b0a00000, 0x00000000b0a00000, 0x00000000b0b00000|  0%| F|  |TAMS 0x00000000b0a00000, 0x00000000b0a00000| Untracked 
| 229|0x00000000b0b00000, 0x00000000b0b00000, 0x00000000b0c00000|  0%| F|  |TAMS 0x00000000b0b00000, 0x00000000b0b00000| Untracked 
| 230|0x00000000b0c00000, 0x00000000b0c00000, 0x00000000b0d00000|  0%| F|  |TAMS 0x00000000b0c00000, 0x00000000b0c00000| Untracked 
| 231|0x00000000b0d00000, 0x00000000b0d00000, 0x00000000b0e00000|  0%| F|  |TAMS 0x00000000b0d00000, 0x00000000b0d00000| Untracked 
| 232|0x00000000b0e00000, 0x00000000b0e00000, 0x00000000b0f00000|  0%| F|  |TAMS 0x00000000b0e00000, 0x00000000b0e00000| Untracked 
| 233|0x00000000b0f00000, 0x00000000b0f00000, 0x00000000b1000000|  0%| F|  |TAMS 0x00000000b0f00000, 0x00000000b0f00000| Untracked 
| 234|0x00000000b1000000, 0x00000000b1000000, 0x00000000b1100000|  0%| F|  |TAMS 0x00000000b1000000, 0x00000000b1000000| Untracked 
| 235|0x00000000b1100000, 0x00000000b1100000, 0x00000000b1200000|  0%| F|  |TAMS 0x00000000b1100000, 0x00000000b1100000| Untracked 
| 236|0x00000000b1200000, 0x00000000b1200000, 0x00000000b1300000|  0%| F|  |TAMS 0x00000000b1200000, 0x00000000b1200000| Untracked 
| 237|0x00000000b1300000, 0x00000000b1300000, 0x00000000b1400000|  0%| F|  |TAMS 0x00000000b1300000, 0x00000000b1300000| Untracked 
| 238|0x00000000b1400000, 0x00000000b1400000, 0x00000000b1500000|  0%| F|  |TAMS 0x00000000b1400000, 0x00000000b1400000| Untracked 
| 239|0x00000000b1500000, 0x00000000b1500000, 0x00000000b1600000|  0%| F|  |TAMS 0x00000000b1500000, 0x00000000b1500000| Untracked 
| 240|0x00000000b1600000, 0x00000000b1600000, 0x00000000b1700000|  0%| F|  |TAMS 0x00000000b1600000, 0x00000000b1600000| Untracked 
| 241|0x00000000b1700000, 0x00000000b1700000, 0x00000000b1800000|  0%| F|  |TAMS 0x00000000b1700000, 0x00000000b1700000| Untracked 
| 242|0x00000000b1800000, 0x00000000b1800000, 0x00000000b1900000|  0%| F|  |TAMS 0x00000000b1800000, 0x00000000b1800000| Untracked 
| 243|0x00000000b1900000, 0x00000000b1900000, 0x00000000b1a00000|  0%| F|  |TAMS 0x00000000b1900000, 0x00000000b1900000| Untracked 
| 244|0x00000000b1a00000, 0x00000000b1a00000, 0x00000000b1b00000|  0%| F|  |TAMS 0x00000000b1a00000, 0x00000000b1a00000| Untracked 
| 245|0x00000000b1b00000, 0x00000000b1b00000, 0x00000000b1c00000|  0%| F|  |TAMS 0x00000000b1b00000, 0x00000000b1b00000| Untracked 
| 246|0x00000000b1c00000, 0x00000000b1c00000, 0x00000000b1d00000|  0%| F|  |TAMS 0x00000000b1c00000, 0x00000000b1c00000| Untracked 
| 247|0x00000000b1d00000, 0x00000000b1d00000, 0x00000000b1e00000|  0%| F|  |TAMS 0x00000000b1d00000, 0x00000000b1d00000| Untracked 
| 248|0x00000000b1e00000, 0x00000000b1e00000, 0x00000000b1f00000|  0%| F|  |TAMS 0x00000000b1e00000, 0x00000000b1e00000| Untracked 
| 249|0x00000000b1f00000, 0x00000000b1f00000, 0x00000000b2000000|  0%| F|  |TAMS 0x00000000b1f00000, 0x00000000b1f00000| Untracked 
| 250|0x00000000b2000000, 0x00000000b2000000, 0x00000000b2100000|  0%| F|  |TAMS 0x00000000b2000000, 0x00000000b2000000| Untracked 
| 251|0x00000000b2100000, 0x00000000b2100000, 0x00000000b2200000|  0%| F|  |TAMS 0x00000000b2100000, 0x00000000b2100000| Untracked 
| 252|0x00000000b2200000, 0x00000000b2200000, 0x00000000b2300000|  0%| F|  |TAMS 0x00000000b2200000, 0x00000000b2200000| Untracked 
| 253|0x00000000b2300000, 0x00000000b2300000, 0x00000000b2400000|  0%| F|  |TAMS 0x00000000b2300000, 0x00000000b2300000| Untracked 
| 254|0x00000000b2400000, 0x00000000b2400000, 0x00000000b2500000|  0%| F|  |TAMS 0x00000000b2400000, 0x00000000b2400000| Untracked 
| 255|0x00000000b2500000, 0x00000000b2500000, 0x00000000b2600000|  0%| F|  |TAMS 0x00000000b2500000, 0x00000000b2500000| Untracked 
| 256|0x00000000b2600000, 0x00000000b2600000, 0x00000000b2700000|  0%| F|  |TAMS 0x00000000b2600000, 0x00000000b2600000| Untracked 
| 257|0x00000000b2700000, 0x00000000b2700000, 0x00000000b2800000|  0%| F|  |TAMS 0x00000000b2700000, 0x00000000b2700000| Untracked 
| 258|0x00000000b2800000, 0x00000000b2800000, 0x00000000b2900000|  0%| F|  |TAMS 0x00000000b2800000, 0x00000000b2800000| Untracked 
| 259|0x00000000b2900000, 0x00000000b2900000, 0x00000000b2a00000|  0%| F|  |TAMS 0x00000000b2900000, 0x00000000b2900000| Untracked 
| 260|0x00000000b2a00000, 0x00000000b2a00000, 0x00000000b2b00000|  0%| F|  |TAMS 0x00000000b2a00000, 0x00000000b2a00000| Untracked 
| 261|0x00000000b2b00000, 0x00000000b2b00000, 0x00000000b2c00000|  0%| F|  |TAMS 0x00000000b2b00000, 0x00000000b2b00000| Untracked 
| 262|0x00000000b2c00000, 0x00000000b2c00000, 0x00000000b2d00000|  0%| F|  |TAMS 0x00000000b2c00000, 0x00000000b2c00000| Untracked 
| 263|0x00000000b2d00000, 0x00000000b2d00000, 0x00000000b2e00000|  0%| F|  |TAMS 0x00000000b2d00000, 0x00000000b2d00000| Untracked 
| 264|0x00000000b2e00000, 0x00000000b2e00000, 0x00000000b2f00000|  0%| F|  |TAMS 0x00000000b2e00000, 0x00000000b2e00000| Untracked 
| 265|0x00000000b2f00000, 0x00000000b2f00000, 0x00000000b3000000|  0%| F|  |TAMS 0x00000000b2f00000, 0x00000000b2f00000| Untracked 
| 266|0x00000000b3000000, 0x00000000b3000000, 0x00000000b3100000|  0%| F|  |TAMS 0x00000000b3000000, 0x00000000b3000000| Untracked 
| 267|0x00000000b3100000, 0x00000000b31b2490, 0x00000000b3200000| 69%| E|  |TAMS 0x00000000b3100000, 0x00000000b3100000| Complete 
| 268|0x00000000b3200000, 0x00000000b3300000, 0x00000000b3300000|100%| E|CS|TAMS 0x00000000b3200000, 0x00000000b3200000| Complete 
| 269|0x00000000b3300000, 0x00000000b3400000, 0x00000000b3400000|100%| E|CS|TAMS 0x00000000b3300000, 0x00000000b3300000| Complete 
| 270|0x00000000b3400000, 0x00000000b3500000, 0x00000000b3500000|100%| E|CS|TAMS 0x00000000b3400000, 0x00000000b3400000| Complete 
| 271|0x00000000b3500000, 0x00000000b3600000, 0x00000000b3600000|100%| E|CS|TAMS 0x00000000b3500000, 0x00000000b3500000| Complete 
| 272|0x00000000b3600000, 0x00000000b3700000, 0x00000000b3700000|100%| E|CS|TAMS 0x00000000b3600000, 0x00000000b3600000| Complete 
| 273|0x00000000b3700000, 0x00000000b3800000, 0x00000000b3800000|100%| E|CS|TAMS 0x00000000b3700000, 0x00000000b3700000| Complete 
| 274|0x00000000b3800000, 0x00000000b3900000, 0x00000000b3900000|100%| E|CS|TAMS 0x00000000b3800000, 0x00000000b3800000| Complete 
| 275|0x00000000b3900000, 0x00000000b3a00000, 0x00000000b3a00000|100%| E|CS|TAMS 0x00000000b3900000, 0x00000000b3900000| Complete 
| 276|0x00000000b3a00000, 0x00000000b3b00000, 0x00000000b3b00000|100%| E|CS|TAMS 0x00000000b3a00000, 0x00000000b3a00000| Complete 
| 277|0x00000000b3b00000, 0x00000000b3c00000, 0x00000000b3c00000|100%| E|CS|TAMS 0x00000000b3b00000, 0x00000000b3b00000| Complete 
| 278|0x00000000b3c00000, 0x00000000b3d00000, 0x00000000b3d00000|100%| E|CS|TAMS 0x00000000b3c00000, 0x00000000b3c00000| Complete 
| 279|0x00000000b3d00000, 0x00000000b3e00000, 0x00000000b3e00000|100%| E|CS|TAMS 0x00000000b3d00000, 0x00000000b3d00000| Complete 
| 280|0x00000000b3e00000, 0x00000000b3f00000, 0x00000000b3f00000|100%| E|CS|TAMS 0x00000000b3e00000, 0x00000000b3e00000| Complete 
| 281|0x00000000b3f00000, 0x00000000b4000000, 0x00000000b4000000|100%| E|CS|TAMS 0x00000000b3f00000, 0x00000000b3f00000| Complete 
| 282|0x00000000b4000000, 0x00000000b4100000, 0x00000000b4100000|100%| E|CS|TAMS 0x00000000b4000000, 0x00000000b4000000| Complete 
| 283|0x00000000b4100000, 0x00000000b4200000, 0x00000000b4200000|100%| E|CS|TAMS 0x00000000b4100000, 0x00000000b4100000| Complete 
| 284|0x00000000b4200000, 0x00000000b4300000, 0x00000000b4300000|100%| E|CS|TAMS 0x00000000b4200000, 0x00000000b4200000| Complete 
| 285|0x00000000b4300000, 0x00000000b4400000, 0x00000000b4400000|100%| E|CS|TAMS 0x00000000b4300000, 0x00000000b4300000| Complete 
| 286|0x00000000b4400000, 0x00000000b4500000, 0x00000000b4500000|100%| E|CS|TAMS 0x00000000b4400000, 0x00000000b4400000| Complete 
| 287|0x00000000b4500000, 0x00000000b4600000, 0x00000000b4600000|100%| E|CS|TAMS 0x00000000b4500000, 0x00000000b4500000| Complete 
| 288|0x00000000b4600000, 0x00000000b4700000, 0x00000000b4700000|100%| E|CS|TAMS 0x00000000b4600000, 0x00000000b4600000| Complete 
| 289|0x00000000b4700000, 0x00000000b4800000, 0x00000000b4800000|100%| E|CS|TAMS 0x00000000b4700000, 0x00000000b4700000| Complete 
| 290|0x00000000b4800000, 0x00000000b4900000, 0x00000000b4900000|100%| E|CS|TAMS 0x00000000b4800000, 0x00000000b4800000| Complete 
| 291|0x00000000b4900000, 0x00000000b4a00000, 0x00000000b4a00000|100%| E|CS|TAMS 0x00000000b4900000, 0x00000000b4900000| Complete 
| 292|0x00000000b4a00000, 0x00000000b4b00000, 0x00000000b4b00000|100%| E|CS|TAMS 0x00000000b4a00000, 0x00000000b4a00000| Complete 
| 293|0x00000000b4b00000, 0x00000000b4c00000, 0x00000000b4c00000|100%| E|CS|TAMS 0x00000000b4b00000, 0x00000000b4b00000| Complete 
| 294|0x00000000b4c00000, 0x00000000b4d00000, 0x00000000b4d00000|100%| E|CS|TAMS 0x00000000b4c00000, 0x00000000b4c00000| Complete 
| 295|0x00000000b4d00000, 0x00000000b4e00000, 0x00000000b4e00000|100%| E|CS|TAMS 0x00000000b4d00000, 0x00000000b4d00000| Complete 
| 296|0x00000000b4e00000, 0x00000000b4f00000, 0x00000000b4f00000|100%| E|CS|TAMS 0x00000000b4e00000, 0x00000000b4e00000| Complete 
| 297|0x00000000b4f00000, 0x00000000b5000000, 0x00000000b5000000|100%| E|CS|TAMS 0x00000000b4f00000, 0x00000000b4f00000| Complete 
| 298|0x00000000b5000000, 0x00000000b5100000, 0x00000000b5100000|100%| E|CS|TAMS 0x00000000b5000000, 0x00000000b5000000| Complete 
| 299|0x00000000b5100000, 0x00000000b5200000, 0x00000000b5200000|100%| E|CS|TAMS 0x00000000b5100000, 0x00000000b5100000| Complete 
| 300|0x00000000b5200000, 0x00000000b5300000, 0x00000000b5300000|100%| E|CS|TAMS 0x00000000b5200000, 0x00000000b5200000| Complete 
| 301|0x00000000b5300000, 0x00000000b5400000, 0x00000000b5400000|100%| E|CS|TAMS 0x00000000b5300000, 0x00000000b5300000| Complete 
| 302|0x00000000b5400000, 0x00000000b5500000, 0x00000000b5500000|100%| E|CS|TAMS 0x00000000b5400000, 0x00000000b5400000| Complete 
| 303|0x00000000b5500000, 0x00000000b5600000, 0x00000000b5600000|100%| E|CS|TAMS 0x00000000b5500000, 0x00000000b5500000| Complete 
| 304|0x00000000b5600000, 0x00000000b5700000, 0x00000000b5700000|100%| E|CS|TAMS 0x00000000b5600000, 0x00000000b5600000| Complete 
| 305|0x00000000b5700000, 0x00000000b5800000, 0x00000000b5800000|100%| E|CS|TAMS 0x00000000b5700000, 0x00000000b5700000| Complete 
| 306|0x00000000b5800000, 0x00000000b5900000, 0x00000000b5900000|100%| E|CS|TAMS 0x00000000b5800000, 0x00000000b5800000| Complete 
| 307|0x00000000b5900000, 0x00000000b5a00000, 0x00000000b5a00000|100%| E|CS|TAMS 0x00000000b5900000, 0x00000000b5900000| Complete 
| 308|0x00000000b5a00000, 0x00000000b5b00000, 0x00000000b5b00000|100%| E|CS|TAMS 0x00000000b5a00000, 0x00000000b5a00000| Complete 
| 309|0x00000000b5b00000, 0x00000000b5c00000, 0x00000000b5c00000|100%| E|CS|TAMS 0x00000000b5b00000, 0x00000000b5b00000| Complete 
| 310|0x00000000b5c00000, 0x00000000b5d00000, 0x00000000b5d00000|100%| E|CS|TAMS 0x00000000b5c00000, 0x00000000b5c00000| Complete 
| 311|0x00000000b5d00000, 0x00000000b5e00000, 0x00000000b5e00000|100%| E|CS|TAMS 0x00000000b5d00000, 0x00000000b5d00000| Complete 
| 312|0x00000000b5e00000, 0x00000000b5f00000, 0x00000000b5f00000|100%| E|CS|TAMS 0x00000000b5e00000, 0x00000000b5e00000| Complete 
| 313|0x00000000b5f00000, 0x00000000b6000000, 0x00000000b6000000|100%| E|CS|TAMS 0x00000000b5f00000, 0x00000000b5f00000| Complete 
| 314|0x00000000b6000000, 0x00000000b6100000, 0x00000000b6100000|100%| E|CS|TAMS 0x00000000b6000000, 0x00000000b6000000| Complete 
| 315|0x00000000b6100000, 0x00000000b6200000, 0x00000000b6200000|100%| E|CS|TAMS 0x00000000b6100000, 0x00000000b6100000| Complete 
| 316|0x00000000b6200000, 0x00000000b6300000, 0x00000000b6300000|100%| E|CS|TAMS 0x00000000b6200000, 0x00000000b6200000| Complete 
| 317|0x00000000b6300000, 0x00000000b6400000, 0x00000000b6400000|100%| E|CS|TAMS 0x00000000b6300000, 0x00000000b6300000| Complete 
| 318|0x00000000b6400000, 0x00000000b6500000, 0x00000000b6500000|100%| E|CS|TAMS 0x00000000b6400000, 0x00000000b6400000| Complete 
| 319|0x00000000b6500000, 0x00000000b6600000, 0x00000000b6600000|100%| E|CS|TAMS 0x00000000b6500000, 0x00000000b6500000| Complete 
| 320|0x00000000b6600000, 0x00000000b6700000, 0x00000000b6700000|100%| E|CS|TAMS 0x00000000b6600000, 0x00000000b6600000| Complete 
| 321|0x00000000b6700000, 0x00000000b6800000, 0x00000000b6800000|100%| E|CS|TAMS 0x00000000b6700000, 0x00000000b6700000| Complete 
| 322|0x00000000b6800000, 0x00000000b6900000, 0x00000000b6900000|100%| E|CS|TAMS 0x00000000b6800000, 0x00000000b6800000| Complete 
| 323|0x00000000b6900000, 0x00000000b6a00000, 0x00000000b6a00000|100%| E|CS|TAMS 0x00000000b6900000, 0x00000000b6900000| Complete 
| 324|0x00000000b6a00000, 0x00000000b6b00000, 0x00000000b6b00000|100%| E|CS|TAMS 0x00000000b6a00000, 0x00000000b6a00000| Complete 
| 325|0x00000000b6b00000, 0x00000000b6c00000, 0x00000000b6c00000|100%| E|CS|TAMS 0x00000000b6b00000, 0x00000000b6b00000| Complete 
| 326|0x00000000b6c00000, 0x00000000b6d00000, 0x00000000b6d00000|100%| E|CS|TAMS 0x00000000b6c00000, 0x00000000b6c00000| Complete 
| 327|0x00000000b6d00000, 0x00000000b6e00000, 0x00000000b6e00000|100%| E|CS|TAMS 0x00000000b6d00000, 0x00000000b6d00000| Complete 
| 328|0x00000000b6e00000, 0x00000000b6f00000, 0x00000000b6f00000|100%| E|CS|TAMS 0x00000000b6e00000, 0x00000000b6e00000| Complete 
| 329|0x00000000b6f00000, 0x00000000b7000000, 0x00000000b7000000|100%| E|CS|TAMS 0x00000000b6f00000, 0x00000000b6f00000| Complete 
| 330|0x00000000b7000000, 0x00000000b7100000, 0x00000000b7100000|100%| E|CS|TAMS 0x00000000b7000000, 0x00000000b7000000| Complete 
| 331|0x00000000b7100000, 0x00000000b7200000, 0x00000000b7200000|100%| E|CS|TAMS 0x00000000b7100000, 0x00000000b7100000| Complete 
| 332|0x00000000b7200000, 0x00000000b7300000, 0x00000000b7300000|100%| E|CS|TAMS 0x00000000b7200000, 0x00000000b7200000| Complete 
| 333|0x00000000b7300000, 0x00000000b7400000, 0x00000000b7400000|100%| E|CS|TAMS 0x00000000b7300000, 0x00000000b7300000| Complete 
| 334|0x00000000b7400000, 0x00000000b7500000, 0x00000000b7500000|100%| E|CS|TAMS 0x00000000b7400000, 0x00000000b7400000| Complete 
| 335|0x00000000b7500000, 0x00000000b7600000, 0x00000000b7600000|100%| E|CS|TAMS 0x00000000b7500000, 0x00000000b7500000| Complete 
| 336|0x00000000b7600000, 0x00000000b7700000, 0x00000000b7700000|100%| E|CS|TAMS 0x00000000b7600000, 0x00000000b7600000| Complete 
| 337|0x00000000b7700000, 0x00000000b7800000, 0x00000000b7800000|100%| E|CS|TAMS 0x00000000b7700000, 0x00000000b7700000| Complete 
| 338|0x00000000b7800000, 0x00000000b7900000, 0x00000000b7900000|100%| E|CS|TAMS 0x00000000b7800000, 0x00000000b7800000| Complete 

Card table byte_map: [0x000001edb1730000,0x000001edb1a20000] _byte_map_base: 0x000001edb121d000

Marking Bits (Prev, Next): (CMBitMap*) 0x000001ed9a68d9b0, (CMBitMap*) 0x000001ed9a68d9f0
 Prev Bits: [0x000001edb1d10000, 0x000001edb3478000)
 Next Bits: [0x000001edb3480000, 0x000001edb4be8000)

Polling page: 0x000001ed987f0000

Metaspace:

Usage:
  Non-class:     90.20 MB used.
      Class:     13.55 MB used.
       Both:    103.75 MB used.

Virtual space:
  Non-class space:      128.00 MB reserved,      90.88 MB ( 71%) committed,  2 nodes.
      Class space:        1.00 GB reserved,      14.25 MB (  1%) committed,  1 nodes.
             Both:        1.12 GB reserved,     105.12 MB (  9%) committed. 

Chunk freelists:
   Non-Class:  4.39 MB
       Class:  1.73 MB
        Both:  6.12 MB

MaxMetaspaceSize: unlimited
CompressedClassSpaceSize: 1.00 GB
Initial GC threshold: 21.00 MB
Current GC threshold: 136.50 MB
CDS: on
MetaspaceReclaimPolicy: balanced
 - commit_granule_bytes: 65536.
 - commit_granule_words: 8192.
 - virtual_space_node_default_size: 8388608.
 - enlarge_chunks_in_place: 1.
 - new_chunks_are_fully_committed: 0.
 - uncommit_free_chunks: 1.
 - use_allocation_guard: 0.
 - handle_deallocations: 1.


Internal statistics:

num_allocs_failed_limit: 9.
num_arena_births: 2530.
num_arena_deaths: 0.
num_vsnodes_births: 3.
num_vsnodes_deaths: 0.
num_space_committed: 1680.
num_space_uncommitted: 0.
num_chunks_returned_to_freelist: 9.
num_chunks_taken_from_freelist: 6909.
num_chunk_merges: 9.
num_chunk_splits: 4538.
num_chunks_enlarged: 2937.
num_inconsistent_stats: 0.

CodeHeap 'non-profiled nmethods': size=120000Kb used=12688Kb max_used=12688Kb free=107311Kb
 bounds [0x000001eda99c0000, 0x000001edaa630000, 0x000001edb0ef0000]
CodeHeap 'profiled nmethods': size=120000Kb used=31250Kb max_used=31710Kb free=88750Kb
 bounds [0x000001eda1ef0000, 0x000001eda3e40000, 0x000001eda9420000]
CodeHeap 'non-nmethods': size=5760Kb used=1448Kb max_used=1508Kb free=4311Kb
 bounds [0x000001eda9420000, 0x000001eda9690000, 0x000001eda99c0000]
 total_blobs=17257 nmethods=16469 adapters=696
 compilation: enabled
              stopped_count=0, restarted_count=0
 full_count=0

Compilation events (20 events):
Event: 733.744 Thread 0x000001edb783c140 nmethod 20103 0x000001eda3371d90 code [0x000001eda3371f20, 0x000001eda3372068]
Event: 734.465 Thread 0x000001edb783c140 20104       3       java.util.concurrent.ConcurrentHashMap$KeySetView::iterator (34 bytes)
Event: 734.467 Thread 0x000001edb783c140 nmethod 20104 0x000001eda3702790 code [0x000001eda3702940, 0x000001eda3702b68]
Event: 735.960 Thread 0x000001edb783c140 20105       3       java.nio.ByteBuffer::<init> (14 bytes)
Event: 735.961 Thread 0x000001edb783c140 nmethod 20105 0x000001eda351bd90 code [0x000001eda351bf40, 0x000001eda351c088]
Event: 735.961 Thread 0x000001edb783c140 20106       3       java.nio.MappedByteBuffer::limit (6 bytes)
Event: 735.962 Thread 0x000001edb783c140 nmethod 20106 0x000001eda395e110 code [0x000001eda395e2c0, 0x000001eda395e4c8]
Event: 735.962 Thread 0x000001edb783c140 20107       3       java.nio.MappedByteBuffer::position (6 bytes)
Event: 735.962 Thread 0x000001edb783c140 nmethod 20107 0x000001eda2f11890 code [0x000001eda2f11a40, 0x000001eda2f11c48]
Event: 744.512 Thread 0x000001edb783b690 20109   !   4       org.hibernate.query.sqm.sql.BaseSqmToSqlAstConverter::buildFetch (59 bytes)
Event: 744.516 Thread 0x000001edb783b690 nmethod 20109 0x000001edaa61dd90 code [0x000001edaa61df20, 0x000001edaa61e078]
Event: 744.565 Thread 0x000001edb783b690 20110       4       com.fasterxml.jackson.databind.util.ClassUtil::isJDKClass (38 bytes)
Event: 744.575 Thread 0x000001edb783b690 nmethod 20110 0x000001edaa61e210 code [0x000001edaa61e3a0, 0x000001edaa61e5c8]
Event: 744.604 Thread 0x000001edb783b690 20111       4       com.fasterxml.jackson.databind.deser.DeserializerCache::_hasCustomHandlers (55 bytes)
Event: 744.608 Thread 0x000001edb783b690 nmethod 20111 0x000001edaa61e910 code [0x000001edaa61eaa0, 0x000001edaa61ec58]
Event: 744.616 Thread 0x000001edb783b690 20112       4       org.hibernate.query.sqm.sql.BaseSqmToSqlAstConverter::upgradeToInnerJoinIfNeeded (170 bytes)
Event: 744.637 Thread 0x000001edb783b690 nmethod 20112 0x000001edaa61ee90 code [0x000001edaa61f0e0, 0x000001edaa61f6a0]
Event: 744.638 Thread 0x000001edb783b690 20113       4       org.hibernate.query.sqm.sql.BaseSqmToSqlAstConverter::prepareReusablePath (20 bytes)
Event: 744.694 Thread 0x000001edb783b690 nmethod 20113 0x000001edaa61ff10 code [0x000001edaa6203e0, 0x000001edaa622010]
Event: 744.694 Thread 0x000001edb783b690 20114       4       com.fasterxml.jackson.databind.type.TypeFactory::_fromAny (171 bytes)

GC Heap History (20 events):
Event: 16.662 GC heap before
{Heap before GC invocations=31 (full 0):
 garbage-first heap   total 137216K, used 107890K [0x00000000a2600000, 0x0000000100000000)
  region size 1024K, 28 young (28672K), 1 survivors (1024K)
 Metaspace       used 83177K, committed 83840K, reserved 1179648K
  class space    used 11185K, committed 11520K, reserved 1048576K
}
Event: 16.670 GC heap after
{Heap after GC invocations=32 (full 0):
 garbage-first heap   total 137216K, used 84666K [0x00000000a2600000, 0x0000000100000000)
  region size 1024K, 4 young (4096K), 4 survivors (4096K)
 Metaspace       used 83177K, committed 83840K, reserved 1179648K
  class space    used 11185K, committed 11520K, reserved 1048576K
}
Event: 16.885 GC heap before
{Heap before GC invocations=33 (full 0):
 garbage-first heap   total 137216K, used 100026K [0x00000000a2600000, 0x0000000100000000)
  region size 1024K, 28 young (28672K), 4 survivors (4096K)
 Metaspace       used 83490K, committed 84160K, reserved 1179648K
  class space    used 11230K, committed 11584K, reserved 1048576K
}
Event: 16.892 GC heap after
{Heap after GC invocations=34 (full 0):
 garbage-first heap   total 137216K, used 77347K [0x00000000a2600000, 0x0000000100000000)
  region size 1024K, 2 young (2048K), 2 survivors (2048K)
 Metaspace       used 83490K, committed 84160K, reserved 1179648K
  class space    used 11230K, committed 11584K, reserved 1048576K
}
Event: 16.918 GC heap before
{Heap before GC invocations=34 (full 0):
 garbage-first heap   total 137216K, used 81443K [0x00000000a2600000, 0x0000000100000000)
  region size 1024K, 6 young (6144K), 2 survivors (2048K)
 Metaspace       used 83510K, committed 84160K, reserved 1179648K
  class space    used 11230K, committed 11584K, reserved 1048576K
}
Event: 16.922 GC heap after
{Heap after GC invocations=35 (full 0):
 garbage-first heap   total 347136K, used 68181K [0x00000000a2600000, 0x0000000100000000)
  region size 1024K, 1 young (1024K), 1 survivors (1024K)
 Metaspace       used 83510K, committed 84160K, reserved 1179648K
  class space    used 11230K, committed 11584K, reserved 1048576K
}
Event: 17.359 GC heap before
{Heap before GC invocations=35 (full 0):
 garbage-first heap   total 347136K, used 221781K [0x00000000a2600000, 0x0000000100000000)
  region size 1024K, 151 young (154624K), 1 survivors (1024K)
 Metaspace       used 83981K, committed 84672K, reserved 1179648K
  class space    used 11264K, committed 11648K, reserved 1048576K
}
Event: 17.363 GC heap after
{Heap after GC invocations=36 (full 0):
 garbage-first heap   total 347136K, used 69783K [0x00000000a2600000, 0x0000000100000000)
  region size 1024K, 2 young (2048K), 2 survivors (2048K)
 Metaspace       used 83981K, committed 84672K, reserved 1179648K
  class space    used 11264K, committed 11648K, reserved 1048576K
}
Event: 17.715 GC heap before
{Heap before GC invocations=36 (full 0):
 garbage-first heap   total 347136K, used 271511K [0x00000000a2600000, 0x0000000100000000)
  region size 1024K, 199 young (203776K), 2 survivors (2048K)
 Metaspace       used 84192K, committed 84864K, reserved 1179648K
  class space    used 11355K, committed 11712K, reserved 1048576K
}
Event: 17.733 GC heap after
{Heap after GC invocations=37 (full 0):
 garbage-first heap   total 347136K, used 82489K [0x00000000a2600000, 0x0000000100000000)
  region size 1024K, 15 young (15360K), 15 survivors (15360K)
 Metaspace       used 84192K, committed 84864K, reserved 1179648K
  class space    used 11355K, committed 11712K, reserved 1048576K
}
Event: 19.567 GC heap before
{Heap before GC invocations=37 (full 0):
 garbage-first heap   total 347136K, used 276025K [0x00000000a2600000, 0x0000000100000000)
  region size 1024K, 203 young (207872K), 15 survivors (15360K)
 Metaspace       used 88194K, committed 88896K, reserved 1179648K
  class space    used 11760K, committed 12096K, reserved 1048576K
}
Event: 19.623 GC heap after
{Heap after GC invocations=38 (full 0):
 garbage-first heap   total 347136K, used 100833K [0x00000000a2600000, 0x0000000100000000)
  region size 1024K, 26 young (26624K), 26 survivors (26624K)
 Metaspace       used 88194K, committed 88896K, reserved 1179648K
  class space    used 11760K, committed 12096K, reserved 1048576K
}
Event: 527.848 GC heap before
{Heap before GC invocations=38 (full 0):
 garbage-first heap   total 347136K, used 275937K [0x00000000a2600000, 0x0000000100000000)
  region size 1024K, 198 young (202752K), 26 survivors (26624K)
 Metaspace       used 100427K, committed 101376K, reserved 1179648K
  class space    used 13139K, committed 13632K, reserved 1048576K
}
Event: 528.022 GC heap after
{Heap after GC invocations=39 (full 0):
 garbage-first heap   total 347136K, used 110043K [0x00000000a2600000, 0x0000000100000000)
  region size 1024K, 9 young (9216K), 9 survivors (9216K)
 Metaspace       used 100427K, committed 101376K, reserved 1179648K
  class space    used 13139K, committed 13632K, reserved 1048576K
}
Event: 577.692 GC heap before
{Heap before GC invocations=39 (full 0):
 garbage-first heap   total 347136K, used 281051K [0x00000000a2600000, 0x0000000100000000)
  region size 1024K, 177 young (181248K), 9 survivors (9216K)
 Metaspace       used 104812K, committed 105856K, reserved 1179648K
  class space    used 13655K, committed 14208K, reserved 1048576K
}
Event: 577.733 GC heap after
{Heap after GC invocations=40 (full 0):
 garbage-first heap   total 347136K, used 111281K [0x00000000a2600000, 0x0000000100000000)
  region size 1024K, 11 young (11264K), 11 survivors (11264K)
 Metaspace       used 104812K, committed 105856K, reserved 1179648K
  class space    used 13655K, committed 14208K, reserved 1048576K
}
Event: 578.080 GC heap before
{Heap before GC invocations=40 (full 0):
 garbage-first heap   total 347136K, used 284337K [0x00000000a2600000, 0x0000000100000000)
  region size 1024K, 180 young (184320K), 11 survivors (11264K)
 Metaspace       used 104825K, committed 105856K, reserved 1179648K
  class space    used 13655K, committed 14208K, reserved 1048576K
}
Event: 578.094 GC heap after
{Heap after GC invocations=41 (full 0):
 garbage-first heap   total 347136K, used 111000K [0x00000000a2600000, 0x0000000100000000)
  region size 1024K, 10 young (10240K), 10 survivors (10240K)
 Metaspace       used 104825K, committed 105856K, reserved 1179648K
  class space    used 13655K, committed 14208K, reserved 1048576K
}
Event: 588.209 GC heap before
{Heap before GC invocations=41 (full 0):
 garbage-first heap   total 347136K, used 289176K [0x00000000a2600000, 0x0000000100000000)
  region size 1024K, 184 young (188416K), 10 survivors (10240K)
 Metaspace       used 104969K, committed 106048K, reserved 1179648K
  class space    used 13658K, committed 14208K, reserved 1048576K
}
Event: 588.220 GC heap after
{Heap after GC invocations=42 (full 0):
 garbage-first heap   total 347136K, used 110794K [0x00000000a2600000, 0x0000000100000000)
  region size 1024K, 10 young (10240K), 10 survivors (10240K)
 Metaspace       used 104969K, committed 106048K, reserved 1179648K
  class space    used 13658K, committed 14208K, reserved 1048576K
}

Deoptimization events (20 events):
Event: 683.514 Thread 0x000001edfed190d0 Uncommon trap: trap_request=0xffffff45 fr.pc=0x000001edaa3e54fc relative=0x00000000000019dc
Event: 683.514 Thread 0x000001edfed190d0 Uncommon trap: reason=unstable_if action=reinterpret pc=0x000001edaa3e54fc method=java.text.SimpleDateFormat.compile(Ljava/lang/String;)[C @ 336 c2
Event: 683.514 Thread 0x000001edfed190d0 DEOPT PACKING pc=0x000001edaa3e54fc sp=0x000000a696afe9c0
Event: 683.514 Thread 0x000001edfed190d0 DEOPT UNPACKING pc=0x000001eda94723a3 sp=0x000000a696afe980 mode 2
Event: 683.649 Thread 0x000001edfed1aa20 Uncommon trap: trap_request=0xffffff54 fr.pc=0x000001edaa5e5054 relative=0x00000000000003f4
Event: 683.649 Thread 0x000001edfed1aa20 Uncommon trap: reason=speculate_null_assert action=make_not_entrant pc=0x000001edaa5e5054 method=org.hibernate.internal.util.NullnessHelper.lambda$coalesceSuppliedValues$0(Ljava/lang/Object;)Ljava/lang/Boolean; @ 18 c2
Event: 683.649 Thread 0x000001edfed1aa20 DEOPT PACKING pc=0x000001edaa5e5054 sp=0x000000a696df8540
Event: 683.649 Thread 0x000001edfed1aa20 DEOPT UNPACKING pc=0x000001eda94723a3 sp=0x000000a696df8238 mode 2
Event: 683.705 Thread 0x000001edfed1aa20 DEOPT PACKING pc=0x000001eda3bef303 sp=0x000000a696df9d80
Event: 683.705 Thread 0x000001edfed1aa20 DEOPT UNPACKING pc=0x000001eda9472b43 sp=0x000000a696df91f0 mode 0
Event: 683.705 Thread 0x000001edfed1aa20 DEOPT PACKING pc=0x000001eda3bef303 sp=0x000000a696df9d80
Event: 683.705 Thread 0x000001edfed1aa20 DEOPT UNPACKING pc=0x000001eda9472b43 sp=0x000000a696df91f0 mode 0
Event: 683.706 Thread 0x000001edfed1aa20 DEOPT PACKING pc=0x000001eda3bef303 sp=0x000000a696df9d80
Event: 683.706 Thread 0x000001edfed1aa20 DEOPT UNPACKING pc=0x000001eda9472b43 sp=0x000000a696df91f0 mode 0
Event: 683.746 Thread 0x000001edfed1d2a0 Uncommon trap: trap_request=0xffffff54 fr.pc=0x000001edaa5f5c7c relative=0x000000000000031c
Event: 683.746 Thread 0x000001edfed1d2a0 Uncommon trap: reason=speculate_null_assert action=make_not_entrant pc=0x000001edaa5f5c7c method=org.hibernate.internal.util.NullnessHelper.lambda$coalesceSuppliedValues$0(Ljava/lang/Object;)Ljava/lang/Boolean; @ 18 c2
Event: 683.747 Thread 0x000001edfed1d2a0 DEOPT PACKING pc=0x000001edaa5f5c7c sp=0x000000a696cf7ed0
Event: 683.747 Thread 0x000001edfed1d2a0 DEOPT UNPACKING pc=0x000001eda94723a3 sp=0x000000a696cf7c80 mode 2
Event: 683.749 Thread 0x000001edfed1d2a0 DEOPT PACKING pc=0x000001eda3d81e9c sp=0x000000a696cf8140
Event: 683.749 Thread 0x000001edfed1d2a0 DEOPT UNPACKING pc=0x000001eda9472b43 sp=0x000000a696cf75d0 mode 0

Classes unloaded (0 events):
No events

Classes redefined (0 events):
No events

Internal exceptions (20 events):
Event: 564.294 Thread 0x000001edfed1f100 Exception <a 'java/lang/NoSuchMethodError'{0x00000000b2676e18}: 'java.lang.Object java.lang.invoke.Invokers$Holder.linkToTargetMethod(java.lang.Object, java.lang.Object, java.lang.Object, int, java.lang.Object)'> (0x00000000b2676e18) 
thrown [s\open\src\hotspot\share\interpreter\linkResolver.cpp, line 759]
Event: 639.798 Thread 0x000001edfed1d7b0 Implicit null exception at 0x000001edaa3cc1b1 to 0x000001edaa3d0f14
Event: 666.778 Thread 0x000001edfed1cd90 Exception <a 'java/lang/reflect/InvocationTargetException'{0x00000000b53a1d40}> (0x00000000b53a1d40) 
thrown [s\open\src\hotspot\share\runtime\reflection.cpp, line 1121]
Event: 666.778 Thread 0x000001edfed1cd90 Exception <a 'java/lang/reflect/InvocationTargetException'{0x00000000b53a2d58}> (0x00000000b53a2d58) 
thrown [s\open\src\hotspot\share\runtime\reflection.cpp, line 1121]
Event: 667.050 Thread 0x000001edfed1cd90 Exception <a 'java/lang/NoSuchMethodError'{0x00000000b4f4c238}: 'java.lang.Object java.lang.invoke.DelegatingMethodHandle$Holder.reinvoke_L(java.lang.Object, java.lang.Object, long, java.lang.Object, java.lang.Object, java.lang.Object, java.lang.Object, java.lang.Object, java.lang.Object, java.lang.Object, java.lang.Object, java.lang.Object, java.lang.Object, java.lang.Object, java.lang.Object, java.lang.Object, java.lang.Object)'> (0x00000000b4f4c238) 
thrown [s\open\src\hotspot\share\interpreter\linkReso
Event: 667.055 Thread 0x000001edfed1cd90 Exception <a 'java/lang/NoSuchMethodError'{0x00000000b4f956d8}: 'java.lang.Object java.lang.invoke.DirectMethodHandle$Holder.invokeSpecial(java.lang.Object, java.lang.Object, long, java.lang.Object, java.lang.Object, java.lang.Object, java.lang.Object, java.lang.Object, java.lang.Object, java.lang.Object, java.lang.Object, java.lang.Object, java.lang.Object, java.lang.Object, java.lang.Object, java.lang.Object, java.lang.Object)'> (0x00000000b4f956d8) 
thrown [s\open\src\hotspot\share\interpreter\linkResol
Event: 667.056 Thread 0x000001edfed1cd90 Exception <a 'java/lang/NoSuchMethodError'{0x00000000b4f9b060}: 'java.lang.Object java.lang.invoke.DelegatingMethodHandle$Holder.reinvoke_L(java.lang.Object, long, java.lang.Object, java.lang.Object, java.lang.Object, java.lang.Object, java.lang.Object, java.lang.Object, java.lang.Object, java.lang.Object, java.lang.Object, java.lang.Object, java.lang.Object, java.lang.Object, java.lang.Object, java.lang.Object)'> (0x00000000b4f9b060) 
thrown [s\open\src\hotspot\share\interpreter\linkResolver.cpp, line 759
Event: 667.059 Thread 0x000001edfed1cd90 Exception <a 'java/lang/NoSuchMethodError'{0x00000000b4fc05e0}: 'java.lang.Object java.lang.invoke.DirectMethodHandle$Holder.invokeSpecial(java.lang.Object, java.lang.Object, java.lang.Object, java.lang.Object, java.lang.Object, java.lang.Object, java.lang.Object, java.lang.Object, java.lang.Object, java.lang.Object, java.lang.Object, java.lang.Object, java.lang.Object, java.lang.Object, java.lang.Object, java.lang.Object)'> (0x00000000b4fc05e0) 
thrown [s\open\src\hotspot\share\interpreter\linkResolver.cp
Event: 667.059 Thread 0x000001edfed1cd90 Exception <a 'java/lang/NoSuchMethodError'{0x00000000b4fc5b80}: 'java.lang.Object java.lang.invoke.Invokers$Holder.linkToTargetMethod(java.lang.Object, java.lang.Object, java.lang.Object, java.lang.Object, java.lang.Object, java.lang.Object, java.lang.Object, java.lang.Object, java.lang.Object, java.lang.Object, java.lang.Object, java.lang.Object, java.lang.Object, java.lang.Object, java.lang.Object)'> (0x00000000b4fc5b80) 
thrown [s\open\src\hotspot\share\interpreter\linkResolver.cpp, line 759]
Event: 667.068 Thread 0x000001edfed1cd90 Exception <a 'java/lang/NoSuchMethodError'{0x00000000b4e1d868}: 'java.lang.Object java.lang.invoke.DelegatingMethodHandle$Holder.reinvoke_L(java.lang.Object, java.lang.Object, long, java.lang.Object, java.lang.Object, java.lang.Object, java.lang.Object, java.lang.Object, java.lang.Object, java.lang.Object, java.lang.Object, java.lang.Object, java.lang.Object, java.lang.Object, java.lang.Object, java.lang.Object, java.lang.Object, java.lang.Object, java.lang.Object, java.lang.Object, java.lang.Object)'> (0x
Event: 667.073 Thread 0x000001edfed1cd90 Exception <a 'java/lang/NoSuchMethodError'{0x00000000b4e6d600}: 'java.lang.Object java.lang.invoke.DirectMethodHandle$Holder.invokeSpecial(java.lang.Object, java.lang.Object, long, java.lang.Object, java.lang.Object, java.lang.Object, java.lang.Object, java.lang.Object, java.lang.Object, java.lang.Object, java.lang.Object, java.lang.Object, java.lang.Object, java.lang.Object, java.lang.Object, java.lang.Object, java.lang.Object, java.lang.Object, java.lang.Object, java.lang.Object, java.lang.Object)'> (0x0
Event: 667.073 Thread 0x000001edfed1cd90 Exception <a 'java/lang/NoSuchMethodError'{0x00000000b4e735c0}: 'java.lang.Object java.lang.invoke.DelegatingMethodHandle$Holder.reinvoke_L(java.lang.Object, long, java.lang.Object, java.lang.Object, java.lang.Object, java.lang.Object, java.lang.Object, java.lang.Object, java.lang.Object, java.lang.Object, java.lang.Object, java.lang.Object, java.lang.Object, java.lang.Object, java.lang.Object, java.lang.Object, java.lang.Object, java.lang.Object, java.lang.Object, java.lang.Object)'> (0x00000000b4e735c0) 
Event: 667.077 Thread 0x000001edfed1cd90 Exception <a 'java/lang/NoSuchMethodError'{0x00000000b4ed3758}: 'java.lang.Object java.lang.invoke.Invokers$Holder.linkToTargetMethod(java.lang.Object, java.lang.Object, java.lang.Object, java.lang.Object, java.lang.Object, java.lang.Object, java.lang.Object, java.lang.Object, java.lang.Object, java.lang.Object, java.lang.Object, java.lang.Object, java.lang.Object, java.lang.Object, java.lang.Object, java.lang.Object, java.lang.Object, java.lang.Object, java.lang.Object)'> (0x00000000b4ed3758) 
thrown [s\o
Event: 667.084 Thread 0x000001edfed1cd90 Exception <a 'java/lang/NoSuchMethodError'{0x00000000b4d2b598}: 'java.lang.Object java.lang.invoke.DelegatingMethodHandle$Holder.reinvoke_L(java.lang.Object, java.lang.Object, long, java.lang.Object, java.lang.Object, int, java.lang.Object, java.lang.Object, java.lang.Object, java.lang.Object, java.lang.Object, java.lang.Object, java.lang.Object, java.lang.Object, java.lang.Object, java.lang.Object, java.lang.Object, java.lang.Object)'> (0x00000000b4d2b598) 
thrown [s\open\src\hotspot\share\interpreter\lin
Event: 667.087 Thread 0x000001edfed1cd90 Exception <a 'java/lang/NoSuchMethodError'{0x00000000b4d75838}: 'java.lang.Object java.lang.invoke.DirectMethodHandle$Holder.invokeSpecial(java.lang.Object, java.lang.Object, long, java.lang.Object, java.lang.Object, int, java.lang.Object, java.lang.Object, java.lang.Object, java.lang.Object, java.lang.Object, java.lang.Object, java.lang.Object, java.lang.Object, java.lang.Object, java.lang.Object, java.lang.Object, java.lang.Object)'> (0x00000000b4d75838) 
thrown [s\open\src\hotspot\share\interpreter\link
Event: 667.087 Thread 0x000001edfed1cd90 Exception <a 'java/lang/NoSuchMethodError'{0x00000000b4d7af68}: 'java.lang.Object java.lang.invoke.DelegatingMethodHandle$Holder.reinvoke_L(java.lang.Object, long, java.lang.Object, java.lang.Object, int, java.lang.Object, java.lang.Object, java.lang.Object, java.lang.Object, java.lang.Object, java.lang.Object, java.lang.Object, java.lang.Object, java.lang.Object, java.lang.Object, java.lang.Object, java.lang.Object)'> (0x00000000b4d7af68) 
thrown [s\open\src\hotspot\share\interpreter\linkResolver.cpp, lin
Event: 671.964 Thread 0x000001edfed1e6e0 Exception <a 'java/lang/reflect/InvocationTargetException'{0x00000000b4aa51d8}> (0x00000000b4aa51d8) 
thrown [s\open\src\hotspot\share\runtime\reflection.cpp, line 1121]
Event: 671.964 Thread 0x000001edfed1e6e0 Exception <a 'java/lang/reflect/InvocationTargetException'{0x00000000b4aa61f0}> (0x00000000b4aa61f0) 
thrown [s\open\src\hotspot\share\runtime\reflection.cpp, line 1121]
Event: 683.545 Thread 0x000001edfed1aa20 Exception <a 'java/lang/reflect/InvocationTargetException'{0x00000000b4344420}> (0x00000000b4344420) 
thrown [s\open\src\hotspot\share\runtime\reflection.cpp, line 1121]
Event: 683.545 Thread 0x000001edfed1aa20 Exception <a 'java/lang/reflect/InvocationTargetException'{0x00000000b4345438}> (0x00000000b4345438) 
thrown [s\open\src\hotspot\share\runtime\reflection.cpp, line 1121]

VM Operations (20 events):
Event: 671.967 Executing VM operation: Cleanup
Event: 671.967 Executing VM operation: Cleanup done
Event: 672.981 Executing VM operation: Cleanup
Event: 672.981 Executing VM operation: Cleanup done
Event: 681.020 Executing VM operation: Cleanup
Event: 681.020 Executing VM operation: Cleanup done
Event: 684.043 Executing VM operation: Cleanup
Event: 684.043 Executing VM operation: Cleanup done
Event: 685.054 Executing VM operation: Cleanup
Event: 685.054 Executing VM operation: Cleanup done
Event: 715.256 Executing VM operation: Cleanup
Event: 715.257 Executing VM operation: Cleanup done
Event: 722.144 Executing VM operation: HandshakeAllThreads
Event: 722.145 Executing VM operation: HandshakeAllThreads done
Event: 729.194 Executing VM operation: Cleanup
Event: 729.194 Executing VM operation: Cleanup done
Event: 736.245 Executing VM operation: Cleanup
Event: 736.246 Executing VM operation: Cleanup done
Event: 745.330 Executing VM operation: Cleanup
Event: 745.330 Executing VM operation: Cleanup done

Events (20 events):
Event: 644.908 Thread 0x000001edfe846080 Thread exited: 0x000001edfe846080
Event: 654.583 Thread 0x000001edfe847b10 Thread added: 0x000001edfe847b10
Event: 655.721 Thread 0x000001edfe847b10 Thread exited: 0x000001edfe847b10
Event: 666.839 Thread 0x000001edfe847070 Thread added: 0x000001edfe847070
Event: 671.924 Thread 0x000001edfe847070 Thread exited: 0x000001edfe847070
Event: 672.071 Thread 0x000001edb7846fc0 flushing nmethod 0x000001eda26f0c10
Event: 672.115 Thread 0x000001edb7846fc0 flushing nmethod 0x000001eda3375f90
Event: 672.125 Thread 0x000001edb7846fc0 flushing nmethod 0x000001eda3816c90
Event: 672.128 Thread 0x000001edb7846fc0 flushing nmethod 0x000001eda395dc90
Event: 672.129 Thread 0x000001edb7846fc0 flushing nmethod 0x000001eda398a190
Event: 672.137 Thread 0x000001edb7846fc0 flushing nmethod 0x000001eda3d9df90
Event: 683.636 Thread 0x000001edfe848060 Thread added: 0x000001edfe848060
Event: 689.633 Thread 0x000001edfe848060 Thread exited: 0x000001edfe848060
Event: 695.930 Thread 0x000001ed825bac60 Thread exited: 0x000001ed825bac60
Event: 695.930 Thread 0x000001ed825bb680 Thread exited: 0x000001ed825bb680
Event: 695.930 Thread 0x000001ed825bb170 Thread exited: 0x000001ed825bb170
Event: 695.945 Thread 0x000001ed825b7ed0 Thread exited: 0x000001ed825b7ed0
Event: 696.022 Thread 0x000001ed825b9d30 Thread exited: 0x000001ed825b9d30
Event: 696.022 Thread 0x000001ed825b8e00 Thread exited: 0x000001ed825b8e00
Event: 696.022 Thread 0x000001ed825ba240 Thread exited: 0x000001ed825ba240


Dynamic libraries:
0x00007ff745210000 - 0x00007ff745220000 	C:\Program Files\Java\jdk-17\bin\java.exe
0x00007ff8dd160000 - 0x00007ff8dd3c7000 	C:\WINDOWS\SYSTEM32\ntdll.dll
0x00007ff8daf60000 - 0x00007ff8db029000 	C:\WINDOWS\System32\KERNEL32.DLL
0x00007ff8da470000 - 0x00007ff8da860000 	C:\WINDOWS\System32\KERNELBASE.dll
0x00007ff8da320000 - 0x00007ff8da46b000 	C:\WINDOWS\System32\ucrtbase.dll
0x00007ff8d2680000 - 0x00007ff8d2699000 	C:\Program Files\Java\jdk-17\bin\jli.dll
0x00007ff8d2f30000 - 0x00007ff8d2f4b000 	C:\Program Files\Java\jdk-17\bin\VCRUNTIME140.dll
0x00007ff8dcb60000 - 0x00007ff8dcc14000 	C:\WINDOWS\System32\ADVAPI32.dll
0x00007ff8dbf50000 - 0x00007ff8dbff9000 	C:\WINDOWS\System32\msvcrt.dll
0x00007ff8db340000 - 0x00007ff8db3e6000 	C:\WINDOWS\System32\sechost.dll
0x00007ff8db680000 - 0x00007ff8db798000 	C:\WINDOWS\System32\RPCRT4.dll
0x00007ff8dc800000 - 0x00007ff8dc9c5000 	C:\WINDOWS\System32\USER32.dll
0x00007ff8daaa0000 - 0x00007ff8daac7000 	C:\WINDOWS\System32\win32u.dll
0x00007ff8dcc20000 - 0x00007ff8dcc4b000 	C:\WINDOWS\System32\GDI32.dll
0x00007ff8c5b60000 - 0x00007ff8c5dfa000 	C:\WINDOWS\WinSxS\amd64_microsoft.windows.common-controls_6595b64144ccf1df_6.0.26100.4768_none_3e0c112ce331287c\COMCTL32.dll
0x00007ff8dadb0000 - 0x00007ff8daee8000 	C:\WINDOWS\System32\gdi32full.dll
0x00007ff8da9f0000 - 0x00007ff8daa93000 	C:\WINDOWS\System32\msvcp_win.dll
0x00007ff8d43c0000 - 0x00007ff8d43cb000 	C:\WINDOWS\SYSTEM32\VERSION.dll
0x00007ff8db3f0000 - 0x00007ff8db41f000 	C:\WINDOWS\System32\IMM32.DLL
0x00007ff8d4ea0000 - 0x00007ff8d4eac000 	C:\Program Files\Java\jdk-17\bin\vcruntime140_1.dll
0x00007ff8d1fd0000 - 0x00007ff8d205e000 	C:\Program Files\Java\jdk-17\bin\msvcp140.dll
0x00007ff837780000 - 0x00007ff838360000 	C:\Program Files\Java\jdk-17\bin\server\jvm.dll
0x00007ff8db330000 - 0x00007ff8db338000 	C:\WINDOWS\System32\PSAPI.DLL
0x00007ff8d1ae0000 - 0x00007ff8d1aea000 	C:\WINDOWS\SYSTEM32\WSOCK32.dll
0x00007ff8d06c0000 - 0x00007ff8d06f5000 	C:\WINDOWS\SYSTEM32\WINMM.dll
0x00007ff8dc9d0000 - 0x00007ff8dca44000 	C:\WINDOWS\System32\WS2_32.dll
0x00007ff8d9010000 - 0x00007ff8d902b000 	C:\WINDOWS\SYSTEM32\kernel.appcore.dll
0x00007ff8d39d0000 - 0x00007ff8d39da000 	C:\Program Files\Java\jdk-17\bin\jimage.dll
0x00007ff8d14f0000 - 0x00007ff8d1731000 	C:\WINDOWS\SYSTEM32\DBGHELP.DLL
0x00007ff8dcd90000 - 0x00007ff8dd115000 	C:\WINDOWS\System32\combase.dll
0x00007ff8dca70000 - 0x00007ff8dcb50000 	C:\WINDOWS\System32\OLEAUT32.dll
0x00007ff8c8300000 - 0x00007ff8c8343000 	C:\WINDOWS\SYSTEM32\dbgcore.DLL
0x00007ff8dab90000 - 0x00007ff8dac29000 	C:\WINDOWS\System32\bcryptPrimitives.dll
0x00007ff8d2170000 - 0x00007ff8d217e000 	C:\Program Files\Java\jdk-17\bin\instrument.dll
0x00007ff8d2220000 - 0x00007ff8d2245000 	C:\Program Files\Java\jdk-17\bin\java.dll
0x00007ff8c33a0000 - 0x00007ff8c3477000 	C:\Program Files\Java\jdk-17\bin\jsvml.dll
0x00007ff8db800000 - 0x00007ff8dbf4d000 	C:\WINDOWS\System32\SHELL32.dll
0x00007ff8da870000 - 0x00007ff8da9e3000 	C:\WINDOWS\System32\wintypes.dll
0x00007ff8d7eb0000 - 0x00007ff8d870f000 	C:\WINDOWS\SYSTEM32\windows.storage.dll
0x00007ff8dc6f0000 - 0x00007ff8dc7e5000 	C:\WINDOWS\System32\SHCORE.dll
0x00007ff8daef0000 - 0x00007ff8daf5a000 	C:\WINDOWS\System32\shlwapi.dll
0x00007ff8da1b0000 - 0x00007ff8da1d9000 	C:\WINDOWS\SYSTEM32\profapi.dll
0x00007ff8d2180000 - 0x00007ff8d2198000 	C:\Program Files\Java\jdk-17\bin\zip.dll
0x00007ff8d25d0000 - 0x00007ff8d25e9000 	C:\Program Files\Java\jdk-17\bin\net.dll
0x00007ff8d34c0000 - 0x00007ff8d35de000 	C:\WINDOWS\SYSTEM32\WINHTTP.dll
0x00007ff8d95a0000 - 0x00007ff8d960b000 	C:\WINDOWS\system32\mswsock.dll
0x00007ff8d21a0000 - 0x00007ff8d21b6000 	C:\Program Files\Java\jdk-17\bin\nio.dll
0x00007ff8d2120000 - 0x00007ff8d212e000 	C:\Program Files\Java\jdk-17\bin\sunmscapi.dll
0x00007ff8dac30000 - 0x00007ff8dada7000 	C:\WINDOWS\System32\CRYPT32.dll
0x00007ff8d9a80000 - 0x00007ff8d9ab0000 	C:\WINDOWS\SYSTEM32\ncrypt.dll
0x00007ff8d9a30000 - 0x00007ff8d9a6f000 	C:\WINDOWS\SYSTEM32\NTASN1.dll
0x00007ff8d9870000 - 0x00007ff8d988b000 	C:\WINDOWS\SYSTEM32\CRYPTSP.dll
0x00007ff8d8f70000 - 0x00007ff8d8fab000 	C:\WINDOWS\system32\rsaenh.dll
0x00007ff8d9640000 - 0x00007ff8d966b000 	C:\WINDOWS\SYSTEM32\USERENV.dll
0x00007ff8da180000 - 0x00007ff8da1a6000 	C:\WINDOWS\SYSTEM32\bcrypt.dll
0x00007ff8d9860000 - 0x00007ff8d986c000 	C:\WINDOWS\SYSTEM32\CRYPTBASE.dll
0x00007ff8d8a20000 - 0x00007ff8d8a53000 	C:\WINDOWS\SYSTEM32\IPHLPAPI.DLL
0x00007ff8db430000 - 0x00007ff8db43a000 	C:\WINDOWS\System32\NSI.dll
0x00007ff8d3b90000 - 0x00007ff8d3baf000 	C:\WINDOWS\SYSTEM32\dhcpcsvc6.DLL
0x00007ff8d33d0000 - 0x00007ff8d33f5000 	C:\WINDOWS\SYSTEM32\dhcpcsvc.DLL
0x00007ff8d8ab0000 - 0x00007ff8d8bd6000 	C:\WINDOWS\SYSTEM32\DNSAPI.dll
0x00007ff8d2100000 - 0x00007ff8d210a000 	C:\Program Files\Java\jdk-17\bin\management.dll
0x00007ff8d1fc0000 - 0x00007ff8d1fcb000 	C:\Program Files\Java\jdk-17\bin\management_ext.dll
0x00007ff8d1fb0000 - 0x00007ff8d1fc0000 	C:\Program Files\Java\jdk-17\bin\verify.dll
0x00007ff8d3b80000 - 0x00007ff8d3b8b000 	C:\Windows\System32\rasadhlp.dll
0x00007ff8d2510000 - 0x00007ff8d2596000 	C:\WINDOWS\System32\fwpuclnt.dll
0x00007ff8ab1d0000 - 0x00007ff8ab1d8000 	C:\WINDOWS\system32\wshunix.dll

dbghelp: loaded successfully - version: 4.0.5 - missing functions: none
symbol engine: initialized successfully - sym options: 0x614 - pdb path: .;C:\Program Files\Java\jdk-17\bin;C:\WINDOWS\SYSTEM32;C:\WINDOWS\WinSxS\amd64_microsoft.windows.common-controls_6595b64144ccf1df_6.0.26100.4768_none_3e0c112ce331287c;C:\Program Files\Java\jdk-17\bin\server

VM Arguments:
jvm_args: -javaagent:C:\Program Files\JetBrains\IntelliJ IDEA Community Edition 2024.3.5\lib\idea_rt.jar=57245 -Dfile.encoding=UTF-8 
java_command: com.maven.OnlineShoppingSB.OnlineShoppingSbApplication
java_class_path (initial): D:\git\OnlineShoppingOJT\OnlineShoppingSB\target\classes;C:\Users\Lenovo\.m2\repository\org\apache\commons\commons-text\1.12.0\commons-text-1.12.0.jar;C:\Users\Lenovo\.m2\repository\org\apache\commons\commons-lang3\3.17.0\commons-lang3-3.17.0.jar;C:\Users\Lenovo\.m2\repository\org\apache\poi\poi-ooxml\5.2.3\poi-ooxml-5.2.3.jar;C:\Users\Lenovo\.m2\repository\org\apache\poi\poi\5.2.3\poi-5.2.3.jar;C:\Users\Lenovo\.m2\repository\commons-codec\commons-codec\1.17.2\commons-codec-1.17.2.jar;C:\Users\Lenovo\.m2\repository\org\apache\commons\commons-math3\3.6.1\commons-math3-3.6.1.jar;C:\Users\Lenovo\.m2\repository\com\zaxxer\SparseBitSet\1.2\SparseBitSet-1.2.jar;C:\Users\Lenovo\.m2\repository\org\apache\poi\poi-ooxml-lite\5.2.3\poi-ooxml-lite-5.2.3.jar;C:\Users\Lenovo\.m2\repository\org\apache\xmlbeans\xmlbeans\5.1.1\xmlbeans-5.1.1.jar;C:\Users\Lenovo\.m2\repository\org\apache\commons\commons-compress\1.21\commons-compress-1.21.jar;C:\Users\Lenovo\.m2\repository\commons-io\commons-io\2.11.0\commons-io-2.11.0.jar;C:\Users\Lenovo\.m2\repository\com\github\virtuald\curvesapi\1.07\curvesapi-1.07.jar;C:\Users\Lenovo\.m2\repository\org\apache\logging\log4j\log4j-api\2.24.3\log4j-api-2.24.3.jar;C:\Users\Lenovo\.m2\repository\org\apache\commons\commons-collections4\4.4\commons-collections4-4.4.jar;C:\Users\Lenovo\.m2\repository\com\fasterxml\jackson\core\jackson-databind\2.18.4\jackson-databind-2.18.4.jar;C:\Users\Lenovo\.m2\repository\com\fasterxml\jackson\core\jackson-annotations\2.18.4\jackson-annotations-2.18.4.jar;C:\Users\Lenovo\.m2\repository\com\fasterxml\jackson\core\jackson-core\2.18.4\jackson-core-2.18.4.jar;C:\Users\Lenovo\.m2\repository\org\springframework\boot\spring-boot-starter-websocket\3.4.6\spring-boot-starter-websocket-3.4.6.jar;C:\Users\Lenovo\.m2\repository\org\springframework\spring-messaging\6.2.7\spring-messaging-6.2.7.jar;C:\Users\Lenovo\.m2\repository\org\springframework\spring-beans\6.2.7\spring-beans-6.2.7.jar;C:\Users\Leno
Launcher Type: SUN_STANDARD

[Global flags]
     intx CICompilerCount                          = 4                                         {product} {ergonomic}
     uint ConcGCThreads                            = 3                                         {product} {ergonomic}
     uint G1ConcRefinementThreads                  = 10                                        {product} {ergonomic}
   size_t G1HeapRegionSize                         = 1048576                                   {product} {ergonomic}
    uintx GCDrainStackTargetSize                   = 64                                        {product} {ergonomic}
   size_t InitialHeapSize                          = 98566144                                  {product} {ergonomic}
   size_t MarkStackSize                            = 4194304                                   {product} {ergonomic}
   size_t MaxHeapSize                              = 1570766848                                {product} {ergonomic}
   size_t MaxNewSize                               = 941621248                                 {product} {ergonomic}
   size_t MinHeapDeltaBytes                        = 1048576                                   {product} {ergonomic}
   size_t MinHeapSize                              = 8388608                                   {product} {ergonomic}
    uintx NonNMethodCodeHeapSize                   = 5839372                                {pd product} {ergonomic}
    uintx NonProfiledCodeHeapSize                  = 122909434                              {pd product} {ergonomic}
    uintx ProfiledCodeHeapSize                     = 122909434                              {pd product} {ergonomic}
    uintx ReservedCodeCacheSize                    = 251658240                              {pd product} {ergonomic}
     bool SegmentedCodeCache                       = true                                      {product} {ergonomic}
   size_t SoftMaxHeapSize                          = 1570766848                             {manageable} {ergonomic}
     bool UseCompressedClassPointers               = true                           {product lp64_product} {ergonomic}
     bool UseCompressedOops                        = true                           {product lp64_product} {ergonomic}
     bool UseG1GC                                  = true                                      {product} {ergonomic}
     bool UseLargePagesIndividualAllocation        = false                                  {pd product} {ergonomic}

Logging:
Log output configuration:
 #0: stdout all=warning uptime,level,tags
 #1: stderr all=off uptime,level,tags

Environment Variables:
JAVA_HOME=C:\Users\Lenovo\Downloads\jdk-17_windows-x64_bin.exe
PATH=C:\Program Files (x86)\VMware\VMware Workstation\bin\;C:\Program Files\Common Files\Oracle\Java\javapath;C:\WINDOWS\system32;C:\WINDOWS;C:\WINDOWS\System32\Wbem;C:\WINDOWS\System32\WindowsPowerShell\v1.0\;C:\WINDOWS\System32\OpenSSH\;C:\Program Files\Java\jdk-17\bin;C:\Program Files\Git\cmd;C:\Program Files\nodejs\;C:\Users\Lenovo\AppData\Local\Microsoft\WindowsApps;C:\Users\Lenovo\AppData\Local\Programs\Microsoft VS Code\bin;C:\Program Files\JetBrains\IntelliJ IDEA Community Edition 2024.3.5\bin;;C:\Users\Lenovo\AppData\Local\GitHubDesktop\bin;C:\Users\Lenovo\AppData\Roaming\npm;C:\Users\Lenovo\AppData\Local\Programs\cursor\resources\app\bin
USERNAME=Lenovo
OS=Windows_NT
PROCESSOR_IDENTIFIER=AMD64 Family 23 Model 104 Stepping 1, AuthenticAMD



---------------  S Y S T E M  ---------------

OS:
 Windows 11 , 64 bit Build 26100 (10.0.26100.4768)
OS uptime: 2 days 9:35 hours

CPU: total 12 (initial active 12) (12 cores per cpu, 2 threads per core) family 23 model 104 stepping 1 microcode 0x8608103, cx8, cmov, fxsr, ht, mmx, 3dnowpref, sse, sse2, sse3, ssse3, sse4a, sse4.1, sse4.2, popcnt, lzcnt, tsc, tscinvbit, avx, avx2, aes, clmul, bmi1, bmi2, adx, sha, fma, vzeroupper, clflush, clflushopt

Memory: 4k page, system-wide physical 5989M (522M free)
TotalPageFile size 24421M (AvailPageFile size 29M)
current process WorkingSet (physical memory assigned to process): 71M, peak: 511M
current process commit charge ("private bytes"): 685M, peak: 692M

vm_info: Java HotSpot(TM) 64-Bit Server VM (17.0.12+8-LTS-286) for windows-amd64 JRE (17.0.12+8-LTS-286), built on Jun  5 2024 06:46:59 by "mach5one" with MS VC++ 17.6 (VS2022)

END.
