#
# There is insufficient memory for the Java Runtime Environment to continue.
# Native memory allocation (malloc) failed to allocate 1163904 bytes for Chunk::new
# Possible reasons:
#   The system is out of physical RAM or swap space
#   The process is running with CompressedOops enabled, and the Java Heap may be blocking the growth of the native heap
# Possible solutions:
#   Reduce memory load on the system
#   Increase physical memory or swap space
#   Check if swap backing store is full
#   Decrease Java heap size (-Xmx/-Xms)
#   Decrease number of Java threads
#   Decrease Java thread stack sizes (-Xss)
#   Set larger code cache with -XX:ReservedCodeCacheSize=
#   JVM is running with Unscaled Compressed Oops mode in which the Java heap is
#     placed in the first 4GB address space. The Java Heap base address is the
#     maximum limit for the native heap growth. Please use -XX:HeapBaseMinAddress
#     to set the Java Heap base and to place the Java Heap above 4GB virtual address.
# This output file may be truncated or incomplete.
#
#  Out of Memory Error (arena.cpp:189), pid=11744, tid=924
#
# JRE version: Java(TM) SE Runtime Environment (17.0.12+8) (build 17.0.12+8-LTS-286)
# Java VM: Java HotSpot(TM) 64-Bit Server VM (17.0.12+8-LTS-286, mixed mode, sharing, tiered, compressed oops, compressed class ptrs, g1 gc, windows-amd64)
# No core dump will be written. Minidumps are not enabled by default on client versions of Windows
#

---------------  S U M M A R Y ------------

Command Line: -javaagent:C:\Program Files\JetBrains\IntelliJ IDEA Community Edition 2024.3.5\lib\idea_rt.jar=57419 -Dfile.encoding=UTF-8 com.maven.OnlineShoppingSB.OnlineShoppingSbApplication

Host: AMD Ryzen 5 5500U with Radeon Graphics         , 12 cores, 5G,  Windows 11 , 64 bit Build 26100 (10.0.26100.4484)
Time: Fri Jul 18 10:58:35 2025 Myanmar Standard Time elapsed time: 84.290368 seconds (0d 0h 1m 24s)

---------------  T H R E A D  ---------------

Current thread (0x000001bafd6b9ce0):  JavaThread "C2 CompilerThread1" daemon [_thread_in_native, id=924, stack(0x0000001606d00000,0x0000001606e00000)]


Current CompileTask:
C2:  84290 13681       4       com.mysql.cj.QueryInfo::<init> (1667 bytes)

Stack: [0x0000001606d00000,0x0000001606e00000]
Native frames: (J=compiled Java code, j=interpreted, Vv=VM code, C=native code)
V  [jvm.dll+0x67a04a]
V  [jvm.dll+0x7da4ed]
V  [jvm.dll+0x7dbe33]
V  [jvm.dll+0x7dc4a3]
V  [jvm.dll+0x24508f]
V  [jvm.dll+0xab773]
V  [jvm.dll+0xabd3c]
V  [jvm.dll+0x361bee]
V  [jvm.dll+0x1ba45a]
V  [jvm.dll+0x216997]
V  [jvm.dll+0x215c6f]
V  [jvm.dll+0x1a2960]
V  [jvm.dll+0x22610b]
V  [jvm.dll+0x2242ab]
V  [jvm.dll+0x79075c]
V  [jvm.dll+0x78abea]
V  [jvm.dll+0x678f35]
C  [ucrtbase.dll+0x37b0]
C  [KERNEL32.DLL+0x2e8d7]
C  [ntdll.dll+0x3c34c]


---------------  P R O C E S S  ---------------

Threads class SMR info:
_java_thread_list=0x000001bafa851fa0, length=53, elements={
0x000001baf3f84e20, 0x000001baf3f87510, 0x000001baf3f95310, 0x000001baf3f98d10,
0x000001baf3f991f0, 0x000001baf3f9f6f0, 0x000001baf3fa0f10, 0x000001baf3fb2180,
0x000001baf3fc46d0, 0x000001baf41cfe90, 0x000001baf4325340, 0x000001baf43ac490,
0x000001baf9554dd0, 0x000001baf9552f70, 0x000001bafb8a5570, 0x000001bafb8a8300,
0x000001bafb8a78e0, 0x000001bafe604190, 0x000001baf45079f0, 0x000001baf4505b90,
0x000001baf4508410, 0x000001bafde0a300, 0x000001bafde0ad20, 0x000001bafde0b230,
0x000001bafde0a810, 0x000001bafde0b740, 0x000001bafde09df0, 0x000001bafc889d60,
0x000001bafc888e30, 0x000001bafc88ac90, 0x000001bafc889850, 0x000001bafc889340,
0x000001bafc88a270, 0x000001bafdd666b0, 0x000001bafe103340, 0x000001bafd6b9ce0,
0x000001bafe6050c0, 0x000001bafd6bbcc0, 0x000001bafc88a780, 0x000001baf98eb910,
0x000001bafc55fb90, 0x000001bafb8a5060, 0x000001bafb8a8d20, 0x000001bafb8a9230,
0x000001bafdee4790, 0x000001bafe113870, 0x000001baf4956190, 0x000001bafe8657b0,
0x000001bafe866bf0, 0x000001baf45074e0, 0x000001baf4506ac0, 0x000001baf4504c60,
0x000001bafb2f20e0
}

Java Threads: ( => current thread )
  0x000001baf3f84e20 JavaThread "Reference Handler" daemon [_thread_blocked, id=29616, stack(0x0000001607600000,0x0000001607700000)]
  0x000001baf3f87510 JavaThread "Finalizer" daemon [_thread_blocked, id=132, stack(0x0000001607700000,0x0000001607800000)]
  0x000001baf3f95310 JavaThread "Signal Dispatcher" daemon [_thread_blocked, id=5124, stack(0x0000001607800000,0x0000001607900000)]
  0x000001baf3f98d10 JavaThread "Attach Listener" daemon [_thread_blocked, id=13032, stack(0x0000001607900000,0x0000001607a00000)]
  0x000001baf3f991f0 JavaThread "Service Thread" daemon [_thread_blocked, id=19036, stack(0x0000001607a00000,0x0000001607b00000)]
  0x000001baf3f9f6f0 JavaThread "Monitor Deflation Thread" daemon [_thread_blocked, id=2248, stack(0x0000001607b00000,0x0000001607c00000)]
  0x000001baf3fa0f10 JavaThread "C2 CompilerThread0" daemon [_thread_blocked, id=640, stack(0x0000001607c00000,0x0000001607d00000)]
  0x000001baf3fb2180 JavaThread "C1 CompilerThread0" daemon [_thread_blocked, id=14820, stack(0x0000001607d00000,0x0000001607e00000)]
  0x000001baf3fc46d0 JavaThread "Sweeper thread" daemon [_thread_blocked, id=16032, stack(0x0000001607e00000,0x0000001607f00000)]
  0x000001baf41cfe90 JavaThread "Common-Cleaner" daemon [_thread_blocked, id=16664, stack(0x0000001607f00000,0x0000001608000000)]
  0x000001baf4325340 JavaThread "Monitor Ctrl-Break" daemon [_thread_in_native, id=8592, stack(0x0000001608100000,0x0000001608200000)]
  0x000001baf43ac490 JavaThread "Notification Thread" daemon [_thread_blocked, id=24492, stack(0x0000001608200000,0x0000001608300000)]
  0x000001baf9554dd0 JavaThread "mysql-cj-abandoned-connection-cleanup" daemon [_thread_blocked, id=22440, stack(0x0000001609000000,0x0000001609100000)]
  0x000001baf9552f70 JavaThread "HikariPool-1 housekeeper" daemon [_thread_blocked, id=11684, stack(0x0000001609200000,0x0000001609300000)]
  0x000001bafb8a5570 JavaThread "Catalina-utility-1" [_thread_blocked, id=6836, stack(0x0000001608800000,0x0000001608900000)]
  0x000001bafb8a8300 JavaThread "Catalina-utility-2" [_thread_blocked, id=1968, stack(0x0000001609300000,0x0000001609400000)]
  0x000001bafb8a78e0 JavaThread "container-0" [_thread_blocked, id=28076, stack(0x0000001609400000,0x0000001609500000)]
  0x000001bafe604190 JavaThread "MessageBroker-1" [_thread_blocked, id=14516, stack(0x0000001609500000,0x0000001609600000)]
  0x000001baf45079f0 JavaThread "http-nio-8080-exec-1" daemon [_thread_blocked, id=17968, stack(0x0000001609600000,0x0000001609700000)]
  0x000001baf4505b90 JavaThread "http-nio-8080-exec-2" daemon [_thread_blocked, id=18028, stack(0x0000001609700000,0x0000001609800000)]
  0x000001baf4508410 JavaThread "http-nio-8080-exec-3" daemon [_thread_blocked, id=5720, stack(0x0000001609800000,0x0000001609900000)]
  0x000001bafde0a300 JavaThread "http-nio-8080-exec-4" daemon [_thread_blocked, id=27020, stack(0x0000001609900000,0x0000001609a00000)]
  0x000001bafde0ad20 JavaThread "http-nio-8080-exec-5" daemon [_thread_blocked, id=29068, stack(0x0000001609a00000,0x0000001609b00000)]
  0x000001bafde0b230 JavaThread "http-nio-8080-exec-6" daemon [_thread_blocked, id=10884, stack(0x0000001609b00000,0x0000001609c00000)]
  0x000001bafde0a810 JavaThread "http-nio-8080-exec-7" daemon [_thread_blocked, id=17032, stack(0x0000001609c00000,0x0000001609d00000)]
  0x000001bafde0b740 JavaThread "http-nio-8080-exec-8" daemon [_thread_blocked, id=17660, stack(0x0000001609d00000,0x0000001609e00000)]
  0x000001bafde09df0 JavaThread "http-nio-8080-exec-9" daemon [_thread_blocked, id=26584, stack(0x0000001609e00000,0x0000001609f00000)]
  0x000001bafc889d60 JavaThread "http-nio-8080-exec-10" daemon [_thread_blocked, id=21892, stack(0x0000001609f00000,0x000000160a000000)]
  0x000001bafc888e30 JavaThread "http-nio-8080-Poller" daemon [_thread_in_native, id=4652, stack(0x000000160a000000,0x000000160a100000)]
  0x000001bafc88ac90 JavaThread "http-nio-8080-Acceptor" daemon [_thread_in_native, id=11280, stack(0x000000160a100000,0x000000160a200000)]
  0x000001bafc889850 JavaThread "MessageBroker-2" [_thread_blocked, id=21912, stack(0x000000160a200000,0x000000160a300000)]
  0x000001bafc889340 JavaThread "MessageBroker-3" [_thread_blocked, id=21172, stack(0x000000160a300000,0x000000160a400000)]
  0x000001bafc88a270 JavaThread "DestroyJavaVM" [_thread_blocked, id=2236, stack(0x0000001606f00000,0x0000001607000000)]
  0x000001bafdd666b0 JavaThread "MessageBroker-4" [_thread_blocked, id=7024, stack(0x000000160a400000,0x000000160a500000)]
  0x000001bafe103340 JavaThread "MessageBroker-5" [_thread_blocked, id=23248, stack(0x000000160a600000,0x000000160a700000)]
=>0x000001bafd6b9ce0 JavaThread "C2 CompilerThread1" daemon [_thread_in_native, id=924, stack(0x0000001606d00000,0x0000001606e00000)]
  0x000001bafe6050c0 JavaThread "MessageBroker-6" [_thread_blocked, id=28768, stack(0x0000001606e00000,0x0000001606f00000)]
  0x000001bafd6bbcc0 JavaThread "C2 CompilerThread2" daemon [_thread_blocked, id=11132, stack(0x000000160a800000,0x000000160a900000)]
  0x000001bafc88a780 JavaThread "MessageBroker-7" [_thread_blocked, id=10992, stack(0x000000160a900000,0x000000160aa00000)]
  0x000001baf98eb910 JavaThread "MessageBroker-8" [_thread_blocked, id=14180, stack(0x000000160aa00000,0x000000160ab00000)]
  0x000001bafc55fb90 JavaThread "MessageBroker-9" [_thread_blocked, id=6228, stack(0x000000160ab00000,0x000000160ac00000)]
  0x000001bafb8a5060 JavaThread "clientInboundChannel-1" [_thread_blocked, id=14460, stack(0x000000160ad00000,0x000000160ae00000)]
  0x000001bafb8a8d20 JavaThread "clientInboundChannel-2" [_thread_blocked, id=15168, stack(0x000000160ae00000,0x000000160af00000)]
  0x000001bafb8a9230 JavaThread "clientInboundChannel-3" [_thread_blocked, id=24980, stack(0x000000160af00000,0x000000160b000000)]
  0x000001bafdee4790 JavaThread "clientOutboundChannel-1" [_thread_blocked, id=19032, stack(0x000000160b000000,0x000000160b100000)]
  0x000001bafe113870 JavaThread "MessageBroker-10" [_thread_blocked, id=12440, stack(0x000000160b100000,0x000000160b200000)]
  0x000001baf4956190 JavaThread "clientInboundChannel-4" [_thread_blocked, id=29484, stack(0x000000160b200000,0x000000160b300000)]
  0x000001bafe8657b0 JavaThread "clientInboundChannel-5" [_thread_blocked, id=25740, stack(0x000000160b300000,0x000000160b400000)]
  0x000001bafe866bf0 JavaThread "clientInboundChannel-6" [_thread_blocked, id=9312, stack(0x000000160b400000,0x000000160b500000)]
  0x000001baf45074e0 JavaThread "clientInboundChannel-7" [_thread_blocked, id=7676, stack(0x000000160b500000,0x000000160b600000)]
  0x000001baf4506ac0 JavaThread "clientInboundChannel-8" [_thread_blocked, id=10732, stack(0x000000160b600000,0x000000160b700000)]
  0x000001baf4504c60 JavaThread "clientInboundChannel-9" [_thread_blocked, id=20532, stack(0x000000160b700000,0x000000160b800000)]
  0x000001bafb2f20e0 JavaThread "clientOutboundChannel-2" [_thread_blocked, id=27404, stack(0x000000160b800000,0x000000160b900000)]

Other Threads:
  0x000001baf3f7f460 VMThread "VM Thread" [stack: 0x0000001607500000,0x0000001607600000] [id=19852]
  0x000001bad50661c0 WatcherThread [stack: 0x0000001608300000,0x0000001608400000] [id=25132]
  0x000001bad5042a70 GCTaskThread "GC Thread#0" [stack: 0x0000001607000000,0x0000001607100000] [id=13516]
  0x000001baf93b25e0 GCTaskThread "GC Thread#1" [stack: 0x0000001608400000,0x0000001608500000] [id=27040]
  0x000001baf90a7950 GCTaskThread "GC Thread#2" [stack: 0x0000001608500000,0x0000001608600000] [id=18588]
  0x000001baf90a7c10 GCTaskThread "GC Thread#3" [stack: 0x0000001608600000,0x0000001608700000] [id=4356]
  0x000001baf964e940 GCTaskThread "GC Thread#4" [stack: 0x0000001608700000,0x0000001608800000] [id=8472]
  0x000001baf9abe450 GCTaskThread "GC Thread#5" [stack: 0x0000001608900000,0x0000001608a00000] [id=29448]
  0x000001baf9901c60 GCTaskThread "GC Thread#6" [stack: 0x0000001608a00000,0x0000001608b00000] [id=25648]
  0x000001baf9a696a0 GCTaskThread "GC Thread#7" [stack: 0x0000001608b00000,0x0000001608c00000] [id=17476]
  0x000001baf9d09950 GCTaskThread "GC Thread#8" [stack: 0x0000001608c00000,0x0000001608d00000] [id=3448]
  0x000001bafa7a8fd0 GCTaskThread "GC Thread#9" [stack: 0x0000001608d00000,0x0000001608e00000] [id=19284]
  0x000001bad504f500 ConcurrentGCThread "G1 Main Marker" [stack: 0x0000001607100000,0x0000001607200000] [id=16260]
  0x000001bad50511f0 ConcurrentGCThread "G1 Conc#0" [stack: 0x0000001607200000,0x0000001607300000] [id=28952]
  0x000001baf9996960 ConcurrentGCThread "G1 Conc#1" [stack: 0x0000001608e00000,0x0000001608f00000] [id=17440]
  0x000001baf99966a0 ConcurrentGCThread "G1 Conc#2" [stack: 0x0000001608f00000,0x0000001609000000] [id=19224]
  0x000001baf3e410c0 ConcurrentGCThread "G1 Refine#0" [stack: 0x0000001607300000,0x0000001607400000] [id=27096]
  0x000001baf92ff2d0 ConcurrentGCThread "G1 Refine#1" [stack: 0x000000160a700000,0x000000160a800000] [id=21916]
  0x000001baf3e424c0 ConcurrentGCThread "G1 Service" [stack: 0x0000001607400000,0x0000001607500000] [id=18832]

Threads with active compile tasks:
C2 CompilerThread1    84334 13681       4       com.mysql.cj.QueryInfo::<init> (1667 bytes)

VM state: not at safepoint (normal execution)

VM Mutex/Monitor currently owned by a thread: None

Heap address: 0x00000000a2600000, size: 1498 MB, Compressed Oops mode: 32-bit

CDS archive(s) mapped at: [0x000001ba80000000-0x000001ba80bd0000-0x000001ba80bd0000), size 12386304, SharedBaseAddress: 0x000001ba80000000, ArchiveRelocationMode: 1.
Compressed class space mapped at: 0x000001ba81000000-0x000001bac1000000, reserved size: 1073741824
Narrow klass base: 0x000001ba80000000, Narrow klass shift: 0, Narrow klass range: 0x100000000

GC Precious Log:
 CPUs: 12 total, 12 available
 Memory: 5989M
 Large Page Support: Disabled
 NUMA Support: Disabled
 Compressed Oops: Enabled (32-bit)
 Heap Region Size: 1M
 Heap Min Capacity: 8M
 Heap Initial Capacity: 94M
 Heap Max Capacity: 1498M
 Pre-touch: Disabled
 Parallel Workers: 10
 Concurrent Workers: 3
 Concurrent Refinement Workers: 10
 Periodic GC: Disabled

Heap:
 garbage-first heap   total 219136K, used 82418K [0x00000000a2600000, 0x0000000100000000)
  region size 1024K, 18 young (18432K), 4 survivors (4096K)
 Metaspace       used 99190K, committed 100032K, reserved 1179648K
  class space    used 13209K, committed 13632K, reserved 1048576K

Heap Regions: E=young(eden), S=young(survivor), O=old, HS=humongous(starts), HC=humongous(continues), CS=collection set, F=free, OA=open archive, CA=closed archive, TAMS=top-at-mark-start (previous, next)
|   0|0x00000000a2600000, 0x00000000a2700000, 0x00000000a2700000|100%|HS|  |TAMS 0x00000000a2700000, 0x00000000a2600000| Complete 
|   1|0x00000000a2700000, 0x00000000a2800000, 0x00000000a2800000|100%|HS|  |TAMS 0x00000000a2800000, 0x00000000a2700000| Complete 
|   2|0x00000000a2800000, 0x00000000a2900000, 0x00000000a2900000|100%|HS|  |TAMS 0x00000000a2900000, 0x00000000a2800000| Complete 
|   3|0x00000000a2900000, 0x00000000a2a00000, 0x00000000a2a00000|100%| O|  |TAMS 0x00000000a2a00000, 0x00000000a2900000| Untracked 
|   4|0x00000000a2a00000, 0x00000000a2b00000, 0x00000000a2b00000|100%| O|  |TAMS 0x00000000a2b00000, 0x00000000a2a00000| Untracked 
|   5|0x00000000a2b00000, 0x00000000a2c00000, 0x00000000a2c00000|100%| O|  |TAMS 0x00000000a2c00000, 0x00000000a2b00000| Untracked 
|   6|0x00000000a2c00000, 0x00000000a2d00000, 0x00000000a2d00000|100%| O|  |TAMS 0x00000000a2d00000, 0x00000000a2c00000| Untracked 
|   7|0x00000000a2d00000, 0x00000000a2e00000, 0x00000000a2e00000|100%| O|  |TAMS 0x00000000a2e00000, 0x00000000a2d00000| Untracked 
|   8|0x00000000a2e00000, 0x00000000a2f00000, 0x00000000a2f00000|100%| O|  |TAMS 0x00000000a2f00000, 0x00000000a2e00000| Untracked 
|   9|0x00000000a2f00000, 0x00000000a3000000, 0x00000000a3000000|100%| O|  |TAMS 0x00000000a3000000, 0x00000000a2f00000| Untracked 
|  10|0x00000000a3000000, 0x00000000a3100000, 0x00000000a3100000|100%| O|  |TAMS 0x00000000a3100000, 0x00000000a3000000| Untracked 
|  11|0x00000000a3100000, 0x00000000a3200000, 0x00000000a3200000|100%| O|  |TAMS 0x00000000a3200000, 0x00000000a3100000| Untracked 
|  12|0x00000000a3200000, 0x00000000a3300000, 0x00000000a3300000|100%| O|  |TAMS 0x00000000a3300000, 0x00000000a3200000| Untracked 
|  13|0x00000000a3300000, 0x00000000a3400000, 0x00000000a3400000|100%| O|  |TAMS 0x00000000a3400000, 0x00000000a3300000| Untracked 
|  14|0x00000000a3400000, 0x00000000a3500000, 0x00000000a3500000|100%| O|  |TAMS 0x00000000a3500000, 0x00000000a3400000| Untracked 
|  15|0x00000000a3500000, 0x00000000a3600000, 0x00000000a3600000|100%| O|  |TAMS 0x00000000a3600000, 0x00000000a3500000| Untracked 
|  16|0x00000000a3600000, 0x00000000a3700000, 0x00000000a3700000|100%| O|  |TAMS 0x00000000a3600000, 0x00000000a3600000| Untracked 
|  17|0x00000000a3700000, 0x00000000a3800000, 0x00000000a3800000|100%| O|  |TAMS 0x00000000a3800000, 0x00000000a3700000| Untracked 
|  18|0x00000000a3800000, 0x00000000a3900000, 0x00000000a3900000|100%| O|  |TAMS 0x00000000a3900000, 0x00000000a3800000| Untracked 
|  19|0x00000000a3900000, 0x00000000a3a00000, 0x00000000a3a00000|100%| O|  |TAMS 0x00000000a3a00000, 0x00000000a3900000| Untracked 
|  20|0x00000000a3a00000, 0x00000000a3b00000, 0x00000000a3b00000|100%| O|  |TAMS 0x00000000a3b00000, 0x00000000a3a00000| Untracked 
|  21|0x00000000a3b00000, 0x00000000a3c00000, 0x00000000a3c00000|100%| O|  |TAMS 0x00000000a3c00000, 0x00000000a3b00000| Untracked 
|  22|0x00000000a3c00000, 0x00000000a3d00000, 0x00000000a3d00000|100%| O|  |TAMS 0x00000000a3d00000, 0x00000000a3c00000| Untracked 
|  23|0x00000000a3d00000, 0x00000000a3e00000, 0x00000000a3e00000|100%| O|  |TAMS 0x00000000a3e00000, 0x00000000a3d00000| Untracked 
|  24|0x00000000a3e00000, 0x00000000a3f00000, 0x00000000a3f00000|100%| O|  |TAMS 0x00000000a3f00000, 0x00000000a3e00000| Untracked 
|  25|0x00000000a3f00000, 0x00000000a4000000, 0x00000000a4000000|100%| O|  |TAMS 0x00000000a4000000, 0x00000000a3f00000| Untracked 
|  26|0x00000000a4000000, 0x00000000a4100000, 0x00000000a4100000|100%| O|  |TAMS 0x00000000a4100000, 0x00000000a4000000| Untracked 
|  27|0x00000000a4100000, 0x00000000a4200000, 0x00000000a4200000|100%| O|  |TAMS 0x00000000a4200000, 0x00000000a4100000| Untracked 
|  28|0x00000000a4200000, 0x00000000a4300000, 0x00000000a4300000|100%| O|  |TAMS 0x00000000a4300000, 0x00000000a4200000| Untracked 
|  29|0x00000000a4300000, 0x00000000a4400000, 0x00000000a4400000|100%| O|  |TAMS 0x00000000a4400000, 0x00000000a4300000| Untracked 
|  30|0x00000000a4400000, 0x00000000a4500000, 0x00000000a4500000|100%| O|  |TAMS 0x00000000a4500000, 0x00000000a4400000| Untracked 
|  31|0x00000000a4500000, 0x00000000a4600000, 0x00000000a4600000|100%| O|  |TAMS 0x00000000a4600000, 0x00000000a4500000| Untracked 
|  32|0x00000000a4600000, 0x00000000a4700000, 0x00000000a4700000|100%| O|  |TAMS 0x00000000a4700000, 0x00000000a4600000| Untracked 
|  33|0x00000000a4700000, 0x00000000a4800000, 0x00000000a4800000|100%| O|  |TAMS 0x00000000a4800000, 0x00000000a4700000| Untracked 
|  34|0x00000000a4800000, 0x00000000a4900000, 0x00000000a4900000|100%| O|  |TAMS 0x00000000a4900000, 0x00000000a4800000| Untracked 
|  35|0x00000000a4900000, 0x00000000a4a00000, 0x00000000a4a00000|100%| O|  |TAMS 0x00000000a4a00000, 0x00000000a4900000| Untracked 
|  36|0x00000000a4a00000, 0x00000000a4b00000, 0x00000000a4b00000|100%| O|  |TAMS 0x00000000a4b00000, 0x00000000a4a00000| Untracked 
|  37|0x00000000a4b00000, 0x00000000a4c00000, 0x00000000a4c00000|100%| O|  |TAMS 0x00000000a4c00000, 0x00000000a4b00000| Untracked 
|  38|0x00000000a4c00000, 0x00000000a4d00000, 0x00000000a4d00000|100%| O|  |TAMS 0x00000000a4d00000, 0x00000000a4c00000| Untracked 
|  39|0x00000000a4d00000, 0x00000000a4e00000, 0x00000000a4e00000|100%| O|  |TAMS 0x00000000a4d00000, 0x00000000a4d00000| Untracked 
|  40|0x00000000a4e00000, 0x00000000a4f00000, 0x00000000a4f00000|100%| O|  |TAMS 0x00000000a4e00000, 0x00000000a4e00000| Untracked 
|  41|0x00000000a4f00000, 0x00000000a5000000, 0x00000000a5000000|100%| O|  |TAMS 0x00000000a5000000, 0x00000000a4f00000| Untracked 
|  42|0x00000000a5000000, 0x00000000a5100000, 0x00000000a5100000|100%| O|  |TAMS 0x00000000a5100000, 0x00000000a5000000| Untracked 
|  43|0x00000000a5100000, 0x00000000a5200000, 0x00000000a5200000|100%| O|  |TAMS 0x00000000a5200000, 0x00000000a5100000| Untracked 
|  44|0x00000000a5200000, 0x00000000a5300000, 0x00000000a5300000|100%| O|  |TAMS 0x00000000a5300000, 0x00000000a5200000| Untracked 
|  45|0x00000000a5300000, 0x00000000a5400000, 0x00000000a5400000|100%| O|  |TAMS 0x00000000a5400000, 0x00000000a5300000| Untracked 
|  46|0x00000000a5400000, 0x00000000a5500000, 0x00000000a5500000|100%| O|  |TAMS 0x00000000a5500000, 0x00000000a5400000| Untracked 
|  47|0x00000000a5500000, 0x00000000a5600000, 0x00000000a5600000|100%| O|  |TAMS 0x00000000a5600000, 0x00000000a5500000| Untracked 
|  48|0x00000000a5600000, 0x00000000a5700000, 0x00000000a5700000|100%| O|  |TAMS 0x00000000a5700000, 0x00000000a5600000| Untracked 
|  49|0x00000000a5700000, 0x00000000a5800000, 0x00000000a5800000|100%| O|  |TAMS 0x00000000a5800000, 0x00000000a5700000| Untracked 
|  50|0x00000000a5800000, 0x00000000a5900000, 0x00000000a5900000|100%| O|  |TAMS 0x00000000a5900000, 0x00000000a5800000| Untracked 
|  51|0x00000000a5900000, 0x00000000a5a00000, 0x00000000a5a00000|100%| O|  |TAMS 0x00000000a5a00000, 0x00000000a5900000| Untracked 
|  52|0x00000000a5a00000, 0x00000000a5b00000, 0x00000000a5b00000|100%| O|  |TAMS 0x00000000a5b00000, 0x00000000a5a00000| Untracked 
|  53|0x00000000a5b00000, 0x00000000a5c00000, 0x00000000a5c00000|100%| O|  |TAMS 0x00000000a5b57200, 0x00000000a5b00000| Untracked 
|  54|0x00000000a5c00000, 0x00000000a5d00000, 0x00000000a5d00000|100%| O|  |TAMS 0x00000000a5c00000, 0x00000000a5c00000| Untracked 
|  55|0x00000000a5d00000, 0x00000000a5e00000, 0x00000000a5e00000|100%| O|  |TAMS 0x00000000a5d00000, 0x00000000a5d00000| Untracked 
|  56|0x00000000a5e00000, 0x00000000a5f00000, 0x00000000a5f00000|100%| O|  |TAMS 0x00000000a5e00000, 0x00000000a5e00000| Untracked 
|  57|0x00000000a5f00000, 0x00000000a6000000, 0x00000000a6000000|100%| O|  |TAMS 0x00000000a5f00000, 0x00000000a5f00000| Untracked 
|  58|0x00000000a6000000, 0x00000000a6100000, 0x00000000a6100000|100%| O|  |TAMS 0x00000000a6000000, 0x00000000a6000000| Untracked 
|  59|0x00000000a6100000, 0x00000000a6200000, 0x00000000a6200000|100%| O|  |TAMS 0x00000000a6100000, 0x00000000a6100000| Untracked 
|  60|0x00000000a6200000, 0x00000000a6300000, 0x00000000a6300000|100%| O|  |TAMS 0x00000000a6200000, 0x00000000a6200000| Untracked 
|  61|0x00000000a6300000, 0x00000000a6400000, 0x00000000a6400000|100%| O|  |TAMS 0x00000000a6300000, 0x00000000a6300000| Untracked 
|  62|0x00000000a6400000, 0x00000000a6500000, 0x00000000a6500000|100%| O|  |TAMS 0x00000000a6400000, 0x00000000a6400000| Untracked 
|  63|0x00000000a6500000, 0x00000000a6600000, 0x00000000a6600000|100%| O|  |TAMS 0x00000000a6500000, 0x00000000a6500000| Untracked 
|  64|0x00000000a6600000, 0x00000000a6638000, 0x00000000a6700000| 21%| O|  |TAMS 0x00000000a6600000, 0x00000000a6600000| Untracked 
|  65|0x00000000a6700000, 0x00000000a6700000, 0x00000000a6800000|  0%| F|  |TAMS 0x00000000a6700000, 0x00000000a6700000| Untracked 
|  66|0x00000000a6800000, 0x00000000a6800000, 0x00000000a6900000|  0%| F|  |TAMS 0x00000000a6800000, 0x00000000a6800000| Untracked 
|  67|0x00000000a6900000, 0x00000000a6900000, 0x00000000a6a00000|  0%| F|  |TAMS 0x00000000a6900000, 0x00000000a6900000| Untracked 
|  68|0x00000000a6a00000, 0x00000000a6a00000, 0x00000000a6b00000|  0%| F|  |TAMS 0x00000000a6a00000, 0x00000000a6a00000| Untracked 
|  69|0x00000000a6b00000, 0x00000000a6b00000, 0x00000000a6c00000|  0%| F|  |TAMS 0x00000000a6b00000, 0x00000000a6b00000| Untracked 
|  70|0x00000000a6c00000, 0x00000000a6c00000, 0x00000000a6d00000|  0%| F|  |TAMS 0x00000000a6c00000, 0x00000000a6c00000| Untracked 
|  71|0x00000000a6d00000, 0x00000000a6d00000, 0x00000000a6e00000|  0%| F|  |TAMS 0x00000000a6d00000, 0x00000000a6d00000| Untracked 
|  72|0x00000000a6e00000, 0x00000000a6e00000, 0x00000000a6f00000|  0%| F|  |TAMS 0x00000000a6e00000, 0x00000000a6e00000| Untracked 
|  73|0x00000000a6f00000, 0x00000000a6f00000, 0x00000000a7000000|  0%| F|  |TAMS 0x00000000a6f00000, 0x00000000a6f00000| Untracked 
|  74|0x00000000a7000000, 0x00000000a7000000, 0x00000000a7100000|  0%| F|  |TAMS 0x00000000a7000000, 0x00000000a7000000| Untracked 
|  75|0x00000000a7100000, 0x00000000a7100000, 0x00000000a7200000|  0%| F|  |TAMS 0x00000000a7100000, 0x00000000a7100000| Untracked 
|  76|0x00000000a7200000, 0x00000000a7200000, 0x00000000a7300000|  0%| F|  |TAMS 0x00000000a7200000, 0x00000000a7200000| Untracked 
|  77|0x00000000a7300000, 0x00000000a7300000, 0x00000000a7400000|  0%| F|  |TAMS 0x00000000a7300000, 0x00000000a7300000| Untracked 
|  78|0x00000000a7400000, 0x00000000a7400000, 0x00000000a7500000|  0%| F|  |TAMS 0x00000000a7400000, 0x00000000a7400000| Untracked 
|  79|0x00000000a7500000, 0x00000000a7500000, 0x00000000a7600000|  0%| F|  |TAMS 0x00000000a7500000, 0x00000000a7500000| Untracked 
|  80|0x00000000a7600000, 0x00000000a7600000, 0x00000000a7700000|  0%| F|  |TAMS 0x00000000a7600000, 0x00000000a7600000| Untracked 
|  81|0x00000000a7700000, 0x00000000a7700000, 0x00000000a7800000|  0%| F|  |TAMS 0x00000000a7700000, 0x00000000a7700000| Untracked 
|  82|0x00000000a7800000, 0x00000000a7800000, 0x00000000a7900000|  0%| F|  |TAMS 0x00000000a7800000, 0x00000000a7800000| Untracked 
|  83|0x00000000a7900000, 0x00000000a7900000, 0x00000000a7a00000|  0%| F|  |TAMS 0x00000000a7900000, 0x00000000a7900000| Untracked 
|  84|0x00000000a7a00000, 0x00000000a7a00000, 0x00000000a7b00000|  0%| F|  |TAMS 0x00000000a7a00000, 0x00000000a7a00000| Untracked 
|  85|0x00000000a7b00000, 0x00000000a7b00000, 0x00000000a7c00000|  0%| F|  |TAMS 0x00000000a7b00000, 0x00000000a7b00000| Untracked 
|  86|0x00000000a7c00000, 0x00000000a7c00000, 0x00000000a7d00000|  0%| F|  |TAMS 0x00000000a7c00000, 0x00000000a7c00000| Untracked 
|  87|0x00000000a7d00000, 0x00000000a7d00000, 0x00000000a7e00000|  0%| F|  |TAMS 0x00000000a7d00000, 0x00000000a7d00000| Untracked 
|  88|0x00000000a7e00000, 0x00000000a7e00000, 0x00000000a7f00000|  0%| F|  |TAMS 0x00000000a7e00000, 0x00000000a7e00000| Untracked 
|  89|0x00000000a7f00000, 0x00000000a7f00000, 0x00000000a8000000|  0%| F|  |TAMS 0x00000000a7f00000, 0x00000000a7f00000| Untracked 
|  90|0x00000000a8000000, 0x00000000a8000000, 0x00000000a8100000|  0%| F|  |TAMS 0x00000000a8000000, 0x00000000a8000000| Untracked 
|  91|0x00000000a8100000, 0x00000000a8100000, 0x00000000a8200000|  0%| F|  |TAMS 0x00000000a8100000, 0x00000000a8100000| Untracked 
|  92|0x00000000a8200000, 0x00000000a8200000, 0x00000000a8300000|  0%| F|  |TAMS 0x00000000a8200000, 0x00000000a8200000| Untracked 
|  93|0x00000000a8300000, 0x00000000a8300000, 0x00000000a8400000|  0%| F|  |TAMS 0x00000000a8300000, 0x00000000a8300000| Untracked 
|  94|0x00000000a8400000, 0x00000000a8400000, 0x00000000a8500000|  0%| F|  |TAMS 0x00000000a8400000, 0x00000000a8400000| Untracked 
|  95|0x00000000a8500000, 0x00000000a8500000, 0x00000000a8600000|  0%| F|  |TAMS 0x00000000a8500000, 0x00000000a8500000| Untracked 
|  96|0x00000000a8600000, 0x00000000a8600000, 0x00000000a8700000|  0%| F|  |TAMS 0x00000000a8600000, 0x00000000a8600000| Untracked 
|  97|0x00000000a8700000, 0x00000000a8744bb0, 0x00000000a8800000| 26%| S|CS|TAMS 0x00000000a8700000, 0x00000000a8700000| Complete 
|  98|0x00000000a8800000, 0x00000000a8900000, 0x00000000a8900000|100%| S|CS|TAMS 0x00000000a8800000, 0x00000000a8800000| Complete 
|  99|0x00000000a8900000, 0x00000000a8a00000, 0x00000000a8a00000|100%| S|CS|TAMS 0x00000000a8900000, 0x00000000a8900000| Complete 
| 100|0x00000000a8a00000, 0x00000000a8b00000, 0x00000000a8b00000|100%| S|CS|TAMS 0x00000000a8a00000, 0x00000000a8a00000| Complete 
| 101|0x00000000a8b00000, 0x00000000a8b00000, 0x00000000a8c00000|  0%| F|  |TAMS 0x00000000a8b00000, 0x00000000a8b00000| Untracked 
| 102|0x00000000a8c00000, 0x00000000a8c00000, 0x00000000a8d00000|  0%| F|  |TAMS 0x00000000a8c00000, 0x00000000a8c00000| Untracked 
| 103|0x00000000a8d00000, 0x00000000a8d00000, 0x00000000a8e00000|  0%| F|  |TAMS 0x00000000a8d00000, 0x00000000a8d00000| Untracked 
| 104|0x00000000a8e00000, 0x00000000a8e00000, 0x00000000a8f00000|  0%| F|  |TAMS 0x00000000a8e00000, 0x00000000a8e00000| Untracked 
| 105|0x00000000a8f00000, 0x00000000a8f00000, 0x00000000a9000000|  0%| F|  |TAMS 0x00000000a8f00000, 0x00000000a8f00000| Untracked 
| 106|0x00000000a9000000, 0x00000000a9000000, 0x00000000a9100000|  0%| F|  |TAMS 0x00000000a9000000, 0x00000000a9000000| Untracked 
| 107|0x00000000a9100000, 0x00000000a9100000, 0x00000000a9200000|  0%| F|  |TAMS 0x00000000a9100000, 0x00000000a9100000| Untracked 
| 108|0x00000000a9200000, 0x00000000a9200000, 0x00000000a9300000|  0%| F|  |TAMS 0x00000000a9200000, 0x00000000a9200000| Untracked 
| 109|0x00000000a9300000, 0x00000000a9300000, 0x00000000a9400000|  0%| F|  |TAMS 0x00000000a9300000, 0x00000000a9300000| Untracked 
| 110|0x00000000a9400000, 0x00000000a9400000, 0x00000000a9500000|  0%| F|  |TAMS 0x00000000a9400000, 0x00000000a9400000| Untracked 
| 111|0x00000000a9500000, 0x00000000a9500000, 0x00000000a9600000|  0%| F|  |TAMS 0x00000000a9500000, 0x00000000a9500000| Untracked 
| 112|0x00000000a9600000, 0x00000000a9600000, 0x00000000a9700000|  0%| F|  |TAMS 0x00000000a9600000, 0x00000000a9600000| Untracked 
| 113|0x00000000a9700000, 0x00000000a9700000, 0x00000000a9800000|  0%| F|  |TAMS 0x00000000a9700000, 0x00000000a9700000| Untracked 
| 114|0x00000000a9800000, 0x00000000a9800000, 0x00000000a9900000|  0%| F|  |TAMS 0x00000000a9800000, 0x00000000a9800000| Untracked 
| 115|0x00000000a9900000, 0x00000000a9900000, 0x00000000a9a00000|  0%| F|  |TAMS 0x00000000a9900000, 0x00000000a9900000| Untracked 
| 116|0x00000000a9a00000, 0x00000000a9a00000, 0x00000000a9b00000|  0%| F|  |TAMS 0x00000000a9a00000, 0x00000000a9a00000| Untracked 
| 117|0x00000000a9b00000, 0x00000000a9b00000, 0x00000000a9c00000|  0%| F|  |TAMS 0x00000000a9b00000, 0x00000000a9b00000| Untracked 
| 118|0x00000000a9c00000, 0x00000000a9c00000, 0x00000000a9d00000|  0%| F|  |TAMS 0x00000000a9c00000, 0x00000000a9c00000| Untracked 
| 119|0x00000000a9d00000, 0x00000000a9d00000, 0x00000000a9e00000|  0%| F|  |TAMS 0x00000000a9d00000, 0x00000000a9d00000| Untracked 
| 120|0x00000000a9e00000, 0x00000000a9e00000, 0x00000000a9f00000|  0%| F|  |TAMS 0x00000000a9e00000, 0x00000000a9e00000| Untracked 
| 121|0x00000000a9f00000, 0x00000000a9f00000, 0x00000000aa000000|  0%| F|  |TAMS 0x00000000a9f00000, 0x00000000a9f00000| Untracked 
| 122|0x00000000aa000000, 0x00000000aa000000, 0x00000000aa100000|  0%| F|  |TAMS 0x00000000aa000000, 0x00000000aa000000| Untracked 
| 123|0x00000000aa100000, 0x00000000aa100000, 0x00000000aa200000|  0%| F|  |TAMS 0x00000000aa100000, 0x00000000aa100000| Untracked 
| 124|0x00000000aa200000, 0x00000000aa200000, 0x00000000aa300000|  0%| F|  |TAMS 0x00000000aa200000, 0x00000000aa200000| Untracked 
| 125|0x00000000aa300000, 0x00000000aa300000, 0x00000000aa400000|  0%| F|  |TAMS 0x00000000aa300000, 0x00000000aa300000| Untracked 
| 126|0x00000000aa400000, 0x00000000aa400000, 0x00000000aa500000|  0%| F|  |TAMS 0x00000000aa400000, 0x00000000aa400000| Untracked 
| 127|0x00000000aa500000, 0x00000000aa500000, 0x00000000aa600000|  0%| F|  |TAMS 0x00000000aa500000, 0x00000000aa500000| Untracked 
| 128|0x00000000aa600000, 0x00000000aa600000, 0x00000000aa700000|  0%| F|  |TAMS 0x00000000aa600000, 0x00000000aa600000| Untracked 
| 129|0x00000000aa700000, 0x00000000aa700000, 0x00000000aa800000|  0%| F|  |TAMS 0x00000000aa700000, 0x00000000aa700000| Untracked 
| 130|0x00000000aa800000, 0x00000000aa800000, 0x00000000aa900000|  0%| F|  |TAMS 0x00000000aa800000, 0x00000000aa800000| Untracked 
| 131|0x00000000aa900000, 0x00000000aa900000, 0x00000000aaa00000|  0%| F|  |TAMS 0x00000000aa900000, 0x00000000aa900000| Untracked 
| 132|0x00000000aaa00000, 0x00000000aaa00000, 0x00000000aab00000|  0%| F|  |TAMS 0x00000000aaa00000, 0x00000000aaa00000| Untracked 
| 133|0x00000000aab00000, 0x00000000aab00000, 0x00000000aac00000|  0%| F|  |TAMS 0x00000000aab00000, 0x00000000aab00000| Untracked 
| 134|0x00000000aac00000, 0x00000000aac00000, 0x00000000aad00000|  0%| F|  |TAMS 0x00000000aac00000, 0x00000000aac00000| Untracked 
| 135|0x00000000aad00000, 0x00000000aad00000, 0x00000000aae00000|  0%| F|  |TAMS 0x00000000aad00000, 0x00000000aad00000| Untracked 
| 136|0x00000000aae00000, 0x00000000aae00000, 0x00000000aaf00000|  0%| F|  |TAMS 0x00000000aae00000, 0x00000000aae00000| Untracked 
| 137|0x00000000aaf00000, 0x00000000aaf00000, 0x00000000ab000000|  0%| F|  |TAMS 0x00000000aaf00000, 0x00000000aaf00000| Untracked 
| 138|0x00000000ab000000, 0x00000000ab000000, 0x00000000ab100000|  0%| F|  |TAMS 0x00000000ab000000, 0x00000000ab000000| Untracked 
| 139|0x00000000ab100000, 0x00000000ab100000, 0x00000000ab200000|  0%| F|  |TAMS 0x00000000ab100000, 0x00000000ab100000| Untracked 
| 140|0x00000000ab200000, 0x00000000ab200000, 0x00000000ab300000|  0%| F|  |TAMS 0x00000000ab200000, 0x00000000ab200000| Untracked 
| 141|0x00000000ab300000, 0x00000000ab300000, 0x00000000ab400000|  0%| F|  |TAMS 0x00000000ab300000, 0x00000000ab300000| Untracked 
| 142|0x00000000ab400000, 0x00000000ab400000, 0x00000000ab500000|  0%| F|  |TAMS 0x00000000ab400000, 0x00000000ab400000| Untracked 
| 143|0x00000000ab500000, 0x00000000ab500000, 0x00000000ab600000|  0%| F|  |TAMS 0x00000000ab500000, 0x00000000ab500000| Untracked 
| 144|0x00000000ab600000, 0x00000000ab600000, 0x00000000ab700000|  0%| F|  |TAMS 0x00000000ab600000, 0x00000000ab600000| Untracked 
| 145|0x00000000ab700000, 0x00000000ab700000, 0x00000000ab800000|  0%| F|  |TAMS 0x00000000ab700000, 0x00000000ab700000| Untracked 
| 146|0x00000000ab800000, 0x00000000ab800000, 0x00000000ab900000|  0%| F|  |TAMS 0x00000000ab800000, 0x00000000ab800000| Untracked 
| 147|0x00000000ab900000, 0x00000000ab900000, 0x00000000aba00000|  0%| F|  |TAMS 0x00000000ab900000, 0x00000000ab900000| Untracked 
| 148|0x00000000aba00000, 0x00000000aba00000, 0x00000000abb00000|  0%| F|  |TAMS 0x00000000aba00000, 0x00000000aba00000| Untracked 
| 149|0x00000000abb00000, 0x00000000abb00000, 0x00000000abc00000|  0%| F|  |TAMS 0x00000000abb00000, 0x00000000abb00000| Untracked 
| 150|0x00000000abc00000, 0x00000000abc00000, 0x00000000abd00000|  0%| F|  |TAMS 0x00000000abc00000, 0x00000000abc00000| Untracked 
| 151|0x00000000abd00000, 0x00000000abd00000, 0x00000000abe00000|  0%| F|  |TAMS 0x00000000abd00000, 0x00000000abd00000| Untracked 
| 152|0x00000000abe00000, 0x00000000abe00000, 0x00000000abf00000|  0%| F|  |TAMS 0x00000000abe00000, 0x00000000abe00000| Untracked 
| 153|0x00000000abf00000, 0x00000000abf00000, 0x00000000ac000000|  0%| F|  |TAMS 0x00000000abf00000, 0x00000000abf00000| Untracked 
| 154|0x00000000ac000000, 0x00000000ac000000, 0x00000000ac100000|  0%| F|  |TAMS 0x00000000ac000000, 0x00000000ac000000| Untracked 
| 155|0x00000000ac100000, 0x00000000ac100000, 0x00000000ac200000|  0%| F|  |TAMS 0x00000000ac100000, 0x00000000ac100000| Untracked 
| 156|0x00000000ac200000, 0x00000000ac200000, 0x00000000ac300000|  0%| F|  |TAMS 0x00000000ac200000, 0x00000000ac200000| Untracked 
| 157|0x00000000ac300000, 0x00000000ac300000, 0x00000000ac400000|  0%| F|  |TAMS 0x00000000ac300000, 0x00000000ac300000| Untracked 
| 158|0x00000000ac400000, 0x00000000ac400000, 0x00000000ac500000|  0%| F|  |TAMS 0x00000000ac400000, 0x00000000ac400000| Untracked 
| 159|0x00000000ac500000, 0x00000000ac500000, 0x00000000ac600000|  0%| F|  |TAMS 0x00000000ac500000, 0x00000000ac500000| Untracked 
| 160|0x00000000ac600000, 0x00000000ac600000, 0x00000000ac700000|  0%| F|  |TAMS 0x00000000ac600000, 0x00000000ac600000| Untracked 
| 161|0x00000000ac700000, 0x00000000ac700000, 0x00000000ac800000|  0%| F|  |TAMS 0x00000000ac700000, 0x00000000ac700000| Untracked 
| 162|0x00000000ac800000, 0x00000000ac800000, 0x00000000ac900000|  0%| F|  |TAMS 0x00000000ac800000, 0x00000000ac800000| Untracked 
| 163|0x00000000ac900000, 0x00000000ac900000, 0x00000000aca00000|  0%| F|  |TAMS 0x00000000ac900000, 0x00000000ac900000| Untracked 
| 164|0x00000000aca00000, 0x00000000aca00000, 0x00000000acb00000|  0%| F|  |TAMS 0x00000000aca00000, 0x00000000aca00000| Untracked 
| 165|0x00000000acb00000, 0x00000000acb00000, 0x00000000acc00000|  0%| F|  |TAMS 0x00000000acb00000, 0x00000000acb00000| Untracked 
| 166|0x00000000acc00000, 0x00000000acc00000, 0x00000000acd00000|  0%| F|  |TAMS 0x00000000acc00000, 0x00000000acc00000| Untracked 
| 167|0x00000000acd00000, 0x00000000acd00000, 0x00000000ace00000|  0%| F|  |TAMS 0x00000000acd00000, 0x00000000acd00000| Untracked 
| 168|0x00000000ace00000, 0x00000000ace00000, 0x00000000acf00000|  0%| F|  |TAMS 0x00000000ace00000, 0x00000000ace00000| Untracked 
| 169|0x00000000acf00000, 0x00000000acf00000, 0x00000000ad000000|  0%| F|  |TAMS 0x00000000acf00000, 0x00000000acf00000| Untracked 
| 170|0x00000000ad000000, 0x00000000ad000000, 0x00000000ad100000|  0%| F|  |TAMS 0x00000000ad000000, 0x00000000ad000000| Untracked 
| 171|0x00000000ad100000, 0x00000000ad100000, 0x00000000ad200000|  0%| F|  |TAMS 0x00000000ad100000, 0x00000000ad100000| Untracked 
| 172|0x00000000ad200000, 0x00000000ad200000, 0x00000000ad300000|  0%| F|  |TAMS 0x00000000ad200000, 0x00000000ad200000| Untracked 
| 173|0x00000000ad300000, 0x00000000ad300000, 0x00000000ad400000|  0%| F|  |TAMS 0x00000000ad300000, 0x00000000ad300000| Untracked 
| 174|0x00000000ad400000, 0x00000000ad400000, 0x00000000ad500000|  0%| F|  |TAMS 0x00000000ad400000, 0x00000000ad400000| Untracked 
| 175|0x00000000ad500000, 0x00000000ad500000, 0x00000000ad600000|  0%| F|  |TAMS 0x00000000ad500000, 0x00000000ad500000| Untracked 
| 176|0x00000000ad600000, 0x00000000ad600000, 0x00000000ad700000|  0%| F|  |TAMS 0x00000000ad600000, 0x00000000ad600000| Untracked 
| 177|0x00000000ad700000, 0x00000000ad700000, 0x00000000ad800000|  0%| F|  |TAMS 0x00000000ad700000, 0x00000000ad700000| Untracked 
| 178|0x00000000ad800000, 0x00000000ad800000, 0x00000000ad900000|  0%| F|  |TAMS 0x00000000ad800000, 0x00000000ad800000| Untracked 
| 179|0x00000000ad900000, 0x00000000ad900000, 0x00000000ada00000|  0%| F|  |TAMS 0x00000000ad900000, 0x00000000ad900000| Untracked 
| 180|0x00000000ada00000, 0x00000000ada00000, 0x00000000adb00000|  0%| F|  |TAMS 0x00000000ada00000, 0x00000000ada00000| Untracked 
| 181|0x00000000adb00000, 0x00000000adb00000, 0x00000000adc00000|  0%| F|  |TAMS 0x00000000adb00000, 0x00000000adb00000| Untracked 
| 182|0x00000000adc00000, 0x00000000adc00000, 0x00000000add00000|  0%| F|  |TAMS 0x00000000adc00000, 0x00000000adc00000| Untracked 
| 183|0x00000000add00000, 0x00000000add00000, 0x00000000ade00000|  0%| F|  |TAMS 0x00000000add00000, 0x00000000add00000| Untracked 
| 184|0x00000000ade00000, 0x00000000ade00000, 0x00000000adf00000|  0%| F|  |TAMS 0x00000000ade00000, 0x00000000ade00000| Untracked 
| 185|0x00000000adf00000, 0x00000000adf00000, 0x00000000ae000000|  0%| F|  |TAMS 0x00000000adf00000, 0x00000000adf00000| Untracked 
| 186|0x00000000ae000000, 0x00000000ae000000, 0x00000000ae100000|  0%| F|  |TAMS 0x00000000ae000000, 0x00000000ae000000| Untracked 
| 187|0x00000000ae100000, 0x00000000ae100000, 0x00000000ae200000|  0%| F|  |TAMS 0x00000000ae100000, 0x00000000ae100000| Untracked 
| 188|0x00000000ae200000, 0x00000000ae200000, 0x00000000ae300000|  0%| F|  |TAMS 0x00000000ae200000, 0x00000000ae200000| Untracked 
| 189|0x00000000ae300000, 0x00000000ae300000, 0x00000000ae400000|  0%| F|  |TAMS 0x00000000ae300000, 0x00000000ae300000| Untracked 
| 190|0x00000000ae400000, 0x00000000ae400000, 0x00000000ae500000|  0%| F|  |TAMS 0x00000000ae400000, 0x00000000ae400000| Untracked 
| 191|0x00000000ae500000, 0x00000000ae500000, 0x00000000ae600000|  0%| F|  |TAMS 0x00000000ae500000, 0x00000000ae500000| Untracked 
| 192|0x00000000ae600000, 0x00000000ae600000, 0x00000000ae700000|  0%| F|  |TAMS 0x00000000ae600000, 0x00000000ae600000| Untracked 
| 193|0x00000000ae700000, 0x00000000ae700000, 0x00000000ae800000|  0%| F|  |TAMS 0x00000000ae700000, 0x00000000ae700000| Untracked 
| 194|0x00000000ae800000, 0x00000000ae800000, 0x00000000ae900000|  0%| F|  |TAMS 0x00000000ae800000, 0x00000000ae800000| Untracked 
| 195|0x00000000ae900000, 0x00000000ae900000, 0x00000000aea00000|  0%| F|  |TAMS 0x00000000ae900000, 0x00000000ae900000| Untracked 
| 196|0x00000000aea00000, 0x00000000aea00000, 0x00000000aeb00000|  0%| F|  |TAMS 0x00000000aea00000, 0x00000000aea00000| Untracked 
| 197|0x00000000aeb00000, 0x00000000aeb00000, 0x00000000aec00000|  0%| F|  |TAMS 0x00000000aeb00000, 0x00000000aeb00000| Untracked 
| 198|0x00000000aec00000, 0x00000000aec00000, 0x00000000aed00000|  0%| F|  |TAMS 0x00000000aec00000, 0x00000000aec00000| Untracked 
| 199|0x00000000aed00000, 0x00000000aed00000, 0x00000000aee00000|  0%| F|  |TAMS 0x00000000aed00000, 0x00000000aed00000| Untracked 
| 200|0x00000000aee00000, 0x00000000aee7dca0, 0x00000000aef00000| 49%| E|  |TAMS 0x00000000aee00000, 0x00000000aee00000| Complete 
| 201|0x00000000aef00000, 0x00000000af000000, 0x00000000af000000|100%| E|CS|TAMS 0x00000000aef00000, 0x00000000aef00000| Complete 
| 202|0x00000000af000000, 0x00000000af100000, 0x00000000af100000|100%| E|CS|TAMS 0x00000000af000000, 0x00000000af000000| Complete 
| 203|0x00000000af100000, 0x00000000af200000, 0x00000000af200000|100%| E|CS|TAMS 0x00000000af100000, 0x00000000af100000| Complete 
| 204|0x00000000af200000, 0x00000000af300000, 0x00000000af300000|100%| E|CS|TAMS 0x00000000af200000, 0x00000000af200000| Complete 
| 205|0x00000000af300000, 0x00000000af400000, 0x00000000af400000|100%| E|CS|TAMS 0x00000000af300000, 0x00000000af300000| Complete 
| 206|0x00000000af400000, 0x00000000af500000, 0x00000000af500000|100%| E|CS|TAMS 0x00000000af400000, 0x00000000af400000| Complete 
| 207|0x00000000af500000, 0x00000000af600000, 0x00000000af600000|100%| E|CS|TAMS 0x00000000af500000, 0x00000000af500000| Complete 
| 208|0x00000000af600000, 0x00000000af700000, 0x00000000af700000|100%| E|CS|TAMS 0x00000000af600000, 0x00000000af600000| Complete 
| 209|0x00000000af700000, 0x00000000af800000, 0x00000000af800000|100%| E|CS|TAMS 0x00000000af700000, 0x00000000af700000| Complete 
| 210|0x00000000af800000, 0x00000000af900000, 0x00000000af900000|100%| E|CS|TAMS 0x00000000af800000, 0x00000000af800000| Complete 
| 211|0x00000000af900000, 0x00000000afa00000, 0x00000000afa00000|100%| E|CS|TAMS 0x00000000af900000, 0x00000000af900000| Complete 
| 212|0x00000000afa00000, 0x00000000afb00000, 0x00000000afb00000|100%| E|CS|TAMS 0x00000000afa00000, 0x00000000afa00000| Complete 
| 213|0x00000000afb00000, 0x00000000afc00000, 0x00000000afc00000|100%| E|CS|TAMS 0x00000000afb00000, 0x00000000afb00000| Complete 

Card table byte_map: [0x000001baede40000,0x000001baee130000] _byte_map_base: 0x000001baed92d000

Marking Bits (Prev, Next): (CMBitMap*) 0x000001bad50430d0, (CMBitMap*) 0x000001bad5043090
 Prev Bits: [0x000001baefb90000, 0x000001baf12f8000)
 Next Bits: [0x000001baee420000, 0x000001baefb88000)

Polling page: 0x000001bad4d20000

Metaspace:

Usage:
  Non-class:     83.97 MB used.
      Class:     12.90 MB used.
       Both:     96.87 MB used.

Virtual space:
  Non-class space:      128.00 MB reserved,      84.38 MB ( 66%) committed,  2 nodes.
      Class space:        1.00 GB reserved,      13.31 MB (  1%) committed,  1 nodes.
             Both:        1.12 GB reserved,      97.69 MB (  8%) committed. 

Chunk freelists:
   Non-Class:  10.82 MB
       Class:  2.60 MB
        Both:  13.42 MB

MaxMetaspaceSize: unlimited
CompressedClassSpaceSize: 1.00 GB
Initial GC threshold: 21.00 MB
Current GC threshold: 133.44 MB
CDS: on
MetaspaceReclaimPolicy: balanced
 - commit_granule_bytes: 65536.
 - commit_granule_words: 8192.
 - virtual_space_node_default_size: 8388608.
 - enlarge_chunks_in_place: 1.
 - new_chunks_are_fully_committed: 0.
 - uncommit_free_chunks: 1.
 - use_allocation_guard: 0.
 - handle_deallocations: 1.


Internal statistics:

num_allocs_failed_limit: 9.
num_arena_births: 1516.
num_arena_deaths: 0.
num_vsnodes_births: 3.
num_vsnodes_deaths: 0.
num_space_committed: 1561.
num_space_uncommitted: 0.
num_chunks_returned_to_freelist: 9.
num_chunks_taken_from_freelist: 5401.
num_chunk_merges: 6.
num_chunk_splits: 3735.
num_chunks_enlarged: 2718.
num_inconsistent_stats: 0.

CodeHeap 'non-profiled nmethods': size=120000Kb used=7063Kb max_used=7080Kb free=112936Kb
 bounds [0x000001bae5990000, 0x000001bae6080000, 0x000001baecec0000]
CodeHeap 'profiled nmethods': size=120000Kb used=22333Kb max_used=22333Kb free=97666Kb
 bounds [0x000001baddec0000, 0x000001badf490000, 0x000001bae53f0000]
CodeHeap 'non-nmethods': size=5760Kb used=1418Kb max_used=1488Kb free=4341Kb
 bounds [0x000001bae53f0000, 0x000001bae5660000, 0x000001bae5990000]
 total_blobs=12768 nmethods=12010 adapters=666
 compilation: enabled
              stopped_count=0, restarted_count=0
 full_count=0

Compilation events (20 events):
Event: 83.051 Thread 0x000001baf3fb2180 14142       3       org.hibernate.engine.internal.StatefulPersistenceContext$$Lambda$1881/0x000001ba81c666c8::accept (12 bytes)
Event: 83.051 Thread 0x000001baf3fb2180 nmethod 14142 0x000001badf48ab10 code [0x000001badf48acc0, 0x000001badf48b048]
Event: 83.051 Thread 0x000001baf3fb2180 14143       3       org.hibernate.engine.internal.StatefulPersistenceContext::lambda$clear$0 (9 bytes)
Event: 83.051 Thread 0x000001baf3fb2180 nmethod 14143 0x000001badf48b190 code [0x000001badf48b340, 0x000001badf48b528]
Event: 83.051 Thread 0x000001baf3fb2180 14144       3       org.hibernate.collection.spi.AbstractPersistentCollection::prepareForPossibleLoadingOutsideTransaction (63 bytes)
Event: 83.052 Thread 0x000001baf3fb2180 nmethod 14144 0x000001badf48b610 code [0x000001badf48b7e0, 0x000001badf48bcb8]
Event: 83.052 Thread 0x000001baf3fb2180 14129       3       org.hibernate.engine.internal.StatefulPersistenceContext::beforeLoad (11 bytes)
Event: 83.052 Thread 0x000001baf3fb2180 nmethod 14129 0x000001badf48be90 code [0x000001badf48c020, 0x000001badf48c138]
Event: 83.052 Thread 0x000001baf3fb2180 14130       3       org.hibernate.sql.results.spi.LoadContexts::register (9 bytes)
Event: 83.052 Thread 0x000001baf3fb2180 nmethod 14130 0x000001badf48c210 code [0x000001badf48c3c0, 0x000001badf48c508]
Event: 83.052 Thread 0x000001baf3fb2180 14132       3       org.hibernate.sql.results.spi.ListResultsConsumer::resolveDomainResultJavaType (106 bytes)
Event: 83.054 Thread 0x000001baf3fb2180 nmethod 14132 0x000001badf48c610 code [0x000001badf48c920, 0x000001badf48dc48]
Event: 83.054 Thread 0x000001baf3fb2180 14133   !   3       com.mysql.cj.jdbc.StatementImpl::isClosed (60 bytes)
Event: 83.055 Thread 0x000001baf3fb2180 nmethod 14133 0x000001badf48e110 code [0x000001badf48e320, 0x000001badf48ea68]
Event: 83.055 Thread 0x000001baf3fb2180 14134       3       org.hibernate.sql.results.spi.LoadContexts::deregister (27 bytes)
Event: 83.055 Thread 0x000001baf3fb2180 nmethod 14134 0x000001badf48ee10 code [0x000001badf48efe0, 0x000001badf48f358]
Event: 83.055 Thread 0x000001baf3fb2180 14146       1       org.apache.coyote.Response::getStatus (5 bytes)
Event: 83.055 Thread 0x000001baf3fb2180 nmethod 14146 0x000001bae5f2d110 code [0x000001bae5f2d2a0, 0x000001bae5f2d378]
Event: 83.055 Thread 0x000001baf3fb2180 14139       1       java.nio.charset.Charset::name (5 bytes)
Event: 83.055 Thread 0x000001baf3fb2180 nmethod 14139 0x000001bae5f2ce10 code [0x000001bae5f2cfa0, 0x000001bae5f2d078]

GC Heap History (20 events):
Event: 21.965 GC heap before
{Heap before GC invocations=22 (full 0):
 garbage-first heap   total 109568K, used 55089K [0x00000000a2600000, 0x0000000100000000)
  region size 1024K, 6 young (6144K), 5 survivors (5120K)
 Metaspace       used 81231K, committed 81856K, reserved 1179648K
  class space    used 11029K, committed 11328K, reserved 1048576K
}
Event: 21.971 GC heap after
{Heap after GC invocations=23 (full 0):
 garbage-first heap   total 109568K, used 52690K [0x00000000a2600000, 0x0000000100000000)
  region size 1024K, 1 young (1024K), 1 survivors (1024K)
 Metaspace       used 81231K, committed 81856K, reserved 1179648K
  class space    used 11029K, committed 11328K, reserved 1048576K
}
Event: 22.067 GC heap before
{Heap before GC invocations=23 (full 0):
 garbage-first heap   total 109568K, used 88530K [0x00000000a2600000, 0x0000000100000000)
  region size 1024K, 36 young (36864K), 1 survivors (1024K)
 Metaspace       used 81296K, committed 81920K, reserved 1179648K
  class space    used 11037K, committed 11328K, reserved 1048576K
}
Event: 22.073 GC heap after
{Heap after GC invocations=24 (full 0):
 garbage-first heap   total 219136K, used 56768K [0x00000000a2600000, 0x0000000100000000)
  region size 1024K, 5 young (5120K), 5 survivors (5120K)
 Metaspace       used 81296K, committed 81920K, reserved 1179648K
  class space    used 11037K, committed 11328K, reserved 1048576K
}
Event: 22.566 GC heap before
{Heap before GC invocations=25 (full 0):
 garbage-first heap   total 219136K, used 177600K [0x00000000a2600000, 0x0000000100000000)
  region size 1024K, 123 young (125952K), 5 survivors (5120K)
 Metaspace       used 81727K, committed 82368K, reserved 1179648K
  class space    used 11077K, committed 11392K, reserved 1048576K
}
Event: 22.570 GC heap after
{Heap after GC invocations=26 (full 0):
 garbage-first heap   total 219136K, used 54751K [0x00000000a2600000, 0x0000000100000000)
  region size 1024K, 3 young (3072K), 3 survivors (3072K)
 Metaspace       used 81727K, committed 82368K, reserved 1179648K
  class space    used 11077K, committed 11392K, reserved 1048576K
}
Event: 22.593 GC heap before
{Heap before GC invocations=26 (full 0):
 garbage-first heap   total 219136K, used 61919K [0x00000000a2600000, 0x0000000100000000)
  region size 1024K, 10 young (10240K), 3 survivors (3072K)
 Metaspace       used 81728K, committed 82368K, reserved 1179648K
  class space    used 11077K, committed 11392K, reserved 1048576K
}
Event: 22.597 GC heap after
{Heap after GC invocations=27 (full 0):
 garbage-first heap   total 219136K, used 55244K [0x00000000a2600000, 0x0000000100000000)
  region size 1024K, 1 young (1024K), 1 survivors (1024K)
 Metaspace       used 81728K, committed 82368K, reserved 1179648K
  class space    used 11077K, committed 11392K, reserved 1048576K
}
Event: 23.738 GC heap before
{Heap before GC invocations=27 (full 0):
 garbage-first heap   total 219136K, used 181196K [0x00000000a2600000, 0x0000000100000000)
  region size 1024K, 124 young (126976K), 1 survivors (1024K)
 Metaspace       used 82893K, committed 83520K, reserved 1179648K
  class space    used 11172K, committed 11456K, reserved 1048576K
}
Event: 23.748 GC heap after
{Heap after GC invocations=28 (full 0):
 garbage-first heap   total 219136K, used 61632K [0x00000000a2600000, 0x0000000100000000)
  region size 1024K, 8 young (8192K), 8 survivors (8192K)
 Metaspace       used 82893K, committed 83520K, reserved 1179648K
  class space    used 11172K, committed 11456K, reserved 1048576K
}
Event: 24.406 GC heap before
{Heap before GC invocations=28 (full 0):
 garbage-first heap   total 219136K, used 178368K [0x00000000a2600000, 0x0000000100000000)
  region size 1024K, 122 young (124928K), 8 survivors (8192K)
 Metaspace       used 83621K, committed 84224K, reserved 1179648K
  class space    used 11227K, committed 11520K, reserved 1048576K
}
Event: 24.411 GC heap after
{Heap after GC invocations=29 (full 0):
 garbage-first heap   total 219136K, used 59469K [0x00000000a2600000, 0x0000000100000000)
  region size 1024K, 5 young (5120K), 5 survivors (5120K)
 Metaspace       used 83621K, committed 84224K, reserved 1179648K
  class space    used 11227K, committed 11520K, reserved 1048576K
}
Event: 79.531 GC heap before
{Heap before GC invocations=29 (full 0):
 garbage-first heap   total 219136K, used 182349K [0x00000000a2600000, 0x0000000100000000)
  region size 1024K, 125 young (128000K), 5 survivors (5120K)
 Metaspace       used 94568K, committed 95232K, reserved 1179648K
  class space    used 12691K, committed 12992K, reserved 1048576K
}
Event: 79.650 GC heap after
{Heap after GC invocations=30 (full 0):
 garbage-first heap   total 219136K, used 66039K [0x00000000a2600000, 0x0000000100000000)
  region size 1024K, 12 young (12288K), 12 survivors (12288K)
 Metaspace       used 94568K, committed 95232K, reserved 1179648K
  class space    used 12691K, committed 12992K, reserved 1048576K
}
Event: 81.320 GC heap before
{Heap before GC invocations=30 (full 0):
 garbage-first heap   total 219136K, used 178679K [0x00000000a2600000, 0x0000000100000000)
  region size 1024K, 123 young (125952K), 12 survivors (12288K)
 Metaspace       used 98011K, committed 98816K, reserved 1179648K
  class space    used 13127K, committed 13504K, reserved 1048576K
}
Event: 81.354 GC heap after
{Heap after GC invocations=31 (full 0):
 garbage-first heap   total 219136K, used 68999K [0x00000000a2600000, 0x0000000100000000)
  region size 1024K, 11 young (11264K), 11 survivors (11264K)
 Metaspace       used 98011K, committed 98816K, reserved 1179648K
  class space    used 13127K, committed 13504K, reserved 1048576K
}
Event: 81.518 GC heap before
{Heap before GC invocations=31 (full 0):
 garbage-first heap   total 219136K, used 180615K [0x00000000a2600000, 0x0000000100000000)
  region size 1024K, 120 young (122880K), 11 survivors (11264K)
 Metaspace       used 98135K, committed 98880K, reserved 1179648K
  class space    used 13143K, committed 13504K, reserved 1048576K
}
Event: 81.539 GC heap after
{Heap after GC invocations=32 (full 0):
 garbage-first heap   total 219136K, used 69608K [0x00000000a2600000, 0x0000000100000000)
  region size 1024K, 4 young (4096K), 4 survivors (4096K)
 Metaspace       used 98135K, committed 98880K, reserved 1179648K
  class space    used 13143K, committed 13504K, reserved 1048576K
}
Event: 82.104 GC heap before
{Heap before GC invocations=32 (full 0):
 garbage-first heap   total 219136K, used 183272K [0x00000000a2600000, 0x0000000100000000)
  region size 1024K, 115 young (117760K), 4 survivors (4096K)
 Metaspace       used 98544K, committed 99328K, reserved 1179648K
  class space    used 13167K, committed 13568K, reserved 1048576K
}
Event: 82.108 GC heap after
{Heap after GC invocations=33 (full 0):
 garbage-first heap   total 219136K, used 69106K [0x00000000a2600000, 0x0000000100000000)
  region size 1024K, 4 young (4096K), 4 survivors (4096K)
 Metaspace       used 98544K, committed 99328K, reserved 1179648K
  class space    used 13167K, committed 13568K, reserved 1048576K
}

Deoptimization events (20 events):
Event: 82.893 Thread 0x000001bafc888e30 DEOPT PACKING pc=0x000001bae5fd6388 sp=0x000000160a0ff120
Event: 82.893 Thread 0x000001bafc888e30 DEOPT UNPACKING pc=0x000001bae54423a3 sp=0x000000160a0ff048 mode 2
Event: 82.915 Thread 0x000001bafc889d60 Uncommon trap: trap_request=0xffffffbe fr.pc=0x000001bae60308a4 relative=0x00000000000025e4
Event: 82.915 Thread 0x000001bafc889d60 Uncommon trap: reason=profile_predicate action=maybe_recompile pc=0x000001bae60308a4 method=org.springframework.core.annotation.TypeMappedAnnotation.asMap(Ljava/util/function/Function;[Lorg/springframework/core/annotation/MergedAnnotation$Adapt;)Ljava/uti
Event: 82.915 Thread 0x000001bafc889d60 DEOPT PACKING pc=0x000001bae60308a4 sp=0x0000001609ffa8c0
Event: 82.915 Thread 0x000001bafc889d60 DEOPT UNPACKING pc=0x000001bae54423a3 sp=0x0000001609ffa6f0 mode 2
Event: 83.011 Thread 0x000001bafc889d60 Uncommon trap: trap_request=0xffffff45 fr.pc=0x000001bae5a1c750 relative=0x00000000000000d0
Event: 83.011 Thread 0x000001bafc889d60 Uncommon trap: reason=unstable_if action=reinterpret pc=0x000001bae5a1c750 method=java.lang.String.getBytes([BIB)V @ 5 c2
Event: 83.011 Thread 0x000001bafc889d60 DEOPT PACKING pc=0x000001bae5a1c750 sp=0x0000001609ffb080
Event: 83.011 Thread 0x000001bafc889d60 DEOPT UNPACKING pc=0x000001bae54423a3 sp=0x0000001609ffb028 mode 2
Event: 83.011 Thread 0x000001bafc889d60 Uncommon trap: trap_request=0xffffff45 fr.pc=0x000001bae5a24ea0 relative=0x0000000000000100
Event: 83.011 Thread 0x000001bafc889d60 Uncommon trap: reason=unstable_if action=reinterpret pc=0x000001bae5a24ea0 method=java.lang.StringConcatHelper.prepend(J[BLjava/lang/String;)J @ 13 c2
Event: 83.011 Thread 0x000001bafc889d60 DEOPT PACKING pc=0x000001bae5a24ea0 sp=0x0000001609ffb040
Event: 83.011 Thread 0x000001bafc889d60 DEOPT UNPACKING pc=0x000001bae54423a3 sp=0x0000001609ffaff0 mode 2
Event: 83.011 Thread 0x000001bafc889d60 Uncommon trap: trap_request=0xffffff45 fr.pc=0x000001bae5a7fc4c relative=0x00000000000000ac
Event: 83.011 Thread 0x000001bafc889d60 Uncommon trap: reason=unstable_if action=reinterpret pc=0x000001bae5a7fc4c method=java.lang.StringConcatHelper.newString([BJ)Ljava/lang/String; @ 3 c2
Event: 83.011 Thread 0x000001bafc889d60 DEOPT PACKING pc=0x000001bae5a7fc4c sp=0x0000001609ffb170
Event: 83.011 Thread 0x000001bafc889d60 DEOPT UNPACKING pc=0x000001bae54423a3 sp=0x0000001609ffb0f8 mode 2
Event: 83.038 Thread 0x000001bafc889d60 DEOPT PACKING pc=0x000001badeab194b sp=0x0000001609ffb150
Event: 83.038 Thread 0x000001bafc889d60 DEOPT UNPACKING pc=0x000001bae5442b43 sp=0x0000001609ffa660 mode 0

Classes unloaded (0 events):
No events

Classes redefined (0 events):
No events

Internal exceptions (20 events):
Event: 26.838 Thread 0x000001bafe604190 Exception <a 'java/lang/IncompatibleClassChangeError'{0x00000000a9a6f480}: Found class java.lang.Object, but interface was expected> (0x00000000a9a6f480) 
thrown [s\open\src\hotspot\share\interpreter\linkResolver.cpp, line 826]
Event: 26.944 Thread 0x000001bafe604190 Exception <a 'java/lang/NoSuchMethodError'{0x00000000a987d380}: 'void java.lang.invoke.DirectMethodHandle$Holder.invokeSpecialIFC(java.lang.Object, java.lang.Object, int, java.lang.Object, java.lang.Object, java.lang.Object, java.lang.Object)'> (0x00000000a987d380) 
thrown [s\open\src\hotspot\share\interpreter\linkResolver.cpp, line 759]
Event: 49.253 Thread 0x000001bafc889850 Exception <a 'java/lang/IncompatibleClassChangeError'{0x00000000a94ea7d0}: Found class java.lang.Object, but interface was expected> (0x00000000a94ea7d0) 
thrown [s\open\src\hotspot\share\interpreter\linkResolver.cpp, line 826]
Event: 49.335 Thread 0x000001bafc889850 Exception <a 'java/lang/IncompatibleClassChangeError'{0x00000000a9207cd8}: Found class java.lang.Object, but interface was expected> (0x00000000a9207cd8) 
thrown [s\open\src\hotspot\share\interpreter\linkResolver.cpp, line 826]
Event: 77.734 Thread 0x000001bafc88ac90 Exception <a 'java/lang/NoSuchMethodError'{0x00000000a9df6e20}: 'java.lang.Object java.lang.invoke.DirectMethodHandle$Holder.invokeStatic(java.lang.Object, java.lang.Object, java.lang.Object, int, int)'> (0x00000000a9df6e20) 
thrown [s\open\src\hotspot\share\interpreter\linkResolver.cpp, line 759]
Event: 77.762 Thread 0x000001bafc88ac90 Exception <a 'java/lang/NoSuchMethodError'{0x00000000a9dfa818}: 'java.lang.Object java.lang.invoke.DirectMethodHandle$Holder.invokeStaticInit(java.lang.Object, java.lang.Object, java.lang.Object, int, int)'> (0x00000000a9dfa818) 
thrown [s\open\src\hotspot\share\interpreter\linkResolver.cpp, line 759]
Event: 78.281 Thread 0x000001baf45079f0 Exception <a 'java/lang/NoSuchMethodError'{0x00000000a9075bb0}: 'java.lang.Object java.lang.invoke.DirectMethodHandle$Holder.invokeSpecial(java.lang.Object, java.lang.Object, java.lang.Object, java.lang.Object, java.lang.Object, long)'> (0x00000000a9075bb0) 
thrown [s\open\src\hotspot\share\interpreter\linkResolver.cpp, line 759]
Event: 78.282 Thread 0x000001baf45079f0 Exception <a 'java/lang/NoSuchMethodError'{0x00000000a90795a8}: 'java.lang.Object java.lang.invoke.Invokers$Holder.linkToTargetMethod(java.lang.Object, java.lang.Object, java.lang.Object, long, java.lang.Object)'> (0x00000000a90795a8) 
thrown [s\open\src\hotspot\share\interpreter\linkResolver.cpp, line 759]
Event: 79.511 Thread 0x000001baf4505b90 Implicit null exception at 0x000001bae5f0f8fb to 0x000001bae5f0fd1c
Event: 79.511 Thread 0x000001baf45079f0 Implicit null exception at 0x000001bae5f0f8fb to 0x000001bae5f0fd1c
Event: 79.916 Thread 0x000001bafde0ad20 Exception <a 'java/lang/NoSuchMethodError'{0x00000000af4d2848}: 'java.lang.Object java.lang.invoke.Invokers$Holder.linkToTargetMethod(java.lang.Object, int, java.lang.Object, java.lang.Object, java.lang.Object, java.lang.Object)'> (0x00000000af4d2848) 
thrown [s\open\src\hotspot\share\interpreter\linkResolver.cpp, line 759]
Event: 79.919 Thread 0x000001bafde0ad20 Exception <a 'java/lang/NoSuchMethodError'{0x00000000af4df8b0}: 'int java.lang.invoke.DirectMethodHandle$Holder.invokeStatic(java.lang.Object, java.lang.Object, int, java.lang.Object)'> (0x00000000af4df8b0) 
thrown [s\open\src\hotspot\share\interpreter\linkResolver.cpp, line 759]
Event: 80.357 Thread 0x000001bafc889d60 Exception <a 'java/lang/NoSuchMethodError'{0x00000000ae7ab548}: 'java.lang.Object java.lang.invoke.DelegatingMethodHandle$Holder.reinvoke_L(java.lang.Object, java.lang.Object, long, java.lang.Object, java.lang.Object, java.lang.Object, java.lang.Object, java.lang.Object, java.lang.Object, java.lang.Object, java.lang.Object, java.lang.Object, java.lang.Object, java.lang.Object, java.lang.Object, java.lang.Object, java.lang.Object)'> (0x00000000ae7ab548) 
thrown [s\open\src\hotspot\share\interpreter\linkReso
Event: 80.365 Thread 0x000001bafc889d60 Exception <a 'java/lang/NoSuchMethodError'{0x00000000ae6451a0}: 'java.lang.Object java.lang.invoke.DirectMethodHandle$Holder.invokeSpecial(java.lang.Object, java.lang.Object, long, java.lang.Object, java.lang.Object, java.lang.Object, java.lang.Object, java.lang.Object, java.lang.Object, java.lang.Object, java.lang.Object, java.lang.Object, java.lang.Object, java.lang.Object, java.lang.Object, java.lang.Object, java.lang.Object)'> (0x00000000ae6451a0) 
thrown [s\open\src\hotspot\share\interpreter\linkResol
Event: 80.366 Thread 0x000001bafc889d60 Exception <a 'java/lang/NoSuchMethodError'{0x00000000ae6a2c18}: 'java.lang.Object java.lang.invoke.DelegatingMethodHandle$Holder.reinvoke_L(java.lang.Object, long, java.lang.Object, java.lang.Object, java.lang.Object, java.lang.Object, java.lang.Object, java.lang.Object, java.lang.Object, java.lang.Object, java.lang.Object, java.lang.Object, java.lang.Object, java.lang.Object, java.lang.Object, java.lang.Object)'> (0x00000000ae6a2c18) 
thrown [s\open\src\hotspot\share\interpreter\linkResolver.cpp, line 759
Event: 80.369 Thread 0x000001bafc889d60 Exception <a 'java/lang/NoSuchMethodError'{0x00000000ae6c7f10}: 'java.lang.Object java.lang.invoke.DirectMethodHandle$Holder.invokeSpecial(java.lang.Object, java.lang.Object, java.lang.Object, java.lang.Object, java.lang.Object, java.lang.Object, java.lang.Object, java.lang.Object, java.lang.Object, java.lang.Object, java.lang.Object, java.lang.Object, java.lang.Object, java.lang.Object, java.lang.Object, java.lang.Object)'> (0x00000000ae6c7f10) 
thrown [s\open\src\hotspot\share\interpreter\linkResolver.cp
Event: 80.370 Thread 0x000001bafc889d60 Exception <a 'java/lang/NoSuchMethodError'{0x00000000ae6cdaf8}: 'java.lang.Object java.lang.invoke.Invokers$Holder.linkToTargetMethod(java.lang.Object, java.lang.Object, java.lang.Object, java.lang.Object, java.lang.Object, java.lang.Object, java.lang.Object, java.lang.Object, java.lang.Object, java.lang.Object, java.lang.Object, java.lang.Object, java.lang.Object, java.lang.Object, java.lang.Object)'> (0x00000000ae6cdaf8) 
thrown [s\open\src\hotspot\share\interpreter\linkResolver.cpp, line 759]
Event: 80.801 Thread 0x000001baf4508410 Exception <a 'java/lang/NoSuchMethodError'{0x00000000ac0d2c70}: 'java.lang.Object java.lang.invoke.DirectMethodHandle$Holder.invokeStatic(java.lang.Object, int, int)'> (0x00000000ac0d2c70) 
thrown [s\open\src\hotspot\share\interpreter\linkResolver.cpp, line 759]
Event: 82.842 Thread 0x000001bafde0a300 Implicit null exception at 0x000001bae5cb033f to 0x000001bae5cb0958
Event: 83.021 Thread 0x000001bafde0a810 Exception <a 'java/lang/NoSuchMethodError'{0x00000000aef66508}: 'java.lang.Object java.lang.invoke.DirectMethodHandle$Holder.invokeStaticInit(java.lang.Object, int)'> (0x00000000aef66508) 
thrown [s\open\src\hotspot\share\interpreter\linkResolver.cpp, line 759]

VM Operations (20 events):
Event: 79.811 Executing VM operation: HandshakeAllThreads
Event: 79.811 Executing VM operation: HandshakeAllThreads done
Event: 79.945 Executing VM operation: HandshakeAllThreads
Event: 79.945 Executing VM operation: HandshakeAllThreads done
Event: 80.084 Executing VM operation: ICBufferFull
Event: 80.084 Executing VM operation: ICBufferFull done
Event: 80.288 Executing VM operation: HandshakeAllThreads
Event: 80.288 Executing VM operation: HandshakeAllThreads done
Event: 81.299 Executing VM operation: Cleanup
Event: 81.300 Executing VM operation: Cleanup done
Event: 81.320 Executing VM operation: G1CollectForAllocation
Event: 81.354 Executing VM operation: G1CollectForAllocation done
Event: 81.517 Executing VM operation: G1CollectForAllocation
Event: 81.539 Executing VM operation: G1CollectForAllocation done
Event: 82.104 Executing VM operation: G1CollectForAllocation
Event: 82.108 Executing VM operation: G1CollectForAllocation done
Event: 82.841 Executing VM operation: ICBufferFull
Event: 82.842 Executing VM operation: ICBufferFull done
Event: 83.847 Executing VM operation: Cleanup
Event: 83.847 Executing VM operation: Cleanup done

Events (20 events):
Event: 81.402 Thread 0x000001bafb8a5060 Thread added: 0x000001bafb8a5060
Event: 81.404 Thread 0x000001bafb8a8d20 Thread added: 0x000001bafb8a8d20
Event: 81.405 Thread 0x000001bafb8a9230 Thread added: 0x000001bafb8a9230
Event: 81.407 Thread 0x000001bafdee4790 Thread added: 0x000001bafdee4790
Event: 81.428 Thread 0x000001bafe113870 Thread added: 0x000001bafe113870
Event: 81.434 Thread 0x000001baf4956190 Thread added: 0x000001baf4956190
Event: 81.434 Thread 0x000001bafe8657b0 Thread added: 0x000001bafe8657b0
Event: 81.434 Thread 0x000001bafe866bf0 Thread added: 0x000001bafe866bf0
Event: 82.849 loading class java/math/BigDecimal$StringBuilderHelper
Event: 82.850 loading class java/math/BigDecimal$StringBuilderHelper done
Event: 82.914 loading class sun/nio/cs/Surrogate$Parser
Event: 82.914 loading class sun/nio/cs/Surrogate$Parser done
Event: 82.915 loading class sun/nio/cs/Surrogate
Event: 82.915 loading class sun/nio/cs/Surrogate done
Event: 83.023 Thread 0x000001baf45074e0 Thread added: 0x000001baf45074e0
Event: 83.023 Thread 0x000001baf4506ac0 Thread added: 0x000001baf4506ac0
Event: 83.024 Thread 0x000001baf4504c60 Thread added: 0x000001baf4504c60
Event: 83.026 Thread 0x000001bafb2f20e0 Thread added: 0x000001bafb2f20e0
Event: 83.281 Thread 0x000001bafc560ac0 Thread exited: 0x000001bafc560ac0
Event: 84.260 Thread 0x000001baf4955770 Thread exited: 0x000001baf4955770


Dynamic libraries:
0x00007ff620c50000 - 0x00007ff620c60000 	C:\Program Files\Java\jdk-17\bin\java.exe
0x00007ff83b520000 - 0x00007ff83b788000 	C:\WINDOWS\SYSTEM32\ntdll.dll
0x00007ff83af00000 - 0x00007ff83afc9000 	C:\WINDOWS\System32\KERNEL32.DLL
0x00007ff838910000 - 0x00007ff838cfd000 	C:\WINDOWS\System32\KERNELBASE.dll
0x00007ff838720000 - 0x00007ff83886b000 	C:\WINDOWS\System32\ucrtbase.dll
0x00007ff833a30000 - 0x00007ff833a49000 	C:\Program Files\Java\jdk-17\bin\jli.dll
0x00007ff833a50000 - 0x00007ff833a6b000 	C:\Program Files\Java\jdk-17\bin\VCRUNTIME140.dll
0x00007ff83b000000 - 0x00007ff83b0b4000 	C:\WINDOWS\System32\ADVAPI32.dll
0x00007ff83a260000 - 0x00007ff83a309000 	C:\WINDOWS\System32\msvcrt.dll
0x00007ff83b430000 - 0x00007ff83b4d6000 	C:\WINDOWS\System32\sechost.dll
0x00007ff83ad30000 - 0x00007ff83ae48000 	C:\WINDOWS\System32\RPCRT4.dll
0x00007ff83a090000 - 0x00007ff83a25c000 	C:\WINDOWS\System32\USER32.dll
0x00007ff8391d0000 - 0x00007ff8391f7000 	C:\WINDOWS\System32\win32u.dll
0x00007ff823ca0000 - 0x00007ff823f3a000 	C:\WINDOWS\WinSxS\amd64_microsoft.windows.common-controls_6595b64144ccf1df_6.0.26100.4484_none_3e0e6d4ce32ef3b3\COMCTL32.dll
0x00007ff83a060000 - 0x00007ff83a08b000 	C:\WINDOWS\System32\GDI32.dll
0x00007ff839000000 - 0x00007ff839137000 	C:\WINDOWS\System32\gdi32full.dll
0x00007ff838670000 - 0x00007ff838713000 	C:\WINDOWS\System32\msvcp_win.dll
0x00007ff831e70000 - 0x00007ff831e7b000 	C:\WINDOWS\SYSTEM32\VERSION.dll
0x00007ff8397e0000 - 0x00007ff83980f000 	C:\WINDOWS\System32\IMM32.DLL
0x00007ff833b00000 - 0x00007ff833b0c000 	C:\Program Files\Java\jdk-17\bin\vcruntime140_1.dll
0x00007ff82fb30000 - 0x00007ff82fbbe000 	C:\Program Files\Java\jdk-17\bin\msvcp140.dll
0x00007ffffc7d0000 - 0x00007ffffd3b0000 	C:\Program Files\Java\jdk-17\bin\server\jvm.dll
0x00007ff83b230000 - 0x00007ff83b238000 	C:\WINDOWS\System32\PSAPI.DLL
0x00007ff82f9c0000 - 0x00007ff82f9ca000 	C:\WINDOWS\SYSTEM32\WSOCK32.dll
0x00007ff82f010000 - 0x00007ff82f045000 	C:\WINDOWS\SYSTEM32\WINMM.dll
0x00007ff839760000 - 0x00007ff8397d4000 	C:\WINDOWS\System32\WS2_32.dll
0x00007ff837410000 - 0x00007ff83742b000 	C:\WINDOWS\SYSTEM32\kernel.appcore.dll
0x00007ff833ad0000 - 0x00007ff833ada000 	C:\Program Files\Java\jdk-17\bin\jimage.dll
0x00007ff82f230000 - 0x00007ff82f471000 	C:\WINDOWS\SYSTEM32\DBGHELP.DLL
0x00007ff8393d0000 - 0x00007ff839756000 	C:\WINDOWS\System32\combase.dll
0x00007ff83aad0000 - 0x00007ff83abb0000 	C:\WINDOWS\System32\OLEAUT32.dll
0x00007ff8270c0000 - 0x00007ff827103000 	C:\WINDOWS\SYSTEM32\dbgcore.DLL
0x00007ff838870000 - 0x00007ff838909000 	C:\WINDOWS\System32\bcryptPrimitives.dll
0x00007ff8307a0000 - 0x00007ff8307ae000 	C:\Program Files\Java\jdk-17\bin\instrument.dll
0x00007ff831cd0000 - 0x00007ff831cf5000 	C:\Program Files\Java\jdk-17\bin\java.dll
0x00007fffffbc0000 - 0x00007fffffc97000 	C:\Program Files\Java\jdk-17\bin\jsvml.dll
0x00007ff839840000 - 0x00007ff839f8a000 	C:\WINDOWS\System32\SHELL32.dll
0x00007ff838d00000 - 0x00007ff838e74000 	C:\WINDOWS\System32\wintypes.dll
0x00007ff8362f0000 - 0x00007ff836b4b000 	C:\WINDOWS\SYSTEM32\windows.storage.dll
0x00007ff83ac30000 - 0x00007ff83ad25000 	C:\WINDOWS\System32\SHCORE.dll
0x00007ff83abc0000 - 0x00007ff83ac2a000 	C:\WINDOWS\System32\shlwapi.dll
0x00007ff838580000 - 0x00007ff8385af000 	C:\WINDOWS\SYSTEM32\profapi.dll
0x00007ff830970000 - 0x00007ff830988000 	C:\Program Files\Java\jdk-17\bin\zip.dll
0x00007ff831d30000 - 0x00007ff831d49000 	C:\Program Files\Java\jdk-17\bin\net.dll
0x00007ff8317b0000 - 0x00007ff8318ce000 	C:\WINDOWS\SYSTEM32\WINHTTP.dll
0x00007ff8379a0000 - 0x00007ff837a0a000 	C:\WINDOWS\system32\mswsock.dll
0x00007ff830a90000 - 0x00007ff830aa6000 	C:\Program Files\Java\jdk-17\bin\nio.dll
0x00007ff830960000 - 0x00007ff83096e000 	C:\Program Files\Java\jdk-17\bin\sunmscapi.dll
0x00007ff838e80000 - 0x00007ff838ff7000 	C:\WINDOWS\System32\CRYPT32.dll
0x00007ff837e70000 - 0x00007ff837ea0000 	C:\WINDOWS\SYSTEM32\ncrypt.dll
0x00007ff837e20000 - 0x00007ff837e5f000 	C:\WINDOWS\SYSTEM32\NTASN1.dll
0x00007ff837c50000 - 0x00007ff837c6b000 	C:\WINDOWS\SYSTEM32\CRYPTSP.dll
0x00007ff837370000 - 0x00007ff8373ab000 	C:\WINDOWS\system32\rsaenh.dll
0x00007ff837a40000 - 0x00007ff837a6b000 	C:\WINDOWS\SYSTEM32\USERENV.dll
0x00007ff838550000 - 0x00007ff838576000 	C:\WINDOWS\SYSTEM32\bcrypt.dll
0x00007ff837c70000 - 0x00007ff837c7c000 	C:\WINDOWS\SYSTEM32\CRYPTBASE.dll
0x00007ff836e90000 - 0x00007ff836ec3000 	C:\WINDOWS\SYSTEM32\IPHLPAPI.DLL
0x00007ff839fa0000 - 0x00007ff839faa000 	C:\WINDOWS\System32\NSI.dll
0x00007ff832570000 - 0x00007ff83258f000 	C:\WINDOWS\SYSTEM32\dhcpcsvc6.DLL
0x00007ff831e80000 - 0x00007ff831ea5000 	C:\WINDOWS\SYSTEM32\dhcpcsvc.DLL
0x00007ff836ed0000 - 0x00007ff836ff6000 	C:\WINDOWS\SYSTEM32\DNSAPI.dll
0x00007ff8308b0000 - 0x00007ff8308ba000 	C:\Program Files\Java\jdk-17\bin\management.dll
0x00007ff8308a0000 - 0x00007ff8308ab000 	C:\Program Files\Java\jdk-17\bin\management_ext.dll
0x00007ff830790000 - 0x00007ff8307a0000 	C:\Program Files\Java\jdk-17\bin\verify.dll
0x00007ff82efa0000 - 0x00007ff82efab000 	C:\Windows\System32\rasadhlp.dll
0x00007ff8310f0000 - 0x00007ff831176000 	C:\WINDOWS\System32\fwpuclnt.dll
0x00007ff800790000 - 0x00007ff800798000 	C:\WINDOWS\system32\wshunix.dll

dbghelp: loaded successfully - version: 4.0.5 - missing functions: none
symbol engine: initialized successfully - sym options: 0x614 - pdb path: .;C:\Program Files\Java\jdk-17\bin;C:\WINDOWS\SYSTEM32;C:\WINDOWS\WinSxS\amd64_microsoft.windows.common-controls_6595b64144ccf1df_6.0.26100.4484_none_3e0e6d4ce32ef3b3;C:\Program Files\Java\jdk-17\bin\server

VM Arguments:
jvm_args: -javaagent:C:\Program Files\JetBrains\IntelliJ IDEA Community Edition 2024.3.5\lib\idea_rt.jar=57419 -Dfile.encoding=UTF-8 
java_command: com.maven.OnlineShoppingSB.OnlineShoppingSbApplication
java_class_path (initial): D:\git\OnlineShoppingOJT\OnlineShoppingSB\target\classes;C:\Users\Lenovo\.m2\repository\org\apache\commons\commons-text\1.12.0\commons-text-1.12.0.jar;C:\Users\Lenovo\.m2\repository\org\apache\commons\commons-lang3\3.17.0\commons-lang3-3.17.0.jar;C:\Users\Lenovo\.m2\repository\org\apache\poi\poi-ooxml\5.2.3\poi-ooxml-5.2.3.jar;C:\Users\Lenovo\.m2\repository\org\apache\poi\poi\5.2.3\poi-5.2.3.jar;C:\Users\Lenovo\.m2\repository\commons-codec\commons-codec\1.17.2\commons-codec-1.17.2.jar;C:\Users\Lenovo\.m2\repository\org\apache\commons\commons-math3\3.6.1\commons-math3-3.6.1.jar;C:\Users\Lenovo\.m2\repository\com\zaxxer\SparseBitSet\1.2\SparseBitSet-1.2.jar;C:\Users\Lenovo\.m2\repository\org\apache\poi\poi-ooxml-lite\5.2.3\poi-ooxml-lite-5.2.3.jar;C:\Users\Lenovo\.m2\repository\org\apache\xmlbeans\xmlbeans\5.1.1\xmlbeans-5.1.1.jar;C:\Users\Lenovo\.m2\repository\org\apache\commons\commons-compress\1.21\commons-compress-1.21.jar;C:\Users\Lenovo\.m2\repository\commons-io\commons-io\2.11.0\commons-io-2.11.0.jar;C:\Users\Lenovo\.m2\repository\com\github\virtuald\curvesapi\1.07\curvesapi-1.07.jar;C:\Users\Lenovo\.m2\repository\org\apache\logging\log4j\log4j-api\2.24.3\log4j-api-2.24.3.jar;C:\Users\Lenovo\.m2\repository\org\apache\commons\commons-collections4\4.4\commons-collections4-4.4.jar;C:\Users\Lenovo\.m2\repository\org\springframework\boot\spring-boot-starter-websocket\3.4.6\spring-boot-starter-websocket-3.4.6.jar;C:\Users\Lenovo\.m2\repository\org\springframework\spring-messaging\6.2.7\spring-messaging-6.2.7.jar;C:\Users\Lenovo\.m2\repository\org\springframework\spring-beans\6.2.7\spring-beans-6.2.7.jar;C:\Users\Lenovo\.m2\repository\org\springframework\spring-websocket\6.2.7\spring-websocket-6.2.7.jar;C:\Users\Lenovo\.m2\repository\org\springframework\spring-context\6.2.7\spring-context-6.2.7.jar;C:\Users\Lenovo\.m2\repository\javax\xml\bind\jaxb-api\2.3.1\jaxb-api-2.3.1.jar;C:\Users\Lenovo\.m2\repository\javax\activation\javax.activatio
Launcher Type: SUN_STANDARD

[Global flags]
     intx CICompilerCount                          = 4                                         {product} {ergonomic}
     uint ConcGCThreads                            = 3                                         {product} {ergonomic}
     uint G1ConcRefinementThreads                  = 10                                        {product} {ergonomic}
   size_t G1HeapRegionSize                         = 1048576                                   {product} {ergonomic}
    uintx GCDrainStackTargetSize                   = 64                                        {product} {ergonomic}
   size_t InitialHeapSize                          = 98566144                                  {product} {ergonomic}
   size_t MarkStackSize                            = 4194304                                   {product} {ergonomic}
   size_t MaxHeapSize                              = 1570766848                                {product} {ergonomic}
   size_t MaxNewSize                               = 941621248                                 {product} {ergonomic}
   size_t MinHeapDeltaBytes                        = 1048576                                   {product} {ergonomic}
   size_t MinHeapSize                              = 8388608                                   {product} {ergonomic}
    uintx NonNMethodCodeHeapSize                   = 5839372                                {pd product} {ergonomic}
    uintx NonProfiledCodeHeapSize                  = 122909434                              {pd product} {ergonomic}
    uintx ProfiledCodeHeapSize                     = 122909434                              {pd product} {ergonomic}
    uintx ReservedCodeCacheSize                    = 251658240                              {pd product} {ergonomic}
     bool SegmentedCodeCache                       = true                                      {product} {ergonomic}
   size_t SoftMaxHeapSize                          = 1570766848                             {manageable} {ergonomic}
     bool UseCompressedClassPointers               = true                           {product lp64_product} {ergonomic}
     bool UseCompressedOops                        = true                           {product lp64_product} {ergonomic}
     bool UseG1GC                                  = true                                      {product} {ergonomic}
     bool UseLargePagesIndividualAllocation        = false                                  {pd product} {ergonomic}

Logging:
Log output configuration:
 #0: stdout all=warning uptime,level,tags
 #1: stderr all=off uptime,level,tags

Environment Variables:
JAVA_HOME=C:\Users\Lenovo\Downloads\jdk-17_windows-x64_bin.exe
PATH=C:\Program Files (x86)\VMware\VMware Workstation\bin\;C:\Program Files\Common Files\Oracle\Java\javapath;C:\WINDOWS\system32;C:\WINDOWS;C:\WINDOWS\System32\Wbem;C:\WINDOWS\System32\WindowsPowerShell\v1.0\;C:\WINDOWS\System32\OpenSSH\;C:\Program Files\Java\jdk-17\bin;C:\Program Files\Git\cmd;C:\Program Files\nodejs\;C:\Users\Lenovo\AppData\Local\Microsoft\WindowsApps;C:\Users\Lenovo\AppData\Local\Programs\Microsoft VS Code\bin;C:\Program Files\JetBrains\IntelliJ IDEA Community Edition 2024.3.5\bin;;C:\Users\Lenovo\AppData\Local\GitHubDesktop\bin;C:\Users\Lenovo\AppData\Roaming\npm;D:\cursor\resources\app\bin
USERNAME=Lenovo
OS=Windows_NT
PROCESSOR_IDENTIFIER=AMD64 Family 23 Model 104 Stepping 1, AuthenticAMD



---------------  S Y S T E M  ---------------

OS:
 Windows 11 , 64 bit Build 26100 (10.0.26100.4484)
OS uptime: 3 days 23:41 hours

CPU: total 12 (initial active 12) (12 cores per cpu, 2 threads per core) family 23 model 104 stepping 1 microcode 0x8608103, cx8, cmov, fxsr, ht, mmx, 3dnowpref, sse, sse2, sse3, ssse3, sse4a, sse4.1, sse4.2, popcnt, lzcnt, tsc, tscinvbit, avx, avx2, aes, clmul, bmi1, bmi2, adx, sha, fma, vzeroupper, clflush, clflushopt

Memory: 4k page, system-wide physical 5989M (1014M free)
TotalPageFile size 24421M (AvailPageFile size 5M)
current process WorkingSet (physical memory assigned to process): 386M, peak: 432M
current process commit charge ("private bytes"): 538M, peak: 547M

vm_info: Java HotSpot(TM) 64-Bit Server VM (17.0.12+8-LTS-286) for windows-amd64 JRE (17.0.12+8-LTS-286), built on Jun  5 2024 06:46:59 by "mach5one" with MS VC++ 17.6 (VS2022)

END.
