#
# There is insufficient memory for the Java Runtime Environment to continue.
# Native memory allocation (mmap) failed to map 123731968 bytes for G1 virtual space
# Possible reasons:
#   The system is out of physical RAM or swap space
#   The process is running with CompressedOops enabled, and the Java Heap may be blocking the growth of the native heap
# Possible solutions:
#   Reduce memory load on the system
#   Increase physical memory or swap space
#   Check if swap backing store is full
#   Decrease Java heap size (-Xmx/-Xms)
#   Decrease number of Java threads
#   Decrease Java thread stack sizes (-Xss)
#   Set larger code cache with -XX:ReservedCodeCacheSize=
#   JVM is running with Unscaled Compressed Oops mode in which the Java heap is
#     placed in the first 4GB address space. The Java Heap base address is the
#     maximum limit for the native heap growth. Please use -XX:HeapBaseMinAddress
#     to set the Java Heap base and to place the Java Heap above 4GB virtual address.
# This output file may be truncated or incomplete.
#
#  Out of Memory Error (os_windows.cpp:3548), pid=20300, tid=24276
#
# JRE version: Java(TM) SE Runtime Environment (17.0.12+8) (build 17.0.12+8-LTS-286)
# Java VM: Java HotSpot(TM) 64-Bit Server VM (17.0.12+8-LTS-286, mixed mode, sharing, tiered, compressed oops, compressed class ptrs, g1 gc, windows-amd64)
# No core dump will be written. Minidumps are not enabled by default on client versions of Windows
#

---------------  S U M M A R Y ------------

Command Line: -javaagent:C:\Program Files\JetBrains\IntelliJ IDEA Community Edition 2024.3.5\lib\idea_rt.jar=55601 -Dfile.encoding=UTF-8 com.maven.OnlineShoppingSB.OnlineShoppingSbApplication

Host: AMD Ryzen 5 5500U with Radeon Graphics         , 12 cores, 5G,  Windows 11 , 64 bit Build 26100 (10.0.26100.4202)
Time: Sun Jun 29 12:20:48 2025 Myanmar Standard Time elapsed time: 630.995108 seconds (0d 0h 10m 30s)

---------------  T H R E A D  ---------------

Current thread (0x0000021eb86a41c0):  VMThread "VM Thread" [stack: 0x000000b60cc00000,0x000000b60cd00000] [id=24276]

Stack: [0x000000b60cc00000,0x000000b60cd00000]
Native frames: (J=compiled Java code, j=interpreted, Vv=VM code, C=native code)
V  [jvm.dll+0x67a04a]
V  [jvm.dll+0x7da4ed]
V  [jvm.dll+0x7dbe33]
V  [jvm.dll+0x7dc4a3]
V  [jvm.dll+0x24508f]
V  [jvm.dll+0x677089]
V  [jvm.dll+0x66bd32]
V  [jvm.dll+0x301fa6]
V  [jvm.dll+0x309546]
V  [jvm.dll+0x359d2e]
V  [jvm.dll+0x359f5f]
V  [jvm.dll+0x2d9078]
V  [jvm.dll+0x2d74ad]
V  [jvm.dll+0x2d6afc]
V  [jvm.dll+0x31a65b]
V  [jvm.dll+0x7e0d9b]
V  [jvm.dll+0x7e1ad4]
V  [jvm.dll+0x7e1fed]
V  [jvm.dll+0x7e23c4]
V  [jvm.dll+0x7e2490]
V  [jvm.dll+0x78abea]
V  [jvm.dll+0x678f35]
C  [ucrtbase.dll+0x37b0]
C  [KERNEL32.DLL+0x2e8d7]
C  [ntdll.dll+0x3c34c]

VM_Operation (0x000000b60eff7f60): G1CollectForAllocation, mode: safepoint, requested by thread 0x0000021efe251940


---------------  P R O C E S S  ---------------

Threads class SMR info:
_java_thread_list=0x0000021e8292fac0, length=32, elements={
0x0000021e990e51b0, 0x0000021e990e60e0, 0x0000021e990e3860, 0x0000021e990e5bd0,
0x0000021e990e4790, 0x0000021e990e56c0, 0x0000021eb86cb1b0, 0x0000021eb86cbc60,
0x0000021e990e2930, 0x0000021e990e3d70, 0x0000021e990e4280, 0x0000021efe252d80,
0x0000021efe252360, 0x0000021efe250a10, 0x0000021efe253290, 0x0000021efe253cb0,
0x0000021efe251e50, 0x0000021efe251430, 0x0000021efe2541c0, 0x0000021efe251940,
0x0000021efe255600, 0x0000021efe256f50, 0x0000021efe256020, 0x0000021efe257460,
0x0000021efe2546d0, 0x0000021efe254be0, 0x0000021efe256530, 0x0000021efe2550f0,
0x0000021efe255b10, 0x0000021efe256a40, 0x0000021efea26ba0, 0x0000021efea280e0
}

Java Threads: ( => current thread )
  0x0000021e990e51b0 JavaThread "Reference Handler" daemon [_thread_blocked, id=11060, stack(0x000000b60cd00000,0x000000b60ce00000)]
  0x0000021e990e60e0 JavaThread "Finalizer" daemon [_thread_blocked, id=18552, stack(0x000000b60ce00000,0x000000b60cf00000)]
  0x0000021e990e3860 JavaThread "Signal Dispatcher" daemon [_thread_blocked, id=1552, stack(0x000000b60cf00000,0x000000b60d000000)]
  0x0000021e990e5bd0 JavaThread "Attach Listener" daemon [_thread_blocked, id=15572, stack(0x000000b60d000000,0x000000b60d100000)]
  0x0000021e990e4790 JavaThread "Service Thread" daemon [_thread_blocked, id=12080, stack(0x000000b60d100000,0x000000b60d200000)]
  0x0000021e990e56c0 JavaThread "Monitor Deflation Thread" daemon [_thread_blocked, id=27464, stack(0x000000b60d200000,0x000000b60d300000)]
  0x0000021eb86cb1b0 JavaThread "C2 CompilerThread0" daemon [_thread_blocked, id=8120, stack(0x000000b60d300000,0x000000b60d400000)]
  0x0000021eb86cbc60 JavaThread "C1 CompilerThread0" daemon [_thread_blocked, id=21796, stack(0x000000b60d400000,0x000000b60d500000)]
  0x0000021e990e2930 JavaThread "Sweeper thread" daemon [_thread_blocked, id=18748, stack(0x000000b60d500000,0x000000b60d600000)]
  0x0000021e990e3d70 JavaThread "Common-Cleaner" daemon [_thread_blocked, id=11236, stack(0x000000b60d600000,0x000000b60d700000)]
  0x0000021e990e4280 JavaThread "Monitor Ctrl-Break" daemon [_thread_in_native, id=13128, stack(0x000000b60d800000,0x000000b60d900000)]
  0x0000021efe252d80 JavaThread "Notification Thread" daemon [_thread_blocked, id=21364, stack(0x000000b60d900000,0x000000b60da00000)]
  0x0000021efe252360 JavaThread "mysql-cj-abandoned-connection-cleanup" daemon [_thread_blocked, id=5196, stack(0x000000b60e600000,0x000000b60e700000)]
  0x0000021efe250a10 JavaThread "HikariPool-1 housekeeper" daemon [_thread_blocked, id=29704, stack(0x000000b60e800000,0x000000b60e900000)]
  0x0000021efe253290 JavaThread "Catalina-utility-1" [_thread_blocked, id=29080, stack(0x000000b60ea00000,0x000000b60eb00000)]
  0x0000021efe253cb0 JavaThread "Catalina-utility-2" [_thread_blocked, id=19580, stack(0x000000b60eb00000,0x000000b60ec00000)]
  0x0000021efe251e50 JavaThread "container-0" [_thread_blocked, id=24508, stack(0x000000b60ec00000,0x000000b60ed00000)]
  0x0000021efe251430 JavaThread "http-nio-8080-exec-1" daemon [_thread_blocked, id=24872, stack(0x000000b60ed00000,0x000000b60ee00000)]
  0x0000021efe2541c0 JavaThread "http-nio-8080-exec-2" daemon [_thread_blocked, id=3788, stack(0x000000b60ee00000,0x000000b60ef00000)]
  0x0000021efe251940 JavaThread "http-nio-8080-exec-3" daemon [_thread_blocked, id=25480, stack(0x000000b60ef00000,0x000000b60f000000)]
  0x0000021efe255600 JavaThread "http-nio-8080-exec-4" daemon [_thread_blocked, id=24940, stack(0x000000b60f000000,0x000000b60f100000)]
  0x0000021efe256f50 JavaThread "http-nio-8080-exec-5" daemon [_thread_blocked, id=28448, stack(0x000000b60f100000,0x000000b60f200000)]
  0x0000021efe256020 JavaThread "http-nio-8080-exec-6" daemon [_thread_blocked, id=14680, stack(0x000000b60f200000,0x000000b60f300000)]
  0x0000021efe257460 JavaThread "http-nio-8080-exec-7" daemon [_thread_blocked, id=24624, stack(0x000000b60f300000,0x000000b60f400000)]
  0x0000021efe2546d0 JavaThread "http-nio-8080-exec-8" daemon [_thread_blocked, id=21788, stack(0x000000b60f400000,0x000000b60f500000)]
  0x0000021efe254be0 JavaThread "http-nio-8080-exec-9" daemon [_thread_blocked, id=25496, stack(0x000000b60f500000,0x000000b60f600000)]
  0x0000021efe256530 JavaThread "http-nio-8080-exec-10" daemon [_thread_blocked, id=6400, stack(0x000000b60f600000,0x000000b60f700000)]
  0x0000021efe2550f0 JavaThread "http-nio-8080-Poller" daemon [_thread_blocked, id=21508, stack(0x000000b60f700000,0x000000b60f800000)]
  0x0000021efe255b10 JavaThread "http-nio-8080-Acceptor" daemon [_thread_in_native, id=7968, stack(0x000000b60f800000,0x000000b60f900000)]
  0x0000021efe256a40 JavaThread "DestroyJavaVM" [_thread_blocked, id=25760, stack(0x000000b60c600000,0x000000b60c700000)]
  0x0000021efea26ba0 JavaThread "C2 CompilerThread1" daemon [_thread_blocked, id=7104, stack(0x000000b60d700000,0x000000b60d800000)]
  0x0000021efea280e0 JavaThread "C2 CompilerThread2" daemon [_thread_blocked, id=13844, stack(0x000000b60e700000,0x000000b60e800000)]

Other Threads:
=>0x0000021eb86a41c0 VMThread "VM Thread" [stack: 0x000000b60cc00000,0x000000b60cd00000] [id=24276]
  0x0000021e9b53a1d0 WatcherThread [stack: 0x000000b60da00000,0x000000b60db00000] [id=27764]
  0x0000021e9b51d210 GCTaskThread "GC Thread#0" [stack: 0x000000b60c700000,0x000000b60c800000] [id=10272]
  0x0000021efe5b09f0 GCTaskThread "GC Thread#1" [stack: 0x000000b60db00000,0x000000b60dc00000] [id=11056]
  0x0000021efe711fb0 GCTaskThread "GC Thread#2" [stack: 0x000000b60dc00000,0x000000b60dd00000] [id=30620]
  0x0000021efe712270 GCTaskThread "GC Thread#3" [stack: 0x000000b60dd00000,0x000000b60de00000] [id=3140]
  0x0000021efe7a0070 GCTaskThread "GC Thread#4" [stack: 0x000000b60de00000,0x000000b60df00000] [id=18272]
  0x0000021efed74ca0 GCTaskThread "GC Thread#5" [stack: 0x000000b60e000000,0x000000b60e100000] [id=4780]
  0x0000021efed7c940 GCTaskThread "GC Thread#6" [stack: 0x000000b60e100000,0x000000b60e200000] [id=10312]
  0x0000021efe9903c0 GCTaskThread "GC Thread#7" [stack: 0x000000b60e200000,0x000000b60e300000] [id=5364]
  0x0000021efec83fa0 GCTaskThread "GC Thread#8" [stack: 0x000000b60df00000,0x000000b60e000000] [id=24804]
  0x0000021efea8ca40 GCTaskThread "GC Thread#9" [stack: 0x000000b60e300000,0x000000b60e400000] [id=6356]
  0x0000021e9b529ca0 ConcurrentGCThread "G1 Main Marker" [stack: 0x000000b60c800000,0x000000b60c900000] [id=30712]
  0x0000021e9b52b380 ConcurrentGCThread "G1 Conc#0" [stack: 0x000000b60c900000,0x000000b60ca00000] [id=30380]
  0x0000021efeb9c170 ConcurrentGCThread "G1 Conc#1" [stack: 0x000000b60e400000,0x000000b60e500000] [id=22324]
  0x0000021efeb9ae30 ConcurrentGCThread "G1 Conc#2" [stack: 0x000000b60e500000,0x000000b60e600000] [id=14200]
  0x0000021e9b58d6e0 ConcurrentGCThread "G1 Refine#0" [stack: 0x000000b60ca00000,0x000000b60cb00000] [id=19092]
  0x0000021e9b58e110 ConcurrentGCThread "G1 Service" [stack: 0x000000b60cb00000,0x000000b60cc00000] [id=29792]

Threads with active compile tasks:
C2 CompilerThread0   631043 11660       4       org.modelmapper.convention.InexactMatcher::matchSourceClass (47 bytes)
C2 CompilerThread1   631043 11665       4       org.modelmapper.internal.PropertyNameInfoImpl::pushSourcePropertyType (99 bytes)
C2 CompilerThread2   631043 11668       4       org.modelmapper.convention.StandardMatchingStrategy$Matcher::match (160 bytes)

VM state: at safepoint (normal execution)

VM Mutex/Monitor currently owned by a thread:  ([mutex/lock_event])
[0x0000021e9b4cf2a0] Threads_lock - owner thread: 0x0000021eb86a41c0
[0x0000021e9b4cf600] Heap_lock - owner thread: 0x0000021efe251940

Heap address: 0x00000000a2600000, size: 1498 MB, Compressed Oops mode: 32-bit

CDS archive(s) mapped at: [0x0000021eb9000000-0x0000021eb9bd0000-0x0000021eb9bd0000), size 12386304, SharedBaseAddress: 0x0000021eb9000000, ArchiveRelocationMode: 1.
Compressed class space mapped at: 0x0000021eba000000-0x0000021efa000000, reserved size: 1073741824
Narrow klass base: 0x0000021eb9000000, Narrow klass shift: 0, Narrow klass range: 0x100000000

GC Precious Log:
 CPUs: 12 total, 12 available
 Memory: 5989M
 Large Page Support: Disabled
 NUMA Support: Disabled
 Compressed Oops: Enabled (32-bit)
 Heap Region Size: 1M
 Heap Min Capacity: 8M
 Heap Initial Capacity: 94M
 Heap Max Capacity: 1498M
 Pre-touch: Disabled
 Parallel Workers: 10
 Concurrent Workers: 3
 Concurrent Refinement Workers: 10
 Periodic GC: Disabled

Heap:
 garbage-first heap   total 120832K, used 50040K [0x00000000a2600000, 0x0000000100000000)
  region size 1024K, 4 young (4096K), 4 survivors (4096K)
 Metaspace       used 89996K, committed 90880K, reserved 1179648K
  class space    used 12246K, committed 12672K, reserved 1048576K

Heap Regions: E=young(eden), S=young(survivor), O=old, HS=humongous(starts), HC=humongous(continues), CS=collection set, F=free, OA=open archive, CA=closed archive, TAMS=top-at-mark-start (previous, next)
|   0|0x00000000a2600000, 0x00000000a2700000, 0x00000000a2700000|100%|HS|  |TAMS 0x00000000a2700000, 0x00000000a2600000| Complete 
|   1|0x00000000a2700000, 0x00000000a2800000, 0x00000000a2800000|100%|HS|  |TAMS 0x00000000a2800000, 0x00000000a2700000| Complete 
|   2|0x00000000a2800000, 0x00000000a2900000, 0x00000000a2900000|100%|HS|  |TAMS 0x00000000a2900000, 0x00000000a2800000| Complete 
|   3|0x00000000a2900000, 0x00000000a2a00000, 0x00000000a2a00000|100%| O|  |TAMS 0x00000000a2a00000, 0x00000000a2900000| Untracked 
|   4|0x00000000a2a00000, 0x00000000a2b00000, 0x00000000a2b00000|100%| O|  |TAMS 0x00000000a2b00000, 0x00000000a2a00000| Untracked 
|   5|0x00000000a2b00000, 0x00000000a2c00000, 0x00000000a2c00000|100%| O|  |TAMS 0x00000000a2c00000, 0x00000000a2b00000| Untracked 
|   6|0x00000000a2c00000, 0x00000000a2d00000, 0x00000000a2d00000|100%| O|  |TAMS 0x00000000a2d00000, 0x00000000a2c00000| Untracked 
|   7|0x00000000a2d00000, 0x00000000a2e00000, 0x00000000a2e00000|100%| O|  |TAMS 0x00000000a2e00000, 0x00000000a2d00000| Untracked 
|   8|0x00000000a2e00000, 0x00000000a2f00000, 0x00000000a2f00000|100%| O|  |TAMS 0x00000000a2f00000, 0x00000000a2e00000| Untracked 
|   9|0x00000000a2f00000, 0x00000000a3000000, 0x00000000a3000000|100%| O|  |TAMS 0x00000000a3000000, 0x00000000a2f00000| Untracked 
|  10|0x00000000a3000000, 0x00000000a3100000, 0x00000000a3100000|100%| O|  |TAMS 0x00000000a3100000, 0x00000000a3000000| Untracked 
|  11|0x00000000a3100000, 0x00000000a3200000, 0x00000000a3200000|100%| O|  |TAMS 0x00000000a3200000, 0x00000000a3100000| Untracked 
|  12|0x00000000a3200000, 0x00000000a3300000, 0x00000000a3300000|100%| O|  |TAMS 0x00000000a3300000, 0x00000000a3200000| Untracked 
|  13|0x00000000a3300000, 0x00000000a3400000, 0x00000000a3400000|100%| O|  |TAMS 0x00000000a3400000, 0x00000000a3300000| Untracked 
|  14|0x00000000a3400000, 0x00000000a3500000, 0x00000000a3500000|100%| O|  |TAMS 0x00000000a3500000, 0x00000000a3400000| Untracked 
|  15|0x00000000a3500000, 0x00000000a3600000, 0x00000000a3600000|100%| O|  |TAMS 0x00000000a3600000, 0x00000000a3500000| Untracked 
|  16|0x00000000a3600000, 0x00000000a36ddc00, 0x00000000a3700000| 86%| O|  |TAMS 0x00000000a36ddc00, 0x00000000a3600000| Untracked 
|  17|0x00000000a3700000, 0x00000000a3800000, 0x00000000a3800000|100%| O|  |TAMS 0x00000000a3800000, 0x00000000a3700000| Untracked 
|  18|0x00000000a3800000, 0x00000000a3900000, 0x00000000a3900000|100%| O|  |TAMS 0x00000000a3900000, 0x00000000a3800000| Untracked 
|  19|0x00000000a3900000, 0x00000000a3a00000, 0x00000000a3a00000|100%| O|  |TAMS 0x00000000a3a00000, 0x00000000a3900000| Untracked 
|  20|0x00000000a3a00000, 0x00000000a3b00000, 0x00000000a3b00000|100%| O|  |TAMS 0x00000000a3b00000, 0x00000000a3a00000| Untracked 
|  21|0x00000000a3b00000, 0x00000000a3c00000, 0x00000000a3c00000|100%| O|  |TAMS 0x00000000a3c00000, 0x00000000a3b00000| Untracked 
|  22|0x00000000a3c00000, 0x00000000a3d00000, 0x00000000a3d00000|100%| O|  |TAMS 0x00000000a3d00000, 0x00000000a3c00000| Untracked 
|  23|0x00000000a3d00000, 0x00000000a3e00000, 0x00000000a3e00000|100%| O|  |TAMS 0x00000000a3e00000, 0x00000000a3d00000| Untracked 
|  24|0x00000000a3e00000, 0x00000000a3f00000, 0x00000000a3f00000|100%| O|  |TAMS 0x00000000a3f00000, 0x00000000a3e00000| Untracked 
|  25|0x00000000a3f00000, 0x00000000a4000000, 0x00000000a4000000|100%| O|  |TAMS 0x00000000a4000000, 0x00000000a3f00000| Untracked 
|  26|0x00000000a4000000, 0x00000000a4100000, 0x00000000a4100000|100%| O|  |TAMS 0x00000000a4100000, 0x00000000a4000000| Untracked 
|  27|0x00000000a4100000, 0x00000000a4200000, 0x00000000a4200000|100%| O|  |TAMS 0x00000000a41afe00, 0x00000000a4100000| Untracked 
|  28|0x00000000a4200000, 0x00000000a4300000, 0x00000000a4300000|100%| O|  |TAMS 0x00000000a4200000, 0x00000000a4200000| Untracked 
|  29|0x00000000a4300000, 0x00000000a4400000, 0x00000000a4400000|100%| O|  |TAMS 0x00000000a4300000, 0x00000000a4300000| Untracked 
|  30|0x00000000a4400000, 0x00000000a4500000, 0x00000000a4500000|100%| O|  |TAMS 0x00000000a4400000, 0x00000000a4400000| Untracked 
|  31|0x00000000a4500000, 0x00000000a4600000, 0x00000000a4600000|100%| O|  |TAMS 0x00000000a4500000, 0x00000000a4500000| Untracked 
|  32|0x00000000a4600000, 0x00000000a4700000, 0x00000000a4700000|100%| O|  |TAMS 0x00000000a4600000, 0x00000000a4600000| Untracked 
|  33|0x00000000a4700000, 0x00000000a4800000, 0x00000000a4800000|100%| O|  |TAMS 0x00000000a4700000, 0x00000000a4700000| Untracked 
|  34|0x00000000a4800000, 0x00000000a4900000, 0x00000000a4900000|100%| O|  |TAMS 0x00000000a4800000, 0x00000000a4800000| Untracked 
|  35|0x00000000a4900000, 0x00000000a4a00000, 0x00000000a4a00000|100%| O|  |TAMS 0x00000000a4900000, 0x00000000a4900000| Untracked 
|  36|0x00000000a4a00000, 0x00000000a4b00000, 0x00000000a4b00000|100%| O|  |TAMS 0x00000000a4a00000, 0x00000000a4a00000| Untracked 
|  37|0x00000000a4b00000, 0x00000000a4c00000, 0x00000000a4c00000|100%| O|  |TAMS 0x00000000a4b00000, 0x00000000a4b00000| Untracked 
|  38|0x00000000a4c00000, 0x00000000a4d00000, 0x00000000a4d00000|100%| O|  |TAMS 0x00000000a4c00000, 0x00000000a4c00000| Untracked 
|  39|0x00000000a4d00000, 0x00000000a4e00000, 0x00000000a4e00000|100%| O|  |TAMS 0x00000000a4d00000, 0x00000000a4d00000| Untracked 
|  40|0x00000000a4e00000, 0x00000000a4f00000, 0x00000000a4f00000|100%| O|  |TAMS 0x00000000a4e00000, 0x00000000a4e00000| Untracked 
|  41|0x00000000a4f00000, 0x00000000a5000000, 0x00000000a5000000|100%| O|  |TAMS 0x00000000a4f00000, 0x00000000a4f00000| Untracked 
|  42|0x00000000a5000000, 0x00000000a5100000, 0x00000000a5100000|100%| O|  |TAMS 0x00000000a5000000, 0x00000000a5000000| Untracked 
|  43|0x00000000a5100000, 0x00000000a5200000, 0x00000000a5200000|100%| O|  |TAMS 0x00000000a5100000, 0x00000000a5100000| Untracked 
|  44|0x00000000a5200000, 0x00000000a5300000, 0x00000000a5300000|100%| O|  |TAMS 0x00000000a5200000, 0x00000000a5200000| Untracked 
|  45|0x00000000a5300000, 0x00000000a5313400, 0x00000000a5400000|  7%| O|  |TAMS 0x00000000a5300000, 0x00000000a5300000| Untracked 
|  46|0x00000000a5400000, 0x00000000a5400000, 0x00000000a5500000|  0%| F|  |TAMS 0x00000000a5400000, 0x00000000a5400000| Untracked 
|  47|0x00000000a5500000, 0x00000000a5500000, 0x00000000a5600000|  0%| F|  |TAMS 0x00000000a5500000, 0x00000000a5500000| Untracked 
|  48|0x00000000a5600000, 0x00000000a5600000, 0x00000000a5700000|  0%| F|  |TAMS 0x00000000a5600000, 0x00000000a5600000| Untracked 
|  49|0x00000000a5700000, 0x00000000a5700000, 0x00000000a5800000|  0%| F|  |TAMS 0x00000000a5700000, 0x00000000a5700000| Untracked 
|  50|0x00000000a5800000, 0x00000000a5800000, 0x00000000a5900000|  0%| F|  |TAMS 0x00000000a5800000, 0x00000000a5800000| Untracked 
|  51|0x00000000a5900000, 0x00000000a5900000, 0x00000000a5a00000|  0%| F|  |TAMS 0x00000000a5900000, 0x00000000a5900000| Untracked 
|  52|0x00000000a5a00000, 0x00000000a5a00000, 0x00000000a5b00000|  0%| F|  |TAMS 0x00000000a5a00000, 0x00000000a5a00000| Untracked 
|  53|0x00000000a5b00000, 0x00000000a5b00000, 0x00000000a5c00000|  0%| F|  |TAMS 0x00000000a5b00000, 0x00000000a5b00000| Untracked 
|  54|0x00000000a5c00000, 0x00000000a5c00000, 0x00000000a5d00000|  0%| F|  |TAMS 0x00000000a5c00000, 0x00000000a5c00000| Untracked 
|  55|0x00000000a5d00000, 0x00000000a5d00000, 0x00000000a5e00000|  0%| F|  |TAMS 0x00000000a5d00000, 0x00000000a5d00000| Untracked 
|  56|0x00000000a5e00000, 0x00000000a5e00000, 0x00000000a5f00000|  0%| F|  |TAMS 0x00000000a5e00000, 0x00000000a5e00000| Untracked 
|  57|0x00000000a5f00000, 0x00000000a5f00000, 0x00000000a6000000|  0%| F|  |TAMS 0x00000000a5f00000, 0x00000000a5f00000| Untracked 
|  58|0x00000000a6000000, 0x00000000a60ed358, 0x00000000a6100000| 92%| S|CS|TAMS 0x00000000a6000000, 0x00000000a6000000| Complete 
|  59|0x00000000a6100000, 0x00000000a6200000, 0x00000000a6200000|100%| S|CS|TAMS 0x00000000a6100000, 0x00000000a6100000| Complete 
|  60|0x00000000a6200000, 0x00000000a6200000, 0x00000000a6300000|  0%| F|  |TAMS 0x00000000a6200000, 0x00000000a6200000| Untracked 
|  61|0x00000000a6300000, 0x00000000a6400000, 0x00000000a6400000|100%| S|CS|TAMS 0x00000000a6300000, 0x00000000a6300000| Complete 
|  62|0x00000000a6400000, 0x00000000a6500000, 0x00000000a6500000|100%| S|CS|TAMS 0x00000000a6400000, 0x00000000a6400000| Complete 
|  63|0x00000000a6500000, 0x00000000a6500000, 0x00000000a6600000|  0%| F|  |TAMS 0x00000000a6500000, 0x00000000a6500000| Untracked 
|  64|0x00000000a6600000, 0x00000000a6600000, 0x00000000a6700000|  0%| F|  |TAMS 0x00000000a6600000, 0x00000000a6600000| Untracked 
|  65|0x00000000a6700000, 0x00000000a6700000, 0x00000000a6800000|  0%| F|  |TAMS 0x00000000a6700000, 0x00000000a6700000| Untracked 
|  66|0x00000000a6800000, 0x00000000a6800000, 0x00000000a6900000|  0%| F|  |TAMS 0x00000000a6800000, 0x00000000a6800000| Untracked 
|  67|0x00000000a6900000, 0x00000000a6900000, 0x00000000a6a00000|  0%| F|  |TAMS 0x00000000a6900000, 0x00000000a6900000| Untracked 
|  68|0x00000000a6a00000, 0x00000000a6a00000, 0x00000000a6b00000|  0%| F|  |TAMS 0x00000000a6a00000, 0x00000000a6a00000| Untracked 
|  69|0x00000000a6b00000, 0x00000000a6b00000, 0x00000000a6c00000|  0%| F|  |TAMS 0x00000000a6b00000, 0x00000000a6b00000| Untracked 
|  70|0x00000000a6c00000, 0x00000000a6c00000, 0x00000000a6d00000|  0%| F|  |TAMS 0x00000000a6c00000, 0x00000000a6c00000| Untracked 
|  71|0x00000000a6d00000, 0x00000000a6d00000, 0x00000000a6e00000|  0%| F|  |TAMS 0x00000000a6d00000, 0x00000000a6d00000| Untracked 
|  72|0x00000000a6e00000, 0x00000000a6e00000, 0x00000000a6f00000|  0%| F|  |TAMS 0x00000000a6e00000, 0x00000000a6e00000| Untracked 
|  73|0x00000000a6f00000, 0x00000000a6f00000, 0x00000000a7000000|  0%| F|  |TAMS 0x00000000a6f00000, 0x00000000a6f00000| Untracked 
|  74|0x00000000a7000000, 0x00000000a7000000, 0x00000000a7100000|  0%| F|  |TAMS 0x00000000a7000000, 0x00000000a7000000| Untracked 
|  75|0x00000000a7100000, 0x00000000a7100000, 0x00000000a7200000|  0%| F|  |TAMS 0x00000000a7100000, 0x00000000a7100000| Untracked 
|  76|0x00000000a7200000, 0x00000000a7200000, 0x00000000a7300000|  0%| F|  |TAMS 0x00000000a7200000, 0x00000000a7200000| Untracked 
|  77|0x00000000a7300000, 0x00000000a7300000, 0x00000000a7400000|  0%| F|  |TAMS 0x00000000a7300000, 0x00000000a7300000| Untracked 
|  78|0x00000000a7400000, 0x00000000a7400000, 0x00000000a7500000|  0%| F|  |TAMS 0x00000000a7400000, 0x00000000a7400000| Untracked 
|  79|0x00000000a7500000, 0x00000000a7500000, 0x00000000a7600000|  0%| F|  |TAMS 0x00000000a7500000, 0x00000000a7500000| Untracked 
|  80|0x00000000a7600000, 0x00000000a7600000, 0x00000000a7700000|  0%| F|  |TAMS 0x00000000a7600000, 0x00000000a7600000| Untracked 
|  81|0x00000000a7700000, 0x00000000a7700000, 0x00000000a7800000|  0%| F|  |TAMS 0x00000000a7700000, 0x00000000a7700000| Untracked 
|  82|0x00000000a7800000, 0x00000000a7800000, 0x00000000a7900000|  0%| F|  |TAMS 0x00000000a7800000, 0x00000000a7800000| Untracked 
|  83|0x00000000a7900000, 0x00000000a7900000, 0x00000000a7a00000|  0%| F|  |TAMS 0x00000000a7900000, 0x00000000a7900000| Untracked 
|  84|0x00000000a7a00000, 0x00000000a7a00000, 0x00000000a7b00000|  0%| F|  |TAMS 0x00000000a7a00000, 0x00000000a7a00000| Untracked 
|  85|0x00000000a7b00000, 0x00000000a7b00000, 0x00000000a7c00000|  0%| F|  |TAMS 0x00000000a7b00000, 0x00000000a7b00000| Untracked 
|  86|0x00000000a7c00000, 0x00000000a7c00000, 0x00000000a7d00000|  0%| F|  |TAMS 0x00000000a7c00000, 0x00000000a7c00000| Untracked 
|  87|0x00000000a7d00000, 0x00000000a7d00000, 0x00000000a7e00000|  0%| F|  |TAMS 0x00000000a7d00000, 0x00000000a7d00000| Untracked 
|  88|0x00000000a7e00000, 0x00000000a7e00000, 0x00000000a7f00000|  0%| F|  |TAMS 0x00000000a7e00000, 0x00000000a7e00000| Untracked 
|  89|0x00000000a7f00000, 0x00000000a7f00000, 0x00000000a8000000|  0%| F|  |TAMS 0x00000000a7f00000, 0x00000000a7f00000| Untracked 
|  90|0x00000000a8000000, 0x00000000a8000000, 0x00000000a8100000|  0%| F|  |TAMS 0x00000000a8000000, 0x00000000a8000000| Untracked 
|  91|0x00000000a8100000, 0x00000000a8100000, 0x00000000a8200000|  0%| F|  |TAMS 0x00000000a8100000, 0x00000000a8100000| Untracked 
|  92|0x00000000a8200000, 0x00000000a8200000, 0x00000000a8300000|  0%| F|  |TAMS 0x00000000a8200000, 0x00000000a8200000| Untracked 
|  93|0x00000000a8300000, 0x00000000a8300000, 0x00000000a8400000|  0%| F|  |TAMS 0x00000000a8300000, 0x00000000a8300000| Untracked 
|  94|0x00000000a8400000, 0x00000000a8400000, 0x00000000a8500000|  0%| F|  |TAMS 0x00000000a8400000, 0x00000000a8400000| Untracked 
|  95|0x00000000a8500000, 0x00000000a8500000, 0x00000000a8600000|  0%| F|  |TAMS 0x00000000a8500000, 0x00000000a8500000| Untracked 
|  96|0x00000000a8600000, 0x00000000a8600000, 0x00000000a8700000|  0%| F|  |TAMS 0x00000000a8600000, 0x00000000a8600000| Untracked 
|  97|0x00000000a8700000, 0x00000000a8700000, 0x00000000a8800000|  0%| F|  |TAMS 0x00000000a8700000, 0x00000000a8700000| Untracked 
|  98|0x00000000a8800000, 0x00000000a8800000, 0x00000000a8900000|  0%| F|  |TAMS 0x00000000a8800000, 0x00000000a8800000| Untracked 
|  99|0x00000000a8900000, 0x00000000a8900000, 0x00000000a8a00000|  0%| F|  |TAMS 0x00000000a8900000, 0x00000000a8900000| Untracked 
| 100|0x00000000a8a00000, 0x00000000a8a00000, 0x00000000a8b00000|  0%| F|  |TAMS 0x00000000a8a00000, 0x00000000a8a00000| Untracked 
| 101|0x00000000a8b00000, 0x00000000a8b00000, 0x00000000a8c00000|  0%| F|  |TAMS 0x00000000a8b00000, 0x00000000a8b00000| Untracked 
| 102|0x00000000a8c00000, 0x00000000a8c00000, 0x00000000a8d00000|  0%| F|  |TAMS 0x00000000a8c00000, 0x00000000a8c00000| Untracked 
| 103|0x00000000a8d00000, 0x00000000a8d00000, 0x00000000a8e00000|  0%| F|  |TAMS 0x00000000a8d00000, 0x00000000a8d00000| Untracked 
| 104|0x00000000a8e00000, 0x00000000a8e00000, 0x00000000a8f00000|  0%| F|  |TAMS 0x00000000a8e00000, 0x00000000a8e00000| Untracked 
| 105|0x00000000a8f00000, 0x00000000a8f00000, 0x00000000a9000000|  0%| F|  |TAMS 0x00000000a8f00000, 0x00000000a8f00000| Untracked 
| 106|0x00000000a9000000, 0x00000000a9000000, 0x00000000a9100000|  0%| F|  |TAMS 0x00000000a9000000, 0x00000000a9000000| Untracked 
| 107|0x00000000a9100000, 0x00000000a9100000, 0x00000000a9200000|  0%| F|  |TAMS 0x00000000a9100000, 0x00000000a9100000| Untracked 
| 108|0x00000000a9200000, 0x00000000a9200000, 0x00000000a9300000|  0%| F|  |TAMS 0x00000000a9200000, 0x00000000a9200000| Untracked 
| 109|0x00000000a9300000, 0x00000000a9300000, 0x00000000a9400000|  0%| F|  |TAMS 0x00000000a9300000, 0x00000000a9300000| Untracked 
| 110|0x00000000a9400000, 0x00000000a9400000, 0x00000000a9500000|  0%| F|  |TAMS 0x00000000a9400000, 0x00000000a9400000| Untracked 
| 111|0x00000000a9500000, 0x00000000a9500000, 0x00000000a9600000|  0%| F|  |TAMS 0x00000000a9500000, 0x00000000a9500000| Untracked 
| 112|0x00000000a9600000, 0x00000000a9600000, 0x00000000a9700000|  0%| F|  |TAMS 0x00000000a9600000, 0x00000000a9600000| Untracked 
| 113|0x00000000a9700000, 0x00000000a9700000, 0x00000000a9800000|  0%| F|  |TAMS 0x00000000a9700000, 0x00000000a9700000| Untracked 
| 114|0x00000000a9800000, 0x00000000a9800000, 0x00000000a9900000|  0%| F|  |TAMS 0x00000000a9800000, 0x00000000a9800000| Untracked 
| 115|0x00000000a9900000, 0x00000000a9900000, 0x00000000a9a00000|  0%| F|  |TAMS 0x00000000a9900000, 0x00000000a9900000| Untracked 
| 116|0x00000000a9a00000, 0x00000000a9a00000, 0x00000000a9b00000|  0%| F|  |TAMS 0x00000000a9a00000, 0x00000000a9a00000| Untracked 
| 117|0x00000000a9b00000, 0x00000000a9b00000, 0x00000000a9c00000|  0%| F|  |TAMS 0x00000000a9b00000, 0x00000000a9b00000| Untracked 

Card table byte_map: [0x0000021eb25d0000,0x0000021eb28c0000] _byte_map_base: 0x0000021eb20bd000

Marking Bits (Prev, Next): (CMBitMap*) 0x0000021e9b51d870, (CMBitMap*) 0x0000021e9b51d830
 Prev Bits: [0x0000021eb4320000, 0x0000021eb5a88000)
 Next Bits: [0x0000021eb2bb0000, 0x0000021eb4318000)

Polling page: 0x0000021e99400000

Metaspace:

Usage:
  Non-class:     75.93 MB used.
      Class:     11.96 MB used.
       Both:     87.89 MB used.

Virtual space:
  Non-class space:      128.00 MB reserved,      76.38 MB ( 60%) committed,  2 nodes.
      Class space:        1.00 GB reserved,      12.38 MB (  1%) committed,  1 nodes.
             Both:        1.12 GB reserved,      88.75 MB (  8%) committed. 

Chunk freelists:
   Non-Class:  3.38 MB
       Class:  3.56 MB
        Both:  6.94 MB

MaxMetaspaceSize: unlimited
CompressedClassSpaceSize: 1.00 GB
Initial GC threshold: 21.00 MB
Current GC threshold: 98.25 MB
CDS: on
MetaspaceReclaimPolicy: balanced
 - commit_granule_bytes: 65536.
 - commit_granule_words: 8192.
 - virtual_space_node_default_size: 8388608.
 - enlarge_chunks_in_place: 1.
 - new_chunks_are_fully_committed: 0.
 - uncommit_free_chunks: 1.
 - use_allocation_guard: 0.
 - handle_deallocations: 1.


Internal statistics:

num_allocs_failed_limit: 9.
num_arena_births: 1428.
num_arena_deaths: 0.
num_vsnodes_births: 3.
num_vsnodes_deaths: 0.
num_space_committed: 1418.
num_space_uncommitted: 0.
num_chunks_returned_to_freelist: 9.
num_chunks_taken_from_freelist: 4834.
num_chunk_merges: 9.
num_chunk_splits: 3394.
num_chunks_enlarged: 2489.
num_inconsistent_stats: 0.

CodeHeap 'non-profiled nmethods': size=120000Kb used=5851Kb max_used=6213Kb free=114148Kb
 bounds [0x0000021eaa850000, 0x0000021eaae70000, 0x0000021eb1d80000]
CodeHeap 'profiled nmethods': size=120000Kb used=18479Kb max_used=18845Kb free=101520Kb
 bounds [0x0000021ea2d80000, 0x0000021ea3ff0000, 0x0000021eaa2b0000]
CodeHeap 'non-nmethods': size=5760Kb used=1412Kb max_used=1449Kb free=4347Kb
 bounds [0x0000021eaa2b0000, 0x0000021eaa520000, 0x0000021eaa850000]
 total_blobs=10819 nmethods=10064 adapters=663
 compilation: enabled
              stopped_count=0, restarted_count=0
 full_count=0

Compilation events (20 events):
Event: 629.189 Thread 0x0000021eb86cbc60 nmethod 11656 0x0000021ea3ab2a10 code [0x0000021ea3ab2e20, 0x0000021ea3ab50c8]
Event: 629.195 Thread 0x0000021eb86cb1b0 11657       4       java.util.LinkedHashMap::entrySet (27 bytes)
Event: 629.198 Thread 0x0000021eb86cb1b0 nmethod 11657 0x0000021eaaa5bf10 code [0x0000021eaaa5c0a0, 0x0000021eaaa5c258]
Event: 629.198 Thread 0x0000021eb86cb1b0 11658       4       org.modelmapper.convention.InexactMatcher::matchSourcePropertyName (71 bytes)
Event: 629.202 Thread 0x0000021eb86cb1b0 nmethod 11658 0x0000021eaaa5b510 code [0x0000021eaaa5b6e0, 0x0000021eaaa5bb28]
Event: 629.205 Thread 0x0000021eb86cb1b0 11659       4       org.modelmapper.convention.InexactMatcher$DestTokensMatcher::match (35 bytes)
Event: 629.207 Thread 0x0000021eb86cb1b0 nmethod 11659 0x0000021eaaa5b110 code [0x0000021eaaa5b280, 0x0000021eaaa5b3f8]
Event: 629.243 Thread 0x0000021eb86cb1b0 11660       4       org.modelmapper.convention.InexactMatcher::matchSourceClass (47 bytes)
Event: 629.252 Thread 0x0000021eb86cbc60 11662       3       sun.reflect.generics.scope.AbstractScope::lookup (66 bytes)
Event: 629.253 Thread 0x0000021eb86cbc60 nmethod 11662 0x0000021ea38d2510 code [0x0000021ea38d2720, 0x0000021ea38d2f28]
Event: 629.255 Thread 0x0000021eb86cbc60 11663       3       java.lang.Class::getSimpleName0 (62 bytes)
Event: 629.257 Thread 0x0000021eb86cbc60 nmethod 11663 0x0000021ea39cd890 code [0x0000021ea39cdc00, 0x0000021ea39ced38]
Event: 629.366 Thread 0x0000021eb86cbc60 11670       3       org.modelmapper.convention.InexactMatcher$TokensIterator::hasNext (22 bytes)
Event: 629.366 Thread 0x0000021eb86cbc60 nmethod 11670 0x0000021ea39cd410 code [0x0000021ea39cd5c0, 0x0000021ea39cd798]
Event: 629.370 Thread 0x0000021efea280e0 11668       4       org.modelmapper.convention.StandardMatchingStrategy$Matcher::match (160 bytes)
Event: 629.370 Thread 0x0000021efea26ba0 11661       4       java.util.LinkedHashMap$LinkedEntrySet::iterator (12 bytes)
Event: 629.373 Thread 0x0000021efea26ba0 nmethod 11661 0x0000021eaaa54290 code [0x0000021eaaa54420, 0x0000021eaaa545d8]
Event: 629.373 Thread 0x0000021efea26ba0 11664       4       org.modelmapper.spi.NameableType::forPropertyType (46 bytes)
Event: 629.373 Thread 0x0000021efea26ba0 nmethod 11664 0x0000021eaaa5ae10 code [0x0000021eaaa5af80, 0x0000021eaaa5b038]
Event: 629.373 Thread 0x0000021efea26ba0 11665       4       org.modelmapper.internal.PropertyNameInfoImpl::pushSourcePropertyType (99 bytes)

GC Heap History (20 events):
Event: 8.411 GC heap after
{Heap after GC invocations=15 (full 0):
 garbage-first heap   total 100352K, used 35473K [0x00000000a2600000, 0x0000000100000000)
  region size 1024K, 5 young (5120K), 5 survivors (5120K)
 Metaspace       used 67699K, committed 68224K, reserved 1114112K
  class space    used 9105K, committed 9344K, reserved 1048576K
}
Event: 8.908 GC heap before
{Heap before GC invocations=15 (full 0):
 garbage-first heap   total 100352K, used 80529K [0x00000000a2600000, 0x0000000100000000)
  region size 1024K, 49 young (50176K), 5 survivors (5120K)
 Metaspace       used 71630K, committed 72192K, reserved 1114112K
  class space    used 9923K, committed 10176K, reserved 1048576K
}
Event: 8.922 GC heap after
{Heap after GC invocations=16 (full 0):
 garbage-first heap   total 100352K, used 38475K [0x00000000a2600000, 0x0000000100000000)
  region size 1024K, 3 young (3072K), 3 survivors (3072K)
 Metaspace       used 71630K, committed 72192K, reserved 1114112K
  class space    used 9923K, committed 10176K, reserved 1048576K
}
Event: 9.671 GC heap before
{Heap before GC invocations=16 (full 0):
 garbage-first heap   total 100352K, used 80459K [0x00000000a2600000, 0x0000000100000000)
  region size 1024K, 45 young (46080K), 3 survivors (3072K)
 Metaspace       used 75055K, committed 75712K, reserved 1114112K
  class space    used 10363K, committed 10688K, reserved 1048576K
}
Event: 9.677 GC heap after
{Heap after GC invocations=17 (full 0):
 garbage-first heap   total 100352K, used 40321K [0x00000000a2600000, 0x0000000100000000)
  region size 1024K, 5 young (5120K), 5 survivors (5120K)
 Metaspace       used 75055K, committed 75712K, reserved 1114112K
  class space    used 10363K, committed 10688K, reserved 1048576K
}
Event: 10.409 GC heap before
{Heap before GC invocations=17 (full 0):
 garbage-first heap   total 100352K, used 81281K [0x00000000a2600000, 0x0000000100000000)
  region size 1024K, 45 young (46080K), 5 survivors (5120K)
 Metaspace       used 78328K, committed 79040K, reserved 1179648K
  class space    used 10730K, committed 11072K, reserved 1048576K
}
Event: 10.417 GC heap after
{Heap after GC invocations=18 (full 0):
 garbage-first heap   total 100352K, used 43501K [0x00000000a2600000, 0x0000000100000000)
  region size 1024K, 6 young (6144K), 6 survivors (6144K)
 Metaspace       used 78328K, committed 79040K, reserved 1179648K
  class space    used 10730K, committed 11072K, reserved 1048576K
}
Event: 250.098 GC heap before
{Heap before GC invocations=18 (full 0):
 garbage-first heap   total 100352K, used 79341K [0x00000000a2600000, 0x0000000100000000)
  region size 1024K, 42 young (43008K), 6 survivors (6144K)
 Metaspace       used 84584K, committed 85184K, reserved 1179648K
  class space    used 11626K, committed 11904K, reserved 1048576K
}
Event: 250.149 GC heap after
{Heap after GC invocations=19 (full 0):
 garbage-first heap   total 120832K, used 46492K [0x00000000a2600000, 0x0000000100000000)
  region size 1024K, 4 young (4096K), 4 survivors (4096K)
 Metaspace       used 84584K, committed 85184K, reserved 1179648K
  class space    used 11626K, committed 11904K, reserved 1048576K
}
Event: 629.280 GC heap before
{Heap before GC invocations=19 (full 0):
 garbage-first heap   total 120832K, used 96668K [0x00000000a2600000, 0x0000000100000000)
  region size 1024K, 53 young (54272K), 4 survivors (4096K)
 Metaspace       used 89963K, committed 90880K, reserved 1179648K
  class space    used 12242K, committed 12672K, reserved 1048576K
}
Event: 629.334 GC heap after
{Heap after GC invocations=20 (full 0):
 garbage-first heap   total 120832K, used 49782K [0x00000000a2600000, 0x0000000100000000)
  region size 1024K, 7 young (7168K), 7 survivors (7168K)
 Metaspace       used 89963K, committed 90880K, reserved 1179648K
  class space    used 12242K, committed 12672K, reserved 1048576K
}
Event: 629.492 GC heap before
{Heap before GC invocations=20 (full 0):
 garbage-first heap   total 120832K, used 96886K [0x00000000a2600000, 0x0000000100000000)
  region size 1024K, 53 young (54272K), 7 survivors (7168K)
 Metaspace       used 89996K, committed 90880K, reserved 1179648K
  class space    used 12246K, committed 12672K, reserved 1048576K
}
Event: 629.509 GC heap after
{Heap after GC invocations=21 (full 0):
 garbage-first heap   total 120832K, used 50116K [0x00000000a2600000, 0x0000000100000000)
  region size 1024K, 4 young (4096K), 4 survivors (4096K)
 Metaspace       used 89996K, committed 90880K, reserved 1179648K
  class space    used 12246K, committed 12672K, reserved 1048576K
}
Event: 629.555 GC heap before
{Heap before GC invocations=21 (full 0):
 garbage-first heap   total 120832K, used 99268K [0x00000000a2600000, 0x0000000100000000)
  region size 1024K, 52 young (53248K), 4 survivors (4096K)
 Metaspace       used 89996K, committed 90880K, reserved 1179648K
  class space    used 12246K, committed 12672K, reserved 1048576K
}
Event: 629.560 GC heap after
{Heap after GC invocations=22 (full 0):
 garbage-first heap   total 120832K, used 49897K [0x00000000a2600000, 0x0000000100000000)
  region size 1024K, 4 young (4096K), 4 survivors (4096K)
 Metaspace       used 89996K, committed 90880K, reserved 1179648K
  class space    used 12246K, committed 12672K, reserved 1048576K
}
Event: 629.608 GC heap before
{Heap before GC invocations=22 (full 0):
 garbage-first heap   total 120832K, used 100073K [0x00000000a2600000, 0x0000000100000000)
  region size 1024K, 53 young (54272K), 4 survivors (4096K)
 Metaspace       used 89996K, committed 90880K, reserved 1179648K
  class space    used 12246K, committed 12672K, reserved 1048576K
}
Event: 629.615 GC heap after
{Heap after GC invocations=23 (full 0):
 garbage-first heap   total 120832K, used 49989K [0x00000000a2600000, 0x0000000100000000)
  region size 1024K, 4 young (4096K), 4 survivors (4096K)
 Metaspace       used 89996K, committed 90880K, reserved 1179648K
  class space    used 12246K, committed 12672K, reserved 1048576K
}
Event: 629.669 GC heap before
{Heap before GC invocations=23 (full 0):
 garbage-first heap   total 120832K, used 101189K [0x00000000a2600000, 0x0000000100000000)
  region size 1024K, 54 young (55296K), 4 survivors (4096K)
 Metaspace       used 89996K, committed 90880K, reserved 1179648K
  class space    used 12246K, committed 12672K, reserved 1048576K
}
Event: 629.677 GC heap after
{Heap after GC invocations=24 (full 0):
 garbage-first heap   total 120832K, used 49869K [0x00000000a2600000, 0x0000000100000000)
  region size 1024K, 4 young (4096K), 4 survivors (4096K)
 Metaspace       used 89996K, committed 90880K, reserved 1179648K
  class space    used 12246K, committed 12672K, reserved 1048576K
}
Event: 629.740 GC heap before
{Heap before GC invocations=24 (full 0):
 garbage-first heap   total 120832K, used 103117K [0x00000000a2600000, 0x0000000100000000)
  region size 1024K, 56 young (57344K), 4 survivors (4096K)
 Metaspace       used 89996K, committed 90880K, reserved 1179648K
  class space    used 12246K, committed 12672K, reserved 1048576K
}

Deoptimization events (20 events):
Event: 608.198 Thread 0x0000021efe2541c0 Uncommon trap: trap_request=0xffffff45 fr.pc=0x0000021eaabe6b68 relative=0x0000000000000908
Event: 608.198 Thread 0x0000021efe2541c0 Uncommon trap: reason=unstable_if action=reinterpret pc=0x0000021eaabe6b68 method=java.util.concurrent.ConcurrentHashMap.replaceNode(Ljava/lang/Object;Ljava/lang/Object;Ljava/lang/Object;)Ljava/lang/Object; @ 99 c2
Event: 608.199 Thread 0x0000021efe2541c0 DEOPT PACKING pc=0x0000021eaabe6b68 sp=0x000000b60eeff180
Event: 608.200 Thread 0x0000021efe2541c0 DEOPT UNPACKING pc=0x0000021eaa3023a3 sp=0x000000b60eeff0f8 mode 2
Event: 628.976 Thread 0x0000021efe251940 Uncommon trap: trap_request=0xffffff45 fr.pc=0x0000021eaae3d7f4 relative=0x0000000000000074
Event: 628.976 Thread 0x0000021efe251940 Uncommon trap: reason=unstable_if action=reinterpret pc=0x0000021eaae3d7f4 method=java.util.regex.Pattern.inRange(III)Z @ 2 c2
Event: 628.976 Thread 0x0000021efe251940 DEOPT PACKING pc=0x0000021eaae3d7f4 sp=0x000000b60eff8e70
Event: 628.976 Thread 0x0000021efe251940 DEOPT UNPACKING pc=0x0000021eaa3023a3 sp=0x000000b60eff8d18 mode 2
Event: 628.976 Thread 0x0000021efe251940 Uncommon trap: trap_request=0xffffff45 fr.pc=0x0000021eaaa7766c relative=0x000000000000014c
Event: 628.976 Thread 0x0000021efe251940 Uncommon trap: reason=unstable_if action=reinterpret pc=0x0000021eaaa7766c method=java.util.regex.Pattern.inRange(III)Z @ 2 c2
Event: 628.976 Thread 0x0000021efe251940 DEOPT PACKING pc=0x0000021eaaa7766c sp=0x000000b60eff8e70
Event: 628.977 Thread 0x0000021efe251940 DEOPT UNPACKING pc=0x0000021eaa3023a3 sp=0x000000b60eff8c40 mode 2
Event: 629.051 Thread 0x0000021efe251940 Uncommon trap: trap_request=0xffffff45 fr.pc=0x0000021eaaa61c64 relative=0x0000000000000fc4
Event: 629.051 Thread 0x0000021efe251940 Uncommon trap: reason=unstable_if action=reinterpret pc=0x0000021eaaa61c64 method=org.modelmapper.convention.InexactMatcher.matchTokens(Lorg/modelmapper/spi/Tokens;Lorg/modelmapper/spi/Tokens;I)I @ 86 c2
Event: 629.051 Thread 0x0000021efe251940 DEOPT PACKING pc=0x0000021eaaa61c64 sp=0x000000b60eff86e0
Event: 629.051 Thread 0x0000021efe251940 DEOPT UNPACKING pc=0x0000021eaa3023a3 sp=0x000000b60eff8690 mode 2
Event: 629.273 Thread 0x0000021efe251940 Uncommon trap: trap_request=0xffffffde fr.pc=0x0000021eaaa3db94 relative=0x00000000000006b4
Event: 629.273 Thread 0x0000021efe251940 Uncommon trap: reason=class_check action=maybe_recompile pc=0x0000021eaaa3db94 method=java.lang.ClassLoader.definePackage(Ljava/lang/String;Ljava/lang/Module;)Ljava/lang/Package; @ 50 c2
Event: 629.273 Thread 0x0000021efe251940 DEOPT PACKING pc=0x0000021eaaa3db94 sp=0x000000b60eff8620
Event: 629.273 Thread 0x0000021efe251940 DEOPT UNPACKING pc=0x0000021eaa3023a3 sp=0x000000b60eff85d0 mode 2

Classes unloaded (0 events):
No events

Classes redefined (0 events):
No events

Internal exceptions (20 events):
Event: 250.162 Thread 0x0000021efe256f50 Exception <a 'java/lang/NoSuchMethodError'{0x00000000a9b905a8}: 'java.lang.Object java.lang.invoke.DelegatingMethodHandle$Holder.reinvoke_L(java.lang.Object, long, java.lang.Object, java.lang.Object, java.lang.Object, java.lang.Object, java.lang.Object, java.lang.Object, java.lang.Object, java.lang.Object, java.lang.Object)'> (0x00000000a9b905a8) 
thrown [s\open\src\hotspot\share\interpreter\linkResolver.cpp, line 759]
Event: 250.166 Thread 0x0000021efe256f50 Exception <a 'java/lang/NoSuchMethodError'{0x00000000a9bbe7f8}: 'java.lang.Object java.lang.invoke.Invokers$Holder.linkToTargetMethod(java.lang.Object, java.lang.Object, java.lang.Object, java.lang.Object, java.lang.Object, java.lang.Object, java.lang.Object, java.lang.Object, java.lang.Object, java.lang.Object)'> (0x00000000a9bbe7f8) 
thrown [s\open\src\hotspot\share\interpreter\linkResolver.cpp, line 759]
Event: 261.098 Thread 0x0000021efe256f50 Exception <a 'java/lang/IncompatibleClassChangeError'{0x00000000a95d0148}: Found class java.lang.Object, but interface was expected> (0x00000000a95d0148) 
thrown [s\open\src\hotspot\share\interpreter\linkResolver.cpp, line 826]
Event: 263.128 Thread 0x0000021efe255600 Exception <a 'java/lang/NoSuchMethodError'{0x00000000a921fa38}: 'java.lang.Object java.lang.invoke.DelegatingMethodHandle$Holder.reinvoke_L(java.lang.Object, java.lang.Object, long, java.lang.Object, java.lang.Object, java.lang.Object, java.lang.Object, java.lang.Object, java.lang.Object, java.lang.Object, java.lang.Object, java.lang.Object, java.lang.Object, java.lang.Object, java.lang.Object, java.lang.Object)'> (0x00000000a921fa38) 
thrown [s\open\src\hotspot\share\interpreter\linkResolver.cpp, line 759
Event: 263.132 Thread 0x0000021efe255600 Exception <a 'java/lang/NoSuchMethodError'{0x00000000a92673e8}: 'java.lang.Object java.lang.invoke.DirectMethodHandle$Holder.invokeSpecial(java.lang.Object, java.lang.Object, long, java.lang.Object, java.lang.Object, java.lang.Object, java.lang.Object, java.lang.Object, java.lang.Object, java.lang.Object, java.lang.Object, java.lang.Object, java.lang.Object, java.lang.Object, java.lang.Object, java.lang.Object)'> (0x00000000a92673e8) 
thrown [s\open\src\hotspot\share\interpreter\linkResolver.cpp, line 759]
Event: 263.133 Thread 0x0000021efe255600 Exception <a 'java/lang/NoSuchMethodError'{0x00000000a926c930}: 'java.lang.Object java.lang.invoke.DelegatingMethodHandle$Holder.reinvoke_L(java.lang.Object, long, java.lang.Object, java.lang.Object, java.lang.Object, java.lang.Object, java.lang.Object, java.lang.Object, java.lang.Object, java.lang.Object, java.lang.Object, java.lang.Object, java.lang.Object, java.lang.Object, java.lang.Object)'> (0x00000000a926c930) 
thrown [s\open\src\hotspot\share\interpreter\linkResolver.cpp, line 759]
Event: 263.134 Thread 0x0000021efe255600 Exception <a 'java/lang/NoSuchMethodError'{0x00000000a9285e88}: 'java.lang.Object java.lang.invoke.Invokers$Holder.linkToTargetMethod(java.lang.Object, java.lang.Object, java.lang.Object, java.lang.Object, java.lang.Object, java.lang.Object, java.lang.Object, java.lang.Object, java.lang.Object, java.lang.Object, java.lang.Object, java.lang.Object, java.lang.Object, java.lang.Object)'> (0x00000000a9285e88) 
thrown [s\open\src\hotspot\share\interpreter\linkResolver.cpp, line 759]
Event: 362.927 Thread 0x0000021efe257460 Exception <a 'java/lang/IncompatibleClassChangeError'{0x00000000a91fdae0}: Found class java.lang.Object, but interface was expected> (0x00000000a91fdae0) 
thrown [s\open\src\hotspot\share\interpreter\linkResolver.cpp, line 826]
Event: 362.956 Thread 0x0000021efe256f50 Implicit null exception at 0x0000021eaade3273 to 0x0000021eaade3490
Event: 363.173 Thread 0x0000021efe257460 Exception <a 'java/lang/NoSuchMethodError'{0x00000000a8dbcb40}: 'java.lang.Object java.lang.invoke.DirectMethodHandle$Holder.invokeSpecial(java.lang.Object, java.lang.Object, long, long, java.lang.Object, java.lang.Object, java.lang.Object, java.lang.Object, java.lang.Object, java.lang.Object)'> (0x00000000a8dbcb40) 
thrown [s\open\src\hotspot\share\interpreter\linkResolver.cpp, line 759]
Event: 363.173 Thread 0x0000021efe257460 Exception <a 'java/lang/NoSuchMethodError'{0x00000000a8dc1c60}: 'java.lang.Object java.lang.invoke.DelegatingMethodHandle$Holder.reinvoke_L(java.lang.Object, long, long, java.lang.Object, java.lang.Object, java.lang.Object, java.lang.Object, java.lang.Object, java.lang.Object)'> (0x00000000a8dc1c60) 
thrown [s\open\src\hotspot\share\interpreter\linkResolver.cpp, line 759]
Event: 363.174 Thread 0x0000021efe257460 Exception <a 'java/lang/NoSuchMethodError'{0x00000000a8dd8098}: 'java.lang.Object java.lang.invoke.Invokers$Holder.linkToTargetMethod(long, java.lang.Object, java.lang.Object, java.lang.Object, java.lang.Object, java.lang.Object, java.lang.Object, java.lang.Object)'> (0x00000000a8dd8098) 
thrown [s\open\src\hotspot\share\interpreter\linkResolver.cpp, line 759]
Event: 363.177 Thread 0x0000021efe257460 Exception <a 'java/lang/NoSuchMethodError'{0x00000000a8c1ef48}: 'java.lang.Object java.lang.invoke.DirectMethodHandle$Holder.invokeSpecial(java.lang.Object, java.lang.Object, long, java.lang.Object, java.lang.Object, java.lang.Object, java.lang.Object, java.lang.Object, java.lang.Object, java.lang.Object, java.lang.Object)'> (0x00000000a8c1ef48) 
thrown [s\open\src\hotspot\share\interpreter\linkResolver.cpp, line 759]
Event: 363.177 Thread 0x0000021efe257460 Exception <a 'java/lang/NoSuchMethodError'{0x00000000a8c23aa8}: 'java.lang.Object java.lang.invoke.DelegatingMethodHandle$Holder.reinvoke_L(java.lang.Object, long, java.lang.Object, java.lang.Object, java.lang.Object, java.lang.Object, java.lang.Object, java.lang.Object, java.lang.Object, java.lang.Object)'> (0x00000000a8c23aa8) 
thrown [s\open\src\hotspot\share\interpreter\linkResolver.cpp, line 759]
Event: 363.178 Thread 0x0000021efe257460 Exception <a 'java/lang/NoSuchMethodError'{0x00000000a8c46110}: 'java.lang.Object java.lang.invoke.Invokers$Holder.linkToTargetMethod(java.lang.Object, java.lang.Object, java.lang.Object, java.lang.Object, java.lang.Object, java.lang.Object, java.lang.Object, java.lang.Object, java.lang.Object)'> (0x00000000a8c46110) 
thrown [s\open\src\hotspot\share\interpreter\linkResolver.cpp, line 759]
Event: 363.182 Thread 0x0000021efe257460 Exception <a 'java/lang/NoSuchMethodError'{0x00000000a8c8e668}: 'java.lang.Object java.lang.invoke.DirectMethodHandle$Holder.invokeSpecial(java.lang.Object, java.lang.Object, long, java.lang.Object, java.lang.Object, java.lang.Object, int, int, java.lang.Object, java.lang.Object)'> (0x00000000a8c8e668) 
thrown [s\open\src\hotspot\share\interpreter\linkResolver.cpp, line 759]
Event: 363.183 Thread 0x0000021efe257460 Exception <a 'java/lang/NoSuchMethodError'{0x00000000a8c93678}: 'java.lang.Object java.lang.invoke.DelegatingMethodHandle$Holder.reinvoke_L(java.lang.Object, long, java.lang.Object, java.lang.Object, java.lang.Object, int, int, java.lang.Object, java.lang.Object)'> (0x00000000a8c93678) 
thrown [s\open\src\hotspot\share\interpreter\linkResolver.cpp, line 759]
Event: 565.645 Thread 0x0000021efe257460 Exception <a 'java/lang/NoSuchMethodError'{0x00000000a7fd78c0}: 'java.lang.Object java.lang.invoke.Invokers$Holder.linkToTargetMethod(java.lang.Object, int, java.lang.Object, java.lang.Object, java.lang.Object, java.lang.Object)'> (0x00000000a7fd78c0) 
thrown [s\open\src\hotspot\share\interpreter\linkResolver.cpp, line 759]
Event: 565.647 Thread 0x0000021efe257460 Exception <a 'java/lang/NoSuchMethodError'{0x00000000a7fe4838}: 'int java.lang.invoke.DirectMethodHandle$Holder.invokeStatic(java.lang.Object, java.lang.Object, int, java.lang.Object)'> (0x00000000a7fe4838) 
thrown [s\open\src\hotspot\share\interpreter\linkResolver.cpp, line 759]
Event: 565.674 Thread 0x0000021efe257460 Implicit null exception at 0x0000021eaabf775e to 0x0000021eaabf864c

VM Operations (20 events):
Event: 621.645 Executing VM operation: Cleanup done
Event: 622.660 Executing VM operation: Cleanup
Event: 622.660 Executing VM operation: Cleanup done
Event: 623.668 Executing VM operation: Cleanup
Event: 623.669 Executing VM operation: Cleanup done
Event: 624.678 Executing VM operation: Cleanup
Event: 624.678 Executing VM operation: Cleanup done
Event: 628.713 Executing VM operation: Cleanup
Event: 628.713 Executing VM operation: Cleanup done
Event: 629.278 Executing VM operation: G1CollectForAllocation
Event: 629.335 Executing VM operation: G1CollectForAllocation done
Event: 629.492 Executing VM operation: G1CollectForAllocation
Event: 629.509 Executing VM operation: G1CollectForAllocation done
Event: 629.555 Executing VM operation: G1CollectForAllocation
Event: 629.560 Executing VM operation: G1CollectForAllocation done
Event: 629.608 Executing VM operation: G1CollectForAllocation
Event: 629.615 Executing VM operation: G1CollectForAllocation done
Event: 629.668 Executing VM operation: G1CollectForAllocation
Event: 629.677 Executing VM operation: G1CollectForAllocation done
Event: 629.739 Executing VM operation: G1CollectForAllocation

Events (20 events):
Event: 369.136 Thread 0x0000021e990e2930 flushing nmethod 0x0000021ea3d87890
Event: 369.136 Thread 0x0000021e990e2930 flushing nmethod 0x0000021ea3de3e90
Event: 369.136 Thread 0x0000021e990e2930 flushing nmethod 0x0000021ea3dec610
Event: 372.850 Thread 0x0000021efea26ba0 Thread exited: 0x0000021efea26ba0
Event: 565.220 loading class java/util/zip/DeflaterOutputStream
Event: 565.221 loading class java/util/zip/DeflaterOutputStream done
Event: 565.222 loading class java/util/zip/GZIPInputStream
Event: 565.224 loading class java/util/zip/GZIPInputStream done
Event: 565.224 loading class java/util/zip/GZIPOutputStream
Event: 565.225 loading class java/util/zip/GZIPOutputStream done
Event: 565.326 loading class com/sun/crypto/provider/HmacCore$HmacSHA256
Event: 565.326 loading class com/sun/crypto/provider/HmacCore$HmacSHA256 done
Event: 565.434 Thread 0x0000021efea26ba0 Thread added: 0x0000021efea26ba0
Event: 565.471 loading class java/io/PushbackInputStream
Event: 565.471 loading class java/io/PushbackInputStream done
Event: 565.714 Thread 0x0000021efea26ba0 Thread exited: 0x0000021efea26ba0
Event: 629.257 loading class java/lang/invoke/SerializedLambda
Event: 629.258 loading class java/lang/invoke/SerializedLambda done
Event: 629.368 Thread 0x0000021efea26ba0 Thread added: 0x0000021efea26ba0
Event: 629.369 Thread 0x0000021efea280e0 Thread added: 0x0000021efea280e0


Dynamic libraries:
0x00007ff631560000 - 0x00007ff631570000 	C:\Program Files\Java\jdk-17\bin\java.exe
0x00007ff82e1a0000 - 0x00007ff82e405000 	C:\WINDOWS\SYSTEM32\ntdll.dll
0x00007ff82c710000 - 0x00007ff82c7d9000 	C:\WINDOWS\System32\KERNEL32.DLL
0x00007ff82b3a0000 - 0x00007ff82b788000 	C:\WINDOWS\System32\KERNELBASE.dll
0x00007ff82bc70000 - 0x00007ff82bdbb000 	C:\WINDOWS\System32\ucrtbase.dll
0x00007ff8274e0000 - 0x00007ff8274f9000 	C:\Program Files\Java\jdk-17\bin\jli.dll
0x00007ff826f40000 - 0x00007ff826f5b000 	C:\Program Files\Java\jdk-17\bin\VCRUNTIME140.dll
0x00007ff82c4c0000 - 0x00007ff82c573000 	C:\WINDOWS\System32\ADVAPI32.dll
0x00007ff82c590000 - 0x00007ff82c639000 	C:\WINDOWS\System32\msvcrt.dll
0x00007ff82cc40000 - 0x00007ff82cce6000 	C:\WINDOWS\System32\sechost.dll
0x00007ff82c8e0000 - 0x00007ff82c9f5000 	C:\WINDOWS\System32\RPCRT4.dll
0x00007ff82c2b0000 - 0x00007ff82c47a000 	C:\WINDOWS\System32\USER32.dll
0x00007ff82bf10000 - 0x00007ff82bf37000 	C:\WINDOWS\System32\win32u.dll
0x00007ff82a4f0000 - 0x00007ff82a78a000 	C:\WINDOWS\WinSxS\amd64_microsoft.windows.common-controls_6595b64144ccf1df_6.0.26100.4202_none_3e0698d4e335f517\COMCTL32.dll
0x00007ff82bf40000 - 0x00007ff82bf6b000 	C:\WINDOWS\System32\GDI32.dll
0x00007ff82bb30000 - 0x00007ff82bc67000 	C:\WINDOWS\System32\gdi32full.dll
0x00007ff82b2f0000 - 0x00007ff82b393000 	C:\WINDOWS\System32\msvcp_win.dll
0x00007ff823080000 - 0x00007ff82308b000 	C:\WINDOWS\SYSTEM32\VERSION.dll
0x00007ff82cc00000 - 0x00007ff82cc30000 	C:\WINDOWS\System32\IMM32.DLL
0x00007ff82aa50000 - 0x00007ff82aa5c000 	C:\Program Files\Java\jdk-17\bin\vcruntime140_1.dll
0x00007ff81d710000 - 0x00007ff81d79e000 	C:\Program Files\Java\jdk-17\bin\msvcp140.dll
0x00007ffff0af0000 - 0x00007ffff16d0000 	C:\Program Files\Java\jdk-17\bin\server\jvm.dll
0x00007ff82ca00000 - 0x00007ff82ca08000 	C:\WINDOWS\System32\PSAPI.DLL
0x00007ffff9340000 - 0x00007ffff934a000 	C:\WINDOWS\SYSTEM32\WSOCK32.dll
0x00007ff82c690000 - 0x00007ff82c704000 	C:\WINDOWS\System32\WS2_32.dll
0x00007ff821ac0000 - 0x00007ff821af5000 	C:\WINDOWS\SYSTEM32\WINMM.dll
0x00007ff829780000 - 0x00007ff82979b000 	C:\WINDOWS\SYSTEM32\kernel.appcore.dll
0x00007ff82a9e0000 - 0x00007ff82a9ea000 	C:\Program Files\Java\jdk-17\bin\jimage.dll
0x00007ff82aaa0000 - 0x00007ff82ace1000 	C:\WINDOWS\SYSTEM32\DBGHELP.DLL
0x00007ff82d6d0000 - 0x00007ff82da55000 	C:\WINDOWS\System32\combase.dll
0x00007ff82c7e0000 - 0x00007ff82c8c1000 	C:\WINDOWS\System32\OLEAUT32.dll
0x00007ff82a990000 - 0x00007ff82a9c9000 	C:\WINDOWS\SYSTEM32\dbgcore.DLL
0x00007ff82b910000 - 0x00007ff82b9a9000 	C:\WINDOWS\System32\bcryptPrimitives.dll
0x00007ff8274d0000 - 0x00007ff8274de000 	C:\Program Files\Java\jdk-17\bin\instrument.dll
0x00007ff825950000 - 0x00007ff825975000 	C:\Program Files\Java\jdk-17\bin\java.dll
0x00007ff80adc0000 - 0x00007ff80ae97000 	C:\Program Files\Java\jdk-17\bin\jsvml.dll
0x00007ff82cda0000 - 0x00007ff82d4e2000 	C:\WINDOWS\System32\SHELL32.dll
0x00007ff82b790000 - 0x00007ff82b904000 	C:\WINDOWS\System32\wintypes.dll
0x00007ff8286a0000 - 0x00007ff828ef8000 	C:\WINDOWS\SYSTEM32\windows.storage.dll
0x00007ff82e060000 - 0x00007ff82e151000 	C:\WINDOWS\System32\SHCORE.dll
0x00007ff82dfd0000 - 0x00007ff82e03a000 	C:\WINDOWS\System32\shlwapi.dll
0x00007ff82b200000 - 0x00007ff82b22f000 	C:\WINDOWS\SYSTEM32\profapi.dll
0x00007ff823630000 - 0x00007ff823648000 	C:\Program Files\Java\jdk-17\bin\zip.dll
0x00007ff825000000 - 0x00007ff825019000 	C:\Program Files\Java\jdk-17\bin\net.dll
0x00007ff823d00000 - 0x00007ff823e1e000 	C:\WINDOWS\SYSTEM32\WINHTTP.dll
0x00007ff829ca0000 - 0x00007ff829d0a000 	C:\WINDOWS\system32\mswsock.dll
0x00007ff824280000 - 0x00007ff824296000 	C:\Program Files\Java\jdk-17\bin\nio.dll
0x00007ff826f30000 - 0x00007ff826f3e000 	C:\Program Files\Java\jdk-17\bin\sunmscapi.dll
0x00007ff82b9b0000 - 0x00007ff82bb27000 	C:\WINDOWS\System32\CRYPT32.dll
0x00007ff82a2e0000 - 0x00007ff82a310000 	C:\WINDOWS\SYSTEM32\ncrypt.dll
0x00007ff82a1f0000 - 0x00007ff82a22f000 	C:\WINDOWS\SYSTEM32\NTASN1.dll
0x00007ff82ae10000 - 0x00007ff82ae2b000 	C:\WINDOWS\SYSTEM32\CRYPTSP.dll
0x00007ff829db0000 - 0x00007ff829dea000 	C:\WINDOWS\system32\rsaenh.dll
0x00007ff829d10000 - 0x00007ff829d3b000 	C:\WINDOWS\SYSTEM32\USERENV.dll
0x00007ff82b1d0000 - 0x00007ff82b1f6000 	C:\WINDOWS\SYSTEM32\bcrypt.dll
0x00007ff82a320000 - 0x00007ff82a32c000 	C:\WINDOWS\SYSTEM32\CRYPTBASE.dll
0x00007ff8291f0000 - 0x00007ff829223000 	C:\WINDOWS\SYSTEM32\IPHLPAPI.DLL
0x00007ff82c580000 - 0x00007ff82c58a000 	C:\WINDOWS\System32\NSI.dll
0x00007ff823ca0000 - 0x00007ff823cbf000 	C:\WINDOWS\SYSTEM32\dhcpcsvc6.DLL
0x00007ff823cd0000 - 0x00007ff823cf5000 	C:\WINDOWS\SYSTEM32\dhcpcsvc.DLL
0x00007ff829280000 - 0x00007ff8293a7000 	C:\WINDOWS\SYSTEM32\DNSAPI.dll
0x00007ff824fe0000 - 0x00007ff824fea000 	C:\Program Files\Java\jdk-17\bin\management.dll
0x00007ff824210000 - 0x00007ff82421b000 	C:\Program Files\Java\jdk-17\bin\management_ext.dll
0x00007ff823620000 - 0x00007ff823630000 	C:\Program Files\Java\jdk-17\bin\verify.dll
0x00007ff821e30000 - 0x00007ff821e3b000 	C:\Windows\System32\rasadhlp.dll
0x00007ff823570000 - 0x00007ff8235f6000 	C:\WINDOWS\System32\fwpuclnt.dll
0x00007fffcc770000 - 0x00007fffcc778000 	C:\WINDOWS\system32\wshunix.dll

dbghelp: loaded successfully - version: 4.0.5 - missing functions: none
symbol engine: initialized successfully - sym options: 0x614 - pdb path: .;C:\Program Files\Java\jdk-17\bin;C:\WINDOWS\SYSTEM32;C:\WINDOWS\WinSxS\amd64_microsoft.windows.common-controls_6595b64144ccf1df_6.0.26100.4202_none_3e0698d4e335f517;C:\Program Files\Java\jdk-17\bin\server

VM Arguments:
jvm_args: -javaagent:C:\Program Files\JetBrains\IntelliJ IDEA Community Edition 2024.3.5\lib\idea_rt.jar=55601 -Dfile.encoding=UTF-8 
java_command: com.maven.OnlineShoppingSB.OnlineShoppingSbApplication
java_class_path (initial): D:\git\OnlineShoppingOJT\OnlineShoppingSB\target\classes;C:\Users\Lenovo\.m2\repository\org\apache\poi\poi-ooxml\5.2.3\poi-ooxml-5.2.3.jar;C:\Users\Lenovo\.m2\repository\org\apache\poi\poi\5.2.3\poi-5.2.3.jar;C:\Users\Lenovo\.m2\repository\commons-codec\commons-codec\1.17.2\commons-codec-1.17.2.jar;C:\Users\Lenovo\.m2\repository\org\apache\commons\commons-math3\3.6.1\commons-math3-3.6.1.jar;C:\Users\Lenovo\.m2\repository\com\zaxxer\SparseBitSet\1.2\SparseBitSet-1.2.jar;C:\Users\Lenovo\.m2\repository\org\apache\poi\poi-ooxml-lite\5.2.3\poi-ooxml-lite-5.2.3.jar;C:\Users\Lenovo\.m2\repository\org\apache\xmlbeans\xmlbeans\5.1.1\xmlbeans-5.1.1.jar;C:\Users\Lenovo\.m2\repository\org\apache\commons\commons-compress\1.21\commons-compress-1.21.jar;C:\Users\Lenovo\.m2\repository\commons-io\commons-io\2.11.0\commons-io-2.11.0.jar;C:\Users\Lenovo\.m2\repository\com\github\virtuald\curvesapi\1.07\curvesapi-1.07.jar;C:\Users\Lenovo\.m2\repository\org\apache\logging\log4j\log4j-api\2.24.3\log4j-api-2.24.3.jar;C:\Users\Lenovo\.m2\repository\org\apache\commons\commons-collections4\4.4\commons-collections4-4.4.jar;C:\Users\Lenovo\.m2\repository\org\springframework\boot\spring-boot-starter-websocket\3.4.6\spring-boot-starter-websocket-3.4.6.jar;C:\Users\Lenovo\.m2\repository\org\springframework\spring-messaging\6.2.7\spring-messaging-6.2.7.jar;C:\Users\Lenovo\.m2\repository\org\springframework\spring-beans\6.2.7\spring-beans-6.2.7.jar;C:\Users\Lenovo\.m2\repository\org\springframework\spring-websocket\6.2.7\spring-websocket-6.2.7.jar;C:\Users\Lenovo\.m2\repository\org\springframework\spring-context\6.2.7\spring-context-6.2.7.jar;C:\Users\Lenovo\.m2\repository\javax\xml\bind\jaxb-api\2.3.1\jaxb-api-2.3.1.jar;C:\Users\Lenovo\.m2\repository\javax\activation\javax.activation-api\1.2.0\javax.activation-api-1.2.0.jar;C:\Users\Lenovo\.m2\repository\org\glassfish\jaxb\jaxb-runtime\2.3.1\jaxb-runtime-2.3.1.jar;C:\Users\Lenovo\.m2\repository\org\glassfish\jaxb\txw2\
Launcher Type: SUN_STANDARD

[Global flags]
     intx CICompilerCount                          = 4                                         {product} {ergonomic}
     uint ConcGCThreads                            = 3                                         {product} {ergonomic}
     uint G1ConcRefinementThreads                  = 10                                        {product} {ergonomic}
   size_t G1HeapRegionSize                         = 1048576                                   {product} {ergonomic}
    uintx GCDrainStackTargetSize                   = 64                                        {product} {ergonomic}
   size_t InitialHeapSize                          = 98566144                                  {product} {ergonomic}
   size_t MarkStackSize                            = 4194304                                   {product} {ergonomic}
   size_t MaxHeapSize                              = 1570766848                                {product} {ergonomic}
   size_t MaxNewSize                               = 941621248                                 {product} {ergonomic}
   size_t MinHeapDeltaBytes                        = 1048576                                   {product} {ergonomic}
   size_t MinHeapSize                              = 8388608                                   {product} {ergonomic}
    uintx NonNMethodCodeHeapSize                   = 5839372                                {pd product} {ergonomic}
    uintx NonProfiledCodeHeapSize                  = 122909434                              {pd product} {ergonomic}
    uintx ProfiledCodeHeapSize                     = 122909434                              {pd product} {ergonomic}
    uintx ReservedCodeCacheSize                    = 251658240                              {pd product} {ergonomic}
     bool SegmentedCodeCache                       = true                                      {product} {ergonomic}
   size_t SoftMaxHeapSize                          = 1570766848                             {manageable} {ergonomic}
     bool UseCompressedClassPointers               = true                           {product lp64_product} {ergonomic}
     bool UseCompressedOops                        = true                           {product lp64_product} {ergonomic}
     bool UseG1GC                                  = true                                      {product} {ergonomic}
     bool UseLargePagesIndividualAllocation        = false                                  {pd product} {ergonomic}

Logging:
Log output configuration:
 #0: stdout all=warning uptime,level,tags
 #1: stderr all=off uptime,level,tags

Environment Variables:
JAVA_HOME=C:\Users\Lenovo\Downloads\jdk-17_windows-x64_bin.exe
PATH=C:\Program Files (x86)\VMware\VMware Workstation\bin\;C:\Program Files\Common Files\Oracle\Java\javapath;C:\WINDOWS\system32;C:\WINDOWS;C:\WINDOWS\System32\Wbem;C:\WINDOWS\System32\WindowsPowerShell\v1.0\;C:\WINDOWS\System32\OpenSSH\;C:\Program Files\Java\jdk-17\bin;C:\Program Files\Git\cmd;C:\Program Files\nodejs\;C:\Users\Lenovo\AppData\Local\Microsoft\WindowsApps;C:\Users\Lenovo\AppData\Local\Programs\Microsoft VS Code\bin;C:\Program Files\JetBrains\IntelliJ IDEA Community Edition 2024.3.5\bin;;C:\Users\Lenovo\AppData\Local\GitHubDesktop\bin;C:\Users\Lenovo\AppData\Roaming\npm;D:\cursor\resources\app\bin
USERNAME=Lenovo
OS=Windows_NT
PROCESSOR_IDENTIFIER=AMD64 Family 23 Model 104 Stepping 1, AuthenticAMD



---------------  S Y S T E M  ---------------

OS:
 Windows 11 , 64 bit Build 26100 (10.0.26100.4202)
OS uptime: 5 days 14:18 hours

CPU: total 12 (initial active 12) (12 cores per cpu, 2 threads per core) family 23 model 104 stepping 1 microcode 0x8608103, cx8, cmov, fxsr, ht, mmx, 3dnowpref, sse, sse2, sse3, ssse3, sse4a, sse4.1, sse4.2, popcnt, lzcnt, tsc, tscinvbit, avx, avx2, aes, clmul, bmi1, bmi2, adx, sha, fma, vzeroupper, clflush, clflushopt

Memory: 4k page, system-wide physical 5989M (719M free)
TotalPageFile size 24421M (AvailPageFile size 100M)
current process WorkingSet (physical memory assigned to process): 242M, peak: 332M
current process commit charge ("private bytes"): 410M, peak: 532M

vm_info: Java HotSpot(TM) 64-Bit Server VM (17.0.12+8-LTS-286) for windows-amd64 JRE (17.0.12+8-LTS-286), built on Jun  5 2024 06:46:59 by "mach5one" with MS VC++ 17.6 (VS2022)

END.
