#
# There is insufficient memory for the Java Runtime Environment to continue.
# Native memory allocation (malloc) failed to allocate 2092016 bytes for Chunk::new
# Possible reasons:
#   The system is out of physical RAM or swap space
#   The process is running with CompressedOops enabled, and the Java Heap may be blocking the growth of the native heap
# Possible solutions:
#   Reduce memory load on the system
#   Increase physical memory or swap space
#   Check if swap backing store is full
#   Decrease Java heap size (-Xmx/-Xms)
#   Decrease number of Java threads
#   Decrease Java thread stack sizes (-Xss)
#   Set larger code cache with -XX:ReservedCodeCacheSize=
#   JVM is running with Unscaled Compressed Oops mode in which the Java heap is
#     placed in the first 4GB address space. The Java Heap base address is the
#     maximum limit for the native heap growth. Please use -XX:HeapBaseMinAddress
#     to set the Java Heap base and to place the Java Heap above 4GB virtual address.
# This output file may be truncated or incomplete.
#
#  Out of Memory Error (arena.cpp:189), pid=18580, tid=24932
#
# JRE version: Java(TM) SE Runtime Environment (17.0.12+8) (build 17.0.12+8-LTS-286)
# Java VM: Java HotSpot(TM) 64-Bit Server VM (17.0.12+8-LTS-286, mixed mode, sharing, tiered, compressed oops, compressed class ptrs, g1 gc, windows-amd64)
# No core dump will be written. Minidumps are not enabled by default on client versions of Windows
#

---------------  S U M M A R Y ------------

Command Line: -javaagent:C:\Program Files\JetBrains\IntelliJ IDEA Community Edition 2024.3.5\lib\idea_rt.jar=50292 -Dfile.encoding=UTF-8 com.maven.OnlineShoppingSB.OnlineShoppingSbApplication

Host: AMD Ryzen 5 5500U with Radeon Graphics         , 12 cores, 5G,  Windows 11 , 64 bit Build 26100 (10.0.26100.4484)
Time: Wed Jul 23 10:38:03 2025 Myanmar Standard Time elapsed time: 4546.607715 seconds (0d 1h 15m 46s)

---------------  T H R E A D  ---------------

Current thread (0x0000017fb8284fe0):  JavaThread "C2 CompilerThread0" daemon [_thread_in_native, id=24932, stack(0x0000002906100000,0x0000002906200000)]


Current CompileTask:
C2:4546608 21713       4       org.springframework.core.ResolvableType::forType (7 bytes)

Stack: [0x0000002906100000,0x0000002906200000]
Native frames: (J=compiled Java code, j=interpreted, Vv=VM code, C=native code)
V  [jvm.dll+0x67a04a]
V  [jvm.dll+0x7da4ed]
V  [jvm.dll+0x7dbe33]
V  [jvm.dll+0x7dc4a3]
V  [jvm.dll+0x24508f]
V  [jvm.dll+0xab773]
V  [jvm.dll+0xabd3c]
V  [jvm.dll+0x361b9f]
V  [jvm.dll+0x32c431]
V  [jvm.dll+0x32b8ca]
V  [jvm.dll+0x21683f]
V  [jvm.dll+0x215c6f]
V  [jvm.dll+0x1a2960]
V  [jvm.dll+0x22610b]
V  [jvm.dll+0x2242ab]
V  [jvm.dll+0x79075c]
V  [jvm.dll+0x78abea]
V  [jvm.dll+0x678f35]
C  [ucrtbase.dll+0x37b0]
C  [KERNEL32.DLL+0x2e8d7]
C  [ntdll.dll+0x3c34c]


---------------  P R O C E S S  ---------------

Threads class SMR info:
_java_thread_list=0x0000017fb8be0d10, length=53, elements={
0x0000017fb8264670, 0x0000017fb8265230, 0x0000017fb8278db0, 0x0000017fb8279970,
0x0000017fb8281870, 0x0000017fb8282230, 0x0000017fb8284fe0, 0x0000017fb8292ed0,
0x0000017fb82937e0, 0x0000017fb8251f20, 0x0000017fb85fcaf0, 0x0000017fb89ec4d0,
0x0000017fff40c600, 0x0000017fff40ee80, 0x0000017f82d26bc0, 0x0000017f82d275e0,
0x0000017f82d29950, 0x0000017f82d266b0, 0x0000017f82d2a880, 0x0000017f82d2ad90,
0x0000017f82d27af0, 0x0000017f82d2c6e0, 0x0000017f82d2b7b0, 0x0000017f82d2bcc0,
0x0000017f82d2b2a0, 0x0000017f82d2d610, 0x0000017f82d2d100, 0x0000017f82d2c1d0,
0x0000017f82d2cbf0, 0x0000017fff40e970, 0x0000017fff40f390, 0x0000017fff40d020,
0x0000017fff40d530, 0x0000017f82f6c140, 0x0000017f82f69dd0, 0x0000017f82f6a2e0,
0x0000017f82f6ad00, 0x0000017f82f6b210, 0x0000017f81f01480, 0x0000017f81f032e0,
0x0000017f81f00a60, 0x0000017f81f037f0, 0x0000017f82f68ea0, 0x0000017f82f6a7f0,
0x0000017f82f698c0, 0x0000017f82d2a370, 0x0000017f82d28510, 0x0000017f82d270d0,
0x0000017f81f028c0, 0x0000017f81f06a90, 0x0000017fff40cb10, 0x0000017fff40e460,
0x0000017ffe681610
}

Java Threads: ( => current thread )
  0x0000017fb8264670 JavaThread "Reference Handler" daemon [_thread_blocked, id=25048, stack(0x0000002905b00000,0x0000002905c00000)]
  0x0000017fb8265230 JavaThread "Finalizer" daemon [_thread_blocked, id=8600, stack(0x0000002905c00000,0x0000002905d00000)]
  0x0000017fb8278db0 JavaThread "Signal Dispatcher" daemon [_thread_blocked, id=17780, stack(0x0000002905d00000,0x0000002905e00000)]
  0x0000017fb8279970 JavaThread "Attach Listener" daemon [_thread_blocked, id=21860, stack(0x0000002905e00000,0x0000002905f00000)]
  0x0000017fb8281870 JavaThread "Service Thread" daemon [_thread_blocked, id=19928, stack(0x0000002905f00000,0x0000002906000000)]
  0x0000017fb8282230 JavaThread "Monitor Deflation Thread" daemon [_thread_blocked, id=5856, stack(0x0000002906000000,0x0000002906100000)]
=>0x0000017fb8284fe0 JavaThread "C2 CompilerThread0" daemon [_thread_in_native, id=24932, stack(0x0000002906100000,0x0000002906200000)]
  0x0000017fb8292ed0 JavaThread "C1 CompilerThread0" daemon [_thread_blocked, id=17744, stack(0x0000002906200000,0x0000002906300000)]
  0x0000017fb82937e0 JavaThread "Sweeper thread" daemon [_thread_blocked, id=18344, stack(0x0000002906300000,0x0000002906400000)]
  0x0000017fb8251f20 JavaThread "Common-Cleaner" daemon [_thread_blocked, id=19976, stack(0x0000002906400000,0x0000002906500000)]
  0x0000017fb85fcaf0 JavaThread "Monitor Ctrl-Break" daemon [_thread_in_native, id=17472, stack(0x0000002906500000,0x0000002906600000)]
  0x0000017fb89ec4d0 JavaThread "Notification Thread" daemon [_thread_blocked, id=25164, stack(0x0000002906600000,0x0000002906700000)]
  0x0000017fff40c600 JavaThread "mysql-cj-abandoned-connection-cleanup" daemon [_thread_blocked, id=9084, stack(0x0000002907500000,0x0000002907600000)]
  0x0000017fff40ee80 JavaThread "HikariPool-1 housekeeper" daemon [_thread_blocked, id=19848, stack(0x0000002907700000,0x0000002907800000)]
  0x0000017f82d26bc0 JavaThread "Catalina-utility-1" [_thread_blocked, id=14312, stack(0x0000002907400000,0x0000002907500000)]
  0x0000017f82d275e0 JavaThread "Catalina-utility-2" [_thread_blocked, id=17340, stack(0x0000002907800000,0x0000002907900000)]
  0x0000017f82d29950 JavaThread "container-0" [_thread_blocked, id=19104, stack(0x0000002907900000,0x0000002907a00000)]
  0x0000017f82d266b0 JavaThread "MessageBroker-1" [_thread_blocked, id=26460, stack(0x0000002907e00000,0x0000002907f00000)]
  0x0000017f82d2a880 JavaThread "http-nio-8080-exec-1" daemon [_thread_blocked, id=6996, stack(0x0000002907f00000,0x0000002908000000)]
  0x0000017f82d2ad90 JavaThread "http-nio-8080-exec-2" daemon [_thread_blocked, id=12484, stack(0x0000002908000000,0x0000002908100000)]
  0x0000017f82d27af0 JavaThread "http-nio-8080-exec-3" daemon [_thread_blocked, id=14468, stack(0x0000002908100000,0x0000002908200000)]
  0x0000017f82d2c6e0 JavaThread "http-nio-8080-exec-4" daemon [_thread_blocked, id=17872, stack(0x0000002908200000,0x0000002908300000)]
  0x0000017f82d2b7b0 JavaThread "http-nio-8080-exec-5" daemon [_thread_blocked, id=17200, stack(0x0000002908300000,0x0000002908400000)]
  0x0000017f82d2bcc0 JavaThread "http-nio-8080-exec-6" daemon [_thread_blocked, id=15248, stack(0x0000002908400000,0x0000002908500000)]
  0x0000017f82d2b2a0 JavaThread "http-nio-8080-exec-7" daemon [_thread_blocked, id=16332, stack(0x0000002908500000,0x0000002908600000)]
  0x0000017f82d2d610 JavaThread "http-nio-8080-exec-8" daemon [_thread_blocked, id=15344, stack(0x0000002908600000,0x0000002908700000)]
  0x0000017f82d2d100 JavaThread "http-nio-8080-exec-9" daemon [_thread_blocked, id=4204, stack(0x0000002908700000,0x0000002908800000)]
  0x0000017f82d2c1d0 JavaThread "http-nio-8080-exec-10" daemon [_thread_blocked, id=21280, stack(0x0000002908800000,0x0000002908900000)]
  0x0000017f82d2cbf0 JavaThread "http-nio-8080-Poller" daemon [_thread_in_native, id=1416, stack(0x0000002908900000,0x0000002908a00000)]
  0x0000017fff40e970 JavaThread "http-nio-8080-Acceptor" daemon [_thread_in_native, id=6952, stack(0x0000002908a00000,0x0000002908b00000)]
  0x0000017fff40f390 JavaThread "MessageBroker-2" [_thread_blocked, id=25216, stack(0x0000002908b00000,0x0000002908c00000)]
  0x0000017fff40d020 JavaThread "MessageBroker-3" [_thread_blocked, id=21656, stack(0x0000002908c00000,0x0000002908d00000)]
  0x0000017fff40d530 JavaThread "DestroyJavaVM" [_thread_blocked, id=26296, stack(0x0000002905400000,0x0000002905500000)]
  0x0000017f82f6c140 JavaThread "MessageBroker-4" [_thread_blocked, id=24768, stack(0x0000002908d00000,0x0000002908e00000)]
  0x0000017f82f69dd0 JavaThread "MessageBroker-5" [_thread_blocked, id=24220, stack(0x0000002909100000,0x0000002909200000)]
  0x0000017f82f6a2e0 JavaThread "MessageBroker-6" [_thread_blocked, id=5128, stack(0x0000002905200000,0x0000002905300000)]
  0x0000017f82f6ad00 JavaThread "MessageBroker-7" [_thread_blocked, id=14032, stack(0x0000002905100000,0x0000002905200000)]
  0x0000017f82f6b210 JavaThread "MessageBroker-8" [_thread_blocked, id=23832, stack(0x0000002905300000,0x0000002905400000)]
  0x0000017f81f01480 JavaThread "MessageBroker-9" [_thread_blocked, id=21056, stack(0x0000002908f00000,0x0000002909000000)]
  0x0000017f81f032e0 JavaThread "MessageBroker-10" [_thread_blocked, id=24196, stack(0x0000002909000000,0x0000002909100000)]
  0x0000017f81f00a60 JavaThread "MessageBroker-11" [_thread_blocked, id=19592, stack(0x0000002908e00000,0x0000002908f00000)]
  0x0000017f81f037f0 JavaThread "MessageBroker-12" [_thread_blocked, id=3752, stack(0x0000002909400000,0x0000002909500000)]
  0x0000017f82f68ea0 JavaThread "clientInboundChannel-37" [_thread_blocked, id=21008, stack(0x0000002907600000,0x0000002907700000)]
  0x0000017f82f6a7f0 JavaThread "clientInboundChannel-38" [_thread_blocked, id=6028, stack(0x0000002909200000,0x0000002909300000)]
  0x0000017f82f698c0 JavaThread "clientInboundChannel-39" [_thread_blocked, id=14492, stack(0x0000002909300000,0x0000002909400000)]
  0x0000017f82d2a370 JavaThread "clientOutboundChannel-9" [_thread_blocked, id=18612, stack(0x0000002909500000,0x0000002909600000)]
  0x0000017f82d28510 JavaThread "clientInboundChannel-40" [_thread_blocked, id=6120, stack(0x0000002909600000,0x0000002909700000)]
  0x0000017f82d270d0 JavaThread "clientInboundChannel-41" [_thread_blocked, id=23672, stack(0x0000002909700000,0x0000002909800000)]
  0x0000017f81f028c0 JavaThread "clientInboundChannel-42" [_thread_blocked, id=23892, stack(0x0000002909800000,0x0000002909900000)]
  0x0000017f81f06a90 JavaThread "clientInboundChannel-43" [_thread_blocked, id=23128, stack(0x0000002909900000,0x0000002909a00000)]
  0x0000017fff40cb10 JavaThread "clientInboundChannel-44" [_thread_blocked, id=16880, stack(0x0000002909a00000,0x0000002909b00000)]
  0x0000017fff40e460 JavaThread "clientInboundChannel-45" [_thread_blocked, id=7008, stack(0x0000002909b00000,0x0000002909c00000)]
  0x0000017ffe681610 JavaThread "clientOutboundChannel-10" [_thread_blocked, id=10776, stack(0x0000002909c00000,0x0000002909d00000)]

Other Threads:
  0x0000017fb825e780 VMThread "VM Thread" [stack: 0x0000002905a00000,0x0000002905b00000] [id=15912]
  0x0000017f9b0c6680 WatcherThread [stack: 0x0000002906700000,0x0000002906800000] [id=21404]
  0x0000017f9b0adb90 GCTaskThread "GC Thread#0" [stack: 0x0000002905500000,0x0000002905600000] [id=5640]
  0x0000017ffe1e7100 GCTaskThread "GC Thread#1" [stack: 0x0000002906800000,0x0000002906900000] [id=15824]
  0x0000017ffe1ff510 GCTaskThread "GC Thread#2" [stack: 0x0000002906900000,0x0000002906a00000] [id=17052]
  0x0000017ffe1e73c0 GCTaskThread "GC Thread#3" [stack: 0x0000002906a00000,0x0000002906b00000] [id=25088]
  0x0000017fb8e80b80 GCTaskThread "GC Thread#4" [stack: 0x0000002906b00000,0x0000002906c00000] [id=24480]
  0x0000017ffe496ea0 GCTaskThread "GC Thread#5" [stack: 0x0000002906e00000,0x0000002906f00000] [id=13856]
  0x0000017ffe5a0050 GCTaskThread "GC Thread#6" [stack: 0x0000002906f00000,0x0000002907000000] [id=23856]
  0x0000017ffe4422b0 GCTaskThread "GC Thread#7" [stack: 0x0000002907000000,0x0000002907100000] [id=3536]
  0x0000017ffe2a6a30 GCTaskThread "GC Thread#8" [stack: 0x0000002907100000,0x0000002907200000] [id=24892]
  0x0000017ffe488950 GCTaskThread "GC Thread#9" [stack: 0x0000002907200000,0x0000002907300000] [id=24028]
  0x0000017f9b0bb2f0 ConcurrentGCThread "G1 Main Marker" [stack: 0x0000002905600000,0x0000002905700000] [id=23224]
  0x0000017f9b0bbd00 ConcurrentGCThread "G1 Conc#0" [stack: 0x0000002905700000,0x0000002905800000] [id=16592]
  0x0000017fff068490 ConcurrentGCThread "G1 Conc#1" [stack: 0x0000002906c00000,0x0000002906d00000] [id=24812]
  0x0000017fff068cd0 ConcurrentGCThread "G1 Conc#2" [stack: 0x0000002907300000,0x0000002907400000] [id=18244]
  0x0000017f9b11e810 ConcurrentGCThread "G1 Refine#0" [stack: 0x0000002905800000,0x0000002905900000] [id=18696]
  0x0000017f81ed90d0 ConcurrentGCThread "G1 Refine#1" [stack: 0x0000002907a00000,0x0000002907b00000] [id=9388]
  0x0000017f81ed93c0 ConcurrentGCThread "G1 Refine#2" [stack: 0x0000002907b00000,0x0000002907c00000] [id=16736]
  0x0000017f81ed7f30 ConcurrentGCThread "G1 Refine#3" [stack: 0x0000002907c00000,0x0000002907d00000] [id=23320]
  0x0000017f81ed8de0 ConcurrentGCThread "G1 Refine#4" [stack: 0x0000002907d00000,0x0000002907e00000] [id=26328]
  0x0000017fb8112310 ConcurrentGCThread "G1 Service" [stack: 0x0000002905900000,0x0000002905a00000] [id=21076]

Threads with active compile tasks:
C2 CompilerThread0  4546647 21713       4       org.springframework.core.ResolvableType::forType (7 bytes)

VM state: not at safepoint (normal execution)

VM Mutex/Monitor currently owned by a thread: None

Heap address: 0x00000000a2600000, size: 1498 MB, Compressed Oops mode: 32-bit

CDS archive(s) mapped at: [0x0000017fb9000000-0x0000017fb9bd0000-0x0000017fb9bd0000), size 12386304, SharedBaseAddress: 0x0000017fb9000000, ArchiveRelocationMode: 1.
Compressed class space mapped at: 0x0000017fba000000-0x0000017ffa000000, reserved size: 1073741824
Narrow klass base: 0x0000017fb9000000, Narrow klass shift: 0, Narrow klass range: 0x100000000

GC Precious Log:
 CPUs: 12 total, 12 available
 Memory: 5989M
 Large Page Support: Disabled
 NUMA Support: Disabled
 Compressed Oops: Enabled (32-bit)
 Heap Region Size: 1M
 Heap Min Capacity: 8M
 Heap Initial Capacity: 94M
 Heap Max Capacity: 1498M
 Pre-touch: Disabled
 Parallel Workers: 10
 Concurrent Workers: 3
 Concurrent Refinement Workers: 10
 Periodic GC: Disabled

Heap:
 garbage-first heap   total 347136K, used 183860K [0x00000000a2600000, 0x0000000100000000)
  region size 1024K, 87 young (89088K), 9 survivors (9216K)
 Metaspace       used 108704K, committed 110016K, reserved 1179648K
  class space    used 14094K, committed 14784K, reserved 1048576K

Heap Regions: E=young(eden), S=young(survivor), O=old, HS=humongous(starts), HC=humongous(continues), CS=collection set, F=free, OA=open archive, CA=closed archive, TAMS=top-at-mark-start (previous, next)
|   0|0x00000000a2600000, 0x00000000a2700000, 0x00000000a2700000|100%|HS|  |TAMS 0x00000000a2700000, 0x00000000a2600000| Complete 
|   1|0x00000000a2700000, 0x00000000a2800000, 0x00000000a2800000|100%|HS|  |TAMS 0x00000000a2800000, 0x00000000a2700000| Complete 
|   2|0x00000000a2800000, 0x00000000a2900000, 0x00000000a2900000|100%|HS|  |TAMS 0x00000000a2900000, 0x00000000a2800000| Complete 
|   3|0x00000000a2900000, 0x00000000a2a00000, 0x00000000a2a00000|100%| O|  |TAMS 0x00000000a2a00000, 0x00000000a2900000| Untracked 
|   4|0x00000000a2a00000, 0x00000000a2b00000, 0x00000000a2b00000|100%| O|  |TAMS 0x00000000a2b00000, 0x00000000a2a00000| Untracked 
|   5|0x00000000a2b00000, 0x00000000a2c00000, 0x00000000a2c00000|100%| O|  |TAMS 0x00000000a2c00000, 0x00000000a2b00000| Untracked 
|   6|0x00000000a2c00000, 0x00000000a2d00000, 0x00000000a2d00000|100%| O|  |TAMS 0x00000000a2d00000, 0x00000000a2c00000| Untracked 
|   7|0x00000000a2d00000, 0x00000000a2e00000, 0x00000000a2e00000|100%| O|  |TAMS 0x00000000a2e00000, 0x00000000a2d00000| Untracked 
|   8|0x00000000a2e00000, 0x00000000a2f00000, 0x00000000a2f00000|100%| O|  |TAMS 0x00000000a2f00000, 0x00000000a2e00000| Untracked 
|   9|0x00000000a2f00000, 0x00000000a3000000, 0x00000000a3000000|100%| O|  |TAMS 0x00000000a3000000, 0x00000000a2f00000| Untracked 
|  10|0x00000000a3000000, 0x00000000a3100000, 0x00000000a3100000|100%| O|  |TAMS 0x00000000a3100000, 0x00000000a3000000| Untracked 
|  11|0x00000000a3100000, 0x00000000a3200000, 0x00000000a3200000|100%| O|  |TAMS 0x00000000a3200000, 0x00000000a3100000| Untracked 
|  12|0x00000000a3200000, 0x00000000a3300000, 0x00000000a3300000|100%| O|  |TAMS 0x00000000a3300000, 0x00000000a3200000| Untracked 
|  13|0x00000000a3300000, 0x00000000a3400000, 0x00000000a3400000|100%| O|  |TAMS 0x00000000a3400000, 0x00000000a3300000| Untracked 
|  14|0x00000000a3400000, 0x00000000a3500000, 0x00000000a3500000|100%| O|  |TAMS 0x00000000a3500000, 0x00000000a3400000| Untracked 
|  15|0x00000000a3500000, 0x00000000a3600000, 0x00000000a3600000|100%| O|  |TAMS 0x00000000a3600000, 0x00000000a3500000| Untracked 
|  16|0x00000000a3600000, 0x00000000a3700000, 0x00000000a3700000|100%| O|  |TAMS 0x00000000a3700000, 0x00000000a3600000| Untracked 
|  17|0x00000000a3700000, 0x00000000a3800000, 0x00000000a3800000|100%| O|  |TAMS 0x00000000a3800000, 0x00000000a3700000| Untracked 
|  18|0x00000000a3800000, 0x00000000a3900000, 0x00000000a3900000|100%| O|  |TAMS 0x00000000a3900000, 0x00000000a3800000| Untracked 
|  19|0x00000000a3900000, 0x00000000a3a00000, 0x00000000a3a00000|100%| O|  |TAMS 0x00000000a3a00000, 0x00000000a3900000| Untracked 
|  20|0x00000000a3a00000, 0x00000000a3b00000, 0x00000000a3b00000|100%| O|  |TAMS 0x00000000a3b00000, 0x00000000a3a00000| Untracked 
|  21|0x00000000a3b00000, 0x00000000a3c00000, 0x00000000a3c00000|100%| O|  |TAMS 0x00000000a3c00000, 0x00000000a3b00000| Untracked 
|  22|0x00000000a3c00000, 0x00000000a3d00000, 0x00000000a3d00000|100%| O|  |TAMS 0x00000000a3d00000, 0x00000000a3c00000| Untracked 
|  23|0x00000000a3d00000, 0x00000000a3e00000, 0x00000000a3e00000|100%| O|  |TAMS 0x00000000a3e00000, 0x00000000a3d00000| Untracked 
|  24|0x00000000a3e00000, 0x00000000a3e1c000, 0x00000000a3f00000| 10%| O|  |TAMS 0x00000000a3e1c000, 0x00000000a3e00000| Untracked 
|  25|0x00000000a3f00000, 0x00000000a4000000, 0x00000000a4000000|100%| O|  |TAMS 0x00000000a4000000, 0x00000000a3f00000| Untracked 
|  26|0x00000000a4000000, 0x00000000a4100000, 0x00000000a4100000|100%| O|  |TAMS 0x00000000a4100000, 0x00000000a4000000| Untracked 
|  27|0x00000000a4100000, 0x00000000a4200000, 0x00000000a4200000|100%| O|  |TAMS 0x00000000a4200000, 0x00000000a4100000| Untracked 
|  28|0x00000000a4200000, 0x00000000a4300000, 0x00000000a4300000|100%| O|  |TAMS 0x00000000a4300000, 0x00000000a4200000| Untracked 
|  29|0x00000000a4300000, 0x00000000a4400000, 0x00000000a4400000|100%| O|  |TAMS 0x00000000a4400000, 0x00000000a4300000| Untracked 
|  30|0x00000000a4400000, 0x00000000a4500000, 0x00000000a4500000|100%| O|  |TAMS 0x00000000a4500000, 0x00000000a4400000| Untracked 
|  31|0x00000000a4500000, 0x00000000a4600000, 0x00000000a4600000|100%| O|  |TAMS 0x00000000a4600000, 0x00000000a4500000| Untracked 
|  32|0x00000000a4600000, 0x00000000a4700000, 0x00000000a4700000|100%| O|  |TAMS 0x00000000a4700000, 0x00000000a4600000| Untracked 
|  33|0x00000000a4700000, 0x00000000a4800000, 0x00000000a4800000|100%| O|  |TAMS 0x00000000a4800000, 0x00000000a4700000| Untracked 
|  34|0x00000000a4800000, 0x00000000a4900000, 0x00000000a4900000|100%| O|  |TAMS 0x00000000a4900000, 0x00000000a4800000| Untracked 
|  35|0x00000000a4900000, 0x00000000a4a00000, 0x00000000a4a00000|100%| O|  |TAMS 0x00000000a4a00000, 0x00000000a4900000| Untracked 
|  36|0x00000000a4a00000, 0x00000000a4b00000, 0x00000000a4b00000|100%| O|  |TAMS 0x00000000a4b00000, 0x00000000a4a00000| Untracked 
|  37|0x00000000a4b00000, 0x00000000a4c00000, 0x00000000a4c00000|100%| O|  |TAMS 0x00000000a4c00000, 0x00000000a4b00000| Untracked 
|  38|0x00000000a4c00000, 0x00000000a4d00000, 0x00000000a4d00000|100%| O|  |TAMS 0x00000000a4d00000, 0x00000000a4c00000| Untracked 
|  39|0x00000000a4d00000, 0x00000000a4e00000, 0x00000000a4e00000|100%| O|  |TAMS 0x00000000a4e00000, 0x00000000a4d00000| Untracked 
|  40|0x00000000a4e00000, 0x00000000a4f00000, 0x00000000a4f00000|100%| O|  |TAMS 0x00000000a4f00000, 0x00000000a4e00000| Untracked 
|  41|0x00000000a4f00000, 0x00000000a5000000, 0x00000000a5000000|100%| O|  |TAMS 0x00000000a5000000, 0x00000000a4f00000| Untracked 
|  42|0x00000000a5000000, 0x00000000a5100000, 0x00000000a5100000|100%| O|  |TAMS 0x00000000a5100000, 0x00000000a5000000| Untracked 
|  43|0x00000000a5100000, 0x00000000a5200000, 0x00000000a5200000|100%| O|  |TAMS 0x00000000a5200000, 0x00000000a5100000| Untracked 
|  44|0x00000000a5200000, 0x00000000a5300000, 0x00000000a5300000|100%| O|  |TAMS 0x00000000a5300000, 0x00000000a5200000| Untracked 
|  45|0x00000000a5300000, 0x00000000a5400000, 0x00000000a5400000|100%| O|  |TAMS 0x00000000a5400000, 0x00000000a5300000| Untracked 
|  46|0x00000000a5400000, 0x00000000a5500000, 0x00000000a5500000|100%| O|  |TAMS 0x00000000a5500000, 0x00000000a5400000| Untracked 
|  47|0x00000000a5500000, 0x00000000a5600000, 0x00000000a5600000|100%| O|  |TAMS 0x00000000a5600000, 0x00000000a5500000| Untracked 
|  48|0x00000000a5600000, 0x00000000a5700000, 0x00000000a5700000|100%| O|  |TAMS 0x00000000a5700000, 0x00000000a5600000| Untracked 
|  49|0x00000000a5700000, 0x00000000a5800000, 0x00000000a5800000|100%| O|  |TAMS 0x00000000a5800000, 0x00000000a5700000| Untracked 
|  50|0x00000000a5800000, 0x00000000a5900000, 0x00000000a5900000|100%| O|  |TAMS 0x00000000a5900000, 0x00000000a5800000| Untracked 
|  51|0x00000000a5900000, 0x00000000a5a00000, 0x00000000a5a00000|100%| O|  |TAMS 0x00000000a5900000, 0x00000000a5900000| Untracked 
|  52|0x00000000a5a00000, 0x00000000a5b00000, 0x00000000a5b00000|100%| O|  |TAMS 0x00000000a5b00000, 0x00000000a5a00000| Untracked 
|  53|0x00000000a5b00000, 0x00000000a5c00000, 0x00000000a5c00000|100%| O|  |TAMS 0x00000000a5c00000, 0x00000000a5b00000| Untracked 
|  54|0x00000000a5c00000, 0x00000000a5d00000, 0x00000000a5d00000|100%| O|  |TAMS 0x00000000a5d00000, 0x00000000a5c00000| Untracked 
|  55|0x00000000a5d00000, 0x00000000a5e00000, 0x00000000a5e00000|100%| O|  |TAMS 0x00000000a5e00000, 0x00000000a5d00000| Untracked 
|  56|0x00000000a5e00000, 0x00000000a5f00000, 0x00000000a5f00000|100%| O|  |TAMS 0x00000000a5f00000, 0x00000000a5e00000| Untracked 
|  57|0x00000000a5f00000, 0x00000000a6000000, 0x00000000a6000000|100%| O|  |TAMS 0x00000000a6000000, 0x00000000a5f00000| Untracked 
|  58|0x00000000a6000000, 0x00000000a6100000, 0x00000000a6100000|100%| O|  |TAMS 0x00000000a6100000, 0x00000000a6000000| Untracked 
|  59|0x00000000a6100000, 0x00000000a6200000, 0x00000000a6200000|100%| O|  |TAMS 0x00000000a6200000, 0x00000000a6100000| Untracked 
|  60|0x00000000a6200000, 0x00000000a6300000, 0x00000000a6300000|100%| O|  |TAMS 0x00000000a6300000, 0x00000000a6200000| Untracked 
|  61|0x00000000a6300000, 0x00000000a6400000, 0x00000000a6400000|100%| O|  |TAMS 0x00000000a6400000, 0x00000000a6300000| Untracked 
|  62|0x00000000a6400000, 0x00000000a6500000, 0x00000000a6500000|100%| O|  |TAMS 0x00000000a6500000, 0x00000000a6400000| Untracked 
|  63|0x00000000a6500000, 0x00000000a6600000, 0x00000000a6600000|100%| O|  |TAMS 0x00000000a6600000, 0x00000000a6500000| Untracked 
|  64|0x00000000a6600000, 0x00000000a6700000, 0x00000000a6700000|100%| O|  |TAMS 0x00000000a6700000, 0x00000000a6600000| Untracked 
|  65|0x00000000a6700000, 0x00000000a6800000, 0x00000000a6800000|100%| O|  |TAMS 0x00000000a6700000, 0x00000000a6700000| Untracked 
|  66|0x00000000a6800000, 0x00000000a6900000, 0x00000000a6900000|100%| O|  |TAMS 0x00000000a6800000, 0x00000000a6800000| Untracked 
|  67|0x00000000a6900000, 0x00000000a6a00000, 0x00000000a6a00000|100%| O|  |TAMS 0x00000000a6900000, 0x00000000a6900000| Untracked 
|  68|0x00000000a6a00000, 0x00000000a6b00000, 0x00000000a6b00000|100%| O|  |TAMS 0x00000000a6a00000, 0x00000000a6a00000| Untracked 
|  69|0x00000000a6b00000, 0x00000000a6c00000, 0x00000000a6c00000|100%| O|  |TAMS 0x00000000a6b00000, 0x00000000a6b00000| Untracked 
|  70|0x00000000a6c00000, 0x00000000a6d00000, 0x00000000a6d00000|100%| O|  |TAMS 0x00000000a6d00000, 0x00000000a6c00000| Untracked 
|  71|0x00000000a6d00000, 0x00000000a6e00000, 0x00000000a6e00000|100%| O|  |TAMS 0x00000000a6e00000, 0x00000000a6d00000| Untracked 
|  72|0x00000000a6e00000, 0x00000000a6f00000, 0x00000000a6f00000|100%| O|  |TAMS 0x00000000a6f00000, 0x00000000a6e00000| Untracked 
|  73|0x00000000a6f00000, 0x00000000a7000000, 0x00000000a7000000|100%| O|  |TAMS 0x00000000a7000000, 0x00000000a6f00000| Untracked 
|  74|0x00000000a7000000, 0x00000000a7100000, 0x00000000a7100000|100%| O|  |TAMS 0x00000000a7000000, 0x00000000a7000000| Untracked 
|  75|0x00000000a7100000, 0x00000000a7200000, 0x00000000a7200000|100%| O|  |TAMS 0x00000000a7100000, 0x00000000a7100000| Untracked 
|  76|0x00000000a7200000, 0x00000000a7300000, 0x00000000a7300000|100%| O|  |TAMS 0x00000000a7200000, 0x00000000a7200000| Untracked 
|  77|0x00000000a7300000, 0x00000000a7400000, 0x00000000a7400000|100%| O|  |TAMS 0x00000000a7300000, 0x00000000a7300000| Untracked 
|  78|0x00000000a7400000, 0x00000000a7500000, 0x00000000a7500000|100%| O|  |TAMS 0x00000000a7400000, 0x00000000a7400000| Untracked 
|  79|0x00000000a7500000, 0x00000000a7600000, 0x00000000a7600000|100%| O|  |TAMS 0x00000000a7500000, 0x00000000a7500000| Untracked 
|  80|0x00000000a7600000, 0x00000000a7700000, 0x00000000a7700000|100%| O|  |TAMS 0x00000000a7600000, 0x00000000a7600000| Untracked 
|  81|0x00000000a7700000, 0x00000000a7800000, 0x00000000a7800000|100%| O|  |TAMS 0x00000000a7700000, 0x00000000a7700000| Untracked 
|  82|0x00000000a7800000, 0x00000000a7900000, 0x00000000a7900000|100%| O|  |TAMS 0x00000000a7800000, 0x00000000a7800000| Untracked 
|  83|0x00000000a7900000, 0x00000000a7a00000, 0x00000000a7a00000|100%| O|  |TAMS 0x00000000a7900000, 0x00000000a7900000| Untracked 
|  84|0x00000000a7a00000, 0x00000000a7b00000, 0x00000000a7b00000|100%| O|  |TAMS 0x00000000a7a00000, 0x00000000a7a00000| Untracked 
|  85|0x00000000a7b00000, 0x00000000a7c00000, 0x00000000a7c00000|100%| O|  |TAMS 0x00000000a7b00000, 0x00000000a7b00000| Untracked 
|  86|0x00000000a7c00000, 0x00000000a7d00000, 0x00000000a7d00000|100%| O|  |TAMS 0x00000000a7c00000, 0x00000000a7c00000| Untracked 
|  87|0x00000000a7d00000, 0x00000000a7e00000, 0x00000000a7e00000|100%| O|  |TAMS 0x00000000a7d00000, 0x00000000a7d00000| Untracked 
|  88|0x00000000a7e00000, 0x00000000a7f00000, 0x00000000a7f00000|100%| O|  |TAMS 0x00000000a7e00000, 0x00000000a7e00000| Untracked 
|  89|0x00000000a7f00000, 0x00000000a7fdcc00, 0x00000000a8000000| 86%| O|  |TAMS 0x00000000a7f00000, 0x00000000a7f00000| Untracked 
|  90|0x00000000a8000000, 0x00000000a8000000, 0x00000000a8100000|  0%| F|  |TAMS 0x00000000a8000000, 0x00000000a8000000| Untracked 
|  91|0x00000000a8100000, 0x00000000a8100000, 0x00000000a8200000|  0%| F|  |TAMS 0x00000000a8100000, 0x00000000a8100000| Untracked 
|  92|0x00000000a8200000, 0x00000000a8200000, 0x00000000a8300000|  0%| F|  |TAMS 0x00000000a8200000, 0x00000000a8200000| Untracked 
|  93|0x00000000a8300000, 0x00000000a8300000, 0x00000000a8400000|  0%| F|  |TAMS 0x00000000a8300000, 0x00000000a8300000| Untracked 
|  94|0x00000000a8400000, 0x00000000a8400000, 0x00000000a8500000|  0%| F|  |TAMS 0x00000000a8400000, 0x00000000a8400000| Untracked 
|  95|0x00000000a8500000, 0x00000000a8500000, 0x00000000a8600000|  0%| F|  |TAMS 0x00000000a8500000, 0x00000000a8500000| Untracked 
|  96|0x00000000a8600000, 0x00000000a8600000, 0x00000000a8700000|  0%| F|  |TAMS 0x00000000a8600000, 0x00000000a8600000| Untracked 
|  97|0x00000000a8700000, 0x00000000a8700000, 0x00000000a8800000|  0%| F|  |TAMS 0x00000000a8700000, 0x00000000a8700000| Untracked 
|  98|0x00000000a8800000, 0x00000000a8800000, 0x00000000a8900000|  0%| F|  |TAMS 0x00000000a8800000, 0x00000000a8800000| Untracked 
|  99|0x00000000a8900000, 0x00000000a8900000, 0x00000000a8a00000|  0%| F|  |TAMS 0x00000000a8900000, 0x00000000a8900000| Untracked 
| 100|0x00000000a8a00000, 0x00000000a8a00000, 0x00000000a8b00000|  0%| F|  |TAMS 0x00000000a8a00000, 0x00000000a8a00000| Untracked 
| 101|0x00000000a8b00000, 0x00000000a8b00000, 0x00000000a8c00000|  0%| F|  |TAMS 0x00000000a8b00000, 0x00000000a8b00000| Untracked 
| 102|0x00000000a8c00000, 0x00000000a8c00000, 0x00000000a8d00000|  0%| F|  |TAMS 0x00000000a8c00000, 0x00000000a8c00000| Untracked 
| 103|0x00000000a8d00000, 0x00000000a8d00000, 0x00000000a8e00000|  0%| F|  |TAMS 0x00000000a8d00000, 0x00000000a8d00000| Untracked 
| 104|0x00000000a8e00000, 0x00000000a8e00000, 0x00000000a8f00000|  0%| F|  |TAMS 0x00000000a8e00000, 0x00000000a8e00000| Untracked 
| 105|0x00000000a8f00000, 0x00000000a8f00000, 0x00000000a9000000|  0%| F|  |TAMS 0x00000000a8f00000, 0x00000000a8f00000| Untracked 
| 106|0x00000000a9000000, 0x00000000a9000000, 0x00000000a9100000|  0%| F|  |TAMS 0x00000000a9000000, 0x00000000a9000000| Untracked 
| 107|0x00000000a9100000, 0x00000000a9100000, 0x00000000a9200000|  0%| F|  |TAMS 0x00000000a9100000, 0x00000000a9100000| Untracked 
| 108|0x00000000a9200000, 0x00000000a9200000, 0x00000000a9300000|  0%| F|  |TAMS 0x00000000a9200000, 0x00000000a9200000| Untracked 
| 109|0x00000000a9300000, 0x00000000a9300000, 0x00000000a9400000|  0%| F|  |TAMS 0x00000000a9300000, 0x00000000a9300000| Untracked 
| 110|0x00000000a9400000, 0x00000000a9400000, 0x00000000a9500000|  0%| F|  |TAMS 0x00000000a9400000, 0x00000000a9400000| Untracked 
| 111|0x00000000a9500000, 0x00000000a9500000, 0x00000000a9600000|  0%| F|  |TAMS 0x00000000a9500000, 0x00000000a9500000| Untracked 
| 112|0x00000000a9600000, 0x00000000a9600000, 0x00000000a9700000|  0%| F|  |TAMS 0x00000000a9600000, 0x00000000a9600000| Untracked 
| 113|0x00000000a9700000, 0x00000000a9700000, 0x00000000a9800000|  0%| F|  |TAMS 0x00000000a9700000, 0x00000000a9700000| Untracked 
| 114|0x00000000a9800000, 0x00000000a9800000, 0x00000000a9900000|  0%| F|  |TAMS 0x00000000a9800000, 0x00000000a9800000| Untracked 
| 115|0x00000000a9900000, 0x00000000a9900000, 0x00000000a9a00000|  0%| F|  |TAMS 0x00000000a9900000, 0x00000000a9900000| Untracked 
| 116|0x00000000a9a00000, 0x00000000a9a00000, 0x00000000a9b00000|  0%| F|  |TAMS 0x00000000a9a00000, 0x00000000a9a00000| Untracked 
| 117|0x00000000a9b00000, 0x00000000a9b00000, 0x00000000a9c00000|  0%| F|  |TAMS 0x00000000a9b00000, 0x00000000a9b00000| Untracked 
| 118|0x00000000a9c00000, 0x00000000a9c00000, 0x00000000a9d00000|  0%| F|  |TAMS 0x00000000a9c00000, 0x00000000a9c00000| Untracked 
| 119|0x00000000a9d00000, 0x00000000a9d00000, 0x00000000a9e00000|  0%| F|  |TAMS 0x00000000a9d00000, 0x00000000a9d00000| Untracked 
| 120|0x00000000a9e00000, 0x00000000a9e00000, 0x00000000a9f00000|  0%| F|  |TAMS 0x00000000a9e00000, 0x00000000a9e00000| Untracked 
| 121|0x00000000a9f00000, 0x00000000a9f00000, 0x00000000aa000000|  0%| F|  |TAMS 0x00000000a9f00000, 0x00000000a9f00000| Untracked 
| 122|0x00000000aa000000, 0x00000000aa000000, 0x00000000aa100000|  0%| F|  |TAMS 0x00000000aa000000, 0x00000000aa000000| Untracked 
| 123|0x00000000aa100000, 0x00000000aa100000, 0x00000000aa200000|  0%| F|  |TAMS 0x00000000aa100000, 0x00000000aa100000| Untracked 
| 124|0x00000000aa200000, 0x00000000aa200000, 0x00000000aa300000|  0%| F|  |TAMS 0x00000000aa200000, 0x00000000aa200000| Untracked 
| 125|0x00000000aa300000, 0x00000000aa300000, 0x00000000aa400000|  0%| F|  |TAMS 0x00000000aa300000, 0x00000000aa300000| Untracked 
| 126|0x00000000aa400000, 0x00000000aa400000, 0x00000000aa500000|  0%| F|  |TAMS 0x00000000aa400000, 0x00000000aa400000| Untracked 
| 127|0x00000000aa500000, 0x00000000aa500000, 0x00000000aa600000|  0%| F|  |TAMS 0x00000000aa500000, 0x00000000aa500000| Untracked 
| 128|0x00000000aa600000, 0x00000000aa600000, 0x00000000aa700000|  0%| F|  |TAMS 0x00000000aa600000, 0x00000000aa600000| Untracked 
| 129|0x00000000aa700000, 0x00000000aa700000, 0x00000000aa800000|  0%| F|  |TAMS 0x00000000aa700000, 0x00000000aa700000| Untracked 
| 130|0x00000000aa800000, 0x00000000aa800000, 0x00000000aa900000|  0%| F|  |TAMS 0x00000000aa800000, 0x00000000aa800000| Untracked 
| 131|0x00000000aa900000, 0x00000000aa900000, 0x00000000aaa00000|  0%| F|  |TAMS 0x00000000aa900000, 0x00000000aa900000| Untracked 
| 132|0x00000000aaa00000, 0x00000000aaa00000, 0x00000000aab00000|  0%| F|  |TAMS 0x00000000aaa00000, 0x00000000aaa00000| Untracked 
| 133|0x00000000aab00000, 0x00000000aab00000, 0x00000000aac00000|  0%| F|  |TAMS 0x00000000aab00000, 0x00000000aab00000| Untracked 
| 134|0x00000000aac00000, 0x00000000aac00000, 0x00000000aad00000|  0%| F|  |TAMS 0x00000000aac00000, 0x00000000aac00000| Untracked 
| 135|0x00000000aad00000, 0x00000000aad00000, 0x00000000aae00000|  0%| F|  |TAMS 0x00000000aad00000, 0x00000000aad00000| Untracked 
| 136|0x00000000aae00000, 0x00000000aae00000, 0x00000000aaf00000|  0%| F|  |TAMS 0x00000000aae00000, 0x00000000aae00000| Untracked 
| 137|0x00000000aaf00000, 0x00000000aaf00000, 0x00000000ab000000|  0%| F|  |TAMS 0x00000000aaf00000, 0x00000000aaf00000| Untracked 
| 138|0x00000000ab000000, 0x00000000ab000000, 0x00000000ab100000|  0%| F|  |TAMS 0x00000000ab000000, 0x00000000ab000000| Untracked 
| 139|0x00000000ab100000, 0x00000000ab100000, 0x00000000ab200000|  0%| F|  |TAMS 0x00000000ab100000, 0x00000000ab100000| Untracked 
| 140|0x00000000ab200000, 0x00000000ab294700, 0x00000000ab300000| 57%| S|CS|TAMS 0x00000000ab200000, 0x00000000ab200000| Complete 
| 141|0x00000000ab300000, 0x00000000ab400000, 0x00000000ab400000|100%| S|CS|TAMS 0x00000000ab300000, 0x00000000ab300000| Complete 
| 142|0x00000000ab400000, 0x00000000ab500000, 0x00000000ab500000|100%| S|CS|TAMS 0x00000000ab400000, 0x00000000ab400000| Complete 
| 143|0x00000000ab500000, 0x00000000ab600000, 0x00000000ab600000|100%| S|CS|TAMS 0x00000000ab500000, 0x00000000ab500000| Complete 
| 144|0x00000000ab600000, 0x00000000ab700000, 0x00000000ab700000|100%| S|CS|TAMS 0x00000000ab600000, 0x00000000ab600000| Complete 
| 145|0x00000000ab700000, 0x00000000ab800000, 0x00000000ab800000|100%| S|CS|TAMS 0x00000000ab700000, 0x00000000ab700000| Complete 
| 146|0x00000000ab800000, 0x00000000ab900000, 0x00000000ab900000|100%| S|CS|TAMS 0x00000000ab800000, 0x00000000ab800000| Complete 
| 147|0x00000000ab900000, 0x00000000aba00000, 0x00000000aba00000|100%| S|CS|TAMS 0x00000000ab900000, 0x00000000ab900000| Complete 
| 148|0x00000000aba00000, 0x00000000abb00000, 0x00000000abb00000|100%| S|CS|TAMS 0x00000000aba00000, 0x00000000aba00000| Complete 
| 149|0x00000000abb00000, 0x00000000abb00000, 0x00000000abc00000|  0%| F|  |TAMS 0x00000000abb00000, 0x00000000abb00000| Untracked 
| 150|0x00000000abc00000, 0x00000000abc00000, 0x00000000abd00000|  0%| F|  |TAMS 0x00000000abc00000, 0x00000000abc00000| Untracked 
| 151|0x00000000abd00000, 0x00000000abd00000, 0x00000000abe00000|  0%| F|  |TAMS 0x00000000abd00000, 0x00000000abd00000| Untracked 
| 152|0x00000000abe00000, 0x00000000abe00000, 0x00000000abf00000|  0%| F|  |TAMS 0x00000000abe00000, 0x00000000abe00000| Untracked 
| 153|0x00000000abf00000, 0x00000000abf00000, 0x00000000ac000000|  0%| F|  |TAMS 0x00000000abf00000, 0x00000000abf00000| Untracked 
| 154|0x00000000ac000000, 0x00000000ac000000, 0x00000000ac100000|  0%| F|  |TAMS 0x00000000ac000000, 0x00000000ac000000| Untracked 
| 155|0x00000000ac100000, 0x00000000ac100000, 0x00000000ac200000|  0%| F|  |TAMS 0x00000000ac100000, 0x00000000ac100000| Untracked 
| 156|0x00000000ac200000, 0x00000000ac200000, 0x00000000ac300000|  0%| F|  |TAMS 0x00000000ac200000, 0x00000000ac200000| Untracked 
| 157|0x00000000ac300000, 0x00000000ac300000, 0x00000000ac400000|  0%| F|  |TAMS 0x00000000ac300000, 0x00000000ac300000| Untracked 
| 158|0x00000000ac400000, 0x00000000ac400000, 0x00000000ac500000|  0%| F|  |TAMS 0x00000000ac400000, 0x00000000ac400000| Untracked 
| 159|0x00000000ac500000, 0x00000000ac500000, 0x00000000ac600000|  0%| F|  |TAMS 0x00000000ac500000, 0x00000000ac500000| Untracked 
| 160|0x00000000ac600000, 0x00000000ac600000, 0x00000000ac700000|  0%| F|  |TAMS 0x00000000ac600000, 0x00000000ac600000| Untracked 
| 161|0x00000000ac700000, 0x00000000ac700000, 0x00000000ac800000|  0%| F|  |TAMS 0x00000000ac700000, 0x00000000ac700000| Untracked 
| 162|0x00000000ac800000, 0x00000000ac800000, 0x00000000ac900000|  0%| F|  |TAMS 0x00000000ac800000, 0x00000000ac800000| Untracked 
| 163|0x00000000ac900000, 0x00000000ac900000, 0x00000000aca00000|  0%| F|  |TAMS 0x00000000ac900000, 0x00000000ac900000| Untracked 
| 164|0x00000000aca00000, 0x00000000aca00000, 0x00000000acb00000|  0%| F|  |TAMS 0x00000000aca00000, 0x00000000aca00000| Untracked 
| 165|0x00000000acb00000, 0x00000000acb00000, 0x00000000acc00000|  0%| F|  |TAMS 0x00000000acb00000, 0x00000000acb00000| Untracked 
| 166|0x00000000acc00000, 0x00000000acc00000, 0x00000000acd00000|  0%| F|  |TAMS 0x00000000acc00000, 0x00000000acc00000| Untracked 
| 167|0x00000000acd00000, 0x00000000acd00000, 0x00000000ace00000|  0%| F|  |TAMS 0x00000000acd00000, 0x00000000acd00000| Untracked 
| 168|0x00000000ace00000, 0x00000000ace00000, 0x00000000acf00000|  0%| F|  |TAMS 0x00000000ace00000, 0x00000000ace00000| Untracked 
| 169|0x00000000acf00000, 0x00000000acf00000, 0x00000000ad000000|  0%| F|  |TAMS 0x00000000acf00000, 0x00000000acf00000| Untracked 
| 170|0x00000000ad000000, 0x00000000ad000000, 0x00000000ad100000|  0%| F|  |TAMS 0x00000000ad000000, 0x00000000ad000000| Untracked 
| 171|0x00000000ad100000, 0x00000000ad100000, 0x00000000ad200000|  0%| F|  |TAMS 0x00000000ad100000, 0x00000000ad100000| Untracked 
| 172|0x00000000ad200000, 0x00000000ad200000, 0x00000000ad300000|  0%| F|  |TAMS 0x00000000ad200000, 0x00000000ad200000| Untracked 
| 173|0x00000000ad300000, 0x00000000ad300000, 0x00000000ad400000|  0%| F|  |TAMS 0x00000000ad300000, 0x00000000ad300000| Untracked 
| 174|0x00000000ad400000, 0x00000000ad400000, 0x00000000ad500000|  0%| F|  |TAMS 0x00000000ad400000, 0x00000000ad400000| Untracked 
| 175|0x00000000ad500000, 0x00000000ad500000, 0x00000000ad600000|  0%| F|  |TAMS 0x00000000ad500000, 0x00000000ad500000| Untracked 
| 176|0x00000000ad600000, 0x00000000ad600000, 0x00000000ad700000|  0%| F|  |TAMS 0x00000000ad600000, 0x00000000ad600000| Untracked 
| 177|0x00000000ad700000, 0x00000000ad700000, 0x00000000ad800000|  0%| F|  |TAMS 0x00000000ad700000, 0x00000000ad700000| Untracked 
| 178|0x00000000ad800000, 0x00000000ad800000, 0x00000000ad900000|  0%| F|  |TAMS 0x00000000ad800000, 0x00000000ad800000| Untracked 
| 179|0x00000000ad900000, 0x00000000ad900000, 0x00000000ada00000|  0%| F|  |TAMS 0x00000000ad900000, 0x00000000ad900000| Untracked 
| 180|0x00000000ada00000, 0x00000000ada00000, 0x00000000adb00000|  0%| F|  |TAMS 0x00000000ada00000, 0x00000000ada00000| Untracked 
| 181|0x00000000adb00000, 0x00000000adb00000, 0x00000000adc00000|  0%| F|  |TAMS 0x00000000adb00000, 0x00000000adb00000| Untracked 
| 182|0x00000000adc00000, 0x00000000adc00000, 0x00000000add00000|  0%| F|  |TAMS 0x00000000adc00000, 0x00000000adc00000| Untracked 
| 183|0x00000000add00000, 0x00000000add00000, 0x00000000ade00000|  0%| F|  |TAMS 0x00000000add00000, 0x00000000add00000| Untracked 
| 184|0x00000000ade00000, 0x00000000ade00000, 0x00000000adf00000|  0%| F|  |TAMS 0x00000000ade00000, 0x00000000ade00000| Untracked 
| 185|0x00000000adf00000, 0x00000000adf00000, 0x00000000ae000000|  0%| F|  |TAMS 0x00000000adf00000, 0x00000000adf00000| Untracked 
| 186|0x00000000ae000000, 0x00000000ae000000, 0x00000000ae100000|  0%| F|  |TAMS 0x00000000ae000000, 0x00000000ae000000| Untracked 
| 187|0x00000000ae100000, 0x00000000ae100000, 0x00000000ae200000|  0%| F|  |TAMS 0x00000000ae100000, 0x00000000ae100000| Untracked 
| 188|0x00000000ae200000, 0x00000000ae200000, 0x00000000ae300000|  0%| F|  |TAMS 0x00000000ae200000, 0x00000000ae200000| Untracked 
| 189|0x00000000ae300000, 0x00000000ae300000, 0x00000000ae400000|  0%| F|  |TAMS 0x00000000ae300000, 0x00000000ae300000| Untracked 
| 190|0x00000000ae400000, 0x00000000ae400000, 0x00000000ae500000|  0%| F|  |TAMS 0x00000000ae400000, 0x00000000ae400000| Untracked 
| 191|0x00000000ae500000, 0x00000000ae500000, 0x00000000ae600000|  0%| F|  |TAMS 0x00000000ae500000, 0x00000000ae500000| Untracked 
| 192|0x00000000ae600000, 0x00000000ae600000, 0x00000000ae700000|  0%| F|  |TAMS 0x00000000ae600000, 0x00000000ae600000| Untracked 
| 193|0x00000000ae700000, 0x00000000ae700000, 0x00000000ae800000|  0%| F|  |TAMS 0x00000000ae700000, 0x00000000ae700000| Untracked 
| 194|0x00000000ae800000, 0x00000000ae800000, 0x00000000ae900000|  0%| F|  |TAMS 0x00000000ae800000, 0x00000000ae800000| Untracked 
| 195|0x00000000ae900000, 0x00000000ae900000, 0x00000000aea00000|  0%| F|  |TAMS 0x00000000ae900000, 0x00000000ae900000| Untracked 
| 196|0x00000000aea00000, 0x00000000aea00000, 0x00000000aeb00000|  0%| F|  |TAMS 0x00000000aea00000, 0x00000000aea00000| Untracked 
| 197|0x00000000aeb00000, 0x00000000aeb00000, 0x00000000aec00000|  0%| F|  |TAMS 0x00000000aeb00000, 0x00000000aeb00000| Untracked 
| 198|0x00000000aec00000, 0x00000000aec00000, 0x00000000aed00000|  0%| F|  |TAMS 0x00000000aec00000, 0x00000000aec00000| Untracked 
| 199|0x00000000aed00000, 0x00000000aed00000, 0x00000000aee00000|  0%| F|  |TAMS 0x00000000aed00000, 0x00000000aed00000| Untracked 
| 200|0x00000000aee00000, 0x00000000aee00000, 0x00000000aef00000|  0%| F|  |TAMS 0x00000000aee00000, 0x00000000aee00000| Untracked 
| 201|0x00000000aef00000, 0x00000000aef00000, 0x00000000af000000|  0%| F|  |TAMS 0x00000000aef00000, 0x00000000aef00000| Untracked 
| 202|0x00000000af000000, 0x00000000af000000, 0x00000000af100000|  0%| F|  |TAMS 0x00000000af000000, 0x00000000af000000| Untracked 
| 203|0x00000000af100000, 0x00000000af100000, 0x00000000af200000|  0%| F|  |TAMS 0x00000000af100000, 0x00000000af100000| Untracked 
| 204|0x00000000af200000, 0x00000000af200000, 0x00000000af300000|  0%| F|  |TAMS 0x00000000af200000, 0x00000000af200000| Untracked 
| 205|0x00000000af300000, 0x00000000af300000, 0x00000000af400000|  0%| F|  |TAMS 0x00000000af300000, 0x00000000af300000| Untracked 
| 206|0x00000000af400000, 0x00000000af400000, 0x00000000af500000|  0%| F|  |TAMS 0x00000000af400000, 0x00000000af400000| Untracked 
| 207|0x00000000af500000, 0x00000000af500000, 0x00000000af600000|  0%| F|  |TAMS 0x00000000af500000, 0x00000000af500000| Untracked 
| 208|0x00000000af600000, 0x00000000af600000, 0x00000000af700000|  0%| F|  |TAMS 0x00000000af600000, 0x00000000af600000| Untracked 
| 209|0x00000000af700000, 0x00000000af700000, 0x00000000af800000|  0%| F|  |TAMS 0x00000000af700000, 0x00000000af700000| Untracked 
| 210|0x00000000af800000, 0x00000000af800000, 0x00000000af900000|  0%| F|  |TAMS 0x00000000af800000, 0x00000000af800000| Untracked 
| 211|0x00000000af900000, 0x00000000af900000, 0x00000000afa00000|  0%| F|  |TAMS 0x00000000af900000, 0x00000000af900000| Untracked 
| 212|0x00000000afa00000, 0x00000000afa00000, 0x00000000afb00000|  0%| F|  |TAMS 0x00000000afa00000, 0x00000000afa00000| Untracked 
| 213|0x00000000afb00000, 0x00000000afb00000, 0x00000000afc00000|  0%| F|  |TAMS 0x00000000afb00000, 0x00000000afb00000| Untracked 
| 214|0x00000000afc00000, 0x00000000afc00000, 0x00000000afd00000|  0%| F|  |TAMS 0x00000000afc00000, 0x00000000afc00000| Untracked 
| 215|0x00000000afd00000, 0x00000000afd00000, 0x00000000afe00000|  0%| F|  |TAMS 0x00000000afd00000, 0x00000000afd00000| Untracked 
| 216|0x00000000afe00000, 0x00000000afe00000, 0x00000000aff00000|  0%| F|  |TAMS 0x00000000afe00000, 0x00000000afe00000| Untracked 
| 217|0x00000000aff00000, 0x00000000aff00000, 0x00000000b0000000|  0%| F|  |TAMS 0x00000000aff00000, 0x00000000aff00000| Untracked 
| 218|0x00000000b0000000, 0x00000000b0000000, 0x00000000b0100000|  0%| F|  |TAMS 0x00000000b0000000, 0x00000000b0000000| Untracked 
| 219|0x00000000b0100000, 0x00000000b0100000, 0x00000000b0200000|  0%| F|  |TAMS 0x00000000b0100000, 0x00000000b0100000| Untracked 
| 220|0x00000000b0200000, 0x00000000b0200000, 0x00000000b0300000|  0%| F|  |TAMS 0x00000000b0200000, 0x00000000b0200000| Untracked 
| 221|0x00000000b0300000, 0x00000000b0300000, 0x00000000b0400000|  0%| F|  |TAMS 0x00000000b0300000, 0x00000000b0300000| Untracked 
| 222|0x00000000b0400000, 0x00000000b0400000, 0x00000000b0500000|  0%| F|  |TAMS 0x00000000b0400000, 0x00000000b0400000| Untracked 
| 223|0x00000000b0500000, 0x00000000b0500000, 0x00000000b0600000|  0%| F|  |TAMS 0x00000000b0500000, 0x00000000b0500000| Untracked 
| 224|0x00000000b0600000, 0x00000000b0600000, 0x00000000b0700000|  0%| F|  |TAMS 0x00000000b0600000, 0x00000000b0600000| Untracked 
| 225|0x00000000b0700000, 0x00000000b0700000, 0x00000000b0800000|  0%| F|  |TAMS 0x00000000b0700000, 0x00000000b0700000| Untracked 
| 226|0x00000000b0800000, 0x00000000b0800000, 0x00000000b0900000|  0%| F|  |TAMS 0x00000000b0800000, 0x00000000b0800000| Untracked 
| 227|0x00000000b0900000, 0x00000000b0900000, 0x00000000b0a00000|  0%| F|  |TAMS 0x00000000b0900000, 0x00000000b0900000| Untracked 
| 228|0x00000000b0a00000, 0x00000000b0a00000, 0x00000000b0b00000|  0%| F|  |TAMS 0x00000000b0a00000, 0x00000000b0a00000| Untracked 
| 229|0x00000000b0b00000, 0x00000000b0b00000, 0x00000000b0c00000|  0%| F|  |TAMS 0x00000000b0b00000, 0x00000000b0b00000| Untracked 
| 230|0x00000000b0c00000, 0x00000000b0c00000, 0x00000000b0d00000|  0%| F|  |TAMS 0x00000000b0c00000, 0x00000000b0c00000| Untracked 
| 231|0x00000000b0d00000, 0x00000000b0d00000, 0x00000000b0e00000|  0%| F|  |TAMS 0x00000000b0d00000, 0x00000000b0d00000| Untracked 
| 232|0x00000000b0e00000, 0x00000000b0e00000, 0x00000000b0f00000|  0%| F|  |TAMS 0x00000000b0e00000, 0x00000000b0e00000| Untracked 
| 233|0x00000000b0f00000, 0x00000000b0f00000, 0x00000000b1000000|  0%| F|  |TAMS 0x00000000b0f00000, 0x00000000b0f00000| Untracked 
| 234|0x00000000b1000000, 0x00000000b1000000, 0x00000000b1100000|  0%| F|  |TAMS 0x00000000b1000000, 0x00000000b1000000| Untracked 
| 235|0x00000000b1100000, 0x00000000b1100000, 0x00000000b1200000|  0%| F|  |TAMS 0x00000000b1100000, 0x00000000b1100000| Untracked 
| 236|0x00000000b1200000, 0x00000000b1200000, 0x00000000b1300000|  0%| F|  |TAMS 0x00000000b1200000, 0x00000000b1200000| Untracked 
| 237|0x00000000b1300000, 0x00000000b1300000, 0x00000000b1400000|  0%| F|  |TAMS 0x00000000b1300000, 0x00000000b1300000| Untracked 
| 238|0x00000000b1400000, 0x00000000b1400000, 0x00000000b1500000|  0%| F|  |TAMS 0x00000000b1400000, 0x00000000b1400000| Untracked 
| 239|0x00000000b1500000, 0x00000000b1500000, 0x00000000b1600000|  0%| F|  |TAMS 0x00000000b1500000, 0x00000000b1500000| Untracked 
| 240|0x00000000b1600000, 0x00000000b1600000, 0x00000000b1700000|  0%| F|  |TAMS 0x00000000b1600000, 0x00000000b1600000| Untracked 
| 241|0x00000000b1700000, 0x00000000b1700000, 0x00000000b1800000|  0%| F|  |TAMS 0x00000000b1700000, 0x00000000b1700000| Untracked 
| 242|0x00000000b1800000, 0x00000000b1800000, 0x00000000b1900000|  0%| F|  |TAMS 0x00000000b1800000, 0x00000000b1800000| Untracked 
| 243|0x00000000b1900000, 0x00000000b1900000, 0x00000000b1a00000|  0%| F|  |TAMS 0x00000000b1900000, 0x00000000b1900000| Untracked 
| 244|0x00000000b1a00000, 0x00000000b1a00000, 0x00000000b1b00000|  0%| F|  |TAMS 0x00000000b1a00000, 0x00000000b1a00000| Untracked 
| 245|0x00000000b1b00000, 0x00000000b1b00000, 0x00000000b1c00000|  0%| F|  |TAMS 0x00000000b1b00000, 0x00000000b1b00000| Untracked 
| 246|0x00000000b1c00000, 0x00000000b1c00000, 0x00000000b1d00000|  0%| F|  |TAMS 0x00000000b1c00000, 0x00000000b1c00000| Untracked 
| 247|0x00000000b1d00000, 0x00000000b1d00000, 0x00000000b1e00000|  0%| F|  |TAMS 0x00000000b1d00000, 0x00000000b1d00000| Untracked 
| 248|0x00000000b1e00000, 0x00000000b1e00000, 0x00000000b1f00000|  0%| F|  |TAMS 0x00000000b1e00000, 0x00000000b1e00000| Untracked 
| 249|0x00000000b1f00000, 0x00000000b1f00000, 0x00000000b2000000|  0%| F|  |TAMS 0x00000000b1f00000, 0x00000000b1f00000| Untracked 
| 250|0x00000000b2000000, 0x00000000b2000000, 0x00000000b2100000|  0%| F|  |TAMS 0x00000000b2000000, 0x00000000b2000000| Untracked 
| 251|0x00000000b2100000, 0x00000000b2100000, 0x00000000b2200000|  0%| F|  |TAMS 0x00000000b2100000, 0x00000000b2100000| Untracked 
| 252|0x00000000b2200000, 0x00000000b2200000, 0x00000000b2300000|  0%| F|  |TAMS 0x00000000b2200000, 0x00000000b2200000| Untracked 
| 253|0x00000000b2300000, 0x00000000b2300000, 0x00000000b2400000|  0%| F|  |TAMS 0x00000000b2300000, 0x00000000b2300000| Untracked 
| 254|0x00000000b2400000, 0x00000000b2400000, 0x00000000b2500000|  0%| F|  |TAMS 0x00000000b2400000, 0x00000000b2400000| Untracked 
| 255|0x00000000b2500000, 0x00000000b2500000, 0x00000000b2600000|  0%| F|  |TAMS 0x00000000b2500000, 0x00000000b2500000| Untracked 
| 256|0x00000000b2600000, 0x00000000b2631e60, 0x00000000b2700000| 19%| E|  |TAMS 0x00000000b2600000, 0x00000000b2600000| Complete 
| 257|0x00000000b2700000, 0x00000000b2800000, 0x00000000b2800000|100%| E|CS|TAMS 0x00000000b2700000, 0x00000000b2700000| Complete 
| 258|0x00000000b2800000, 0x00000000b2900000, 0x00000000b2900000|100%| E|CS|TAMS 0x00000000b2800000, 0x00000000b2800000| Complete 
| 259|0x00000000b2900000, 0x00000000b2a00000, 0x00000000b2a00000|100%| E|CS|TAMS 0x00000000b2900000, 0x00000000b2900000| Complete 
| 260|0x00000000b2a00000, 0x00000000b2b00000, 0x00000000b2b00000|100%| E|CS|TAMS 0x00000000b2a00000, 0x00000000b2a00000| Complete 
| 261|0x00000000b2b00000, 0x00000000b2c00000, 0x00000000b2c00000|100%| E|CS|TAMS 0x00000000b2b00000, 0x00000000b2b00000| Complete 
| 262|0x00000000b2c00000, 0x00000000b2d00000, 0x00000000b2d00000|100%| E|CS|TAMS 0x00000000b2c00000, 0x00000000b2c00000| Complete 
| 263|0x00000000b2d00000, 0x00000000b2e00000, 0x00000000b2e00000|100%| E|CS|TAMS 0x00000000b2d00000, 0x00000000b2d00000| Complete 
| 264|0x00000000b2e00000, 0x00000000b2f00000, 0x00000000b2f00000|100%| E|CS|TAMS 0x00000000b2e00000, 0x00000000b2e00000| Complete 
| 265|0x00000000b2f00000, 0x00000000b3000000, 0x00000000b3000000|100%| E|CS|TAMS 0x00000000b2f00000, 0x00000000b2f00000| Complete 
| 266|0x00000000b3000000, 0x00000000b3100000, 0x00000000b3100000|100%| E|CS|TAMS 0x00000000b3000000, 0x00000000b3000000| Complete 
| 267|0x00000000b3100000, 0x00000000b3200000, 0x00000000b3200000|100%| E|CS|TAMS 0x00000000b3100000, 0x00000000b3100000| Complete 
| 268|0x00000000b3200000, 0x00000000b3300000, 0x00000000b3300000|100%| E|CS|TAMS 0x00000000b3200000, 0x00000000b3200000| Complete 
| 269|0x00000000b3300000, 0x00000000b3400000, 0x00000000b3400000|100%| E|CS|TAMS 0x00000000b3300000, 0x00000000b3300000| Complete 
| 270|0x00000000b3400000, 0x00000000b3500000, 0x00000000b3500000|100%| E|CS|TAMS 0x00000000b3400000, 0x00000000b3400000| Complete 
| 271|0x00000000b3500000, 0x00000000b3600000, 0x00000000b3600000|100%| E|CS|TAMS 0x00000000b3500000, 0x00000000b3500000| Complete 
| 272|0x00000000b3600000, 0x00000000b3700000, 0x00000000b3700000|100%| E|CS|TAMS 0x00000000b3600000, 0x00000000b3600000| Complete 
| 273|0x00000000b3700000, 0x00000000b3800000, 0x00000000b3800000|100%| E|CS|TAMS 0x00000000b3700000, 0x00000000b3700000| Complete 
| 274|0x00000000b3800000, 0x00000000b3900000, 0x00000000b3900000|100%| E|CS|TAMS 0x00000000b3800000, 0x00000000b3800000| Complete 
| 275|0x00000000b3900000, 0x00000000b3a00000, 0x00000000b3a00000|100%| E|CS|TAMS 0x00000000b3900000, 0x00000000b3900000| Complete 
| 276|0x00000000b3a00000, 0x00000000b3b00000, 0x00000000b3b00000|100%| E|CS|TAMS 0x00000000b3a00000, 0x00000000b3a00000| Complete 
| 277|0x00000000b3b00000, 0x00000000b3c00000, 0x00000000b3c00000|100%| E|CS|TAMS 0x00000000b3b00000, 0x00000000b3b00000| Complete 
| 278|0x00000000b3c00000, 0x00000000b3d00000, 0x00000000b3d00000|100%| E|CS|TAMS 0x00000000b3c00000, 0x00000000b3c00000| Complete 
| 279|0x00000000b3d00000, 0x00000000b3e00000, 0x00000000b3e00000|100%| E|CS|TAMS 0x00000000b3d00000, 0x00000000b3d00000| Complete 
| 280|0x00000000b3e00000, 0x00000000b3f00000, 0x00000000b3f00000|100%| E|CS|TAMS 0x00000000b3e00000, 0x00000000b3e00000| Complete 
| 281|0x00000000b3f00000, 0x00000000b4000000, 0x00000000b4000000|100%| E|CS|TAMS 0x00000000b3f00000, 0x00000000b3f00000| Complete 
| 282|0x00000000b4000000, 0x00000000b4100000, 0x00000000b4100000|100%| E|CS|TAMS 0x00000000b4000000, 0x00000000b4000000| Complete 
| 283|0x00000000b4100000, 0x00000000b4200000, 0x00000000b4200000|100%| E|CS|TAMS 0x00000000b4100000, 0x00000000b4100000| Complete 
| 284|0x00000000b4200000, 0x00000000b4300000, 0x00000000b4300000|100%| E|CS|TAMS 0x00000000b4200000, 0x00000000b4200000| Complete 
| 285|0x00000000b4300000, 0x00000000b4400000, 0x00000000b4400000|100%| E|CS|TAMS 0x00000000b4300000, 0x00000000b4300000| Complete 
| 286|0x00000000b4400000, 0x00000000b4500000, 0x00000000b4500000|100%| E|CS|TAMS 0x00000000b4400000, 0x00000000b4400000| Complete 
| 287|0x00000000b4500000, 0x00000000b4600000, 0x00000000b4600000|100%| E|CS|TAMS 0x00000000b4500000, 0x00000000b4500000| Complete 
| 288|0x00000000b4600000, 0x00000000b4700000, 0x00000000b4700000|100%| E|CS|TAMS 0x00000000b4600000, 0x00000000b4600000| Complete 
| 289|0x00000000b4700000, 0x00000000b4800000, 0x00000000b4800000|100%| E|CS|TAMS 0x00000000b4700000, 0x00000000b4700000| Complete 
| 290|0x00000000b4800000, 0x00000000b4900000, 0x00000000b4900000|100%| E|CS|TAMS 0x00000000b4800000, 0x00000000b4800000| Complete 
| 291|0x00000000b4900000, 0x00000000b4a00000, 0x00000000b4a00000|100%| E|CS|TAMS 0x00000000b4900000, 0x00000000b4900000| Complete 
| 292|0x00000000b4a00000, 0x00000000b4b00000, 0x00000000b4b00000|100%| E|CS|TAMS 0x00000000b4a00000, 0x00000000b4a00000| Complete 
| 293|0x00000000b4b00000, 0x00000000b4c00000, 0x00000000b4c00000|100%| E|CS|TAMS 0x00000000b4b00000, 0x00000000b4b00000| Complete 
| 294|0x00000000b4c00000, 0x00000000b4d00000, 0x00000000b4d00000|100%| E|CS|TAMS 0x00000000b4c00000, 0x00000000b4c00000| Complete 
| 295|0x00000000b4d00000, 0x00000000b4e00000, 0x00000000b4e00000|100%| E|CS|TAMS 0x00000000b4d00000, 0x00000000b4d00000| Complete 
| 296|0x00000000b4e00000, 0x00000000b4f00000, 0x00000000b4f00000|100%| E|CS|TAMS 0x00000000b4e00000, 0x00000000b4e00000| Complete 
| 297|0x00000000b4f00000, 0x00000000b5000000, 0x00000000b5000000|100%| E|CS|TAMS 0x00000000b4f00000, 0x00000000b4f00000| Complete 
| 298|0x00000000b5000000, 0x00000000b5100000, 0x00000000b5100000|100%| E|CS|TAMS 0x00000000b5000000, 0x00000000b5000000| Complete 
| 299|0x00000000b5100000, 0x00000000b5200000, 0x00000000b5200000|100%| E|CS|TAMS 0x00000000b5100000, 0x00000000b5100000| Complete 
| 300|0x00000000b5200000, 0x00000000b5300000, 0x00000000b5300000|100%| E|CS|TAMS 0x00000000b5200000, 0x00000000b5200000| Complete 
| 301|0x00000000b5300000, 0x00000000b5400000, 0x00000000b5400000|100%| E|CS|TAMS 0x00000000b5300000, 0x00000000b5300000| Complete 
| 302|0x00000000b5400000, 0x00000000b5500000, 0x00000000b5500000|100%| E|CS|TAMS 0x00000000b5400000, 0x00000000b5400000| Complete 
| 303|0x00000000b5500000, 0x00000000b5600000, 0x00000000b5600000|100%| E|CS|TAMS 0x00000000b5500000, 0x00000000b5500000| Complete 
| 304|0x00000000b5600000, 0x00000000b5700000, 0x00000000b5700000|100%| E|CS|TAMS 0x00000000b5600000, 0x00000000b5600000| Complete 
| 305|0x00000000b5700000, 0x00000000b5800000, 0x00000000b5800000|100%| E|CS|TAMS 0x00000000b5700000, 0x00000000b5700000| Complete 
| 306|0x00000000b5800000, 0x00000000b5900000, 0x00000000b5900000|100%| E|CS|TAMS 0x00000000b5800000, 0x00000000b5800000| Complete 
| 307|0x00000000b5900000, 0x00000000b5a00000, 0x00000000b5a00000|100%| E|CS|TAMS 0x00000000b5900000, 0x00000000b5900000| Complete 
| 308|0x00000000b5a00000, 0x00000000b5b00000, 0x00000000b5b00000|100%| E|CS|TAMS 0x00000000b5a00000, 0x00000000b5a00000| Complete 
| 309|0x00000000b5b00000, 0x00000000b5c00000, 0x00000000b5c00000|100%| E|CS|TAMS 0x00000000b5b00000, 0x00000000b5b00000| Complete 
| 310|0x00000000b5c00000, 0x00000000b5d00000, 0x00000000b5d00000|100%| E|CS|TAMS 0x00000000b5c00000, 0x00000000b5c00000| Complete 
| 311|0x00000000b5d00000, 0x00000000b5e00000, 0x00000000b5e00000|100%| E|CS|TAMS 0x00000000b5d00000, 0x00000000b5d00000| Complete 
| 312|0x00000000b5e00000, 0x00000000b5f00000, 0x00000000b5f00000|100%| E|CS|TAMS 0x00000000b5e00000, 0x00000000b5e00000| Complete 
| 313|0x00000000b5f00000, 0x00000000b6000000, 0x00000000b6000000|100%| E|CS|TAMS 0x00000000b5f00000, 0x00000000b5f00000| Complete 
| 314|0x00000000b6000000, 0x00000000b6100000, 0x00000000b6100000|100%| E|CS|TAMS 0x00000000b6000000, 0x00000000b6000000| Complete 
| 315|0x00000000b6100000, 0x00000000b6200000, 0x00000000b6200000|100%| E|CS|TAMS 0x00000000b6100000, 0x00000000b6100000| Complete 
| 316|0x00000000b6200000, 0x00000000b6300000, 0x00000000b6300000|100%| E|CS|TAMS 0x00000000b6200000, 0x00000000b6200000| Complete 
| 317|0x00000000b6300000, 0x00000000b6400000, 0x00000000b6400000|100%| E|CS|TAMS 0x00000000b6300000, 0x00000000b6300000| Complete 
| 318|0x00000000b6400000, 0x00000000b6500000, 0x00000000b6500000|100%| E|CS|TAMS 0x00000000b6400000, 0x00000000b6400000| Complete 
| 319|0x00000000b6500000, 0x00000000b6600000, 0x00000000b6600000|100%| E|CS|TAMS 0x00000000b6500000, 0x00000000b6500000| Complete 
| 320|0x00000000b6600000, 0x00000000b6700000, 0x00000000b6700000|100%| E|CS|TAMS 0x00000000b6600000, 0x00000000b6600000| Complete 
| 321|0x00000000b6700000, 0x00000000b6800000, 0x00000000b6800000|100%| E|CS|TAMS 0x00000000b6700000, 0x00000000b6700000| Complete 
| 322|0x00000000b6800000, 0x00000000b6900000, 0x00000000b6900000|100%| E|CS|TAMS 0x00000000b6800000, 0x00000000b6800000| Complete 
| 323|0x00000000b6900000, 0x00000000b6a00000, 0x00000000b6a00000|100%| E|CS|TAMS 0x00000000b6900000, 0x00000000b6900000| Complete 
| 324|0x00000000b6a00000, 0x00000000b6b00000, 0x00000000b6b00000|100%| E|CS|TAMS 0x00000000b6a00000, 0x00000000b6a00000| Complete 
| 325|0x00000000b6b00000, 0x00000000b6c00000, 0x00000000b6c00000|100%| E|CS|TAMS 0x00000000b6b00000, 0x00000000b6b00000| Complete 
| 326|0x00000000b6c00000, 0x00000000b6d00000, 0x00000000b6d00000|100%| E|CS|TAMS 0x00000000b6c00000, 0x00000000b6c00000| Complete 
| 327|0x00000000b6d00000, 0x00000000b6e00000, 0x00000000b6e00000|100%| E|CS|TAMS 0x00000000b6d00000, 0x00000000b6d00000| Complete 
| 328|0x00000000b6e00000, 0x00000000b6f00000, 0x00000000b6f00000|100%| E|CS|TAMS 0x00000000b6e00000, 0x00000000b6e00000| Complete 
| 329|0x00000000b6f00000, 0x00000000b7000000, 0x00000000b7000000|100%| E|CS|TAMS 0x00000000b6f00000, 0x00000000b6f00000| Complete 
| 330|0x00000000b7000000, 0x00000000b7100000, 0x00000000b7100000|100%| E|CS|TAMS 0x00000000b7000000, 0x00000000b7000000| Complete 
| 331|0x00000000b7100000, 0x00000000b7200000, 0x00000000b7200000|100%| E|CS|TAMS 0x00000000b7100000, 0x00000000b7100000| Complete 
| 332|0x00000000b7200000, 0x00000000b7300000, 0x00000000b7300000|100%| E|CS|TAMS 0x00000000b7200000, 0x00000000b7200000| Complete 
| 333|0x00000000b7300000, 0x00000000b7400000, 0x00000000b7400000|100%| E|CS|TAMS 0x00000000b7300000, 0x00000000b7300000| Complete 
|1493|0x00000000ffb00000, 0x00000000ffc00000, 0x00000000ffc00000|100%| O|  |TAMS 0x00000000ffb6ea00, 0x00000000ffb00000| Untracked 
|1494|0x00000000ffc00000, 0x00000000ffd00000, 0x00000000ffd00000|100%| O|  |TAMS 0x00000000ffd00000, 0x00000000ffc00000| Untracked 
|1495|0x00000000ffd00000, 0x00000000ffe00000, 0x00000000ffe00000|100%| O|  |TAMS 0x00000000ffe00000, 0x00000000ffd00000| Untracked 
|1496|0x00000000ffe00000, 0x00000000fff00000, 0x00000000fff00000|100%| O|  |TAMS 0x00000000fff00000, 0x00000000ffe00000| Untracked 
|1497|0x00000000fff00000, 0x0000000100000000, 0x0000000100000000|100%| O|  |TAMS 0x0000000100000000, 0x00000000fff00000| Untracked 

Card table byte_map: [0x0000017fb2150000,0x0000017fb2440000] _byte_map_base: 0x0000017fb1c3d000

Marking Bits (Prev, Next): (CMBitMap*) 0x0000017f9b0ae1b0, (CMBitMap*) 0x0000017f9b0ae1f0
 Prev Bits: [0x0000017fb2730000, 0x0000017fb3e98000)
 Next Bits: [0x0000017fb3ea0000, 0x0000017fb5608000)

Polling page: 0x0000017f98fe0000

Metaspace:

Usage:
  Non-class:     92.39 MB used.
      Class:     13.76 MB used.
       Both:    106.16 MB used.

Virtual space:
  Non-class space:      128.00 MB reserved,      93.00 MB ( 73%) committed,  2 nodes.
      Class space:        1.00 GB reserved,      14.44 MB (  1%) committed,  1 nodes.
             Both:        1.12 GB reserved,     107.44 MB (  9%) committed. 

Chunk freelists:
   Non-Class:  2.91 MB
       Class:  1.62 MB
        Both:  4.52 MB

MaxMetaspaceSize: unlimited
CompressedClassSpaceSize: 1.00 GB
Initial GC threshold: 21.00 MB
Current GC threshold: 136.50 MB
CDS: on
MetaspaceReclaimPolicy: balanced
 - commit_granule_bytes: 65536.
 - commit_granule_words: 8192.
 - virtual_space_node_default_size: 8388608.
 - enlarge_chunks_in_place: 1.
 - new_chunks_are_fully_committed: 0.
 - uncommit_free_chunks: 1.
 - use_allocation_guard: 0.
 - handle_deallocations: 1.


Internal statistics:

num_allocs_failed_limit: 9.
num_arena_births: 2520.
num_arena_deaths: 0.
num_vsnodes_births: 3.
num_vsnodes_deaths: 0.
num_space_committed: 1717.
num_space_uncommitted: 0.
num_chunks_returned_to_freelist: 9.
num_chunks_taken_from_freelist: 6993.
num_chunk_merges: 6.
num_chunk_splits: 4605.
num_chunks_enlarged: 3000.
num_inconsistent_stats: 0.

CodeHeap 'non-profiled nmethods': size=120000Kb used=15942Kb max_used=15942Kb free=104057Kb
 bounds [0x0000017faa3e0000, 0x0000017fab380000, 0x0000017fb1910000]
CodeHeap 'profiled nmethods': size=120000Kb used=31295Kb max_used=31295Kb free=88704Kb
 bounds [0x0000017fa2910000, 0x0000017fa47b0000, 0x0000017fa9e40000]
CodeHeap 'non-nmethods': size=5760Kb used=1456Kb max_used=1515Kb free=4303Kb
 bounds [0x0000017fa9e40000, 0x0000017faa0b0000, 0x0000017faa3e0000]
 total_blobs=18402 nmethods=17596 adapters=716
 compilation: enabled
              stopped_count=0, restarted_count=0
 full_count=0

Compilation events (20 events):
Event: 4545.375 Thread 0x0000017fb8292ed0 21717       1       org.springframework.web.method.HandlerMethod::shouldValidateReturnValue (5 bytes)
Event: 4545.375 Thread 0x0000017fb8292ed0 nmethod 21717 0x0000017fab370e90 code [0x0000017fab371020, 0x0000017fab3710f8]
Event: 4545.375 Thread 0x0000017fb8292ed0 21718       1       org.springframework.web.method.HandlerMethod::getResponseStatusReason (5 bytes)
Event: 4545.376 Thread 0x0000017fb8292ed0 nmethod 21718 0x0000017fab371190 code [0x0000017fab371320, 0x0000017fab3713f8]
Event: 4545.376 Thread 0x0000017fb8292ed0 21719       3       org.springframework.http.converter.ResourceHttpMessageConverter::supports (7 bytes)
Event: 4545.376 Thread 0x0000017fb8292ed0 nmethod 21719 0x0000017fa479e310 code [0x0000017fa479e4c0, 0x0000017fa479e608]
Event: 4545.376 Thread 0x0000017fb8292ed0 21720       3       com.fasterxml.jackson.databind.SerializationFeature::enabledIn (15 bytes)
Event: 4545.376 Thread 0x0000017fb8292ed0 nmethod 21720 0x0000017fa479e690 code [0x0000017fa479e820, 0x0000017fa479e998]
Event: 4545.377 Thread 0x0000017fb8292ed0 21721       1       com.fasterxml.jackson.databind.cfg.MapperConfigBase::getFullRootName (5 bytes)
Event: 4545.377 Thread 0x0000017fb8292ed0 nmethod 21721 0x0000017fab371490 code [0x0000017fab371620, 0x0000017fab3716f8]
Event: 4545.377 Thread 0x0000017fb8292ed0 21725       3       org.hibernate.sql.results.spi.LoadContexts::cleanup (28 bytes)
Event: 4545.385 Thread 0x0000017fb8292ed0 nmethod 21725 0x0000017fa479ea10 code [0x0000017fa479ec00, 0x0000017fa479f2c8]
Event: 4545.385 Thread 0x0000017fb8292ed0 21726       3       org.hibernate.internal.util.collections.StandardStack::clear (29 bytes)
Event: 4545.385 Thread 0x0000017fb8292ed0 nmethod 21726 0x0000017fa479f510 code [0x0000017fa479f6c0, 0x0000017fa479fa38]
Event: 4545.385 Thread 0x0000017fb8292ed0 21724       3       com.zaxxer.hikari.pool.PoolBase::resetConnectionState (280 bytes)
Event: 4545.393 Thread 0x0000017fb8292ed0 nmethod 21724 0x0000017fa479fb90 code [0x0000017fa479fe60, 0x0000017fa47a1248]
Event: 4545.393 Thread 0x0000017fb8292ed0 21722   !   3       org.springframework.web.context.request.async.StandardServletAsyncWebRequest$LifecycleHttpServletResponse::getOutputStream (81 bytes)
Event: 4545.400 Thread 0x0000017fb8292ed0 nmethod 21722 0x0000017fa47a1810 code [0x0000017fa47a1b60, 0x0000017fa47a31a8]
Event: 4545.400 Thread 0x0000017fb8292ed0 21723       1       org.springframework.web.method.support.ModelAndViewContainer::getDefaultModel (5 bytes)
Event: 4545.402 Thread 0x0000017fb8292ed0 nmethod 21723 0x0000017fab371790 code [0x0000017fab371920, 0x0000017fab3719f8]

GC Heap History (20 events):
Event: 22.759 GC heap before
{Heap before GC invocations=28 (full 0):
 garbage-first heap   total 144384K, used 117249K [0x00000000a2600000, 0x0000000100000000)
  region size 1024K, 64 young (65536K), 9 survivors (9216K)
 Metaspace       used 83002K, committed 83648K, reserved 1179648K
  class space    used 11167K, committed 11456K, reserved 1048576K
}
Event: 22.790 GC heap after
{Heap after GC invocations=29 (full 0):
 garbage-first heap   total 149504K, used 82474K [0x00000000a2600000, 0x0000000100000000)
  region size 1024K, 8 young (8192K), 8 survivors (8192K)
 Metaspace       used 83002K, committed 83648K, reserved 1179648K
  class space    used 11167K, committed 11456K, reserved 1048576K
}
Event: 22.913 GC heap before
{Heap before GC invocations=29 (full 0):
 garbage-first heap   total 149504K, used 113194K [0x00000000a2600000, 0x0000000100000000)
  region size 1024K, 38 young (38912K), 8 survivors (8192K)
 Metaspace       used 83182K, committed 83840K, reserved 1179648K
  class space    used 11255K, committed 11584K, reserved 1048576K
}
Event: 22.922 GC heap after
{Heap after GC invocations=30 (full 0):
 garbage-first heap   total 149504K, used 87999K [0x00000000a2600000, 0x0000000100000000)
  region size 1024K, 4 young (4096K), 4 survivors (4096K)
 Metaspace       used 83182K, committed 83840K, reserved 1179648K
  class space    used 11255K, committed 11584K, reserved 1048576K
}
Event: 23.003 GC heap before
{Heap before GC invocations=30 (full 0):
 garbage-first heap   total 191488K, used 115647K [0x00000000a2600000, 0x0000000100000000)
  region size 1024K, 32 young (32768K), 4 survivors (4096K)
 Metaspace       used 83182K, committed 83840K, reserved 1179648K
  class space    used 11255K, committed 11584K, reserved 1048576K
}
Event: 23.009 GC heap after
{Heap after GC invocations=31 (full 0):
 garbage-first heap   total 347136K, used 86725K [0x00000000a2600000, 0x0000000100000000)
  region size 1024K, 2 young (2048K), 2 survivors (2048K)
 Metaspace       used 83182K, committed 83840K, reserved 1179648K
  class space    used 11255K, committed 11584K, reserved 1048576K
}
Event: 23.710 GC heap before
{Heap before GC invocations=32 (full 0):
 garbage-first heap   total 347136K, used 271045K [0x00000000a2600000, 0x0000000100000000)
  region size 1024K, 182 young (186368K), 2 survivors (2048K)
 Metaspace       used 83292K, committed 83904K, reserved 1179648K
  class space    used 11275K, committed 11584K, reserved 1048576K
}
Event: 23.716 GC heap after
{Heap after GC invocations=33 (full 0):
 garbage-first heap   total 347136K, used 88408K [0x00000000a2600000, 0x0000000100000000)
  region size 1024K, 3 young (3072K), 3 survivors (3072K)
 Metaspace       used 83292K, committed 83904K, reserved 1179648K
  class space    used 11275K, committed 11584K, reserved 1048576K
}
Event: 292.188 GC heap before
{Heap before GC invocations=33 (full 0):
 garbage-first heap   total 347136K, used 286040K [0x00000000a2600000, 0x0000000100000000)
  region size 1024K, 196 young (200704K), 3 survivors (3072K)
 Metaspace       used 97497K, committed 98240K, reserved 1179648K
  class space    used 12949K, committed 13312K, reserved 1048576K
}
Event: 292.322 GC heap after
{Heap after GC invocations=34 (full 0):
 garbage-first heap   total 347136K, used 97963K [0x00000000a2600000, 0x0000000100000000)
  region size 1024K, 13 young (13312K), 13 survivors (13312K)
 Metaspace       used 97497K, committed 98240K, reserved 1179648K
  class space    used 12949K, committed 13312K, reserved 1048576K
}
Event: 352.389 GC heap before
{Heap before GC invocations=34 (full 0):
 garbage-first heap   total 347136K, used 280235K [0x00000000a2600000, 0x0000000100000000)
  region size 1024K, 192 young (196608K), 13 survivors (13312K)
 Metaspace       used 101491K, committed 102400K, reserved 1179648K
  class space    used 13402K, committed 13824K, reserved 1048576K
}
Event: 352.437 GC heap after
{Heap after GC invocations=35 (full 0):
 garbage-first heap   total 347136K, used 100075K [0x00000000a2600000, 0x0000000100000000)
  region size 1024K, 15 young (15360K), 15 survivors (15360K)
 Metaspace       used 101491K, committed 102400K, reserved 1179648K
  class space    used 13402K, committed 13824K, reserved 1048576K
}
Event: 1273.561 GC heap before
{Heap before GC invocations=35 (full 0):
 garbage-first heap   total 347136K, used 285419K [0x00000000a2600000, 0x0000000100000000)
  region size 1024K, 196 young (200704K), 15 survivors (15360K)
 Metaspace       used 104321K, committed 105664K, reserved 1179648K
  class space    used 13682K, committed 14336K, reserved 1048576K
}
Event: 1273.639 GC heap after
{Heap after GC invocations=36 (full 0):
 garbage-first heap   total 347136K, used 101908K [0x00000000a2600000, 0x0000000100000000)
  region size 1024K, 14 young (14336K), 14 survivors (14336K)
 Metaspace       used 104321K, committed 105664K, reserved 1179648K
  class space    used 13682K, committed 14336K, reserved 1048576K
}
Event: 2867.548 GC heap before
{Heap before GC invocations=36 (full 0):
 garbage-first heap   total 347136K, used 290324K [0x00000000a2600000, 0x0000000100000000)
  region size 1024K, 198 young (202752K), 14 survivors (14336K)
 Metaspace       used 104964K, committed 106304K, reserved 1179648K
  class space    used 13705K, committed 14336K, reserved 1048576K
}
Event: 2867.664 GC heap after
{Heap after GC invocations=37 (full 0):
 garbage-first heap   total 347136K, used 103202K [0x00000000a2600000, 0x0000000100000000)
  region size 1024K, 16 young (16384K), 16 survivors (16384K)
 Metaspace       used 104964K, committed 106304K, reserved 1179648K
  class space    used 13705K, committed 14336K, reserved 1048576K
}
Event: 2983.543 GC heap before
{Heap before GC invocations=37 (full 0):
 garbage-first heap   total 347136K, used 291618K [0x00000000a2600000, 0x0000000100000000)
  region size 1024K, 201 young (205824K), 16 survivors (16384K)
 Metaspace       used 108040K, committed 109312K, reserved 1179648K
  class space    used 14079K, committed 14720K, reserved 1048576K
}
Event: 2983.619 GC heap after
{Heap after GC invocations=38 (full 0):
 garbage-first heap   total 347136K, used 104965K [0x00000000a2600000, 0x0000000100000000)
  region size 1024K, 9 young (9216K), 9 survivors (9216K)
 Metaspace       used 108040K, committed 109312K, reserved 1179648K
  class space    used 14079K, committed 14720K, reserved 1048576K
}
Event: 3970.689 GC heap before
{Heap before GC invocations=38 (full 0):
 garbage-first heap   total 347136K, used 293381K [0x00000000a2600000, 0x0000000100000000)
  region size 1024K, 194 young (198656K), 9 survivors (9216K)
 Metaspace       used 108613K, committed 109952K, reserved 1179648K
  class space    used 14090K, committed 14784K, reserved 1048576K
}
Event: 3970.784 GC heap after
{Heap after GC invocations=39 (full 0):
 garbage-first heap   total 347136K, used 105012K [0x00000000a2600000, 0x0000000100000000)
  region size 1024K, 9 young (9216K), 9 survivors (9216K)
 Metaspace       used 108613K, committed 109952K, reserved 1179648K
  class space    used 14090K, committed 14784K, reserved 1048576K
}

Deoptimization events (20 events):
Event: 4183.505 Thread 0x0000017f81f00a60 Uncommon trap: trap_request=0xffffffd6 fr.pc=0x0000017fab341acc relative=0x00000000000004ac
Event: 4183.506 Thread 0x0000017f81f00a60 Uncommon trap: reason=array_check action=maybe_recompile pc=0x0000017fab341acc method=java.util.LinkedHashMap.valuesToArray([Ljava/lang/Object;)[Ljava/lang/Object; @ 25 c2
Event: 4183.506 Thread 0x0000017f81f00a60 DEOPT PACKING pc=0x0000017fab341acc sp=0x0000002908efdf00
Event: 4183.508 Thread 0x0000017f81f00a60 DEOPT UNPACKING pc=0x0000017fa9e923a3 sp=0x0000002908efde40 mode 2
Event: 4183.515 Thread 0x0000017f81f00a60 Uncommon trap: trap_request=0xffffffd6 fr.pc=0x0000017fab341acc relative=0x00000000000004ac
Event: 4183.515 Thread 0x0000017f81f00a60 Uncommon trap: reason=array_check action=maybe_recompile pc=0x0000017fab341acc method=java.util.LinkedHashMap.valuesToArray([Ljava/lang/Object;)[Ljava/lang/Object; @ 25 c2
Event: 4183.515 Thread 0x0000017f81f00a60 DEOPT PACKING pc=0x0000017fab341acc sp=0x0000002908efdf00
Event: 4183.515 Thread 0x0000017f81f00a60 DEOPT UNPACKING pc=0x0000017fa9e923a3 sp=0x0000002908efde40 mode 2
Event: 4213.560 Thread 0x0000017f82f6b210 Uncommon trap: trap_request=0xffffffd6 fr.pc=0x0000017fab341acc relative=0x00000000000004ac
Event: 4213.562 Thread 0x0000017f82f6b210 Uncommon trap: reason=array_check action=maybe_recompile pc=0x0000017fab341acc method=java.util.LinkedHashMap.valuesToArray([Ljava/lang/Object;)[Ljava/lang/Object; @ 25 c2
Event: 4213.563 Thread 0x0000017f82f6b210 DEOPT PACKING pc=0x0000017fab341acc sp=0x00000029053fe190
Event: 4213.566 Thread 0x0000017f82f6b210 DEOPT UNPACKING pc=0x0000017fa9e923a3 sp=0x00000029053fe0d0 mode 2
Event: 4213.657 Thread 0x0000017f82f6b210 Uncommon trap: trap_request=0xffffffd6 fr.pc=0x0000017fab341acc relative=0x00000000000004ac
Event: 4213.657 Thread 0x0000017f82f6b210 Uncommon trap: reason=array_check action=maybe_recompile pc=0x0000017fab341acc method=java.util.LinkedHashMap.valuesToArray([Ljava/lang/Object;)[Ljava/lang/Object; @ 25 c2
Event: 4213.657 Thread 0x0000017f82f6b210 DEOPT PACKING pc=0x0000017fab341acc sp=0x00000029053fe190
Event: 4213.658 Thread 0x0000017f82f6b210 DEOPT UNPACKING pc=0x0000017fa9e923a3 sp=0x00000029053fe0d0 mode 2
Event: 4535.085 Thread 0x0000017f82d2c1d0 Uncommon trap: trap_request=0xfffffff4 fr.pc=0x0000017faac60934 relative=0x0000000000000ad4
Event: 4535.085 Thread 0x0000017f82d2c1d0 Uncommon trap: reason=null_check action=make_not_entrant pc=0x0000017faac60934 method=java.lang.Class.reflectionData()Ljava/lang/Class$ReflectionData; @ 18 c2
Event: 4535.086 Thread 0x0000017f82d2c1d0 DEOPT PACKING pc=0x0000017faac60934 sp=0x00000029088f8370
Event: 4535.087 Thread 0x0000017f82d2c1d0 DEOPT UNPACKING pc=0x0000017fa9e923a3 sp=0x00000029088f82c0 mode 2

Classes unloaded (0 events):
No events

Classes redefined (0 events):
No events

Internal exceptions (20 events):
Event: 2978.466 Thread 0x0000017f82d2a880 Implicit null exception at 0x0000017fab16b723 to 0x0000017fab16e718
Event: 2978.502 Thread 0x0000017f82d2a880 Implicit null exception at 0x0000017faac9fd39 to 0x0000017faaca07f8
Event: 2978.510 Thread 0x0000017f82d2a880 Implicit null exception at 0x0000017faac9d26a to 0x0000017faac9e60c
Event: 2978.582 Thread 0x0000017f82d2a880 Implicit null exception at 0x0000017faac2afd4 to 0x0000017faac2b45c
Event: 2998.743 Thread 0x0000017f82d2c1d0 Implicit null exception at 0x0000017fab105c63 to 0x0000017fab1062ec
Event: 2998.746 Thread 0x0000017f82d2c1d0 Implicit null exception at 0x0000017faae904dc to 0x0000017faae90e10
Event: 3073.517 Thread 0x0000017f81f01480 Implicit null exception at 0x0000017faaee5ead to 0x0000017faaee81c4
Event: 3091.655 Thread 0x0000017f82d2b7b0 Implicit null exception at 0x0000017faaeef827 to 0x0000017faaef26e4
Event: 3091.673 Thread 0x0000017f82d2b7b0 Implicit null exception at 0x0000017faa9d246e to 0x0000017faa9d740c
Event: 3152.293 Thread 0x0000017f82d2c1d0 Implicit null exception at 0x0000017fab1ff0e8 to 0x0000017fab20361c
Event: 3152.306 Thread 0x0000017f82d2c1d0 Implicit null exception at 0x0000017fab2129fb to 0x0000017fab214958
Event: 3542.114 Thread 0x0000017f81f028c0 Exception <a 'java/io/IOException'{0x00000000ae6f8870}> (0x00000000ae6f8870) 
thrown [s\open\src\hotspot\share\prims\jni.cpp, line 516]
Event: 3542.122 Thread 0x0000017f81f028c0 Exception <a 'java/io/IOException'{0x00000000ae6f93b0}> (0x00000000ae6f93b0) 
thrown [s\open\src\hotspot\share\prims\jni.cpp, line 516]
Event: 3542.309 Thread 0x0000017f81f04c30 Implicit null exception at 0x0000017fab16c098 to 0x0000017fab16cee8
Event: 3542.337 Thread 0x0000017f81f04c30 Implicit null exception at 0x0000017fab16c098 to 0x0000017fab16cee8
Event: 3542.339 Thread 0x0000017f81f04c30 Implicit null exception at 0x0000017fab16c098 to 0x0000017fab16cee8
Event: 3542.340 Thread 0x0000017f81f04c30 Implicit null exception at 0x0000017fab16c098 to 0x0000017fab16cee8
Event: 3556.646 Thread 0x0000017f81f04c30 Exception <a 'java/io/IOException'{0x00000000ae5f1eb0}> (0x00000000ae5f1eb0) 
thrown [s\open\src\hotspot\share\prims\jni.cpp, line 516]
Event: 4535.084 Thread 0x0000017f82d2c1d0 Implicit null exception at 0x0000017faac5feb9 to 0x0000017faac60910
Event: 4544.792 Thread 0x0000017f82d2b2a0 Exception <a 'java/net/SocketException'{0x00000000b2e93b78}: Connection reset by peer: shutdown> (0x00000000b2e93b78) 
thrown [s\open\src\hotspot\share\prims\jni.cpp, line 535]

VM Operations (20 events):
Event: 4333.690 Executing VM operation: HandshakeAllThreads
Event: 4333.694 Executing VM operation: HandshakeAllThreads done
Event: 4334.704 Executing VM operation: Cleanup
Event: 4334.705 Executing VM operation: Cleanup done
Event: 4357.836 Executing VM operation: Cleanup
Event: 4357.836 Executing VM operation: Cleanup done
Event: 4422.251 Executing VM operation: Cleanup
Event: 4422.261 Executing VM operation: Cleanup done
Event: 4511.842 Executing VM operation: HandshakeAllThreads
Event: 4511.858 Executing VM operation: HandshakeAllThreads done
Event: 4534.015 Executing VM operation: Cleanup
Event: 4534.018 Executing VM operation: Cleanup done
Event: 4535.029 Executing VM operation: Cleanup
Event: 4535.046 Executing VM operation: Cleanup done
Event: 4536.047 Executing VM operation: Cleanup
Event: 4536.048 Executing VM operation: Cleanup done
Event: 4545.104 Executing VM operation: Cleanup
Event: 4545.104 Executing VM operation: Cleanup done
Event: 4546.110 Executing VM operation: Cleanup
Event: 4546.110 Executing VM operation: Cleanup done

Events (20 events):
Event: 4422.118 Thread 0x0000017f82f6a7f0 Thread added: 0x0000017f82f6a7f0
Event: 4422.158 Thread 0x0000017f82f6bc30 Thread added: 0x0000017f82f6bc30
Event: 4422.516 Thread 0x0000017f82f698c0 Thread exited: 0x0000017f82f698c0
Event: 4482.154 Thread 0x0000017f82f6a7f0 Thread exited: 0x0000017f82f6a7f0
Event: 4482.155 Thread 0x0000017f81f028c0 Thread exited: 0x0000017f81f028c0
Event: 4482.164 Thread 0x0000017f81f06a90 Thread exited: 0x0000017f81f06a90
Event: 4482.180 Thread 0x0000017f82f6bc30 Thread exited: 0x0000017f82f6bc30
Event: 4535.119 Thread 0x0000017f82f6bc30 Thread added: 0x0000017f82f6bc30
Event: 4535.143 Thread 0x0000017f82f68ea0 Thread added: 0x0000017f82f68ea0
Event: 4535.143 Thread 0x0000017f82f6a7f0 Thread added: 0x0000017f82f6a7f0
Event: 4535.143 Thread 0x0000017f82f698c0 Thread added: 0x0000017f82f698c0
Event: 4535.146 Thread 0x0000017f82d2a370 Thread added: 0x0000017f82d2a370
Event: 4535.166 Thread 0x0000017f82d28510 Thread added: 0x0000017f82d28510
Event: 4535.167 Thread 0x0000017f82d270d0 Thread added: 0x0000017f82d270d0
Event: 4535.168 Thread 0x0000017f81f028c0 Thread added: 0x0000017f81f028c0
Event: 4544.778 Thread 0x0000017f81f06a90 Thread added: 0x0000017f81f06a90
Event: 4544.779 Thread 0x0000017fff40cb10 Thread added: 0x0000017fff40cb10
Event: 4544.782 Thread 0x0000017fff40e460 Thread added: 0x0000017fff40e460
Event: 4544.782 Thread 0x0000017ffe681610 Thread added: 0x0000017ffe681610
Event: 4545.211 Thread 0x0000017f82f6bc30 Thread exited: 0x0000017f82f6bc30


Dynamic libraries:
0x00007ff6daae0000 - 0x00007ff6daaf0000 	C:\Program Files\Java\jdk-17\bin\java.exe
0x00007ffccd600000 - 0x00007ffccd868000 	C:\WINDOWS\SYSTEM32\ntdll.dll
0x00007ffccd290000 - 0x00007ffccd359000 	C:\WINDOWS\System32\KERNEL32.DLL
0x00007ffcca8b0000 - 0x00007ffccac9d000 	C:\WINDOWS\System32\KERNELBASE.dll
0x00007ffccb190000 - 0x00007ffccb2db000 	C:\WINDOWS\System32\ucrtbase.dll
0x00007ffcc4810000 - 0x00007ffcc4829000 	C:\Program Files\Java\jdk-17\bin\jli.dll
0x00007ffcc5a70000 - 0x00007ffcc5a8b000 	C:\Program Files\Java\jdk-17\bin\VCRUNTIME140.dll
0x00007ffccd500000 - 0x00007ffccd5b4000 	C:\WINDOWS\System32\ADVAPI32.dll
0x00007ffccbd20000 - 0x00007ffccbdc9000 	C:\WINDOWS\System32\msvcrt.dll
0x00007ffccb7e0000 - 0x00007ffccb886000 	C:\WINDOWS\System32\sechost.dll
0x00007ffccc090000 - 0x00007ffccc1a8000 	C:\WINDOWS\System32\RPCRT4.dll
0x00007ffccb510000 - 0x00007ffccb6dc000 	C:\WINDOWS\System32\USER32.dll
0x00007ffccb2e0000 - 0x00007ffccb307000 	C:\WINDOWS\System32\win32u.dll
0x00007ffcb6930000 - 0x00007ffcb6bca000 	C:\WINDOWS\WinSxS\amd64_microsoft.windows.common-controls_6595b64144ccf1df_6.0.26100.4484_none_3e0e6d4ce32ef3b3\COMCTL32.dll
0x00007ffccd4c0000 - 0x00007ffccd4eb000 	C:\WINDOWS\System32\GDI32.dll
0x00007ffccae20000 - 0x00007ffccaf57000 	C:\WINDOWS\System32\gdi32full.dll
0x00007ffccb0e0000 - 0x00007ffccb183000 	C:\WINDOWS\System32\msvcp_win.dll
0x00007ffcc3e40000 - 0x00007ffcc3e4b000 	C:\WINDOWS\SYSTEM32\VERSION.dll
0x00007ffccd0d0000 - 0x00007ffccd0ff000 	C:\WINDOWS\System32\IMM32.DLL
0x00007ffcc5b70000 - 0x00007ffcc5b7c000 	C:\Program Files\Java\jdk-17\bin\vcruntime140_1.dll
0x00007ffcc3a60000 - 0x00007ffcc3aee000 	C:\Program Files\Java\jdk-17\bin\msvcp140.dll
0x00007ffc793d0000 - 0x00007ffc79fb0000 	C:\Program Files\Java\jdk-17\bin\server\jvm.dll
0x00007ffccd440000 - 0x00007ffccd448000 	C:\WINDOWS\System32\PSAPI.DLL
0x00007ffcc1ef0000 - 0x00007ffcc1f25000 	C:\WINDOWS\SYSTEM32\WINMM.dll
0x00007ffcc4800000 - 0x00007ffcc480a000 	C:\WINDOWS\SYSTEM32\WSOCK32.dll
0x00007ffccc010000 - 0x00007ffccc084000 	C:\WINDOWS\System32\WS2_32.dll
0x00007ffcc94f0000 - 0x00007ffcc950b000 	C:\WINDOWS\SYSTEM32\kernel.appcore.dll
0x00007ffcc47f0000 - 0x00007ffcc47fa000 	C:\Program Files\Java\jdk-17\bin\jimage.dll
0x00007ffcbefc0000 - 0x00007ffcbf201000 	C:\WINDOWS\SYSTEM32\DBGHELP.DLL
0x00007ffccb990000 - 0x00007ffccbd16000 	C:\WINDOWS\System32\combase.dll
0x00007ffccd120000 - 0x00007ffccd200000 	C:\WINDOWS\System32\OLEAUT32.dll
0x00007ffcb9130000 - 0x00007ffcb9173000 	C:\WINDOWS\SYSTEM32\dbgcore.DLL
0x00007ffcca750000 - 0x00007ffcca7e9000 	C:\WINDOWS\System32\bcryptPrimitives.dll
0x00007ffcc47e0000 - 0x00007ffcc47ee000 	C:\Program Files\Java\jdk-17\bin\instrument.dll
0x00007ffcc3c70000 - 0x00007ffcc3c95000 	C:\Program Files\Java\jdk-17\bin\java.dll
0x00007ffca6950000 - 0x00007ffca6a27000 	C:\Program Files\Java\jdk-17\bin\jsvml.dll
0x00007ffccc1b0000 - 0x00007ffccc8fa000 	C:\WINDOWS\System32\SHELL32.dll
0x00007ffccaca0000 - 0x00007ffccae14000 	C:\WINDOWS\System32\wintypes.dll
0x00007ffcc83d0000 - 0x00007ffcc8c2b000 	C:\WINDOWS\SYSTEM32\windows.storage.dll
0x00007ffccb890000 - 0x00007ffccb985000 	C:\WINDOWS\System32\SHCORE.dll
0x00007ffccd450000 - 0x00007ffccd4ba000 	C:\WINDOWS\System32\shlwapi.dll
0x00007ffcca660000 - 0x00007ffcca68f000 	C:\WINDOWS\SYSTEM32\profapi.dll
0x00007ffcc3b80000 - 0x00007ffcc3b98000 	C:\Program Files\Java\jdk-17\bin\zip.dll
0x00007ffcc3c50000 - 0x00007ffcc3c69000 	C:\Program Files\Java\jdk-17\bin\net.dll
0x00007ffcc3610000 - 0x00007ffcc372e000 	C:\WINDOWS\SYSTEM32\WINHTTP.dll
0x00007ffcc9a80000 - 0x00007ffcc9aea000 	C:\WINDOWS\system32\mswsock.dll
0x00007ffcc3bf0000 - 0x00007ffcc3c06000 	C:\Program Files\Java\jdk-17\bin\nio.dll
0x00007ffcc3e50000 - 0x00007ffcc3e5e000 	C:\Program Files\Java\jdk-17\bin\sunmscapi.dll
0x00007ffccaf60000 - 0x00007ffccb0d7000 	C:\WINDOWS\System32\CRYPT32.dll
0x00007ffcc9f50000 - 0x00007ffcc9f80000 	C:\WINDOWS\SYSTEM32\ncrypt.dll
0x00007ffcc9f00000 - 0x00007ffcc9f3f000 	C:\WINDOWS\SYSTEM32\NTASN1.dll
0x00007ffcc9d40000 - 0x00007ffcc9d5b000 	C:\WINDOWS\SYSTEM32\CRYPTSP.dll
0x00007ffcc9450000 - 0x00007ffcc948b000 	C:\WINDOWS\system32\rsaenh.dll
0x00007ffcc9b20000 - 0x00007ffcc9b4b000 	C:\WINDOWS\SYSTEM32\USERENV.dll
0x00007ffcca630000 - 0x00007ffcca656000 	C:\WINDOWS\SYSTEM32\bcrypt.dll
0x00007ffcc9d30000 - 0x00007ffcc9d3c000 	C:\WINDOWS\SYSTEM32\CRYPTBASE.dll
0x00007ffcc8f70000 - 0x00007ffcc8fa3000 	C:\WINDOWS\SYSTEM32\IPHLPAPI.DLL
0x00007ffccd4f0000 - 0x00007ffccd4fa000 	C:\WINDOWS\System32\NSI.dll
0x00007ffcc48d0000 - 0x00007ffcc48ef000 	C:\WINDOWS\SYSTEM32\dhcpcsvc6.DLL
0x00007ffcc35e0000 - 0x00007ffcc3605000 	C:\WINDOWS\SYSTEM32\dhcpcsvc.DLL
0x00007ffcc9010000 - 0x00007ffcc9136000 	C:\WINDOWS\SYSTEM32\DNSAPI.dll
0x00007ffcc3c40000 - 0x00007ffcc3c4a000 	C:\Program Files\Java\jdk-17\bin\management.dll
0x00007ffcc3b70000 - 0x00007ffcc3b7b000 	C:\Program Files\Java\jdk-17\bin\management_ext.dll
0x00007ffcbc5d0000 - 0x00007ffcbc5e0000 	C:\Program Files\Java\jdk-17\bin\verify.dll
0x00007ffcbee50000 - 0x00007ffcbee5b000 	C:\Windows\System32\rasadhlp.dll
0x00007ffcc2c40000 - 0x00007ffcc2cc6000 	C:\WINDOWS\System32\fwpuclnt.dll
0x00007ffca6490000 - 0x00007ffca6498000 	C:\WINDOWS\system32\wshunix.dll

dbghelp: loaded successfully - version: 4.0.5 - missing functions: none
symbol engine: initialized successfully - sym options: 0x614 - pdb path: .;C:\Program Files\Java\jdk-17\bin;C:\WINDOWS\SYSTEM32;C:\WINDOWS\WinSxS\amd64_microsoft.windows.common-controls_6595b64144ccf1df_6.0.26100.4484_none_3e0e6d4ce32ef3b3;C:\Program Files\Java\jdk-17\bin\server

VM Arguments:
jvm_args: -javaagent:C:\Program Files\JetBrains\IntelliJ IDEA Community Edition 2024.3.5\lib\idea_rt.jar=50292 -Dfile.encoding=UTF-8 
java_command: com.maven.OnlineShoppingSB.OnlineShoppingSbApplication
java_class_path (initial): D:\git\OnlineShoppingOJT\OnlineShoppingSB\target\classes;C:\Users\Lenovo\.m2\repository\org\apache\commons\commons-text\1.12.0\commons-text-1.12.0.jar;C:\Users\Lenovo\.m2\repository\org\apache\commons\commons-lang3\3.17.0\commons-lang3-3.17.0.jar;C:\Users\Lenovo\.m2\repository\org\apache\poi\poi-ooxml\5.2.3\poi-ooxml-5.2.3.jar;C:\Users\Lenovo\.m2\repository\org\apache\poi\poi\5.2.3\poi-5.2.3.jar;C:\Users\Lenovo\.m2\repository\commons-codec\commons-codec\1.17.2\commons-codec-1.17.2.jar;C:\Users\Lenovo\.m2\repository\org\apache\commons\commons-math3\3.6.1\commons-math3-3.6.1.jar;C:\Users\Lenovo\.m2\repository\com\zaxxer\SparseBitSet\1.2\SparseBitSet-1.2.jar;C:\Users\Lenovo\.m2\repository\org\apache\poi\poi-ooxml-lite\5.2.3\poi-ooxml-lite-5.2.3.jar;C:\Users\Lenovo\.m2\repository\org\apache\xmlbeans\xmlbeans\5.1.1\xmlbeans-5.1.1.jar;C:\Users\Lenovo\.m2\repository\org\apache\commons\commons-compress\1.21\commons-compress-1.21.jar;C:\Users\Lenovo\.m2\repository\commons-io\commons-io\2.11.0\commons-io-2.11.0.jar;C:\Users\Lenovo\.m2\repository\com\github\virtuald\curvesapi\1.07\curvesapi-1.07.jar;C:\Users\Lenovo\.m2\repository\org\apache\logging\log4j\log4j-api\2.24.3\log4j-api-2.24.3.jar;C:\Users\Lenovo\.m2\repository\org\apache\commons\commons-collections4\4.4\commons-collections4-4.4.jar;C:\Users\Lenovo\.m2\repository\org\springframework\boot\spring-boot-starter-websocket\3.4.6\spring-boot-starter-websocket-3.4.6.jar;C:\Users\Lenovo\.m2\repository\org\springframework\spring-messaging\6.2.7\spring-messaging-6.2.7.jar;C:\Users\Lenovo\.m2\repository\org\springframework\spring-beans\6.2.7\spring-beans-6.2.7.jar;C:\Users\Lenovo\.m2\repository\org\springframework\spring-websocket\6.2.7\spring-websocket-6.2.7.jar;C:\Users\Lenovo\.m2\repository\org\springframework\spring-context\6.2.7\spring-context-6.2.7.jar;C:\Users\Lenovo\.m2\repository\javax\xml\bind\jaxb-api\2.3.1\jaxb-api-2.3.1.jar;C:\Users\Lenovo\.m2\repository\javax\activation\javax.activatio
Launcher Type: SUN_STANDARD

[Global flags]
     intx CICompilerCount                          = 4                                         {product} {ergonomic}
     uint ConcGCThreads                            = 3                                         {product} {ergonomic}
     uint G1ConcRefinementThreads                  = 10                                        {product} {ergonomic}
   size_t G1HeapRegionSize                         = 1048576                                   {product} {ergonomic}
    uintx GCDrainStackTargetSize                   = 64                                        {product} {ergonomic}
   size_t InitialHeapSize                          = 98566144                                  {product} {ergonomic}
   size_t MarkStackSize                            = 4194304                                   {product} {ergonomic}
   size_t MaxHeapSize                              = 1570766848                                {product} {ergonomic}
   size_t MaxNewSize                               = 941621248                                 {product} {ergonomic}
   size_t MinHeapDeltaBytes                        = 1048576                                   {product} {ergonomic}
   size_t MinHeapSize                              = 8388608                                   {product} {ergonomic}
    uintx NonNMethodCodeHeapSize                   = 5839372                                {pd product} {ergonomic}
    uintx NonProfiledCodeHeapSize                  = 122909434                              {pd product} {ergonomic}
    uintx ProfiledCodeHeapSize                     = 122909434                              {pd product} {ergonomic}
    uintx ReservedCodeCacheSize                    = 251658240                              {pd product} {ergonomic}
     bool SegmentedCodeCache                       = true                                      {product} {ergonomic}
   size_t SoftMaxHeapSize                          = 1570766848                             {manageable} {ergonomic}
     bool UseCompressedClassPointers               = true                           {product lp64_product} {ergonomic}
     bool UseCompressedOops                        = true                           {product lp64_product} {ergonomic}
     bool UseG1GC                                  = true                                      {product} {ergonomic}
     bool UseLargePagesIndividualAllocation        = false                                  {pd product} {ergonomic}

Logging:
Log output configuration:
 #0: stdout all=warning uptime,level,tags
 #1: stderr all=off uptime,level,tags

Environment Variables:
JAVA_HOME=C:\Users\Lenovo\Downloads\jdk-17_windows-x64_bin.exe
PATH=C:\Program Files (x86)\VMware\VMware Workstation\bin\;C:\Program Files\Common Files\Oracle\Java\javapath;C:\WINDOWS\system32;C:\WINDOWS;C:\WINDOWS\System32\Wbem;C:\WINDOWS\System32\WindowsPowerShell\v1.0\;C:\WINDOWS\System32\OpenSSH\;C:\Program Files\Java\jdk-17\bin;C:\Program Files\Git\cmd;C:\Program Files\nodejs\;C:\Users\Lenovo\AppData\Local\Microsoft\WindowsApps;C:\Users\Lenovo\AppData\Local\Programs\Microsoft VS Code\bin;C:\Program Files\JetBrains\IntelliJ IDEA Community Edition 2024.3.5\bin;;C:\Users\Lenovo\AppData\Local\GitHubDesktop\bin;C:\Users\Lenovo\AppData\Roaming\npm;D:\cursor\resources\app\bin
USERNAME=Lenovo
OS=Windows_NT
PROCESSOR_IDENTIFIER=AMD64 Family 23 Model 104 Stepping 1, AuthenticAMD



---------------  S Y S T E M  ---------------

OS:
 Windows 11 , 64 bit Build 26100 (10.0.26100.4484)
OS uptime: 3 days 12:51 hours

CPU: total 12 (initial active 12) (12 cores per cpu, 2 threads per core) family 23 model 104 stepping 1 microcode 0x8608103, cx8, cmov, fxsr, ht, mmx, 3dnowpref, sse, sse2, sse3, ssse3, sse4a, sse4.1, sse4.2, popcnt, lzcnt, tsc, tscinvbit, avx, avx2, aes, clmul, bmi1, bmi2, adx, sha, fma, vzeroupper, clflush, clflushopt

Memory: 4k page, system-wide physical 5989M (1229M free)
TotalPageFile size 24421M (AvailPageFile size 1M)
current process WorkingSet (physical memory assigned to process): 128M, peak: 511M
current process commit charge ("private bytes"): 685M, peak: 691M

vm_info: Java HotSpot(TM) 64-Bit Server VM (17.0.12+8-LTS-286) for windows-amd64 JRE (17.0.12+8-LTS-286), built on Jun  5 2024 06:46:59 by "mach5one" with MS VC++ 17.6 (VS2022)

END.
