#
# There is insufficient memory for the Java Runtime Environment to continue.
# Native memory allocation (malloc) failed to allocate 2345568 bytes for Chunk::new
# Possible reasons:
#   The system is out of physical RAM or swap space
#   The process is running with CompressedOops enabled, and the Java Heap may be blocking the growth of the native heap
# Possible solutions:
#   Reduce memory load on the system
#   Increase physical memory or swap space
#   Check if swap backing store is full
#   Decrease Java heap size (-Xmx/-Xms)
#   Decrease number of Java threads
#   Decrease Java thread stack sizes (-Xss)
#   Set larger code cache with -XX:ReservedCodeCacheSize=
#   JVM is running with Unscaled Compressed Oops mode in which the Java heap is
#     placed in the first 4GB address space. The Java Heap base address is the
#     maximum limit for the native heap growth. Please use -XX:HeapBaseMinAddress
#     to set the Java Heap base and to place the Java Heap above 4GB virtual address.
# This output file may be truncated or incomplete.
#
#  Out of Memory Error (arena.cpp:189), pid=30004, tid=2460
#
# JRE version: Java(TM) SE Runtime Environment (17.0.12+8) (build 17.0.12+8-LTS-286)
# Java VM: Java HotSpot(TM) 64-Bit Server VM (17.0.12+8-LTS-286, mixed mode, sharing, tiered, compressed oops, compressed class ptrs, g1 gc, windows-amd64)
# No core dump will be written. Minidumps are not enabled by default on client versions of Windows
#

---------------  S U M M A R Y ------------

Command Line: -javaagent:C:\Program Files\JetBrains\IntelliJ IDEA Community Edition 2024.3.5\lib\idea_rt.jar=54375 -Dfile.encoding=UTF-8 com.maven.OnlineShoppingSB.OnlineShoppingSbApplication

Host: AMD Ryzen 5 5500U with Radeon Graphics         , 12 cores, 5G,  Windows 11 , 64 bit Build 26100 (10.0.26100.4202)
Time: Sun Jun 29 11:50:59 2025 Myanmar Standard Time elapsed time: 51.749875 seconds (0d 0h 0m 51s)

---------------  T H R E A D  ---------------

Current thread (0x0000027a23fe8550):  JavaThread "C2 CompilerThread0" daemon [_thread_in_native, id=2460, stack(0x00000080e7000000,0x00000080e7100000)]


Current CompileTask:
C2:  51750 9525   !   4       java.lang.reflect.Executable::declaredAnnotations (85 bytes)

Stack: [0x00000080e7000000,0x00000080e7100000]
Native frames: (J=compiled Java code, j=interpreted, Vv=VM code, C=native code)
V  [jvm.dll+0x67a04a]
V  [jvm.dll+0x7da4ed]
V  [jvm.dll+0x7dbe33]
V  [jvm.dll+0x7dc4a3]
V  [jvm.dll+0x24508f]
V  [jvm.dll+0xab773]
V  [jvm.dll+0xabd3c]
V  [jvm.dll+0x361bee]
V  [jvm.dll+0x1ba64a]
V  [jvm.dll+0x216997]
V  [jvm.dll+0x215c6f]
V  [jvm.dll+0x1a2960]
V  [jvm.dll+0x22610b]
V  [jvm.dll+0x2242ab]
V  [jvm.dll+0x79075c]
V  [jvm.dll+0x78abea]
V  [jvm.dll+0x678f35]
C  [ucrtbase.dll+0x37b0]
C  [KERNEL32.DLL+0x2e8d7]
C  [ntdll.dll+0x3c34c]


---------------  P R O C E S S  ---------------

Threads class SMR info:
_java_thread_list=0x0000027a6a658c30, length=30, elements={
0x0000027a23fc9cc0, 0x0000027a23fcb3f0, 0x0000027a23fde6b0, 0x0000027a23fe0190,
0x0000027a23fe2c70, 0x0000027a23fe6d30, 0x0000027a23fe8550, 0x0000027a23fe9a80,
0x0000027a23ff3e80, 0x0000027a24206e00, 0x0000027a246482e0, 0x0000027a24696840,
0x0000027a6a590370, 0x0000027a6a590880, 0x0000027a6cb7f8d0, 0x0000027a6cb81220,
0x0000027a6cb7da70, 0x0000027a6cb7df80, 0x0000027a6cb81c40, 0x0000027a6cb7e490,
0x0000027a6cb844c0, 0x0000027a6cb849d0, 0x0000027a6cb82660, 0x0000027a6cb82b70,
0x0000027a6cb83080, 0x0000027a6cb83590, 0x0000027a6cb83aa0, 0x0000027a6cb84ee0,
0x0000027a6cb83fb0, 0x0000027a6cb82150
}

Java Threads: ( => current thread )
  0x0000027a23fc9cc0 JavaThread "Reference Handler" daemon [_thread_blocked, id=11012, stack(0x00000080e6a00000,0x00000080e6b00000)]
  0x0000027a23fcb3f0 JavaThread "Finalizer" daemon [_thread_blocked, id=17588, stack(0x00000080e6b00000,0x00000080e6c00000)]
  0x0000027a23fde6b0 JavaThread "Signal Dispatcher" daemon [_thread_blocked, id=2116, stack(0x00000080e6c00000,0x00000080e6d00000)]
  0x0000027a23fe0190 JavaThread "Attach Listener" daemon [_thread_blocked, id=26912, stack(0x00000080e6d00000,0x00000080e6e00000)]
  0x0000027a23fe2c70 JavaThread "Service Thread" daemon [_thread_blocked, id=21836, stack(0x00000080e6e00000,0x00000080e6f00000)]
  0x0000027a23fe6d30 JavaThread "Monitor Deflation Thread" daemon [_thread_blocked, id=27592, stack(0x00000080e6f00000,0x00000080e7000000)]
=>0x0000027a23fe8550 JavaThread "C2 CompilerThread0" daemon [_thread_in_native, id=2460, stack(0x00000080e7000000,0x00000080e7100000)]
  0x0000027a23fe9a80 JavaThread "C1 CompilerThread0" daemon [_thread_blocked, id=24356, stack(0x00000080e7100000,0x00000080e7200000)]
  0x0000027a23ff3e80 JavaThread "Sweeper thread" daemon [_thread_blocked, id=1464, stack(0x00000080e7200000,0x00000080e7300000)]
  0x0000027a24206e00 JavaThread "Common-Cleaner" daemon [_thread_blocked, id=20728, stack(0x00000080e7300000,0x00000080e7400000)]
  0x0000027a246482e0 JavaThread "Monitor Ctrl-Break" daemon [_thread_in_native, id=10272, stack(0x00000080e7400000,0x00000080e7500000)]
  0x0000027a24696840 JavaThread "Notification Thread" daemon [_thread_blocked, id=5364, stack(0x00000080e7500000,0x00000080e7600000)]
  0x0000027a6a590370 JavaThread "mysql-cj-abandoned-connection-cleanup" daemon [_thread_blocked, id=17372, stack(0x00000080e8300000,0x00000080e8400000)]
  0x0000027a6a590880 JavaThread "HikariPool-1 housekeeper" daemon [_thread_blocked, id=11240, stack(0x00000080e8500000,0x00000080e8600000)]
  0x0000027a6cb7f8d0 JavaThread "Catalina-utility-1" [_thread_blocked, id=15244, stack(0x00000080e8800000,0x00000080e8900000)]
  0x0000027a6cb81220 JavaThread "Catalina-utility-2" [_thread_blocked, id=23140, stack(0x00000080e8900000,0x00000080e8a00000)]
  0x0000027a6cb7da70 JavaThread "container-0" [_thread_blocked, id=18796, stack(0x00000080e8a00000,0x00000080e8b00000)]
  0x0000027a6cb7df80 JavaThread "http-nio-8080-exec-1" daemon [_thread_blocked, id=9440, stack(0x00000080e8600000,0x00000080e8700000)]
  0x0000027a6cb81c40 JavaThread "http-nio-8080-exec-2" daemon [_thread_blocked, id=4888, stack(0x00000080e8b00000,0x00000080e8c00000)]
  0x0000027a6cb7e490 JavaThread "http-nio-8080-exec-3" daemon [_thread_in_native, id=5264, stack(0x00000080e8c00000,0x00000080e8d00000)]
  0x0000027a6cb844c0 JavaThread "http-nio-8080-exec-4" daemon [_thread_in_Java, id=2832, stack(0x00000080e8d00000,0x00000080e8e00000)]
  0x0000027a6cb849d0 JavaThread "http-nio-8080-exec-5" daemon [_thread_blocked, id=27584, stack(0x00000080e8e00000,0x00000080e8f00000)]
  0x0000027a6cb82660 JavaThread "http-nio-8080-exec-6" daemon [_thread_blocked, id=17768, stack(0x00000080e8f00000,0x00000080e9000000)]
  0x0000027a6cb82b70 JavaThread "http-nio-8080-exec-7" daemon [_thread_blocked, id=23984, stack(0x00000080e9000000,0x00000080e9100000)]
  0x0000027a6cb83080 JavaThread "http-nio-8080-exec-8" daemon [_thread_blocked, id=5776, stack(0x00000080e9100000,0x00000080e9200000)]
  0x0000027a6cb83590 JavaThread "http-nio-8080-exec-9" daemon [_thread_blocked, id=14496, stack(0x00000080e9200000,0x00000080e9300000)]
  0x0000027a6cb83aa0 JavaThread "http-nio-8080-exec-10" daemon [_thread_blocked, id=26052, stack(0x00000080e9300000,0x00000080e9400000)]
  0x0000027a6cb84ee0 JavaThread "http-nio-8080-Poller" daemon [_thread_in_native, id=18900, stack(0x00000080e9400000,0x00000080e9500000)]
  0x0000027a6cb83fb0 JavaThread "http-nio-8080-Acceptor" daemon [_thread_in_native, id=11120, stack(0x00000080e9500000,0x00000080e9600000)]
  0x0000027a6cb82150 JavaThread "DestroyJavaVM" [_thread_blocked, id=29036, stack(0x00000080e6300000,0x00000080e6400000)]

Other Threads:
  0x0000027a23fc2290 VMThread "VM Thread" [stack: 0x00000080e6900000,0x00000080e6a00000] [id=3204]
  0x0000027a06e6e660 WatcherThread [stack: 0x00000080e7600000,0x00000080e7700000] [id=4972]
  0x0000027a06e3af60 GCTaskThread "GC Thread#0" [stack: 0x00000080e6400000,0x00000080e6500000] [id=21696]
  0x0000027a6a295290 GCTaskThread "GC Thread#1" [stack: 0x00000080e7700000,0x00000080e7800000] [id=27820]
  0x0000027a6a295f50 GCTaskThread "GC Thread#2" [stack: 0x00000080e7800000,0x00000080e7900000] [id=15048]
  0x0000027a24cf7fb0 GCTaskThread "GC Thread#3" [stack: 0x00000080e7900000,0x00000080e7a00000] [id=11060]
  0x0000027a24cf8270 GCTaskThread "GC Thread#4" [stack: 0x00000080e7a00000,0x00000080e7b00000] [id=23728]
  0x0000027a6a3ac060 GCTaskThread "GC Thread#5" [stack: 0x00000080e7d00000,0x00000080e7e00000] [id=7944]
  0x0000027a6a5be8b0 GCTaskThread "GC Thread#6" [stack: 0x00000080e7e00000,0x00000080e7f00000] [id=3644]
  0x0000027a6a5beb70 GCTaskThread "GC Thread#7" [stack: 0x00000080e7f00000,0x00000080e8000000] [id=9544]
  0x0000027a6ad0f880 GCTaskThread "GC Thread#8" [stack: 0x00000080e8000000,0x00000080e8100000] [id=26136]
  0x0000027a6ae02ef0 GCTaskThread "GC Thread#9" [stack: 0x00000080e8100000,0x00000080e8200000] [id=3872]
  0x0000027a06e479f0 ConcurrentGCThread "G1 Main Marker" [stack: 0x00000080e6500000,0x00000080e6600000] [id=22168]
  0x0000027a06e48400 ConcurrentGCThread "G1 Conc#0" [stack: 0x00000080e6600000,0x00000080e6700000] [id=26072]
  0x0000027a6be0fb90 ConcurrentGCThread "G1 Conc#1" [stack: 0x00000080e7c00000,0x00000080e7d00000] [id=11400]
  0x0000027a6be103d0 ConcurrentGCThread "G1 Conc#2" [stack: 0x00000080e8200000,0x00000080e8300000] [id=17160]
  0x0000027a06eadb00 ConcurrentGCThread "G1 Refine#0" [stack: 0x00000080e6700000,0x00000080e6800000] [id=13088]
  0x0000027a06eae3d0 ConcurrentGCThread "G1 Service" [stack: 0x00000080e6800000,0x00000080e6900000] [id=21508]

Threads with active compile tasks:
C2 CompilerThread0    51801 9525   !   4       java.lang.reflect.Executable::declaredAnnotations (85 bytes)

VM state: not at safepoint (normal execution)

VM Mutex/Monitor currently owned by a thread: None

Heap address: 0x00000000a2600000, size: 1498 MB, Compressed Oops mode: 32-bit

CDS archive(s) mapped at: [0x0000027a25000000-0x0000027a25bd0000-0x0000027a25bd0000), size 12386304, SharedBaseAddress: 0x0000027a25000000, ArchiveRelocationMode: 1.
Compressed class space mapped at: 0x0000027a26000000-0x0000027a66000000, reserved size: 1073741824
Narrow klass base: 0x0000027a25000000, Narrow klass shift: 0, Narrow klass range: 0x100000000

GC Precious Log:
 CPUs: 12 total, 12 available
 Memory: 5989M
 Large Page Support: Disabled
 NUMA Support: Disabled
 Compressed Oops: Enabled (32-bit)
 Heap Region Size: 1M
 Heap Min Capacity: 8M
 Heap Initial Capacity: 94M
 Heap Max Capacity: 1498M
 Pre-touch: Disabled
 Parallel Workers: 10
 Concurrent Workers: 3
 Concurrent Refinement Workers: 10
 Periodic GC: Disabled

Heap:
 garbage-first heap   total 100352K, used 77330K [0x00000000a2600000, 0x0000000100000000)
  region size 1024K, 41 young (41984K), 6 survivors (6144K)
 Metaspace       used 83983K, committed 84608K, reserved 1179648K
  class space    used 11513K, committed 11776K, reserved 1048576K

Heap Regions: E=young(eden), S=young(survivor), O=old, HS=humongous(starts), HC=humongous(continues), CS=collection set, F=free, OA=open archive, CA=closed archive, TAMS=top-at-mark-start (previous, next)
|   0|0x00000000a2600000, 0x00000000a2700000, 0x00000000a2700000|100%|HS|  |TAMS 0x00000000a2700000, 0x00000000a2600000| Complete 
|   1|0x00000000a2700000, 0x00000000a2800000, 0x00000000a2800000|100%|HS|  |TAMS 0x00000000a2800000, 0x00000000a2700000| Complete 
|   2|0x00000000a2800000, 0x00000000a2900000, 0x00000000a2900000|100%|HS|  |TAMS 0x00000000a2900000, 0x00000000a2800000| Complete 
|   3|0x00000000a2900000, 0x00000000a2a00000, 0x00000000a2a00000|100%| O|  |TAMS 0x00000000a2a00000, 0x00000000a2900000| Untracked 
|   4|0x00000000a2a00000, 0x00000000a2b00000, 0x00000000a2b00000|100%| O|  |TAMS 0x00000000a2b00000, 0x00000000a2a00000| Untracked 
|   5|0x00000000a2b00000, 0x00000000a2c00000, 0x00000000a2c00000|100%| O|  |TAMS 0x00000000a2c00000, 0x00000000a2b00000| Untracked 
|   6|0x00000000a2c00000, 0x00000000a2d00000, 0x00000000a2d00000|100%| O|  |TAMS 0x00000000a2d00000, 0x00000000a2c00000| Untracked 
|   7|0x00000000a2d00000, 0x00000000a2e00000, 0x00000000a2e00000|100%| O|  |TAMS 0x00000000a2e00000, 0x00000000a2d00000| Untracked 
|   8|0x00000000a2e00000, 0x00000000a2f00000, 0x00000000a2f00000|100%| O|  |TAMS 0x00000000a2f00000, 0x00000000a2e00000| Untracked 
|   9|0x00000000a2f00000, 0x00000000a3000000, 0x00000000a3000000|100%| O|  |TAMS 0x00000000a3000000, 0x00000000a2f00000| Untracked 
|  10|0x00000000a3000000, 0x00000000a3100000, 0x00000000a3100000|100%| O|  |TAMS 0x00000000a3100000, 0x00000000a3000000| Untracked 
|  11|0x00000000a3100000, 0x00000000a3200000, 0x00000000a3200000|100%| O|  |TAMS 0x00000000a3200000, 0x00000000a3100000| Untracked 
|  12|0x00000000a3200000, 0x00000000a3300000, 0x00000000a3300000|100%| O|  |TAMS 0x00000000a3300000, 0x00000000a3200000| Untracked 
|  13|0x00000000a3300000, 0x00000000a3400000, 0x00000000a3400000|100%| O|  |TAMS 0x00000000a3400000, 0x00000000a3300000| Untracked 
|  14|0x00000000a3400000, 0x00000000a3500000, 0x00000000a3500000|100%| O|  |TAMS 0x00000000a3500000, 0x00000000a3400000| Untracked 
|  15|0x00000000a3500000, 0x00000000a3600000, 0x00000000a3600000|100%| O|  |TAMS 0x00000000a3600000, 0x00000000a3500000| Untracked 
|  16|0x00000000a3600000, 0x00000000a3699000, 0x00000000a3700000| 59%| O|  |TAMS 0x00000000a3699000, 0x00000000a3600000| Untracked 
|  17|0x00000000a3700000, 0x00000000a3800000, 0x00000000a3800000|100%| O|  |TAMS 0x00000000a3800000, 0x00000000a3700000| Untracked 
|  18|0x00000000a3800000, 0x00000000a3900000, 0x00000000a3900000|100%| O|  |TAMS 0x00000000a3900000, 0x00000000a3800000| Untracked 
|  19|0x00000000a3900000, 0x00000000a3a00000, 0x00000000a3a00000|100%| O|  |TAMS 0x00000000a3a00000, 0x00000000a3900000| Untracked 
|  20|0x00000000a3a00000, 0x00000000a3b00000, 0x00000000a3b00000|100%| O|  |TAMS 0x00000000a3b00000, 0x00000000a3a00000| Untracked 
|  21|0x00000000a3b00000, 0x00000000a3c00000, 0x00000000a3c00000|100%| O|  |TAMS 0x00000000a3c00000, 0x00000000a3b00000| Untracked 
|  22|0x00000000a3c00000, 0x00000000a3d00000, 0x00000000a3d00000|100%| O|  |TAMS 0x00000000a3d00000, 0x00000000a3c00000| Untracked 
|  23|0x00000000a3d00000, 0x00000000a3e00000, 0x00000000a3e00000|100%| O|  |TAMS 0x00000000a3e00000, 0x00000000a3d00000| Untracked 
|  24|0x00000000a3e00000, 0x00000000a3f00000, 0x00000000a3f00000|100%| O|  |TAMS 0x00000000a3f00000, 0x00000000a3e00000| Untracked 
|  25|0x00000000a3f00000, 0x00000000a4000000, 0x00000000a4000000|100%| O|  |TAMS 0x00000000a4000000, 0x00000000a3f00000| Untracked 
|  26|0x00000000a4000000, 0x00000000a4100000, 0x00000000a4100000|100%| O|  |TAMS 0x00000000a4100000, 0x00000000a4000000| Untracked 
|  27|0x00000000a4100000, 0x00000000a4200000, 0x00000000a4200000|100%| O|  |TAMS 0x00000000a41e2a00, 0x00000000a4100000| Untracked 
|  28|0x00000000a4200000, 0x00000000a4300000, 0x00000000a4300000|100%| O|  |TAMS 0x00000000a4200000, 0x00000000a4200000| Untracked 
|  29|0x00000000a4300000, 0x00000000a4400000, 0x00000000a4400000|100%| O|  |TAMS 0x00000000a4300000, 0x00000000a4300000| Untracked 
|  30|0x00000000a4400000, 0x00000000a4500000, 0x00000000a4500000|100%| O|  |TAMS 0x00000000a4400000, 0x00000000a4400000| Untracked 
|  31|0x00000000a4500000, 0x00000000a4600000, 0x00000000a4600000|100%| O|  |TAMS 0x00000000a4500000, 0x00000000a4500000| Untracked 
|  32|0x00000000a4600000, 0x00000000a4700000, 0x00000000a4700000|100%| O|  |TAMS 0x00000000a4600000, 0x00000000a4600000| Untracked 
|  33|0x00000000a4700000, 0x00000000a4800000, 0x00000000a4800000|100%| O|  |TAMS 0x00000000a4700000, 0x00000000a4700000| Untracked 
|  34|0x00000000a4800000, 0x00000000a4900000, 0x00000000a4900000|100%| O|  |TAMS 0x00000000a4800000, 0x00000000a4800000| Untracked 
|  35|0x00000000a4900000, 0x00000000a4a00000, 0x00000000a4a00000|100%| O|  |TAMS 0x00000000a4900000, 0x00000000a4900000| Untracked 
|  36|0x00000000a4a00000, 0x00000000a4b00000, 0x00000000a4b00000|100%| O|  |TAMS 0x00000000a4a00000, 0x00000000a4a00000| Untracked 
|  37|0x00000000a4b00000, 0x00000000a4b93800, 0x00000000a4c00000| 57%| O|  |TAMS 0x00000000a4b00000, 0x00000000a4b00000| Untracked 
|  38|0x00000000a4c00000, 0x00000000a4c00000, 0x00000000a4d00000|  0%| F|  |TAMS 0x00000000a4c00000, 0x00000000a4c00000| Untracked 
|  39|0x00000000a4d00000, 0x00000000a4d00000, 0x00000000a4e00000|  0%| F|  |TAMS 0x00000000a4d00000, 0x00000000a4d00000| Untracked 
|  40|0x00000000a4e00000, 0x00000000a4e00000, 0x00000000a4f00000|  0%| F|  |TAMS 0x00000000a4e00000, 0x00000000a4e00000| Untracked 
|  41|0x00000000a4f00000, 0x00000000a4f00000, 0x00000000a5000000|  0%| F|  |TAMS 0x00000000a4f00000, 0x00000000a4f00000| Untracked 
|  42|0x00000000a5000000, 0x00000000a5000000, 0x00000000a5100000|  0%| F|  |TAMS 0x00000000a5000000, 0x00000000a5000000| Untracked 
|  43|0x00000000a5100000, 0x00000000a5100000, 0x00000000a5200000|  0%| F|  |TAMS 0x00000000a5100000, 0x00000000a5100000| Untracked 
|  44|0x00000000a5200000, 0x00000000a5200000, 0x00000000a5300000|  0%| F|  |TAMS 0x00000000a5200000, 0x00000000a5200000| Untracked 
|  45|0x00000000a5300000, 0x00000000a5300000, 0x00000000a5400000|  0%| F|  |TAMS 0x00000000a5300000, 0x00000000a5300000| Untracked 
|  46|0x00000000a5400000, 0x00000000a5400000, 0x00000000a5500000|  0%| F|  |TAMS 0x00000000a5400000, 0x00000000a5400000| Untracked 
|  47|0x00000000a5500000, 0x00000000a5500000, 0x00000000a5600000|  0%| F|  |TAMS 0x00000000a5500000, 0x00000000a5500000| Untracked 
|  48|0x00000000a5600000, 0x00000000a56582e0, 0x00000000a5700000| 34%| S|CS|TAMS 0x00000000a5600000, 0x00000000a5600000| Complete 
|  49|0x00000000a5700000, 0x00000000a5800000, 0x00000000a5800000|100%| S|CS|TAMS 0x00000000a5700000, 0x00000000a5700000| Complete 
|  50|0x00000000a5800000, 0x00000000a5800000, 0x00000000a5900000|  0%| F|  |TAMS 0x00000000a5800000, 0x00000000a5800000| Untracked 
|  51|0x00000000a5900000, 0x00000000a5a00000, 0x00000000a5a00000|100%| S|CS|TAMS 0x00000000a5900000, 0x00000000a5900000| Complete 
|  52|0x00000000a5a00000, 0x00000000a5b00000, 0x00000000a5b00000|100%| S|CS|TAMS 0x00000000a5a00000, 0x00000000a5a00000| Complete 
|  53|0x00000000a5b00000, 0x00000000a5b00000, 0x00000000a5c00000|  0%| F|  |TAMS 0x00000000a5b00000, 0x00000000a5b00000| Untracked 
|  54|0x00000000a5c00000, 0x00000000a5c00000, 0x00000000a5d00000|  0%| F|  |TAMS 0x00000000a5c00000, 0x00000000a5c00000| Untracked 
|  55|0x00000000a5d00000, 0x00000000a5d00000, 0x00000000a5e00000|  0%| F|  |TAMS 0x00000000a5d00000, 0x00000000a5d00000| Untracked 
|  56|0x00000000a5e00000, 0x00000000a5f00000, 0x00000000a5f00000|100%| S|CS|TAMS 0x00000000a5e00000, 0x00000000a5e00000| Complete 
|  57|0x00000000a5f00000, 0x00000000a6000000, 0x00000000a6000000|100%| S|CS|TAMS 0x00000000a5f00000, 0x00000000a5f00000| Complete 
|  58|0x00000000a6000000, 0x00000000a6000000, 0x00000000a6100000|  0%| F|  |TAMS 0x00000000a6000000, 0x00000000a6000000| Untracked 
|  59|0x00000000a6100000, 0x00000000a6100000, 0x00000000a6200000|  0%| F|  |TAMS 0x00000000a6100000, 0x00000000a6100000| Untracked 
|  60|0x00000000a6200000, 0x00000000a6200000, 0x00000000a6300000|  0%| F|  |TAMS 0x00000000a6200000, 0x00000000a6200000| Untracked 
|  61|0x00000000a6300000, 0x00000000a6300000, 0x00000000a6400000|  0%| F|  |TAMS 0x00000000a6300000, 0x00000000a6300000| Untracked 
|  62|0x00000000a6400000, 0x00000000a6400000, 0x00000000a6500000|  0%| F|  |TAMS 0x00000000a6400000, 0x00000000a6400000| Untracked 
|  63|0x00000000a6500000, 0x00000000a65fff10, 0x00000000a6600000| 99%| E|  |TAMS 0x00000000a6500000, 0x00000000a6500000| Complete 
|  64|0x00000000a6600000, 0x00000000a6700000, 0x00000000a6700000|100%| E|CS|TAMS 0x00000000a6600000, 0x00000000a6600000| Complete 
|  65|0x00000000a6700000, 0x00000000a6800000, 0x00000000a6800000|100%| E|CS|TAMS 0x00000000a6700000, 0x00000000a6700000| Complete 
|  66|0x00000000a6800000, 0x00000000a6900000, 0x00000000a6900000|100%| E|CS|TAMS 0x00000000a6800000, 0x00000000a6800000| Complete 
|  67|0x00000000a6900000, 0x00000000a6a00000, 0x00000000a6a00000|100%| E|  |TAMS 0x00000000a6900000, 0x00000000a6900000| Complete 
|  68|0x00000000a6a00000, 0x00000000a6b00000, 0x00000000a6b00000|100%| E|CS|TAMS 0x00000000a6a00000, 0x00000000a6a00000| Complete 
|  69|0x00000000a6b00000, 0x00000000a6c00000, 0x00000000a6c00000|100%| E|CS|TAMS 0x00000000a6b00000, 0x00000000a6b00000| Complete 
|  70|0x00000000a6c00000, 0x00000000a6d00000, 0x00000000a6d00000|100%| E|CS|TAMS 0x00000000a6c00000, 0x00000000a6c00000| Complete 
|  71|0x00000000a6d00000, 0x00000000a6e00000, 0x00000000a6e00000|100%| E|CS|TAMS 0x00000000a6d00000, 0x00000000a6d00000| Complete 
|  72|0x00000000a6e00000, 0x00000000a6f00000, 0x00000000a6f00000|100%| E|CS|TAMS 0x00000000a6e00000, 0x00000000a6e00000| Complete 
|  73|0x00000000a6f00000, 0x00000000a7000000, 0x00000000a7000000|100%| E|CS|TAMS 0x00000000a6f00000, 0x00000000a6f00000| Complete 
|  74|0x00000000a7000000, 0x00000000a7100000, 0x00000000a7100000|100%| E|CS|TAMS 0x00000000a7000000, 0x00000000a7000000| Complete 
|  75|0x00000000a7100000, 0x00000000a7200000, 0x00000000a7200000|100%| E|CS|TAMS 0x00000000a7100000, 0x00000000a7100000| Complete 
|  76|0x00000000a7200000, 0x00000000a7300000, 0x00000000a7300000|100%| E|CS|TAMS 0x00000000a7200000, 0x00000000a7200000| Complete 
|  77|0x00000000a7300000, 0x00000000a7400000, 0x00000000a7400000|100%| E|CS|TAMS 0x00000000a7300000, 0x00000000a7300000| Complete 
|  78|0x00000000a7400000, 0x00000000a7500000, 0x00000000a7500000|100%| E|CS|TAMS 0x00000000a7400000, 0x00000000a7400000| Complete 
|  79|0x00000000a7500000, 0x00000000a7600000, 0x00000000a7600000|100%| E|CS|TAMS 0x00000000a7500000, 0x00000000a7500000| Complete 
|  80|0x00000000a7600000, 0x00000000a7700000, 0x00000000a7700000|100%| E|CS|TAMS 0x00000000a7600000, 0x00000000a7600000| Complete 
|  81|0x00000000a7700000, 0x00000000a7800000, 0x00000000a7800000|100%| E|CS|TAMS 0x00000000a7700000, 0x00000000a7700000| Complete 
|  82|0x00000000a7800000, 0x00000000a7900000, 0x00000000a7900000|100%| E|CS|TAMS 0x00000000a7800000, 0x00000000a7800000| Complete 
|  83|0x00000000a7900000, 0x00000000a7a00000, 0x00000000a7a00000|100%| E|CS|TAMS 0x00000000a7900000, 0x00000000a7900000| Complete 
|  84|0x00000000a7a00000, 0x00000000a7b00000, 0x00000000a7b00000|100%| E|CS|TAMS 0x00000000a7a00000, 0x00000000a7a00000| Complete 
|  85|0x00000000a7b00000, 0x00000000a7c00000, 0x00000000a7c00000|100%| E|CS|TAMS 0x00000000a7b00000, 0x00000000a7b00000| Complete 
|  86|0x00000000a7c00000, 0x00000000a7d00000, 0x00000000a7d00000|100%| E|CS|TAMS 0x00000000a7c00000, 0x00000000a7c00000| Complete 
|  87|0x00000000a7d00000, 0x00000000a7e00000, 0x00000000a7e00000|100%| E|CS|TAMS 0x00000000a7d00000, 0x00000000a7d00000| Complete 
|  88|0x00000000a7e00000, 0x00000000a7f00000, 0x00000000a7f00000|100%| E|CS|TAMS 0x00000000a7e00000, 0x00000000a7e00000| Complete 
|  89|0x00000000a7f00000, 0x00000000a8000000, 0x00000000a8000000|100%| E|CS|TAMS 0x00000000a7f00000, 0x00000000a7f00000| Complete 
|  90|0x00000000a8000000, 0x00000000a8100000, 0x00000000a8100000|100%| E|CS|TAMS 0x00000000a8000000, 0x00000000a8000000| Complete 
|  91|0x00000000a8100000, 0x00000000a8200000, 0x00000000a8200000|100%| E|CS|TAMS 0x00000000a8100000, 0x00000000a8100000| Complete 
|  92|0x00000000a8200000, 0x00000000a8300000, 0x00000000a8300000|100%| E|CS|TAMS 0x00000000a8200000, 0x00000000a8200000| Complete 
|  93|0x00000000a8300000, 0x00000000a8400000, 0x00000000a8400000|100%| E|CS|TAMS 0x00000000a8300000, 0x00000000a8300000| Complete 
|  94|0x00000000a8400000, 0x00000000a8500000, 0x00000000a8500000|100%| E|CS|TAMS 0x00000000a8400000, 0x00000000a8400000| Complete 
|  95|0x00000000a8500000, 0x00000000a8600000, 0x00000000a8600000|100%| E|CS|TAMS 0x00000000a8500000, 0x00000000a8500000| Complete 
|  96|0x00000000a8600000, 0x00000000a8700000, 0x00000000a8700000|100%| E|CS|TAMS 0x00000000a8600000, 0x00000000a8600000| Complete 
|  97|0x00000000a8700000, 0x00000000a8800000, 0x00000000a8800000|100%| E|CS|TAMS 0x00000000a8700000, 0x00000000a8700000| Complete 

Card table byte_map: [0x0000027a1dee0000,0x0000027a1e1d0000] _byte_map_base: 0x0000027a1d9cd000

Marking Bits (Prev, Next): (CMBitMap*) 0x0000027a06e3b5c0, (CMBitMap*) 0x0000027a06e3b580
 Prev Bits: [0x0000027a1fc30000, 0x0000027a21398000)
 Next Bits: [0x0000027a1e4c0000, 0x0000027a1fc28000)

Polling page: 0x0000027a04d00000

Metaspace:

Usage:
  Non-class:     70.79 MB used.
      Class:     11.25 MB used.
       Both:     82.04 MB used.

Virtual space:
  Non-class space:      128.00 MB reserved,      71.12 MB ( 56%) committed,  2 nodes.
      Class space:        1.00 GB reserved,      11.56 MB (  1%) committed,  1 nodes.
             Both:        1.12 GB reserved,      82.69 MB (  7%) committed. 

Chunk freelists:
   Non-Class:  8.52 MB
       Class:  4.36 MB
        Both:  12.88 MB

MaxMetaspaceSize: unlimited
CompressedClassSpaceSize: 1.00 GB
Initial GC threshold: 21.00 MB
Current GC threshold: 98.38 MB
CDS: on
MetaspaceReclaimPolicy: balanced
 - commit_granule_bytes: 65536.
 - commit_granule_words: 8192.
 - virtual_space_node_default_size: 8388608.
 - enlarge_chunks_in_place: 1.
 - new_chunks_are_fully_committed: 0.
 - uncommit_free_chunks: 1.
 - use_allocation_guard: 0.
 - handle_deallocations: 1.


Internal statistics:

num_allocs_failed_limit: 9.
num_arena_births: 1008.
num_arena_deaths: 0.
num_vsnodes_births: 3.
num_vsnodes_deaths: 0.
num_space_committed: 1321.
num_space_uncommitted: 0.
num_chunks_returned_to_freelist: 9.
num_chunks_taken_from_freelist: 4109.
num_chunk_merges: 9.
num_chunk_splits: 2946.
num_chunks_enlarged: 2247.
num_inconsistent_stats: 0.

CodeHeap 'non-profiled nmethods': size=120000Kb used=5625Kb max_used=5625Kb free=114374Kb
 bounds [0x0000027a16170000, 0x0000027a166f0000, 0x0000027a1d6a0000]
CodeHeap 'profiled nmethods': size=120000Kb used=15637Kb max_used=15637Kb free=104362Kb
 bounds [0x0000027a0e6a0000, 0x0000027a0f5f0000, 0x0000027a15bd0000]
CodeHeap 'non-nmethods': size=5760Kb used=1381Kb max_used=1469Kb free=4378Kb
 bounds [0x0000027a15bd0000, 0x0000027a15e40000, 0x0000027a16170000]
 total_blobs=9365 nmethods=8646 adapters=629
 compilation: enabled
              stopped_count=0, restarted_count=0
 full_count=0

Compilation events (20 events):
Event: 50.548 Thread 0x0000027a23fe9a80 9530       1       org.hibernate.persister.collection.AbstractCollectionPersister::getCollectionType (5 bytes)
Event: 50.548 Thread 0x0000027a23fe9a80 nmethod 9530 0x0000027a166ec890 code [0x0000027a166eca20, 0x0000027a166ecaf8]
Event: 50.548 Thread 0x0000027a23fe9a80 9531       3       org.hibernate.sql.results.graph.entity.AbstractEntityResultGraphNode::getReferencedMappingContainer (5 bytes)
Event: 50.548 Thread 0x0000027a23fe9a80 nmethod 9531 0x0000027a0f5d4990 code [0x0000027a0f5d4b40, 0x0000027a0f5d4e88]
Event: 50.550 Thread 0x0000027a23fe9a80 9532       3       org.hibernate.metamodel.mapping.internal.BasicAttributeMapping::generateFetch (189 bytes)
Event: 50.552 Thread 0x0000027a23fe9a80 nmethod 9532 0x0000027a0f5d4f90 code [0x0000027a0f5d5240, 0x0000027a0f5d61d8]
Event: 50.552 Thread 0x0000027a23fe9a80 9533       3       org.hibernate.metamodel.mapping.internal.BasicAttributeMapping::resolveSqlSelection (78 bytes)
Event: 50.554 Thread 0x0000027a23fe9a80 nmethod 9533 0x0000027a0f5d6790 code [0x0000027a0f5d6a60, 0x0000027a0f5d7c78]
Event: 50.554 Thread 0x0000027a23fe9a80 9534       1       java.lang.invoke.DirectMethodHandle$Special::isInvokeSpecial (2 bytes)
Event: 50.554 Thread 0x0000027a23fe9a80 nmethod 9534 0x0000027a166ecb90 code [0x0000027a166ecd20, 0x0000027a166ecdf8]
Event: 50.559 Thread 0x0000027a23fe9a80 9536       1       org.hibernate.metamodel.model.domain.internal.AbstractSqmPathSource::getPathName (5 bytes)
Event: 50.559 Thread 0x0000027a23fe9a80 nmethod 9536 0x0000027a166ece90 code [0x0000027a166ed020, 0x0000027a166ed0f8]
Event: 50.591 Thread 0x0000027a23fe9a80 9537       1       org.hibernate.LockOptions::getFollowOnLocking (5 bytes)
Event: 50.591 Thread 0x0000027a23fe9a80 nmethod 9537 0x0000027a166ed190 code [0x0000027a166ed320, 0x0000027a166ed3f8]
Event: 50.593 Thread 0x0000027a23fe9a80 9538       3       org.hibernate.internal.util.StringHelper::replace (8 bytes)
Event: 50.593 Thread 0x0000027a23fe9a80 nmethod 9538 0x0000027a0f5d8390 code [0x0000027a0f5d8520, 0x0000027a0f5d8648]
Event: 50.593 Thread 0x0000027a23fe9a80 9539       3       org.hibernate.internal.util.StringHelper::replace (9 bytes)
Event: 50.593 Thread 0x0000027a23fe9a80 nmethod 9539 0x0000027a0f5d8710 code [0x0000027a0f5d88a0, 0x0000027a0f5d89c8]
Event: 50.741 Thread 0x0000027a23fe9a80 9540       3       com.mysql.cj.telemetry.TelemetrySpan::setAttribute (1 bytes)
Event: 50.742 Thread 0x0000027a23fe9a80 nmethod 9540 0x0000027a0f5d8a90 code [0x0000027a0f5d8c20, 0x0000027a0f5d8d38]

GC Heap History (20 events):
Event: 5.118 GC heap before
{Heap before GC invocations=7 (full 0):
 garbage-first heap   total 82944K, used 48497K [0x00000000a2600000, 0x0000000100000000)
  region size 1024K, 28 young (28672K), 3 survivors (3072K)
 Metaspace       used 35592K, committed 35968K, reserved 1114112K
  class space    used 4630K, committed 4800K, reserved 1048576K
}
Event: 5.128 GC heap after
{Heap after GC invocations=8 (full 0):
 garbage-first heap   total 82944K, used 25353K [0x00000000a2600000, 0x0000000100000000)
  region size 1024K, 2 young (2048K), 2 survivors (2048K)
 Metaspace       used 35592K, committed 35968K, reserved 1114112K
  class space    used 4630K, committed 4800K, reserved 1048576K
}
Event: 6.389 GC heap before
{Heap before GC invocations=9 (full 0):
 garbage-first heap   total 82944K, used 61193K [0x00000000a2600000, 0x0000000100000000)
  region size 1024K, 37 young (37888K), 2 survivors (2048K)
 Metaspace       used 47226K, committed 47744K, reserved 1114112K
  class space    used 6260K, committed 6528K, reserved 1048576K
}
Event: 6.396 GC heap after
{Heap after GC invocations=10 (full 0):
 garbage-first heap   total 82944K, used 28404K [0x00000000a2600000, 0x0000000100000000)
  region size 1024K, 5 young (5120K), 5 survivors (5120K)
 Metaspace       used 47226K, committed 47744K, reserved 1114112K
  class space    used 6260K, committed 6528K, reserved 1048576K
}
Event: 7.042 GC heap before
{Heap before GC invocations=10 (full 0):
 garbage-first heap   total 82944K, used 62196K [0x00000000a2600000, 0x0000000100000000)
  region size 1024K, 38 young (38912K), 5 survivors (5120K)
 Metaspace       used 52291K, committed 52800K, reserved 1114112K
  class space    used 6865K, committed 7104K, reserved 1048576K
}
Event: 7.052 GC heap after
{Heap after GC invocations=11 (full 0):
 garbage-first heap   total 82944K, used 30907K [0x00000000a2600000, 0x0000000100000000)
  region size 1024K, 3 young (3072K), 3 survivors (3072K)
 Metaspace       used 52291K, committed 52800K, reserved 1114112K
  class space    used 6865K, committed 7104K, reserved 1048576K
}
Event: 7.693 GC heap before
{Heap before GC invocations=11 (full 0):
 garbage-first heap   total 82944K, used 62651K [0x00000000a2600000, 0x0000000100000000)
  region size 1024K, 35 young (35840K), 3 survivors (3072K)
 Metaspace       used 59089K, committed 59584K, reserved 1114112K
  class space    used 7950K, committed 8192K, reserved 1048576K
}
Event: 7.703 GC heap after
{Heap after GC invocations=12 (full 0):
 garbage-first heap   total 82944K, used 31743K [0x00000000a2600000, 0x0000000100000000)
  region size 1024K, 4 young (4096K), 4 survivors (4096K)
 Metaspace       used 59089K, committed 59584K, reserved 1114112K
  class space    used 7950K, committed 8192K, reserved 1048576K
}
Event: 7.960 GC heap before
{Heap before GC invocations=12 (full 0):
 garbage-first heap   total 82944K, used 59391K [0x00000000a2600000, 0x0000000100000000)
  region size 1024K, 32 young (32768K), 4 survivors (4096K)
 Metaspace       used 59779K, committed 60288K, reserved 1114112K
  class space    used 7997K, committed 8256K, reserved 1048576K
}
Event: 7.965 GC heap after
{Heap after GC invocations=13 (full 0):
 garbage-first heap   total 82944K, used 32204K [0x00000000a2600000, 0x0000000100000000)
  region size 1024K, 2 young (2048K), 2 survivors (2048K)
 Metaspace       used 59779K, committed 60288K, reserved 1114112K
  class space    used 7997K, committed 8256K, reserved 1048576K
}
Event: 9.129 GC heap before
{Heap before GC invocations=14 (full 0):
 garbage-first heap   total 82944K, used 63948K [0x00000000a2600000, 0x0000000100000000)
  region size 1024K, 34 young (34816K), 2 survivors (2048K)
 Metaspace       used 65213K, committed 65728K, reserved 1114112K
  class space    used 8732K, committed 8960K, reserved 1048576K
}
Event: 9.137 GC heap after
{Heap after GC invocations=15 (full 0):
 garbage-first heap   total 82944K, used 34390K [0x00000000a2600000, 0x0000000100000000)
  region size 1024K, 4 young (4096K), 4 survivors (4096K)
 Metaspace       used 65213K, committed 65728K, reserved 1114112K
  class space    used 8732K, committed 8960K, reserved 1048576K
}
Event: 9.801 GC heap before
{Heap before GC invocations=15 (full 0):
 garbage-first heap   total 82944K, used 65110K [0x00000000a2600000, 0x0000000100000000)
  region size 1024K, 34 young (34816K), 4 survivors (4096K)
 Metaspace       used 69128K, committed 69696K, reserved 1114112K
  class space    used 9412K, committed 9664K, reserved 1048576K
}
Event: 9.812 GC heap after
{Heap after GC invocations=16 (full 0):
 garbage-first heap   total 82944K, used 36898K [0x00000000a2600000, 0x0000000100000000)
  region size 1024K, 5 young (5120K), 5 survivors (5120K)
 Metaspace       used 69128K, committed 69696K, reserved 1114112K
  class space    used 9412K, committed 9664K, reserved 1048576K
}
Event: 10.069 GC heap before
{Heap before GC invocations=16 (full 0):
 garbage-first heap   total 82944K, used 65570K [0x00000000a2600000, 0x0000000100000000)
  region size 1024K, 33 young (33792K), 5 survivors (5120K)
 Metaspace       used 70938K, committed 71488K, reserved 1114112K
  class space    used 9795K, committed 10048K, reserved 1048576K
}
Event: 10.081 GC heap after
{Heap after GC invocations=17 (full 0):
 garbage-first heap   total 100352K, used 38065K [0x00000000a2600000, 0x0000000100000000)
  region size 1024K, 4 young (4096K), 4 survivors (4096K)
 Metaspace       used 70938K, committed 71488K, reserved 1114112K
  class space    used 9795K, committed 10048K, reserved 1048576K
}
Event: 10.793 GC heap before
{Heap before GC invocations=17 (full 0):
 garbage-first heap   total 100352K, used 80049K [0x00000000a2600000, 0x0000000100000000)
  region size 1024K, 46 young (47104K), 4 survivors (4096K)
 Metaspace       used 75019K, committed 75712K, reserved 1179648K
  class space    used 10349K, committed 10688K, reserved 1048576K
}
Event: 10.799 GC heap after
{Heap after GC invocations=18 (full 0):
 garbage-first heap   total 100352K, used 40422K [0x00000000a2600000, 0x0000000100000000)
  region size 1024K, 4 young (4096K), 4 survivors (4096K)
 Metaspace       used 75019K, committed 75712K, reserved 1179648K
  class space    used 10349K, committed 10688K, reserved 1048576K
}
Event: 11.642 GC heap before
{Heap before GC invocations=18 (full 0):
 garbage-first heap   total 100352K, used 81382K [0x00000000a2600000, 0x0000000100000000)
  region size 1024K, 44 young (45056K), 4 survivors (4096K)
 Metaspace       used 78143K, committed 78848K, reserved 1179648K
  class space    used 10692K, committed 11008K, reserved 1048576K
}
Event: 11.647 GC heap after
{Heap after GC invocations=19 (full 0):
 garbage-first heap   total 100352K, used 43538K [0x00000000a2600000, 0x0000000100000000)
  region size 1024K, 6 young (6144K), 6 survivors (6144K)
 Metaspace       used 78143K, committed 78848K, reserved 1179648K
  class space    used 10692K, committed 11008K, reserved 1048576K
}

Deoptimization events (20 events):
Event: 14.255 Thread 0x0000027a6cb81220 Uncommon trap: trap_request=0xffffff45 fr.pc=0x0000027a16424564 relative=0x0000000000000164
Event: 14.255 Thread 0x0000027a6cb81220 Uncommon trap: reason=unstable_if action=reinterpret pc=0x0000027a16424564 method=java.util.concurrent.locks.ReentrantLock$NonfairSync.initialTryLock()Z @ 25 c2
Event: 14.255 Thread 0x0000027a6cb81220 DEOPT PACKING pc=0x0000027a16424564 sp=0x00000080e89ff180
Event: 14.255 Thread 0x0000027a6cb81220 DEOPT UNPACKING pc=0x0000027a15c223a3 sp=0x00000080e89ff068 mode 2
Event: 49.033 Thread 0x0000027a6cb7e490 Uncommon trap: trap_request=0xffffff45 fr.pc=0x0000027a16235f50 relative=0x00000000000001d0
Event: 49.034 Thread 0x0000027a6cb7e490 Uncommon trap: reason=unstable_if action=reinterpret pc=0x0000027a16235f50 method=java.lang.String.indexOf(Ljava/lang/String;)I @ 10 c2
Event: 49.034 Thread 0x0000027a6cb7e490 DEOPT PACKING pc=0x0000027a16235f50 sp=0x00000080e8cfdda0
Event: 49.034 Thread 0x0000027a6cb7e490 DEOPT UNPACKING pc=0x0000027a15c223a3 sp=0x00000080e8cfdd30 mode 2
Event: 49.034 Thread 0x0000027a6cb7e490 Uncommon trap: trap_request=0xffffff45 fr.pc=0x0000027a166e2a18 relative=0x00000000000001f8
Event: 49.034 Thread 0x0000027a6cb7e490 Uncommon trap: reason=unstable_if action=reinterpret pc=0x0000027a166e2a18 method=java.lang.String.indexOf(Ljava/lang/String;)I @ 10 c2
Event: 49.034 Thread 0x0000027a6cb7e490 DEOPT PACKING pc=0x0000027a166e2a18 sp=0x00000080e8cfdde0
Event: 49.034 Thread 0x0000027a6cb7e490 DEOPT UNPACKING pc=0x0000027a15c223a3 sp=0x00000080e8cfdd18 mode 2
Event: 49.150 Thread 0x0000027a6cb7e490 Uncommon trap: trap_request=0xffffff45 fr.pc=0x0000027a162363b0 relative=0x00000000000001b0
Event: 49.150 Thread 0x0000027a6cb7e490 Uncommon trap: reason=unstable_if action=reinterpret pc=0x0000027a162363b0 method=java.lang.StringLatin1.indexOf([B[B)I @ 9 c2
Event: 49.150 Thread 0x0000027a6cb7e490 DEOPT PACKING pc=0x0000027a162363b0 sp=0x00000080e8cfdd50
Event: 49.150 Thread 0x0000027a6cb7e490 DEOPT UNPACKING pc=0x0000027a15c223a3 sp=0x00000080e8cfdce0 mode 2
Event: 49.156 Thread 0x0000027a6cb7e490 Uncommon trap: trap_request=0xffffff45 fr.pc=0x0000027a162f66cc relative=0x000000000000020c
Event: 49.156 Thread 0x0000027a6cb7e490 Uncommon trap: reason=unstable_if action=reinterpret pc=0x0000027a162f66cc method=org.springframework.util.AntPathMatcher.skipSegment(Ljava/lang/String;ILjava/lang/String;)I @ 60 c2
Event: 49.156 Thread 0x0000027a6cb7e490 DEOPT PACKING pc=0x0000027a162f66cc sp=0x00000080e8cfd130
Event: 49.156 Thread 0x0000027a6cb7e490 DEOPT UNPACKING pc=0x0000027a15c223a3 sp=0x00000080e8cfd0b8 mode 2

Classes unloaded (0 events):
No events

Classes redefined (0 events):
No events

Internal exceptions (20 events):
Event: 10.705 Thread 0x0000027a06dee6c0 Implicit null exception at 0x0000027a1650f79a to 0x0000027a1650f99c
Event: 10.706 Thread 0x0000027a06dee6c0 Exception <a 'java/lang/NoSuchMethodError'{0x00000000a611eb80}: 'int java.lang.invoke.DirectMethodHandle$Holder.invokeSpecial(java.lang.Object, java.lang.Object, java.lang.Object, int)'> (0x00000000a611eb80) 
thrown [s\open\src\hotspot\share\interpreter\linkResolver.cpp, line 759]
Event: 10.708 Thread 0x0000027a06dee6c0 Exception <a 'java/lang/NoSuchMethodError'{0x00000000a6130868}: 'java.lang.Object java.lang.invoke.DirectMethodHandle$Holder.invokeStatic(java.lang.Object, java.lang.Object, java.lang.Object, java.lang.Object, int)'> (0x00000000a6130868) 
thrown [s\open\src\hotspot\share\interpreter\linkResolver.cpp, line 759]
Event: 10.708 Thread 0x0000027a06dee6c0 Exception <a 'java/lang/NoSuchMethodError'{0x00000000a613b228}: 'void java.lang.invoke.DelegatingMethodHandle$Holder.reinvoke_L(java.lang.Object, java.lang.Object, int)'> (0x00000000a613b228) 
thrown [s\open\src\hotspot\share\interpreter\linkResolver.cpp, line 759]
Event: 10.709 Thread 0x0000027a06dee6c0 Exception <a 'java/lang/NoSuchMethodError'{0x00000000a6148f20}: 'java.lang.Object java.lang.invoke.Invokers$Holder.invokeExact_MT(java.lang.Object, java.lang.Object, java.lang.Object, java.lang.Object)'> (0x00000000a6148f20) 
thrown [s\open\src\hotspot\share\interpreter\linkResolver.cpp, line 759]
Event: 11.079 Thread 0x0000027a06dee6c0 Exception <a 'java/lang/NoSuchMethodError'{0x00000000a7765278}: 'int java.lang.invoke.DirectMethodHandle$Holder.invokeStaticInit(java.lang.Object, int, java.lang.Object, java.lang.Object, java.lang.Object, java.lang.Object)'> (0x00000000a7765278) 
thrown [s\open\src\hotspot\share\interpreter\linkResolver.cpp, line 759]
Event: 11.628 Thread 0x0000027a06dee6c0 Exception <a 'sun/nio/fs/WindowsException'{0x00000000a61f5ff0}> (0x00000000a61f5ff0) 
thrown [s\open\src\hotspot\share\prims\jni.cpp, line 516]
Event: 11.689 Thread 0x0000027a06dee6c0 Exception <a 'java/lang/IncompatibleClassChangeError'{0x00000000a8538fd8}: Found class java.lang.Object, but interface was expected> (0x00000000a8538fd8) 
thrown [s\open\src\hotspot\share\interpreter\linkResolver.cpp, line 826]
Event: 11.867 Thread 0x0000027a06dee6c0 Exception <a 'java/lang/NoSuchMethodError'{0x00000000a808ee48}: 'java.lang.Object java.lang.invoke.DirectMethodHandle$Holder.invokeInterface(java.lang.Object, java.lang.Object, java.lang.Object, java.lang.Object)'> (0x00000000a808ee48) 
thrown [s\open\src\hotspot\share\interpreter\linkResolver.cpp, line 759]
Event: 11.944 Thread 0x0000027a06dee6c0 Exception <a 'java/lang/NoSuchMethodError'{0x00000000a7eaa880}: 'void java.lang.invoke.DirectMethodHandle$Holder.invokeVirtual(java.lang.Object, java.lang.Object, long)'> (0x00000000a7eaa880) 
thrown [s\open\src\hotspot\share\interpreter\linkResolver.cpp, line 759]
Event: 12.082 Thread 0x0000027a06dee6c0 Exception <a 'java/lang/IncompatibleClassChangeError'{0x00000000a7932830}: Found class java.lang.Object, but interface was expected> (0x00000000a7932830) 
thrown [s\open\src\hotspot\share\interpreter\linkResolver.cpp, line 826]
Event: 12.094 Thread 0x0000027a06dee6c0 Implicit null exception at 0x0000027a1668ed93 to 0x0000027a1668ee74
Event: 12.127 Thread 0x0000027a06dee6c0 Exception <a 'java/lang/NoSuchMethodError'{0x00000000a778d990}: 'java.lang.Object java.lang.invoke.DirectMethodHandle$Holder.invokeSpecial(java.lang.Object, java.lang.Object, java.lang.Object, java.lang.Object, java.lang.Object, java.lang.Object, java.lang.Object, java.lang.Object, java.lang.Object, java.lang.Object, java.lang.Object)'> (0x00000000a778d990) 
thrown [s\open\src\hotspot\share\interpreter\linkResolver.cpp, line 759]
Event: 12.127 Thread 0x0000027a06dee6c0 Exception <a 'java/lang/NoSuchMethodError'{0x00000000a7791d78}: 'java.lang.Object java.lang.invoke.Invokers$Holder.invoke_MT(java.lang.Object, java.lang.Object, java.lang.Object, java.lang.Object, java.lang.Object, java.lang.Object, java.lang.Object, java.lang.Object, java.lang.Object, java.lang.Object, java.lang.Object)'> (0x00000000a7791d78) 
thrown [s\open\src\hotspot\share\interpreter\linkResolver.cpp, line 759]
Event: 12.201 Thread 0x0000027a06dee6c0 Exception <a 'java/lang/NoSuchMethodError'{0x00000000a74a5668}: 'java.lang.Object java.lang.invoke.DirectMethodHandle$Holder.newInvokeSpecial(java.lang.Object, java.lang.Object, int, java.lang.Object, java.lang.Object)'> (0x00000000a74a5668) 
thrown [s\open\src\hotspot\share\interpreter\linkResolver.cpp, line 759]
Event: 48.112 Thread 0x0000027a6cb83fb0 Exception <a 'java/lang/NoSuchMethodError'{0x00000000a712c528}: 'java.lang.Object java.lang.invoke.DirectMethodHandle$Holder.invokeStatic(java.lang.Object, java.lang.Object, java.lang.Object, int, int)'> (0x00000000a712c528) 
thrown [s\open\src\hotspot\share\interpreter\linkResolver.cpp, line 759]
Event: 48.139 Thread 0x0000027a6cb83fb0 Exception <a 'java/lang/NoSuchMethodError'{0x00000000a712ff20}: 'java.lang.Object java.lang.invoke.DirectMethodHandle$Holder.invokeStaticInit(java.lang.Object, java.lang.Object, java.lang.Object, int, int)'> (0x00000000a712ff20) 
thrown [s\open\src\hotspot\share\interpreter\linkResolver.cpp, line 759]
Event: 48.688 Thread 0x0000027a6cb7e490 Exception <a 'java/lang/NoSuchMethodError'{0x00000000a6e1ca70}: 'java.lang.Object java.lang.invoke.DirectMethodHandle$Holder.invokeSpecial(java.lang.Object, java.lang.Object, java.lang.Object, java.lang.Object, java.lang.Object, long)'> (0x00000000a6e1ca70) 
thrown [s\open\src\hotspot\share\interpreter\linkResolver.cpp, line 759]
Event: 48.688 Thread 0x0000027a6cb7e490 Exception <a 'java/lang/NoSuchMethodError'{0x00000000a6e20468}: 'java.lang.Object java.lang.invoke.Invokers$Holder.linkToTargetMethod(java.lang.Object, java.lang.Object, java.lang.Object, long, java.lang.Object)'> (0x00000000a6e20468) 
thrown [s\open\src\hotspot\share\interpreter\linkResolver.cpp, line 759]
Event: 50.584 Thread 0x0000027a6cb7e490 Exception <a 'java/lang/NoSuchMethodError'{0x00000000a67b3900}: 'void java.lang.invoke.DirectMethodHandle$Holder.invokeSpecialIFC(java.lang.Object, java.lang.Object, int, java.lang.Object, java.lang.Object, java.lang.Object, java.lang.Object)'> (0x00000000a67b3900) 
thrown [s\open\src\hotspot\share\interpreter\linkResolver.cpp, line 759]

VM Operations (20 events):
Event: 13.270 Executing VM operation: Cleanup
Event: 13.270 Executing VM operation: Cleanup done
Event: 21.323 Executing VM operation: Cleanup
Event: 21.323 Executing VM operation: Cleanup done
Event: 48.540 Executing VM operation: Cleanup
Event: 48.542 Executing VM operation: Cleanup done
Event: 48.775 Executing VM operation: HandshakeAllThreads
Event: 48.776 Executing VM operation: HandshakeAllThreads done
Event: 49.248 Executing VM operation: HandshakeAllThreads
Event: 49.248 Executing VM operation: HandshakeAllThreads done
Event: 50.255 Executing VM operation: Cleanup
Event: 50.255 Executing VM operation: Cleanup done
Event: 50.278 Executing VM operation: HandshakeAllThreads
Event: 50.278 Executing VM operation: HandshakeAllThreads done
Event: 50.490 Executing VM operation: HandshakeAllThreads
Event: 50.490 Executing VM operation: HandshakeAllThreads done
Event: 50.538 Executing VM operation: HandshakeAllThreads
Event: 50.538 Executing VM operation: HandshakeAllThreads done
Event: 51.539 Executing VM operation: Cleanup
Event: 51.539 Executing VM operation: Cleanup done

Events (20 events):
Event: 48.322 loading class java/nio/channels/SelectionKey
Event: 48.329 loading class java/nio/channels/SelectionKey done
Event: 48.329 loading class java/nio/channels/spi/AbstractSelectionKey done
Event: 48.329 loading class sun/nio/ch/SelectionKeyImpl done
Event: 48.334 loading class java/lang/invoke/ConstantBootstraps
Event: 48.347 loading class java/lang/invoke/ConstantBootstraps done
Event: 48.701 loading class sun/nio/cs/ThreadLocalCoders
Event: 48.701 loading class sun/nio/cs/ThreadLocalCoders done
Event: 48.701 loading class sun/nio/cs/ThreadLocalCoders$1
Event: 48.702 loading class sun/nio/cs/ThreadLocalCoders$Cache
Event: 48.702 loading class sun/nio/cs/ThreadLocalCoders$Cache done
Event: 48.702 loading class sun/nio/cs/ThreadLocalCoders$1 done
Event: 48.702 loading class sun/nio/cs/ThreadLocalCoders$2
Event: 48.702 loading class sun/nio/cs/ThreadLocalCoders$2 done
Event: 49.125 loading class java/time/format/DateTimeFormatterBuilder$ZoneTextPrinterParser
Event: 49.126 loading class java/time/format/DateTimeFormatterBuilder$ZoneTextPrinterParser done
Event: 49.127 loading class java/time/format/DateTimeFormatterBuilder$ReducedPrinterParser
Event: 49.127 loading class java/time/format/DateTimeFormatterBuilder$ReducedPrinterParser done
Event: 50.530 loading class java/util/AbstractMap$SimpleEntry
Event: 50.531 loading class java/util/AbstractMap$SimpleEntry done


Dynamic libraries:
0x00007ff631560000 - 0x00007ff631570000 	C:\Program Files\Java\jdk-17\bin\java.exe
0x00007ff82e1a0000 - 0x00007ff82e405000 	C:\WINDOWS\SYSTEM32\ntdll.dll
0x00007ff82c710000 - 0x00007ff82c7d9000 	C:\WINDOWS\System32\KERNEL32.DLL
0x00007ff82b3a0000 - 0x00007ff82b788000 	C:\WINDOWS\System32\KERNELBASE.dll
0x00007ff82bc70000 - 0x00007ff82bdbb000 	C:\WINDOWS\System32\ucrtbase.dll
0x00007ff8274e0000 - 0x00007ff8274f9000 	C:\Program Files\Java\jdk-17\bin\jli.dll
0x00007ff825000000 - 0x00007ff82501b000 	C:\Program Files\Java\jdk-17\bin\VCRUNTIME140.dll
0x00007ff82c4c0000 - 0x00007ff82c573000 	C:\WINDOWS\System32\ADVAPI32.dll
0x00007ff82c590000 - 0x00007ff82c639000 	C:\WINDOWS\System32\msvcrt.dll
0x00007ff82cc40000 - 0x00007ff82cce6000 	C:\WINDOWS\System32\sechost.dll
0x00007ff82c8e0000 - 0x00007ff82c9f5000 	C:\WINDOWS\System32\RPCRT4.dll
0x00007ff82c2b0000 - 0x00007ff82c47a000 	C:\WINDOWS\System32\USER32.dll
0x00007ff82bf10000 - 0x00007ff82bf37000 	C:\WINDOWS\System32\win32u.dll
0x00007ff82bf40000 - 0x00007ff82bf6b000 	C:\WINDOWS\System32\GDI32.dll
0x00007ff82a4f0000 - 0x00007ff82a78a000 	C:\WINDOWS\WinSxS\amd64_microsoft.windows.common-controls_6595b64144ccf1df_6.0.26100.4202_none_3e0698d4e335f517\COMCTL32.dll
0x00007ff82bb30000 - 0x00007ff82bc67000 	C:\WINDOWS\System32\gdi32full.dll
0x00007ff82b2f0000 - 0x00007ff82b393000 	C:\WINDOWS\System32\msvcp_win.dll
0x00007ff823080000 - 0x00007ff82308b000 	C:\WINDOWS\SYSTEM32\VERSION.dll
0x00007ff82cc00000 - 0x00007ff82cc30000 	C:\WINDOWS\System32\IMM32.DLL
0x00007ff82aa50000 - 0x00007ff82aa5c000 	C:\Program Files\Java\jdk-17\bin\vcruntime140_1.dll
0x00007ff811250000 - 0x00007ff8112de000 	C:\Program Files\Java\jdk-17\bin\msvcp140.dll
0x00007fffac530000 - 0x00007fffad110000 	C:\Program Files\Java\jdk-17\bin\server\jvm.dll
0x00007ff82ca00000 - 0x00007ff82ca08000 	C:\WINDOWS\System32\PSAPI.DLL
0x00007ff821ac0000 - 0x00007ff821af5000 	C:\WINDOWS\SYSTEM32\WINMM.dll
0x00007ffff9340000 - 0x00007ffff934a000 	C:\WINDOWS\SYSTEM32\WSOCK32.dll
0x00007ff82c690000 - 0x00007ff82c704000 	C:\WINDOWS\System32\WS2_32.dll
0x00007ff829780000 - 0x00007ff82979b000 	C:\WINDOWS\SYSTEM32\kernel.appcore.dll
0x00007ff8274d0000 - 0x00007ff8274da000 	C:\Program Files\Java\jdk-17\bin\jimage.dll
0x00007ff82aaa0000 - 0x00007ff82ace1000 	C:\WINDOWS\SYSTEM32\DBGHELP.DLL
0x00007ff82d6d0000 - 0x00007ff82da55000 	C:\WINDOWS\System32\combase.dll
0x00007ff82c7e0000 - 0x00007ff82c8c1000 	C:\WINDOWS\System32\OLEAUT32.dll
0x00007ff82a990000 - 0x00007ff82a9c9000 	C:\WINDOWS\SYSTEM32\dbgcore.DLL
0x00007ff82b910000 - 0x00007ff82b9a9000 	C:\WINDOWS\System32\bcryptPrimitives.dll
0x00007ff824210000 - 0x00007ff82421e000 	C:\Program Files\Java\jdk-17\bin\instrument.dll
0x00007ff822cc0000 - 0x00007ff822ce5000 	C:\Program Files\Java\jdk-17\bin\java.dll
0x00007ffff9260000 - 0x00007ffff9337000 	C:\Program Files\Java\jdk-17\bin\jsvml.dll
0x00007ff82cda0000 - 0x00007ff82d4e2000 	C:\WINDOWS\System32\SHELL32.dll
0x00007ff82b790000 - 0x00007ff82b904000 	C:\WINDOWS\System32\wintypes.dll
0x00007ff8286a0000 - 0x00007ff828ef8000 	C:\WINDOWS\SYSTEM32\windows.storage.dll
0x00007ff82e060000 - 0x00007ff82e151000 	C:\WINDOWS\System32\SHCORE.dll
0x00007ff82dfd0000 - 0x00007ff82e03a000 	C:\WINDOWS\System32\shlwapi.dll
0x00007ff82b200000 - 0x00007ff82b22f000 	C:\WINDOWS\SYSTEM32\profapi.dll
0x00007ff822b30000 - 0x00007ff822b48000 	C:\Program Files\Java\jdk-17\bin\zip.dll
0x00007ff822c70000 - 0x00007ff822c89000 	C:\Program Files\Java\jdk-17\bin\net.dll
0x00007ff823d00000 - 0x00007ff823e1e000 	C:\WINDOWS\SYSTEM32\WINHTTP.dll
0x00007ff829ca0000 - 0x00007ff829d0a000 	C:\WINDOWS\system32\mswsock.dll
0x00007ff822ba0000 - 0x00007ff822bb6000 	C:\Program Files\Java\jdk-17\bin\nio.dll
0x00007ff822b90000 - 0x00007ff822b9e000 	C:\Program Files\Java\jdk-17\bin\sunmscapi.dll
0x00007ff82b9b0000 - 0x00007ff82bb27000 	C:\WINDOWS\System32\CRYPT32.dll
0x00007ff82a2e0000 - 0x00007ff82a310000 	C:\WINDOWS\SYSTEM32\ncrypt.dll
0x00007ff82a1f0000 - 0x00007ff82a22f000 	C:\WINDOWS\SYSTEM32\NTASN1.dll
0x00007ff82ae10000 - 0x00007ff82ae2b000 	C:\WINDOWS\SYSTEM32\CRYPTSP.dll
0x00007ff829db0000 - 0x00007ff829dea000 	C:\WINDOWS\system32\rsaenh.dll
0x00007ff829d10000 - 0x00007ff829d3b000 	C:\WINDOWS\SYSTEM32\USERENV.dll
0x00007ff82b1d0000 - 0x00007ff82b1f6000 	C:\WINDOWS\SYSTEM32\bcrypt.dll
0x00007ff82a320000 - 0x00007ff82a32c000 	C:\WINDOWS\SYSTEM32\CRYPTBASE.dll
0x00007ff8291f0000 - 0x00007ff829223000 	C:\WINDOWS\SYSTEM32\IPHLPAPI.DLL
0x00007ff82c580000 - 0x00007ff82c58a000 	C:\WINDOWS\System32\NSI.dll
0x00007ff823ca0000 - 0x00007ff823cbf000 	C:\WINDOWS\SYSTEM32\dhcpcsvc6.DLL
0x00007ff823cd0000 - 0x00007ff823cf5000 	C:\WINDOWS\SYSTEM32\dhcpcsvc.DLL
0x00007ff829280000 - 0x00007ff8293a7000 	C:\WINDOWS\SYSTEM32\DNSAPI.dll
0x00007ff81e1f0000 - 0x00007ff81e1fa000 	C:\Program Files\Java\jdk-17\bin\management.dll
0x00007ff811170000 - 0x00007ff81117b000 	C:\Program Files\Java\jdk-17\bin\management_ext.dll
0x00007ff811160000 - 0x00007ff811170000 	C:\Program Files\Java\jdk-17\bin\verify.dll
0x00007ff821e30000 - 0x00007ff821e3b000 	C:\Windows\System32\rasadhlp.dll
0x00007ff823570000 - 0x00007ff8235f6000 	C:\WINDOWS\System32\fwpuclnt.dll
0x00007fffcc770000 - 0x00007fffcc778000 	C:\WINDOWS\system32\wshunix.dll

dbghelp: loaded successfully - version: 4.0.5 - missing functions: none
symbol engine: initialized successfully - sym options: 0x614 - pdb path: .;C:\Program Files\Java\jdk-17\bin;C:\WINDOWS\SYSTEM32;C:\WINDOWS\WinSxS\amd64_microsoft.windows.common-controls_6595b64144ccf1df_6.0.26100.4202_none_3e0698d4e335f517;C:\Program Files\Java\jdk-17\bin\server

VM Arguments:
jvm_args: -javaagent:C:\Program Files\JetBrains\IntelliJ IDEA Community Edition 2024.3.5\lib\idea_rt.jar=54375 -Dfile.encoding=UTF-8 
java_command: com.maven.OnlineShoppingSB.OnlineShoppingSbApplication
java_class_path (initial): D:\git\OnlineShoppingOJT\OnlineShoppingSB\target\classes;C:\Users\Lenovo\.m2\repository\org\apache\poi\poi-ooxml\5.2.3\poi-ooxml-5.2.3.jar;C:\Users\Lenovo\.m2\repository\org\apache\poi\poi\5.2.3\poi-5.2.3.jar;C:\Users\Lenovo\.m2\repository\commons-codec\commons-codec\1.17.2\commons-codec-1.17.2.jar;C:\Users\Lenovo\.m2\repository\org\apache\commons\commons-math3\3.6.1\commons-math3-3.6.1.jar;C:\Users\Lenovo\.m2\repository\com\zaxxer\SparseBitSet\1.2\SparseBitSet-1.2.jar;C:\Users\Lenovo\.m2\repository\org\apache\poi\poi-ooxml-lite\5.2.3\poi-ooxml-lite-5.2.3.jar;C:\Users\Lenovo\.m2\repository\org\apache\xmlbeans\xmlbeans\5.1.1\xmlbeans-5.1.1.jar;C:\Users\Lenovo\.m2\repository\org\apache\commons\commons-compress\1.21\commons-compress-1.21.jar;C:\Users\Lenovo\.m2\repository\commons-io\commons-io\2.11.0\commons-io-2.11.0.jar;C:\Users\Lenovo\.m2\repository\com\github\virtuald\curvesapi\1.07\curvesapi-1.07.jar;C:\Users\Lenovo\.m2\repository\org\apache\logging\log4j\log4j-api\2.24.3\log4j-api-2.24.3.jar;C:\Users\Lenovo\.m2\repository\org\apache\commons\commons-collections4\4.4\commons-collections4-4.4.jar;C:\Users\Lenovo\.m2\repository\org\springframework\boot\spring-boot-starter-websocket\3.4.6\spring-boot-starter-websocket-3.4.6.jar;C:\Users\Lenovo\.m2\repository\org\springframework\spring-messaging\6.2.7\spring-messaging-6.2.7.jar;C:\Users\Lenovo\.m2\repository\org\springframework\spring-beans\6.2.7\spring-beans-6.2.7.jar;C:\Users\Lenovo\.m2\repository\org\springframework\spring-websocket\6.2.7\spring-websocket-6.2.7.jar;C:\Users\Lenovo\.m2\repository\org\springframework\spring-context\6.2.7\spring-context-6.2.7.jar;C:\Users\Lenovo\.m2\repository\javax\xml\bind\jaxb-api\2.3.1\jaxb-api-2.3.1.jar;C:\Users\Lenovo\.m2\repository\javax\activation\javax.activation-api\1.2.0\javax.activation-api-1.2.0.jar;C:\Users\Lenovo\.m2\repository\org\glassfish\jaxb\jaxb-runtime\2.3.1\jaxb-runtime-2.3.1.jar;C:\Users\Lenovo\.m2\repository\org\glassfish\jaxb\txw2\
Launcher Type: SUN_STANDARD

[Global flags]
     intx CICompilerCount                          = 4                                         {product} {ergonomic}
     uint ConcGCThreads                            = 3                                         {product} {ergonomic}
     uint G1ConcRefinementThreads                  = 10                                        {product} {ergonomic}
   size_t G1HeapRegionSize                         = 1048576                                   {product} {ergonomic}
    uintx GCDrainStackTargetSize                   = 64                                        {product} {ergonomic}
   size_t InitialHeapSize                          = 98566144                                  {product} {ergonomic}
   size_t MarkStackSize                            = 4194304                                   {product} {ergonomic}
   size_t MaxHeapSize                              = 1570766848                                {product} {ergonomic}
   size_t MaxNewSize                               = 941621248                                 {product} {ergonomic}
   size_t MinHeapDeltaBytes                        = 1048576                                   {product} {ergonomic}
   size_t MinHeapSize                              = 8388608                                   {product} {ergonomic}
    uintx NonNMethodCodeHeapSize                   = 5839372                                {pd product} {ergonomic}
    uintx NonProfiledCodeHeapSize                  = 122909434                              {pd product} {ergonomic}
    uintx ProfiledCodeHeapSize                     = 122909434                              {pd product} {ergonomic}
    uintx ReservedCodeCacheSize                    = 251658240                              {pd product} {ergonomic}
     bool SegmentedCodeCache                       = true                                      {product} {ergonomic}
   size_t SoftMaxHeapSize                          = 1570766848                             {manageable} {ergonomic}
     bool UseCompressedClassPointers               = true                           {product lp64_product} {ergonomic}
     bool UseCompressedOops                        = true                           {product lp64_product} {ergonomic}
     bool UseG1GC                                  = true                                      {product} {ergonomic}
     bool UseLargePagesIndividualAllocation        = false                                  {pd product} {ergonomic}

Logging:
Log output configuration:
 #0: stdout all=warning uptime,level,tags
 #1: stderr all=off uptime,level,tags

Environment Variables:
JAVA_HOME=C:\Users\Lenovo\Downloads\jdk-17_windows-x64_bin.exe
PATH=C:\Program Files (x86)\VMware\VMware Workstation\bin\;C:\Program Files\Common Files\Oracle\Java\javapath;C:\WINDOWS\system32;C:\WINDOWS;C:\WINDOWS\System32\Wbem;C:\WINDOWS\System32\WindowsPowerShell\v1.0\;C:\WINDOWS\System32\OpenSSH\;C:\Program Files\Java\jdk-17\bin;C:\Program Files\Git\cmd;C:\Program Files\nodejs\;C:\Users\Lenovo\AppData\Local\Microsoft\WindowsApps;C:\Users\Lenovo\AppData\Local\Programs\Microsoft VS Code\bin;C:\Program Files\JetBrains\IntelliJ IDEA Community Edition 2024.3.5\bin;;C:\Users\Lenovo\AppData\Local\GitHubDesktop\bin;C:\Users\Lenovo\AppData\Roaming\npm;D:\cursor\resources\app\bin
USERNAME=Lenovo
OS=Windows_NT
PROCESSOR_IDENTIFIER=AMD64 Family 23 Model 104 Stepping 1, AuthenticAMD



---------------  S Y S T E M  ---------------

OS:
 Windows 11 , 64 bit Build 26100 (10.0.26100.4202)
OS uptime: 5 days 13:48 hours

CPU: total 12 (initial active 12) (12 cores per cpu, 2 threads per core) family 23 model 104 stepping 1 microcode 0x8608103, cx8, cmov, fxsr, ht, mmx, 3dnowpref, sse, sse2, sse3, ssse3, sse4a, sse4.1, sse4.2, popcnt, lzcnt, tsc, tscinvbit, avx, avx2, aes, clmul, bmi1, bmi2, adx, sha, fma, vzeroupper, clflush, clflushopt

Memory: 4k page, system-wide physical 5989M (356M free)
TotalPageFile size 24421M (AvailPageFile size 81M)
current process WorkingSet (physical memory assigned to process): 142M, peak: 341M
current process commit charge ("private bytes"): 344M, peak: 383M

vm_info: Java HotSpot(TM) 64-Bit Server VM (17.0.12+8-LTS-286) for windows-amd64 JRE (17.0.12+8-LTS-286), built on Jun  5 2024 06:46:59 by "mach5one" with MS VC++ 17.6 (VS2022)

END.
