#
# There is insufficient memory for the Java Runtime Environment to continue.
# Native memory allocation (malloc) failed to allocate 2008016 bytes for Chunk::new
# Possible reasons:
#   The system is out of physical RAM or swap space
#   The process is running with CompressedOops enabled, and the Java Heap may be blocking the growth of the native heap
# Possible solutions:
#   Reduce memory load on the system
#   Increase physical memory or swap space
#   Check if swap backing store is full
#   Decrease Java heap size (-Xmx/-Xms)
#   Decrease number of Java threads
#   Decrease Java thread stack sizes (-Xss)
#   Set larger code cache with -XX:ReservedCodeCacheSize=
#   JVM is running with Unscaled Compressed Oops mode in which the Java heap is
#     placed in the first 4GB address space. The Java Heap base address is the
#     maximum limit for the native heap growth. Please use -XX:HeapBaseMinAddress
#     to set the Java Heap base and to place the Java Heap above 4GB virtual address.
# This output file may be truncated or incomplete.
#
#  Out of Memory Error (arena.cpp:189), pid=24732, tid=2764
#
# JRE version: Java(TM) SE Runtime Environment (17.0.12+8) (build 17.0.12+8-LTS-286)
# Java VM: Java HotSpot(TM) 64-Bit Server VM (17.0.12+8-LTS-286, mixed mode, sharing, tiered, compressed oops, compressed class ptrs, g1 gc, windows-amd64)
# No core dump will be written. Minidumps are not enabled by default on client versions of Windows
#

---------------  S U M M A R Y ------------

Command Line: -javaagent:C:\Program Files\JetBrains\IntelliJ IDEA Community Edition 2024.3.5\lib\idea_rt.jar=50409 -Dfile.encoding=UTF-8 com.maven.OnlineShoppingSB.OnlineShoppingSbApplication

Host: AMD Ryzen 5 5500U with Radeon Graphics         , 12 cores, 5G,  Windows 11 , 64 bit Build 26100 (10.0.26100.4768)
Time: Thu Jul 31 17:14:23 2025 Myanmar Standard Time elapsed time: 31.144049 seconds (0d 0h 0m 31s)

---------------  T H R E A D  ---------------

Current thread (0x00000216b02d1300):  JavaThread "C2 CompilerThread0" daemon [_thread_in_native, id=2764, stack(0x0000008557000000,0x0000008557100000)]


Current CompileTask:
C2:  31144 12649       4       java.lang.Class::annotationData (44 bytes)

Stack: [0x0000008557000000,0x0000008557100000]
Native frames: (J=compiled Java code, j=interpreted, Vv=VM code, C=native code)
V  [jvm.dll+0x67a04a]
V  [jvm.dll+0x7da4ed]
V  [jvm.dll+0x7dbe33]
V  [jvm.dll+0x7dc4a3]
V  [jvm.dll+0x24508f]
V  [jvm.dll+0xab773]
V  [jvm.dll+0xabd3c]
V  [jvm.dll+0x361b9f]
V  [jvm.dll+0x32c431]
V  [jvm.dll+0x32b8ca]
V  [jvm.dll+0x21683f]
V  [jvm.dll+0x215c6f]
V  [jvm.dll+0x1a2960]
V  [jvm.dll+0x22610b]
V  [jvm.dll+0x2242ab]
V  [jvm.dll+0x79075c]
V  [jvm.dll+0x78abea]
V  [jvm.dll+0x678f35]
C  [ucrtbase.dll+0x37b0]
C  [KERNEL32.DLL+0x2e8d7]
C  [ntdll.dll+0x3c34c]


---------------  P R O C E S S  ---------------

Threads class SMR info:
_java_thread_list=0x00000216f776e810, length=36, elements={
0x00000216b02b2b80, 0x00000216b02b3350, 0x00000216b02c3070, 0x00000216b02c6860,
0x00000216b02c7030, 0x00000216b02cfa30, 0x00000216b02d1300, 0x00000216b02dcde0,
0x00000216b02dd300, 0x00000216b029e870, 0x00000216f626cf00, 0x00000216b07952b0,
0x00000216f7c62950, 0x00000216f8308da0, 0x00000216f8fcece0, 0x00000216fb984610,
0x00000216fb986980, 0x00000216fa73cbb0, 0x00000216fa73dff0, 0x00000216fa73c6a0,
0x00000216fa73d0c0, 0x00000216fa73d5d0, 0x00000216fa73dae0, 0x00000216b04fdbf0,
0x00000216b04fccc0, 0x00000216b04fe100, 0x00000216b04fd1d0, 0x00000216b04fe610,
0x00000216b04fd6e0, 0x00000216f917a240, 0x00000216fbea9e00, 0x00000216fbeaa310,
0x00000216fbeab750, 0x00000216fbe97b60, 0x00000216f917b170, 0x00000216f6522af0
}

Java Threads: ( => current thread )
  0x00000216b02b2b80 JavaThread "Reference Handler" daemon [_thread_blocked, id=23068, stack(0x0000008556a00000,0x0000008556b00000)]
  0x00000216b02b3350 JavaThread "Finalizer" daemon [_thread_blocked, id=21944, stack(0x0000008556b00000,0x0000008556c00000)]
  0x00000216b02c3070 JavaThread "Signal Dispatcher" daemon [_thread_blocked, id=11628, stack(0x0000008556c00000,0x0000008556d00000)]
  0x00000216b02c6860 JavaThread "Attach Listener" daemon [_thread_blocked, id=10672, stack(0x0000008556d00000,0x0000008556e00000)]
  0x00000216b02c7030 JavaThread "Service Thread" daemon [_thread_blocked, id=4752, stack(0x0000008556e00000,0x0000008556f00000)]
  0x00000216b02cfa30 JavaThread "Monitor Deflation Thread" daemon [_thread_blocked, id=25452, stack(0x0000008556f00000,0x0000008557000000)]
=>0x00000216b02d1300 JavaThread "C2 CompilerThread0" daemon [_thread_in_native, id=2764, stack(0x0000008557000000,0x0000008557100000)]
  0x00000216b02dcde0 JavaThread "C1 CompilerThread0" daemon [_thread_in_native, id=15900, stack(0x0000008557100000,0x0000008557200000)]
  0x00000216b02dd300 JavaThread "Sweeper thread" daemon [_thread_blocked, id=13220, stack(0x0000008557200000,0x0000008557300000)]
  0x00000216b029e870 JavaThread "Common-Cleaner" daemon [_thread_blocked, id=12424, stack(0x0000008557300000,0x0000008557400000)]
  0x00000216f626cf00 JavaThread "Monitor Ctrl-Break" daemon [_thread_in_native, id=24948, stack(0x0000008557400000,0x0000008557500000)]
  0x00000216b07952b0 JavaThread "Notification Thread" daemon [_thread_blocked, id=5500, stack(0x0000008557500000,0x0000008557600000)]
  0x00000216f7c62950 JavaThread "mysql-cj-abandoned-connection-cleanup" daemon [_thread_blocked, id=15544, stack(0x0000008558300000,0x0000008558400000)]
  0x00000216f8308da0 JavaThread "HikariPool-1 housekeeper" daemon [_thread_blocked, id=3736, stack(0x0000008558500000,0x0000008558600000)]
  0x00000216f8fcece0 JavaThread "Catalina-utility-1" [_thread_blocked, id=21832, stack(0x0000008558600000,0x0000008558700000)]
  0x00000216fb984610 JavaThread "Catalina-utility-2" [_thread_blocked, id=7916, stack(0x0000008558700000,0x0000008558800000)]
  0x00000216fb986980 JavaThread "container-0" [_thread_blocked, id=24684, stack(0x0000008558800000,0x0000008558900000)]
  0x00000216fa73cbb0 JavaThread "MessageBroker-1" [_thread_blocked, id=19664, stack(0x0000008558b00000,0x0000008558c00000)]
  0x00000216fa73dff0 JavaThread "http-nio-8080-exec-1" daemon [_thread_blocked, id=12932, stack(0x0000008558c00000,0x0000008558d00000)]
  0x00000216fa73c6a0 JavaThread "http-nio-8080-exec-2" daemon [_thread_blocked, id=16256, stack(0x0000008558d00000,0x0000008558e00000)]
  0x00000216fa73d0c0 JavaThread "http-nio-8080-exec-3" daemon [_thread_blocked, id=20032, stack(0x0000008558e00000,0x0000008558f00000)]
  0x00000216fa73d5d0 JavaThread "http-nio-8080-exec-4" daemon [_thread_blocked, id=8612, stack(0x0000008558f00000,0x0000008559000000)]
  0x00000216fa73dae0 JavaThread "http-nio-8080-exec-5" daemon [_thread_in_Java, id=23928, stack(0x0000008559000000,0x0000008559100000)]
  0x00000216b04fdbf0 JavaThread "http-nio-8080-exec-6" daemon [_thread_in_Java, id=16320, stack(0x0000008559100000,0x0000008559200000)]
  0x00000216b04fccc0 JavaThread "http-nio-8080-exec-7" daemon [_thread_blocked, id=21948, stack(0x0000008559200000,0x0000008559300000)]
  0x00000216b04fe100 JavaThread "http-nio-8080-exec-8" daemon [_thread_blocked, id=14296, stack(0x0000008559300000,0x0000008559400000)]
  0x00000216b04fd1d0 JavaThread "http-nio-8080-exec-9" daemon [_thread_blocked, id=26044, stack(0x0000008559400000,0x0000008559500000)]
  0x00000216b04fe610 JavaThread "http-nio-8080-exec-10" daemon [_thread_blocked, id=22620, stack(0x0000008559500000,0x0000008559600000)]
  0x00000216b04fd6e0 JavaThread "http-nio-8080-Poller" daemon [_thread_in_native, id=12936, stack(0x0000008559600000,0x0000008559700000)]
  0x00000216f917a240 JavaThread "http-nio-8080-Acceptor" daemon [_thread_in_native, id=19340, stack(0x0000008559700000,0x0000008559800000)]
  0x00000216fbea9e00 JavaThread "MessageBroker-2" [_thread_blocked, id=20184, stack(0x0000008559800000,0x0000008559900000)]
  0x00000216fbeaa310 JavaThread "MessageBroker-3" [_thread_blocked, id=23696, stack(0x0000008559900000,0x0000008559a00000)]
  0x00000216fbeab750 JavaThread "DestroyJavaVM" [_thread_blocked, id=25288, stack(0x0000008556300000,0x0000008556400000)]
  0x00000216fbe97b60 JavaThread "MessageBroker-4" [_thread_blocked, id=24196, stack(0x0000008559a00000,0x0000008559b00000)]
  0x00000216f917b170 JavaThread "HikariPool-1 connection adder" daemon [_thread_blocked, id=16220, stack(0x0000008557700000,0x0000008557800000)]
  0x00000216f6522af0 JavaThread "C2 CompilerThread1" daemon [_thread_in_native, id=25956, stack(0x0000008559b00000,0x0000008559c00000)]

Other Threads:
  0x00000216b02ac0c0 VMThread "VM Thread" [stack: 0x0000008556900000,0x0000008556a00000] [id=16856]
  0x00000216911d02f0 WatcherThread [stack: 0x0000008557600000,0x0000008557700000] [id=9200]
  0x000002169119b750 GCTaskThread "GC Thread#0" [stack: 0x0000008556400000,0x0000008556500000] [id=7660]
  0x00000216f67d2520 GCTaskThread "GC Thread#1" [stack: 0x0000008557800000,0x0000008557900000] [id=23780]
  0x00000216f6aa29e0 GCTaskThread "GC Thread#2" [stack: 0x0000008557900000,0x0000008557a00000] [id=8924]
  0x00000216f6f4d760 GCTaskThread "GC Thread#3" [stack: 0x0000008557a00000,0x0000008557b00000] [id=25724]
  0x00000216f6f53170 GCTaskThread "GC Thread#4" [stack: 0x0000008557b00000,0x0000008557c00000] [id=25444]
  0x00000216f7084480 GCTaskThread "GC Thread#5" [stack: 0x0000008557d00000,0x0000008557e00000] [id=17484]
  0x00000216f731a0d0 GCTaskThread "GC Thread#6" [stack: 0x0000008557e00000,0x0000008557f00000] [id=13956]
  0x00000216f71e4870 GCTaskThread "GC Thread#7" [stack: 0x0000008557f00000,0x0000008558000000] [id=11820]
  0x00000216f6fd8fa0 GCTaskThread "GC Thread#8" [stack: 0x0000008558000000,0x0000008558100000] [id=10300]
  0x00000216f6fd79a0 GCTaskThread "GC Thread#9" [stack: 0x0000008558100000,0x0000008558200000] [id=14240]
  0x00000216911a8340 ConcurrentGCThread "G1 Main Marker" [stack: 0x0000008556500000,0x0000008556600000] [id=4604]
  0x00000216911aa770 ConcurrentGCThread "G1 Conc#0" [stack: 0x0000008556600000,0x0000008556700000] [id=16164]
  0x00000216f6fd84a0 ConcurrentGCThread "G1 Conc#1" [stack: 0x0000008557c00000,0x0000008557d00000] [id=25416]
  0x00000216f6fd8a20 ConcurrentGCThread "G1 Conc#2" [stack: 0x0000008558200000,0x0000008558300000] [id=25812]
  0x000002169120e7a0 ConcurrentGCThread "G1 Refine#0" [stack: 0x0000008556700000,0x0000008556800000] [id=4436]
  0x00000216f99b45b0 ConcurrentGCThread "G1 Refine#1" [stack: 0x0000008558900000,0x0000008558a00000] [id=12472]
  0x00000216f74ac960 ConcurrentGCThread "G1 Refine#2" [stack: 0x0000008558a00000,0x0000008558b00000] [id=25796]
  0x000002169120ec80 ConcurrentGCThread "G1 Service" [stack: 0x0000008556800000,0x0000008556900000] [id=12420]

Threads with active compile tasks:
C2 CompilerThread0    31188 12649       4       java.lang.Class::annotationData (44 bytes)
C1 CompilerThread0    31188 13198       2       org.springframework.web.servlet.mvc.condition.PathPatternsRequestCondition::getMatchingCondition (33 bytes)
C2 CompilerThread1    31188 13046 % !   4       java.util.concurrent.ConcurrentHashMap::transfer @ 96 (849 bytes)

VM state: not at safepoint (normal execution)

VM Mutex/Monitor currently owned by a thread: None

Heap address: 0x00000000a2600000, size: 1498 MB, Compressed Oops mode: 32-bit

CDS archive(s) mapped at: [0x00000216b1000000-0x00000216b1bd0000-0x00000216b1bd0000), size 12386304, SharedBaseAddress: 0x00000216b1000000, ArchiveRelocationMode: 1.
Compressed class space mapped at: 0x00000216b2000000-0x00000216f2000000, reserved size: 1073741824
Narrow klass base: 0x00000216b1000000, Narrow klass shift: 0, Narrow klass range: 0x100000000

GC Precious Log:
 CPUs: 12 total, 12 available
 Memory: 5989M
 Large Page Support: Disabled
 NUMA Support: Disabled
 Compressed Oops: Enabled (32-bit)
 Heap Region Size: 1M
 Heap Min Capacity: 8M
 Heap Initial Capacity: 94M
 Heap Max Capacity: 1498M
 Pre-touch: Disabled
 Parallel Workers: 10
 Concurrent Workers: 3
 Concurrent Refinement Workers: 10
 Periodic GC: Disabled

Heap:
 garbage-first heap   total 303104K, used 193104K [0x00000000a2600000, 0x0000000100000000)
  region size 1024K, 84 young (86016K), 9 survivors (9216K)
 Metaspace       used 97753K, committed 98560K, reserved 1179648K
  class space    used 13061K, committed 13504K, reserved 1048576K

Heap Regions: E=young(eden), S=young(survivor), O=old, HS=humongous(starts), HC=humongous(continues), CS=collection set, F=free, OA=open archive, CA=closed archive, TAMS=top-at-mark-start (previous, next)
|   0|0x00000000a2600000, 0x00000000a2700000, 0x00000000a2700000|100%|HS|  |TAMS 0x00000000a2700000, 0x00000000a2600000| Complete 
|   1|0x00000000a2700000, 0x00000000a2800000, 0x00000000a2800000|100%|HS|  |TAMS 0x00000000a2800000, 0x00000000a2700000| Complete 
|   2|0x00000000a2800000, 0x00000000a2900000, 0x00000000a2900000|100%|HS|  |TAMS 0x00000000a2900000, 0x00000000a2800000| Complete 
|   3|0x00000000a2900000, 0x00000000a2a00000, 0x00000000a2a00000|100%| O|  |TAMS 0x00000000a2a00000, 0x00000000a2900000| Untracked 
|   4|0x00000000a2a00000, 0x00000000a2b00000, 0x00000000a2b00000|100%| O|  |TAMS 0x00000000a2b00000, 0x00000000a2a00000| Untracked 
|   5|0x00000000a2b00000, 0x00000000a2c00000, 0x00000000a2c00000|100%| O|  |TAMS 0x00000000a2c00000, 0x00000000a2b00000| Untracked 
|   6|0x00000000a2c00000, 0x00000000a2d00000, 0x00000000a2d00000|100%| O|  |TAMS 0x00000000a2d00000, 0x00000000a2c00000| Untracked 
|   7|0x00000000a2d00000, 0x00000000a2e00000, 0x00000000a2e00000|100%| O|  |TAMS 0x00000000a2e00000, 0x00000000a2d00000| Untracked 
|   8|0x00000000a2e00000, 0x00000000a2f00000, 0x00000000a2f00000|100%| O|  |TAMS 0x00000000a2f00000, 0x00000000a2e00000| Untracked 
|   9|0x00000000a2f00000, 0x00000000a3000000, 0x00000000a3000000|100%| O|  |TAMS 0x00000000a3000000, 0x00000000a2f00000| Untracked 
|  10|0x00000000a3000000, 0x00000000a3100000, 0x00000000a3100000|100%| O|  |TAMS 0x00000000a3100000, 0x00000000a3000000| Untracked 
|  11|0x00000000a3100000, 0x00000000a3200000, 0x00000000a3200000|100%| O|  |TAMS 0x00000000a3200000, 0x00000000a3100000| Untracked 
|  12|0x00000000a3200000, 0x00000000a3300000, 0x00000000a3300000|100%| O|  |TAMS 0x00000000a3300000, 0x00000000a3200000| Untracked 
|  13|0x00000000a3300000, 0x00000000a3400000, 0x00000000a3400000|100%|HS|  |TAMS 0x00000000a3300000, 0x00000000a3300000| Complete 
|  14|0x00000000a3400000, 0x00000000a3500000, 0x00000000a3500000|100%| O|  |TAMS 0x00000000a3500000, 0x00000000a3400000| Untracked 
|  15|0x00000000a3500000, 0x00000000a3600000, 0x00000000a3600000|100%| O|  |TAMS 0x00000000a3600000, 0x00000000a3500000| Untracked 
|  16|0x00000000a3600000, 0x00000000a3700000, 0x00000000a3700000|100%| O|  |TAMS 0x00000000a3700000, 0x00000000a3600000| Untracked 
|  17|0x00000000a3700000, 0x00000000a3800000, 0x00000000a3800000|100%| O|  |TAMS 0x00000000a3800000, 0x00000000a3700000| Untracked 
|  18|0x00000000a3800000, 0x00000000a3900000, 0x00000000a3900000|100%| O|  |TAMS 0x00000000a3900000, 0x00000000a3800000| Untracked 
|  19|0x00000000a3900000, 0x00000000a3a00000, 0x00000000a3a00000|100%| O|  |TAMS 0x00000000a3a00000, 0x00000000a3900000| Untracked 
|  20|0x00000000a3a00000, 0x00000000a3b00000, 0x00000000a3b00000|100%| O|  |TAMS 0x00000000a3b00000, 0x00000000a3a00000| Untracked 
|  21|0x00000000a3b00000, 0x00000000a3c00000, 0x00000000a3c00000|100%| O|  |TAMS 0x00000000a3c00000, 0x00000000a3b00000| Untracked 
|  22|0x00000000a3c00000, 0x00000000a3d00000, 0x00000000a3d00000|100%| O|  |TAMS 0x00000000a3d00000, 0x00000000a3c00000| Untracked 
|  23|0x00000000a3d00000, 0x00000000a3e00000, 0x00000000a3e00000|100%| O|  |TAMS 0x00000000a3e00000, 0x00000000a3d00000| Untracked 
|  24|0x00000000a3e00000, 0x00000000a3f00000, 0x00000000a3f00000|100%| O|  |TAMS 0x00000000a3f00000, 0x00000000a3e00000| Untracked 
|  25|0x00000000a3f00000, 0x00000000a4000000, 0x00000000a4000000|100%| O|  |TAMS 0x00000000a4000000, 0x00000000a3f00000| Untracked 
|  26|0x00000000a4000000, 0x00000000a4100000, 0x00000000a4100000|100%| O|  |TAMS 0x00000000a4100000, 0x00000000a4000000| Untracked 
|  27|0x00000000a4100000, 0x00000000a4200000, 0x00000000a4200000|100%| O|  |TAMS 0x00000000a4200000, 0x00000000a4100000| Untracked 
|  28|0x00000000a4200000, 0x00000000a4300000, 0x00000000a4300000|100%| O|  |TAMS 0x00000000a4300000, 0x00000000a4200000| Untracked 
|  29|0x00000000a4300000, 0x00000000a4400000, 0x00000000a4400000|100%| O|  |TAMS 0x00000000a4400000, 0x00000000a4300000| Untracked 
|  30|0x00000000a4400000, 0x00000000a4500000, 0x00000000a4500000|100%| O|  |TAMS 0x00000000a4500000, 0x00000000a4400000| Untracked 
|  31|0x00000000a4500000, 0x00000000a4600000, 0x00000000a4600000|100%| O|  |TAMS 0x00000000a4600000, 0x00000000a4500000| Untracked 
|  32|0x00000000a4600000, 0x00000000a4700000, 0x00000000a4700000|100%| O|  |TAMS 0x00000000a4700000, 0x00000000a4600000| Untracked 
|  33|0x00000000a4700000, 0x00000000a4800000, 0x00000000a4800000|100%| O|  |TAMS 0x00000000a4800000, 0x00000000a4700000| Untracked 
|  34|0x00000000a4800000, 0x00000000a4900000, 0x00000000a4900000|100%| O|  |TAMS 0x00000000a4900000, 0x00000000a4800000| Untracked 
|  35|0x00000000a4900000, 0x00000000a4a00000, 0x00000000a4a00000|100%| O|  |TAMS 0x00000000a4a00000, 0x00000000a4900000| Untracked 
|  36|0x00000000a4a00000, 0x00000000a4b00000, 0x00000000a4b00000|100%| O|  |TAMS 0x00000000a4b00000, 0x00000000a4a00000| Untracked 
|  37|0x00000000a4b00000, 0x00000000a4c00000, 0x00000000a4c00000|100%| O|  |TAMS 0x00000000a4c00000, 0x00000000a4b00000| Untracked 
|  38|0x00000000a4c00000, 0x00000000a4d00000, 0x00000000a4d00000|100%| O|  |TAMS 0x00000000a4d00000, 0x00000000a4c00000| Untracked 
|  39|0x00000000a4d00000, 0x00000000a4e00000, 0x00000000a4e00000|100%| O|  |TAMS 0x00000000a4e00000, 0x00000000a4d00000| Untracked 
|  40|0x00000000a4e00000, 0x00000000a4f00000, 0x00000000a4f00000|100%| O|  |TAMS 0x00000000a4f00000, 0x00000000a4e00000| Untracked 
|  41|0x00000000a4f00000, 0x00000000a5000000, 0x00000000a5000000|100%| O|  |TAMS 0x00000000a5000000, 0x00000000a4f00000| Untracked 
|  42|0x00000000a5000000, 0x00000000a5100000, 0x00000000a5100000|100%| O|  |TAMS 0x00000000a5100000, 0x00000000a5000000| Untracked 
|  43|0x00000000a5100000, 0x00000000a5200000, 0x00000000a5200000|100%| O|  |TAMS 0x00000000a5200000, 0x00000000a5100000| Untracked 
|  44|0x00000000a5200000, 0x00000000a5300000, 0x00000000a5300000|100%| O|  |TAMS 0x00000000a5300000, 0x00000000a5200000| Untracked 
|  45|0x00000000a5300000, 0x00000000a5400000, 0x00000000a5400000|100%| O|  |TAMS 0x00000000a5400000, 0x00000000a5300000| Untracked 
|  46|0x00000000a5400000, 0x00000000a5500000, 0x00000000a5500000|100%| O|  |TAMS 0x00000000a5500000, 0x00000000a5400000| Untracked 
|  47|0x00000000a5500000, 0x00000000a5600000, 0x00000000a5600000|100%| O|  |TAMS 0x00000000a5600000, 0x00000000a5500000| Untracked 
|  48|0x00000000a5600000, 0x00000000a5700000, 0x00000000a5700000|100%| O|  |TAMS 0x00000000a5700000, 0x00000000a5600000| Untracked 
|  49|0x00000000a5700000, 0x00000000a5800000, 0x00000000a5800000|100%| O|  |TAMS 0x00000000a5800000, 0x00000000a5700000| Untracked 
|  50|0x00000000a5800000, 0x00000000a5900000, 0x00000000a5900000|100%| O|  |TAMS 0x00000000a5900000, 0x00000000a5800000| Untracked 
|  51|0x00000000a5900000, 0x00000000a5a00000, 0x00000000a5a00000|100%| O|  |TAMS 0x00000000a5a00000, 0x00000000a5900000| Untracked 
|  52|0x00000000a5a00000, 0x00000000a5b00000, 0x00000000a5b00000|100%| O|  |TAMS 0x00000000a5b00000, 0x00000000a5a00000| Untracked 
|  53|0x00000000a5b00000, 0x00000000a5c00000, 0x00000000a5c00000|100%| O|  |TAMS 0x00000000a5c00000, 0x00000000a5b00000| Untracked 
|  54|0x00000000a5c00000, 0x00000000a5d00000, 0x00000000a5d00000|100%| O|  |TAMS 0x00000000a5d00000, 0x00000000a5c00000| Untracked 
|  55|0x00000000a5d00000, 0x00000000a5e00000, 0x00000000a5e00000|100%| O|  |TAMS 0x00000000a5e00000, 0x00000000a5d00000| Untracked 
|  56|0x00000000a5e00000, 0x00000000a5f00000, 0x00000000a5f00000|100%| O|  |TAMS 0x00000000a5f00000, 0x00000000a5e00000| Untracked 
|  57|0x00000000a5f00000, 0x00000000a6000000, 0x00000000a6000000|100%| O|  |TAMS 0x00000000a6000000, 0x00000000a5f00000| Untracked 
|  58|0x00000000a6000000, 0x00000000a6100000, 0x00000000a6100000|100%| O|  |TAMS 0x00000000a6100000, 0x00000000a6000000| Untracked 
|  59|0x00000000a6100000, 0x00000000a6200000, 0x00000000a6200000|100%| O|  |TAMS 0x00000000a6200000, 0x00000000a6100000| Untracked 
|  60|0x00000000a6200000, 0x00000000a6300000, 0x00000000a6300000|100%| O|  |TAMS 0x00000000a6300000, 0x00000000a6200000| Untracked 
|  61|0x00000000a6300000, 0x00000000a6400000, 0x00000000a6400000|100%| O|  |TAMS 0x00000000a6300000, 0x00000000a6300000| Untracked 
|  62|0x00000000a6400000, 0x00000000a6500000, 0x00000000a6500000|100%| O|  |TAMS 0x00000000a6400000, 0x00000000a6400000| Untracked 
|  63|0x00000000a6500000, 0x00000000a6600000, 0x00000000a6600000|100%| O|  |TAMS 0x00000000a6500000, 0x00000000a6500000| Untracked 
|  64|0x00000000a6600000, 0x00000000a6700000, 0x00000000a6700000|100%| O|  |TAMS 0x00000000a6600000, 0x00000000a6600000| Untracked 
|  65|0x00000000a6700000, 0x00000000a6800000, 0x00000000a6800000|100%| O|  |TAMS 0x00000000a6700000, 0x00000000a6700000| Untracked 
|  66|0x00000000a6800000, 0x00000000a6900000, 0x00000000a6900000|100%| O|  |TAMS 0x00000000a6800000, 0x00000000a6800000| Untracked 
|  67|0x00000000a6900000, 0x00000000a6a00000, 0x00000000a6a00000|100%| O|  |TAMS 0x00000000a6900000, 0x00000000a6900000| Untracked 
|  68|0x00000000a6a00000, 0x00000000a6b00000, 0x00000000a6b00000|100%| O|  |TAMS 0x00000000a6b00000, 0x00000000a6a00000| Untracked 
|  69|0x00000000a6b00000, 0x00000000a6c00000, 0x00000000a6c00000|100%| O|  |TAMS 0x00000000a6c00000, 0x00000000a6b00000| Untracked 
|  70|0x00000000a6c00000, 0x00000000a6d00000, 0x00000000a6d00000|100%| O|  |TAMS 0x00000000a6c50400, 0x00000000a6c00000| Untracked 
|  71|0x00000000a6d00000, 0x00000000a6e00000, 0x00000000a6e00000|100%| O|  |TAMS 0x00000000a6d00000, 0x00000000a6d00000| Untracked 
|  72|0x00000000a6e00000, 0x00000000a6f00000, 0x00000000a6f00000|100%| O|  |TAMS 0x00000000a6e00000, 0x00000000a6e00000| Untracked 
|  73|0x00000000a6f00000, 0x00000000a7000000, 0x00000000a7000000|100%| O|  |TAMS 0x00000000a6f00000, 0x00000000a6f00000| Untracked 
|  74|0x00000000a7000000, 0x00000000a7100000, 0x00000000a7100000|100%| O|  |TAMS 0x00000000a7000000, 0x00000000a7000000| Untracked 
|  75|0x00000000a7100000, 0x00000000a7200000, 0x00000000a7200000|100%| O|  |TAMS 0x00000000a7100000, 0x00000000a7100000| Untracked 
|  76|0x00000000a7200000, 0x00000000a7300000, 0x00000000a7300000|100%| O|  |TAMS 0x00000000a7200000, 0x00000000a7200000| Untracked 
|  77|0x00000000a7300000, 0x00000000a7400000, 0x00000000a7400000|100%| O|  |TAMS 0x00000000a7300000, 0x00000000a7300000| Untracked 
|  78|0x00000000a7400000, 0x00000000a7500000, 0x00000000a7500000|100%| O|  |TAMS 0x00000000a7400000, 0x00000000a7400000| Untracked 
|  79|0x00000000a7500000, 0x00000000a7600000, 0x00000000a7600000|100%| O|  |TAMS 0x00000000a7500000, 0x00000000a7500000| Untracked 
|  80|0x00000000a7600000, 0x00000000a7700000, 0x00000000a7700000|100%| O|  |TAMS 0x00000000a7600000, 0x00000000a7600000| Untracked 
|  81|0x00000000a7700000, 0x00000000a7800000, 0x00000000a7800000|100%| O|  |TAMS 0x00000000a7700000, 0x00000000a7700000| Untracked 
|  82|0x00000000a7800000, 0x00000000a7900000, 0x00000000a7900000|100%| O|  |TAMS 0x00000000a7800000, 0x00000000a7800000| Untracked 
|  83|0x00000000a7900000, 0x00000000a7a00000, 0x00000000a7a00000|100%| O|  |TAMS 0x00000000a7900000, 0x00000000a7900000| Untracked 
|  84|0x00000000a7a00000, 0x00000000a7b00000, 0x00000000a7b00000|100%| O|  |TAMS 0x00000000a7a00000, 0x00000000a7a00000| Untracked 
|  85|0x00000000a7b00000, 0x00000000a7c00000, 0x00000000a7c00000|100%| O|  |TAMS 0x00000000a7b00000, 0x00000000a7b00000| Untracked 
|  86|0x00000000a7c00000, 0x00000000a7d00000, 0x00000000a7d00000|100%| O|  |TAMS 0x00000000a7c00000, 0x00000000a7c00000| Untracked 
|  87|0x00000000a7d00000, 0x00000000a7e00000, 0x00000000a7e00000|100%| O|  |TAMS 0x00000000a7d00000, 0x00000000a7d00000| Untracked 
|  88|0x00000000a7e00000, 0x00000000a7f00000, 0x00000000a7f00000|100%| O|  |TAMS 0x00000000a7e00000, 0x00000000a7e00000| Untracked 
|  89|0x00000000a7f00000, 0x00000000a8000000, 0x00000000a8000000|100%| O|  |TAMS 0x00000000a7f00000, 0x00000000a7f00000| Untracked 
|  90|0x00000000a8000000, 0x00000000a8100000, 0x00000000a8100000|100%| O|  |TAMS 0x00000000a8000000, 0x00000000a8000000| Untracked 
|  91|0x00000000a8100000, 0x00000000a8200000, 0x00000000a8200000|100%| O|  |TAMS 0x00000000a8100000, 0x00000000a8100000| Untracked 
|  92|0x00000000a8200000, 0x00000000a8300000, 0x00000000a8300000|100%| O|  |TAMS 0x00000000a8200000, 0x00000000a8200000| Untracked 
|  93|0x00000000a8300000, 0x00000000a8400000, 0x00000000a8400000|100%| O|  |TAMS 0x00000000a8300000, 0x00000000a8300000| Untracked 
|  94|0x00000000a8400000, 0x00000000a8500000, 0x00000000a8500000|100%| O|  |TAMS 0x00000000a8400000, 0x00000000a8400000| Untracked 
|  95|0x00000000a8500000, 0x00000000a8600000, 0x00000000a8600000|100%| O|  |TAMS 0x00000000a8500000, 0x00000000a8500000| Untracked 
|  96|0x00000000a8600000, 0x00000000a8700000, 0x00000000a8700000|100%| O|  |TAMS 0x00000000a8600000, 0x00000000a8600000| Untracked 
|  97|0x00000000a8700000, 0x00000000a8800000, 0x00000000a8800000|100%| O|  |TAMS 0x00000000a8700000, 0x00000000a8700000| Untracked 
|  98|0x00000000a8800000, 0x00000000a8900000, 0x00000000a8900000|100%| O|  |TAMS 0x00000000a8800000, 0x00000000a8800000| Untracked 
|  99|0x00000000a8900000, 0x00000000a8a00000, 0x00000000a8a00000|100%| O|  |TAMS 0x00000000a8900000, 0x00000000a8900000| Untracked 
| 100|0x00000000a8a00000, 0x00000000a8b00000, 0x00000000a8b00000|100%| O|  |TAMS 0x00000000a8a00000, 0x00000000a8a00000| Untracked 
| 101|0x00000000a8b00000, 0x00000000a8c00000, 0x00000000a8c00000|100%| O|  |TAMS 0x00000000a8b00000, 0x00000000a8b00000| Untracked 
| 102|0x00000000a8c00000, 0x00000000a8d00000, 0x00000000a8d00000|100%| O|  |TAMS 0x00000000a8c00000, 0x00000000a8c00000| Untracked 
| 103|0x00000000a8d00000, 0x00000000a8e00000, 0x00000000a8e00000|100%| O|  |TAMS 0x00000000a8d00000, 0x00000000a8d00000| Untracked 
| 104|0x00000000a8e00000, 0x00000000a8f00000, 0x00000000a8f00000|100%| O|  |TAMS 0x00000000a8e00000, 0x00000000a8e00000| Untracked 
| 105|0x00000000a8f00000, 0x00000000a9000000, 0x00000000a9000000|100%| O|  |TAMS 0x00000000a8f00000, 0x00000000a8f00000| Untracked 
| 106|0x00000000a9000000, 0x00000000a9062000, 0x00000000a9100000| 38%| O|  |TAMS 0x00000000a9000000, 0x00000000a9000000| Untracked 
| 107|0x00000000a9100000, 0x00000000a9100000, 0x00000000a9200000|  0%| F|  |TAMS 0x00000000a9100000, 0x00000000a9100000| Untracked 
| 108|0x00000000a9200000, 0x00000000a9200000, 0x00000000a9300000|  0%| F|  |TAMS 0x00000000a9200000, 0x00000000a9200000| Untracked 
| 109|0x00000000a9300000, 0x00000000a9300000, 0x00000000a9400000|  0%| F|  |TAMS 0x00000000a9300000, 0x00000000a9300000| Untracked 
| 110|0x00000000a9400000, 0x00000000a9400000, 0x00000000a9500000|  0%| F|  |TAMS 0x00000000a9400000, 0x00000000a9400000| Untracked 
| 111|0x00000000a9500000, 0x00000000a9500000, 0x00000000a9600000|  0%| F|  |TAMS 0x00000000a9500000, 0x00000000a9500000| Untracked 
| 112|0x00000000a9600000, 0x00000000a9600000, 0x00000000a9700000|  0%| F|  |TAMS 0x00000000a9600000, 0x00000000a9600000| Untracked 
| 113|0x00000000a9700000, 0x00000000a9700000, 0x00000000a9800000|  0%| F|  |TAMS 0x00000000a9700000, 0x00000000a9700000| Untracked 
| 114|0x00000000a9800000, 0x00000000a9800000, 0x00000000a9900000|  0%| F|  |TAMS 0x00000000a9800000, 0x00000000a9800000| Untracked 
| 115|0x00000000a9900000, 0x00000000a9900000, 0x00000000a9a00000|  0%| F|  |TAMS 0x00000000a9900000, 0x00000000a9900000| Untracked 
| 116|0x00000000a9a00000, 0x00000000a9a00000, 0x00000000a9b00000|  0%| F|  |TAMS 0x00000000a9a00000, 0x00000000a9a00000| Untracked 
| 117|0x00000000a9b00000, 0x00000000a9b00000, 0x00000000a9c00000|  0%| F|  |TAMS 0x00000000a9b00000, 0x00000000a9b00000| Untracked 
| 118|0x00000000a9c00000, 0x00000000a9c00000, 0x00000000a9d00000|  0%| F|  |TAMS 0x00000000a9c00000, 0x00000000a9c00000| Untracked 
| 119|0x00000000a9d00000, 0x00000000a9d00000, 0x00000000a9e00000|  0%| F|  |TAMS 0x00000000a9d00000, 0x00000000a9d00000| Untracked 
| 120|0x00000000a9e00000, 0x00000000a9e00000, 0x00000000a9f00000|  0%| F|  |TAMS 0x00000000a9e00000, 0x00000000a9e00000| Untracked 
| 121|0x00000000a9f00000, 0x00000000a9f00000, 0x00000000aa000000|  0%| F|  |TAMS 0x00000000a9f00000, 0x00000000a9f00000| Untracked 
| 122|0x00000000aa000000, 0x00000000aa000000, 0x00000000aa100000|  0%| F|  |TAMS 0x00000000aa000000, 0x00000000aa000000| Untracked 
| 123|0x00000000aa100000, 0x00000000aa100000, 0x00000000aa200000|  0%| F|  |TAMS 0x00000000aa100000, 0x00000000aa100000| Untracked 
| 124|0x00000000aa200000, 0x00000000aa200000, 0x00000000aa300000|  0%| F|  |TAMS 0x00000000aa200000, 0x00000000aa200000| Untracked 
| 125|0x00000000aa300000, 0x00000000aa300000, 0x00000000aa400000|  0%| F|  |TAMS 0x00000000aa300000, 0x00000000aa300000| Untracked 
| 126|0x00000000aa400000, 0x00000000aa400000, 0x00000000aa500000|  0%| F|  |TAMS 0x00000000aa400000, 0x00000000aa400000| Untracked 
| 127|0x00000000aa500000, 0x00000000aa500000, 0x00000000aa600000|  0%| F|  |TAMS 0x00000000aa500000, 0x00000000aa500000| Untracked 
| 128|0x00000000aa600000, 0x00000000aa600000, 0x00000000aa700000|  0%| F|  |TAMS 0x00000000aa600000, 0x00000000aa600000| Untracked 
| 129|0x00000000aa700000, 0x00000000aa700000, 0x00000000aa800000|  0%| F|  |TAMS 0x00000000aa700000, 0x00000000aa700000| Untracked 
| 130|0x00000000aa800000, 0x00000000aa800000, 0x00000000aa900000|  0%| F|  |TAMS 0x00000000aa800000, 0x00000000aa800000| Untracked 
| 131|0x00000000aa900000, 0x00000000aa900000, 0x00000000aaa00000|  0%| F|  |TAMS 0x00000000aa900000, 0x00000000aa900000| Untracked 
| 132|0x00000000aaa00000, 0x00000000aaa00000, 0x00000000aab00000|  0%| F|  |TAMS 0x00000000aaa00000, 0x00000000aaa00000| Untracked 
| 133|0x00000000aab00000, 0x00000000aab00000, 0x00000000aac00000|  0%| F|  |TAMS 0x00000000aab00000, 0x00000000aab00000| Untracked 
| 134|0x00000000aac00000, 0x00000000aac00000, 0x00000000aad00000|  0%| F|  |TAMS 0x00000000aac00000, 0x00000000aac00000| Untracked 
| 135|0x00000000aad00000, 0x00000000aad00000, 0x00000000aae00000|  0%| F|  |TAMS 0x00000000aad00000, 0x00000000aad00000| Untracked 
| 136|0x00000000aae00000, 0x00000000aae00000, 0x00000000aaf00000|  0%| F|  |TAMS 0x00000000aae00000, 0x00000000aae00000| Untracked 
| 137|0x00000000aaf00000, 0x00000000aaf00000, 0x00000000ab000000|  0%| F|  |TAMS 0x00000000aaf00000, 0x00000000aaf00000| Untracked 
| 138|0x00000000ab000000, 0x00000000ab000000, 0x00000000ab100000|  0%| F|  |TAMS 0x00000000ab000000, 0x00000000ab000000| Untracked 
| 139|0x00000000ab100000, 0x00000000ab100000, 0x00000000ab200000|  0%| F|  |TAMS 0x00000000ab100000, 0x00000000ab100000| Untracked 
| 140|0x00000000ab200000, 0x00000000ab200000, 0x00000000ab300000|  0%| F|  |TAMS 0x00000000ab200000, 0x00000000ab200000| Untracked 
| 141|0x00000000ab300000, 0x00000000ab300000, 0x00000000ab400000|  0%| F|  |TAMS 0x00000000ab300000, 0x00000000ab300000| Untracked 
| 142|0x00000000ab400000, 0x00000000ab400000, 0x00000000ab500000|  0%| F|  |TAMS 0x00000000ab400000, 0x00000000ab400000| Untracked 
| 143|0x00000000ab500000, 0x00000000ab500000, 0x00000000ab600000|  0%| F|  |TAMS 0x00000000ab500000, 0x00000000ab500000| Untracked 
| 144|0x00000000ab600000, 0x00000000ab600000, 0x00000000ab700000|  0%| F|  |TAMS 0x00000000ab600000, 0x00000000ab600000| Untracked 
| 145|0x00000000ab700000, 0x00000000ab700000, 0x00000000ab800000|  0%| F|  |TAMS 0x00000000ab700000, 0x00000000ab700000| Untracked 
| 146|0x00000000ab800000, 0x00000000ab800000, 0x00000000ab900000|  0%| F|  |TAMS 0x00000000ab800000, 0x00000000ab800000| Untracked 
| 147|0x00000000ab900000, 0x00000000ab900000, 0x00000000aba00000|  0%| F|  |TAMS 0x00000000ab900000, 0x00000000ab900000| Untracked 
| 148|0x00000000aba00000, 0x00000000aba00000, 0x00000000abb00000|  0%| F|  |TAMS 0x00000000aba00000, 0x00000000aba00000| Untracked 
| 149|0x00000000abb00000, 0x00000000abb00000, 0x00000000abc00000|  0%| F|  |TAMS 0x00000000abb00000, 0x00000000abb00000| Untracked 
| 150|0x00000000abc00000, 0x00000000abc00000, 0x00000000abd00000|  0%| F|  |TAMS 0x00000000abc00000, 0x00000000abc00000| Untracked 
| 151|0x00000000abd00000, 0x00000000abd00000, 0x00000000abe00000|  0%| F|  |TAMS 0x00000000abd00000, 0x00000000abd00000| Untracked 
| 152|0x00000000abe00000, 0x00000000abe00000, 0x00000000abf00000|  0%| F|  |TAMS 0x00000000abe00000, 0x00000000abe00000| Untracked 
| 153|0x00000000abf00000, 0x00000000abf00000, 0x00000000ac000000|  0%| F|  |TAMS 0x00000000abf00000, 0x00000000abf00000| Untracked 
| 154|0x00000000ac000000, 0x00000000ac000000, 0x00000000ac100000|  0%| F|  |TAMS 0x00000000ac000000, 0x00000000ac000000| Untracked 
| 155|0x00000000ac100000, 0x00000000ac100000, 0x00000000ac200000|  0%| F|  |TAMS 0x00000000ac100000, 0x00000000ac100000| Untracked 
| 156|0x00000000ac200000, 0x00000000ac200000, 0x00000000ac300000|  0%| F|  |TAMS 0x00000000ac200000, 0x00000000ac200000| Untracked 
| 157|0x00000000ac300000, 0x00000000ac300000, 0x00000000ac400000|  0%| F|  |TAMS 0x00000000ac300000, 0x00000000ac300000| Untracked 
| 158|0x00000000ac400000, 0x00000000ac400000, 0x00000000ac500000|  0%| F|  |TAMS 0x00000000ac400000, 0x00000000ac400000| Untracked 
| 159|0x00000000ac500000, 0x00000000ac532210, 0x00000000ac600000| 19%| S|CS|TAMS 0x00000000ac500000, 0x00000000ac500000| Complete 
| 160|0x00000000ac600000, 0x00000000ac700000, 0x00000000ac700000|100%| S|CS|TAMS 0x00000000ac600000, 0x00000000ac600000| Complete 
| 161|0x00000000ac700000, 0x00000000ac800000, 0x00000000ac800000|100%| S|CS|TAMS 0x00000000ac700000, 0x00000000ac700000| Complete 
| 162|0x00000000ac800000, 0x00000000ac900000, 0x00000000ac900000|100%| S|CS|TAMS 0x00000000ac800000, 0x00000000ac800000| Complete 
| 163|0x00000000ac900000, 0x00000000aca00000, 0x00000000aca00000|100%| S|CS|TAMS 0x00000000ac900000, 0x00000000ac900000| Complete 
| 164|0x00000000aca00000, 0x00000000acb00000, 0x00000000acb00000|100%| S|CS|TAMS 0x00000000aca00000, 0x00000000aca00000| Complete 
| 165|0x00000000acb00000, 0x00000000acc00000, 0x00000000acc00000|100%| S|CS|TAMS 0x00000000acb00000, 0x00000000acb00000| Complete 
| 166|0x00000000acc00000, 0x00000000acd00000, 0x00000000acd00000|100%| S|CS|TAMS 0x00000000acc00000, 0x00000000acc00000| Complete 
| 167|0x00000000acd00000, 0x00000000ace00000, 0x00000000ace00000|100%| S|CS|TAMS 0x00000000acd00000, 0x00000000acd00000| Complete 
| 168|0x00000000ace00000, 0x00000000ace00000, 0x00000000acf00000|  0%| F|  |TAMS 0x00000000ace00000, 0x00000000ace00000| Untracked 
| 169|0x00000000acf00000, 0x00000000acf00000, 0x00000000ad000000|  0%| F|  |TAMS 0x00000000acf00000, 0x00000000acf00000| Untracked 
| 170|0x00000000ad000000, 0x00000000ad000000, 0x00000000ad100000|  0%| F|  |TAMS 0x00000000ad000000, 0x00000000ad000000| Untracked 
| 171|0x00000000ad100000, 0x00000000ad100000, 0x00000000ad200000|  0%| F|  |TAMS 0x00000000ad100000, 0x00000000ad100000| Untracked 
| 172|0x00000000ad200000, 0x00000000ad200000, 0x00000000ad300000|  0%| F|  |TAMS 0x00000000ad200000, 0x00000000ad200000| Untracked 
| 173|0x00000000ad300000, 0x00000000ad300000, 0x00000000ad400000|  0%| F|  |TAMS 0x00000000ad300000, 0x00000000ad300000| Untracked 
| 174|0x00000000ad400000, 0x00000000ad400000, 0x00000000ad500000|  0%| F|  |TAMS 0x00000000ad400000, 0x00000000ad400000| Untracked 
| 175|0x00000000ad500000, 0x00000000ad500000, 0x00000000ad600000|  0%| F|  |TAMS 0x00000000ad500000, 0x00000000ad500000| Untracked 
| 176|0x00000000ad600000, 0x00000000ad600000, 0x00000000ad700000|  0%| F|  |TAMS 0x00000000ad600000, 0x00000000ad600000| Untracked 
| 177|0x00000000ad700000, 0x00000000ad700000, 0x00000000ad800000|  0%| F|  |TAMS 0x00000000ad700000, 0x00000000ad700000| Untracked 
| 178|0x00000000ad800000, 0x00000000ad800000, 0x00000000ad900000|  0%| F|  |TAMS 0x00000000ad800000, 0x00000000ad800000| Untracked 
| 179|0x00000000ad900000, 0x00000000ad900000, 0x00000000ada00000|  0%| F|  |TAMS 0x00000000ad900000, 0x00000000ad900000| Untracked 
| 180|0x00000000ada00000, 0x00000000ada00000, 0x00000000adb00000|  0%| F|  |TAMS 0x00000000ada00000, 0x00000000ada00000| Untracked 
| 181|0x00000000adb00000, 0x00000000adb00000, 0x00000000adc00000|  0%| F|  |TAMS 0x00000000adb00000, 0x00000000adb00000| Untracked 
| 182|0x00000000adc00000, 0x00000000adc00000, 0x00000000add00000|  0%| F|  |TAMS 0x00000000adc00000, 0x00000000adc00000| Untracked 
| 183|0x00000000add00000, 0x00000000add00000, 0x00000000ade00000|  0%| F|  |TAMS 0x00000000add00000, 0x00000000add00000| Untracked 
| 184|0x00000000ade00000, 0x00000000ade00000, 0x00000000adf00000|  0%| F|  |TAMS 0x00000000ade00000, 0x00000000ade00000| Untracked 
| 185|0x00000000adf00000, 0x00000000adf00000, 0x00000000ae000000|  0%| F|  |TAMS 0x00000000adf00000, 0x00000000adf00000| Untracked 
| 186|0x00000000ae000000, 0x00000000ae000000, 0x00000000ae100000|  0%| F|  |TAMS 0x00000000ae000000, 0x00000000ae000000| Untracked 
| 187|0x00000000ae100000, 0x00000000ae100000, 0x00000000ae200000|  0%| F|  |TAMS 0x00000000ae100000, 0x00000000ae100000| Untracked 
| 188|0x00000000ae200000, 0x00000000ae200000, 0x00000000ae300000|  0%| F|  |TAMS 0x00000000ae200000, 0x00000000ae200000| Untracked 
| 189|0x00000000ae300000, 0x00000000ae300000, 0x00000000ae400000|  0%| F|  |TAMS 0x00000000ae300000, 0x00000000ae300000| Untracked 
| 190|0x00000000ae400000, 0x00000000ae400000, 0x00000000ae500000|  0%| F|  |TAMS 0x00000000ae400000, 0x00000000ae400000| Untracked 
| 191|0x00000000ae500000, 0x00000000ae500000, 0x00000000ae600000|  0%| F|  |TAMS 0x00000000ae500000, 0x00000000ae500000| Untracked 
| 192|0x00000000ae600000, 0x00000000ae600000, 0x00000000ae700000|  0%| F|  |TAMS 0x00000000ae600000, 0x00000000ae600000| Untracked 
| 193|0x00000000ae700000, 0x00000000ae700000, 0x00000000ae800000|  0%| F|  |TAMS 0x00000000ae700000, 0x00000000ae700000| Untracked 
| 194|0x00000000ae800000, 0x00000000ae800000, 0x00000000ae900000|  0%| F|  |TAMS 0x00000000ae800000, 0x00000000ae800000| Untracked 
| 195|0x00000000ae900000, 0x00000000ae900000, 0x00000000aea00000|  0%| F|  |TAMS 0x00000000ae900000, 0x00000000ae900000| Untracked 
| 196|0x00000000aea00000, 0x00000000aea00000, 0x00000000aeb00000|  0%| F|  |TAMS 0x00000000aea00000, 0x00000000aea00000| Untracked 
| 197|0x00000000aeb00000, 0x00000000aeb00000, 0x00000000aec00000|  0%| F|  |TAMS 0x00000000aeb00000, 0x00000000aeb00000| Untracked 
| 198|0x00000000aec00000, 0x00000000aec00000, 0x00000000aed00000|  0%| F|  |TAMS 0x00000000aec00000, 0x00000000aec00000| Untracked 
| 199|0x00000000aed00000, 0x00000000aed00000, 0x00000000aee00000|  0%| F|  |TAMS 0x00000000aed00000, 0x00000000aed00000| Untracked 
| 200|0x00000000aee00000, 0x00000000aee00000, 0x00000000aef00000|  0%| F|  |TAMS 0x00000000aee00000, 0x00000000aee00000| Untracked 
| 201|0x00000000aef00000, 0x00000000aef00000, 0x00000000af000000|  0%| F|  |TAMS 0x00000000aef00000, 0x00000000aef00000| Untracked 
| 202|0x00000000af000000, 0x00000000af000000, 0x00000000af100000|  0%| F|  |TAMS 0x00000000af000000, 0x00000000af000000| Untracked 
| 203|0x00000000af100000, 0x00000000af100000, 0x00000000af200000|  0%| F|  |TAMS 0x00000000af100000, 0x00000000af100000| Untracked 
| 204|0x00000000af200000, 0x00000000af200000, 0x00000000af300000|  0%| F|  |TAMS 0x00000000af200000, 0x00000000af200000| Untracked 
| 205|0x00000000af300000, 0x00000000af300000, 0x00000000af400000|  0%| F|  |TAMS 0x00000000af300000, 0x00000000af300000| Untracked 
| 206|0x00000000af400000, 0x00000000af400000, 0x00000000af500000|  0%| F|  |TAMS 0x00000000af400000, 0x00000000af400000| Untracked 
| 207|0x00000000af500000, 0x00000000af500000, 0x00000000af600000|  0%| F|  |TAMS 0x00000000af500000, 0x00000000af500000| Untracked 
| 208|0x00000000af600000, 0x00000000af600000, 0x00000000af700000|  0%| F|  |TAMS 0x00000000af600000, 0x00000000af600000| Untracked 
| 209|0x00000000af700000, 0x00000000af700000, 0x00000000af800000|  0%| F|  |TAMS 0x00000000af700000, 0x00000000af700000| Untracked 
| 210|0x00000000af800000, 0x00000000af800000, 0x00000000af900000|  0%| F|  |TAMS 0x00000000af800000, 0x00000000af800000| Untracked 
| 211|0x00000000af900000, 0x00000000af900000, 0x00000000afa00000|  0%| F|  |TAMS 0x00000000af900000, 0x00000000af900000| Untracked 
| 212|0x00000000afa00000, 0x00000000afa00000, 0x00000000afb00000|  0%| F|  |TAMS 0x00000000afa00000, 0x00000000afa00000| Untracked 
| 213|0x00000000afb00000, 0x00000000afb00000, 0x00000000afc00000|  0%| F|  |TAMS 0x00000000afb00000, 0x00000000afb00000| Untracked 
| 214|0x00000000afc00000, 0x00000000afc00000, 0x00000000afd00000|  0%| F|  |TAMS 0x00000000afc00000, 0x00000000afc00000| Untracked 
| 215|0x00000000afd00000, 0x00000000afd00000, 0x00000000afe00000|  0%| F|  |TAMS 0x00000000afd00000, 0x00000000afd00000| Untracked 
| 216|0x00000000afe00000, 0x00000000afe00000, 0x00000000aff00000|  0%| F|  |TAMS 0x00000000afe00000, 0x00000000afe00000| Untracked 
| 217|0x00000000aff00000, 0x00000000aff00000, 0x00000000b0000000|  0%| F|  |TAMS 0x00000000aff00000, 0x00000000aff00000| Untracked 
| 218|0x00000000b0000000, 0x00000000b0000000, 0x00000000b0100000|  0%| F|  |TAMS 0x00000000b0000000, 0x00000000b0000000| Untracked 
| 219|0x00000000b0100000, 0x00000000b0100000, 0x00000000b0200000|  0%| F|  |TAMS 0x00000000b0100000, 0x00000000b0100000| Untracked 
| 220|0x00000000b0200000, 0x00000000b0300000, 0x00000000b0300000|100%| E|  |TAMS 0x00000000b0200000, 0x00000000b0200000| Complete 
| 221|0x00000000b0300000, 0x00000000b0400000, 0x00000000b0400000|100%| E|CS|TAMS 0x00000000b0300000, 0x00000000b0300000| Complete 
| 222|0x00000000b0400000, 0x00000000b0500000, 0x00000000b0500000|100%| E|CS|TAMS 0x00000000b0400000, 0x00000000b0400000| Complete 
| 223|0x00000000b0500000, 0x00000000b0600000, 0x00000000b0600000|100%| E|CS|TAMS 0x00000000b0500000, 0x00000000b0500000| Complete 
| 224|0x00000000b0600000, 0x00000000b0700000, 0x00000000b0700000|100%| E|CS|TAMS 0x00000000b0600000, 0x00000000b0600000| Complete 
| 225|0x00000000b0700000, 0x00000000b0800000, 0x00000000b0800000|100%| E|CS|TAMS 0x00000000b0700000, 0x00000000b0700000| Complete 
| 226|0x00000000b0800000, 0x00000000b0900000, 0x00000000b0900000|100%| E|CS|TAMS 0x00000000b0800000, 0x00000000b0800000| Complete 
| 227|0x00000000b0900000, 0x00000000b0a00000, 0x00000000b0a00000|100%| E|CS|TAMS 0x00000000b0900000, 0x00000000b0900000| Complete 
| 228|0x00000000b0a00000, 0x00000000b0b00000, 0x00000000b0b00000|100%| E|CS|TAMS 0x00000000b0a00000, 0x00000000b0a00000| Complete 
| 229|0x00000000b0b00000, 0x00000000b0c00000, 0x00000000b0c00000|100%| E|CS|TAMS 0x00000000b0b00000, 0x00000000b0b00000| Complete 
| 230|0x00000000b0c00000, 0x00000000b0d00000, 0x00000000b0d00000|100%| E|CS|TAMS 0x00000000b0c00000, 0x00000000b0c00000| Complete 
| 231|0x00000000b0d00000, 0x00000000b0e00000, 0x00000000b0e00000|100%| E|CS|TAMS 0x00000000b0d00000, 0x00000000b0d00000| Complete 
| 232|0x00000000b0e00000, 0x00000000b0f00000, 0x00000000b0f00000|100%| E|CS|TAMS 0x00000000b0e00000, 0x00000000b0e00000| Complete 
| 233|0x00000000b0f00000, 0x00000000b1000000, 0x00000000b1000000|100%| E|CS|TAMS 0x00000000b0f00000, 0x00000000b0f00000| Complete 
| 234|0x00000000b1000000, 0x00000000b1100000, 0x00000000b1100000|100%| E|CS|TAMS 0x00000000b1000000, 0x00000000b1000000| Complete 
| 235|0x00000000b1100000, 0x00000000b1200000, 0x00000000b1200000|100%| E|CS|TAMS 0x00000000b1100000, 0x00000000b1100000| Complete 
| 236|0x00000000b1200000, 0x00000000b1300000, 0x00000000b1300000|100%| E|CS|TAMS 0x00000000b1200000, 0x00000000b1200000| Complete 
| 237|0x00000000b1300000, 0x00000000b1400000, 0x00000000b1400000|100%| E|CS|TAMS 0x00000000b1300000, 0x00000000b1300000| Complete 
| 238|0x00000000b1400000, 0x00000000b1500000, 0x00000000b1500000|100%| E|CS|TAMS 0x00000000b1400000, 0x00000000b1400000| Complete 
| 239|0x00000000b1500000, 0x00000000b1600000, 0x00000000b1600000|100%| E|CS|TAMS 0x00000000b1500000, 0x00000000b1500000| Complete 
| 240|0x00000000b1600000, 0x00000000b1700000, 0x00000000b1700000|100%| E|CS|TAMS 0x00000000b1600000, 0x00000000b1600000| Complete 
| 241|0x00000000b1700000, 0x00000000b1800000, 0x00000000b1800000|100%| E|CS|TAMS 0x00000000b1700000, 0x00000000b1700000| Complete 
| 242|0x00000000b1800000, 0x00000000b1900000, 0x00000000b1900000|100%| E|CS|TAMS 0x00000000b1800000, 0x00000000b1800000| Complete 
| 243|0x00000000b1900000, 0x00000000b1a00000, 0x00000000b1a00000|100%| E|CS|TAMS 0x00000000b1900000, 0x00000000b1900000| Complete 
| 244|0x00000000b1a00000, 0x00000000b1b00000, 0x00000000b1b00000|100%| E|CS|TAMS 0x00000000b1a00000, 0x00000000b1a00000| Complete 
| 245|0x00000000b1b00000, 0x00000000b1c00000, 0x00000000b1c00000|100%| E|CS|TAMS 0x00000000b1b00000, 0x00000000b1b00000| Complete 
| 246|0x00000000b1c00000, 0x00000000b1d00000, 0x00000000b1d00000|100%| E|CS|TAMS 0x00000000b1c00000, 0x00000000b1c00000| Complete 
| 247|0x00000000b1d00000, 0x00000000b1e00000, 0x00000000b1e00000|100%| E|CS|TAMS 0x00000000b1d00000, 0x00000000b1d00000| Complete 
| 248|0x00000000b1e00000, 0x00000000b1f00000, 0x00000000b1f00000|100%| E|CS|TAMS 0x00000000b1e00000, 0x00000000b1e00000| Complete 
| 249|0x00000000b1f00000, 0x00000000b2000000, 0x00000000b2000000|100%| E|CS|TAMS 0x00000000b1f00000, 0x00000000b1f00000| Complete 
| 250|0x00000000b2000000, 0x00000000b2100000, 0x00000000b2100000|100%| E|CS|TAMS 0x00000000b2000000, 0x00000000b2000000| Complete 
| 251|0x00000000b2100000, 0x00000000b2200000, 0x00000000b2200000|100%| E|CS|TAMS 0x00000000b2100000, 0x00000000b2100000| Complete 
| 252|0x00000000b2200000, 0x00000000b2300000, 0x00000000b2300000|100%| E|CS|TAMS 0x00000000b2200000, 0x00000000b2200000| Complete 
| 253|0x00000000b2300000, 0x00000000b2400000, 0x00000000b2400000|100%| E|CS|TAMS 0x00000000b2300000, 0x00000000b2300000| Complete 
| 254|0x00000000b2400000, 0x00000000b2500000, 0x00000000b2500000|100%| E|CS|TAMS 0x00000000b2400000, 0x00000000b2400000| Complete 
| 255|0x00000000b2500000, 0x00000000b2600000, 0x00000000b2600000|100%| E|CS|TAMS 0x00000000b2500000, 0x00000000b2500000| Complete 
| 256|0x00000000b2600000, 0x00000000b2700000, 0x00000000b2700000|100%| E|CS|TAMS 0x00000000b2600000, 0x00000000b2600000| Complete 
| 257|0x00000000b2700000, 0x00000000b2800000, 0x00000000b2800000|100%| E|CS|TAMS 0x00000000b2700000, 0x00000000b2700000| Complete 
| 258|0x00000000b2800000, 0x00000000b2900000, 0x00000000b2900000|100%| E|CS|TAMS 0x00000000b2800000, 0x00000000b2800000| Complete 
| 259|0x00000000b2900000, 0x00000000b2a00000, 0x00000000b2a00000|100%| E|CS|TAMS 0x00000000b2900000, 0x00000000b2900000| Complete 
| 260|0x00000000b2a00000, 0x00000000b2b00000, 0x00000000b2b00000|100%| E|CS|TAMS 0x00000000b2a00000, 0x00000000b2a00000| Complete 
| 261|0x00000000b2b00000, 0x00000000b2c00000, 0x00000000b2c00000|100%| E|CS|TAMS 0x00000000b2b00000, 0x00000000b2b00000| Complete 
| 262|0x00000000b2c00000, 0x00000000b2d00000, 0x00000000b2d00000|100%| E|CS|TAMS 0x00000000b2c00000, 0x00000000b2c00000| Complete 
| 263|0x00000000b2d00000, 0x00000000b2e00000, 0x00000000b2e00000|100%| E|CS|TAMS 0x00000000b2d00000, 0x00000000b2d00000| Complete 
| 264|0x00000000b2e00000, 0x00000000b2f00000, 0x00000000b2f00000|100%| E|CS|TAMS 0x00000000b2e00000, 0x00000000b2e00000| Complete 
| 265|0x00000000b2f00000, 0x00000000b3000000, 0x00000000b3000000|100%| E|CS|TAMS 0x00000000b2f00000, 0x00000000b2f00000| Complete 
| 266|0x00000000b3000000, 0x00000000b3100000, 0x00000000b3100000|100%| E|CS|TAMS 0x00000000b3000000, 0x00000000b3000000| Complete 
| 267|0x00000000b3100000, 0x00000000b3200000, 0x00000000b3200000|100%| E|CS|TAMS 0x00000000b3100000, 0x00000000b3100000| Complete 
| 268|0x00000000b3200000, 0x00000000b3300000, 0x00000000b3300000|100%| E|CS|TAMS 0x00000000b3200000, 0x00000000b3200000| Complete 
| 269|0x00000000b3300000, 0x00000000b3400000, 0x00000000b3400000|100%| E|CS|TAMS 0x00000000b3300000, 0x00000000b3300000| Complete 
| 270|0x00000000b3400000, 0x00000000b3500000, 0x00000000b3500000|100%| E|CS|TAMS 0x00000000b3400000, 0x00000000b3400000| Complete 
| 271|0x00000000b3500000, 0x00000000b3600000, 0x00000000b3600000|100%| E|CS|TAMS 0x00000000b3500000, 0x00000000b3500000| Complete 
| 272|0x00000000b3600000, 0x00000000b3700000, 0x00000000b3700000|100%| E|CS|TAMS 0x00000000b3600000, 0x00000000b3600000| Complete 
| 273|0x00000000b3700000, 0x00000000b3800000, 0x00000000b3800000|100%| E|CS|TAMS 0x00000000b3700000, 0x00000000b3700000| Complete 
| 274|0x00000000b3800000, 0x00000000b3900000, 0x00000000b3900000|100%| E|CS|TAMS 0x00000000b3800000, 0x00000000b3800000| Complete 
| 275|0x00000000b3900000, 0x00000000b3a00000, 0x00000000b3a00000|100%| E|CS|TAMS 0x00000000b3900000, 0x00000000b3900000| Complete 
| 276|0x00000000b3a00000, 0x00000000b3b00000, 0x00000000b3b00000|100%| E|CS|TAMS 0x00000000b3a00000, 0x00000000b3a00000| Complete 
| 277|0x00000000b3b00000, 0x00000000b3c00000, 0x00000000b3c00000|100%| E|CS|TAMS 0x00000000b3b00000, 0x00000000b3b00000| Complete 
| 278|0x00000000b3c00000, 0x00000000b3d00000, 0x00000000b3d00000|100%| E|CS|TAMS 0x00000000b3c00000, 0x00000000b3c00000| Complete 
| 279|0x00000000b3d00000, 0x00000000b3e00000, 0x00000000b3e00000|100%| E|CS|TAMS 0x00000000b3d00000, 0x00000000b3d00000| Complete 
| 280|0x00000000b3e00000, 0x00000000b3f00000, 0x00000000b3f00000|100%| E|CS|TAMS 0x00000000b3e00000, 0x00000000b3e00000| Complete 
| 281|0x00000000b3f00000, 0x00000000b4000000, 0x00000000b4000000|100%| E|CS|TAMS 0x00000000b3f00000, 0x00000000b3f00000| Complete 
| 282|0x00000000b4000000, 0x00000000b4100000, 0x00000000b4100000|100%| E|CS|TAMS 0x00000000b4000000, 0x00000000b4000000| Complete 
| 283|0x00000000b4100000, 0x00000000b4200000, 0x00000000b4200000|100%| E|CS|TAMS 0x00000000b4100000, 0x00000000b4100000| Complete 
| 284|0x00000000b4200000, 0x00000000b4300000, 0x00000000b4300000|100%| E|CS|TAMS 0x00000000b4200000, 0x00000000b4200000| Complete 
| 285|0x00000000b4300000, 0x00000000b4400000, 0x00000000b4400000|100%| E|CS|TAMS 0x00000000b4300000, 0x00000000b4300000| Complete 
| 286|0x00000000b4400000, 0x00000000b4500000, 0x00000000b4500000|100%| E|CS|TAMS 0x00000000b4400000, 0x00000000b4400000| Complete 
| 287|0x00000000b4500000, 0x00000000b4600000, 0x00000000b4600000|100%| E|CS|TAMS 0x00000000b4500000, 0x00000000b4500000| Complete 
| 288|0x00000000b4600000, 0x00000000b4700000, 0x00000000b4700000|100%| E|CS|TAMS 0x00000000b4600000, 0x00000000b4600000| Complete 
| 289|0x00000000b4700000, 0x00000000b4800000, 0x00000000b4800000|100%| E|CS|TAMS 0x00000000b4700000, 0x00000000b4700000| Complete 
| 290|0x00000000b4800000, 0x00000000b4900000, 0x00000000b4900000|100%| E|CS|TAMS 0x00000000b4800000, 0x00000000b4800000| Complete 
| 291|0x00000000b4900000, 0x00000000b4a00000, 0x00000000b4a00000|100%| E|CS|TAMS 0x00000000b4900000, 0x00000000b4900000| Complete 
| 292|0x00000000b4a00000, 0x00000000b4b00000, 0x00000000b4b00000|100%| E|CS|TAMS 0x00000000b4a00000, 0x00000000b4a00000| Complete 
| 293|0x00000000b4b00000, 0x00000000b4c00000, 0x00000000b4c00000|100%| E|CS|TAMS 0x00000000b4b00000, 0x00000000b4b00000| Complete 
| 294|0x00000000b4c00000, 0x00000000b4d00000, 0x00000000b4d00000|100%| E|CS|TAMS 0x00000000b4c00000, 0x00000000b4c00000| Complete 
| 295|0x00000000b4d00000, 0x00000000b4e00000, 0x00000000b4e00000|100%| E|CS|TAMS 0x00000000b4d00000, 0x00000000b4d00000| Complete 

Card table byte_map: [0x00000216aa160000,0x00000216aa450000] _byte_map_base: 0x00000216a9c4d000

Marking Bits (Prev, Next): (CMBitMap*) 0x000002169119bd70, (CMBitMap*) 0x000002169119bdb0
 Prev Bits: [0x00000216aa740000, 0x00000216abea8000)
 Next Bits: [0x00000216abeb0000, 0x00000216ad618000)

Polling page: 0x0000021691220000

Metaspace:

Usage:
  Non-class:     82.72 MB used.
      Class:     12.76 MB used.
       Both:     95.47 MB used.

Virtual space:
  Non-class space:      128.00 MB reserved,      83.06 MB ( 65%) committed,  2 nodes.
      Class space:        1.00 GB reserved,      13.19 MB (  1%) committed,  1 nodes.
             Both:        1.12 GB reserved,      96.25 MB (  8%) committed. 

Chunk freelists:
   Non-Class:  12.44 MB
       Class:  2.80 MB
        Both:  15.23 MB

MaxMetaspaceSize: unlimited
CompressedClassSpaceSize: 1.00 GB
Initial GC threshold: 21.00 MB
Current GC threshold: 135.94 MB
CDS: on
MetaspaceReclaimPolicy: balanced
 - commit_granule_bytes: 65536.
 - commit_granule_words: 8192.
 - virtual_space_node_default_size: 8388608.
 - enlarge_chunks_in_place: 1.
 - new_chunks_are_fully_committed: 0.
 - uncommit_free_chunks: 1.
 - use_allocation_guard: 0.
 - handle_deallocations: 1.


Internal statistics:

num_allocs_failed_limit: 9.
num_arena_births: 1246.
num_arena_deaths: 0.
num_vsnodes_births: 3.
num_vsnodes_deaths: 0.
num_space_committed: 1538.
num_space_uncommitted: 0.
num_chunks_returned_to_freelist: 9.
num_chunks_taken_from_freelist: 4988.
num_chunk_merges: 9.
num_chunk_splits: 3529.
num_chunks_enlarged: 2673.
num_inconsistent_stats: 0.

CodeHeap 'non-profiled nmethods': size=120000Kb used=5531Kb max_used=6651Kb free=114468Kb
 bounds [0x00000216a1cc0000, 0x00000216a2340000, 0x00000216a91f0000]
CodeHeap 'profiled nmethods': size=120000Kb used=18350Kb max_used=19690Kb free=101649Kb
 bounds [0x000002169a1f0000, 0x000002169b530000, 0x00000216a1720000]
CodeHeap 'non-nmethods': size=5760Kb used=1405Kb max_used=1454Kb free=4354Kb
 bounds [0x00000216a1720000, 0x00000216a1990000, 0x00000216a1cc0000]
 total_blobs=11374 nmethods=10628 adapters=654
 compilation: enabled
              stopped_count=0, restarted_count=0
 full_count=0

Compilation events (20 events):
Event: 30.130 Thread 0x00000216b02dcde0 13127       1       org.modelmapper.internal.TypePair::hashCode (5 bytes)
Event: 30.130 Thread 0x00000216b02dcde0 nmethod 13127 0x00000216a1e1a210 code [0x00000216a1e1a3a0, 0x00000216a1e1a478]
Event: 30.130 Thread 0x00000216b02dcde0 13128       1       org.modelmapper.internal.PropertyMappingImpl::getSourceProperties (5 bytes)
Event: 30.130 Thread 0x00000216b02dcde0 nmethod 13128 0x00000216a1cc9690 code [0x00000216a1cc9820, 0x00000216a1cc98f8]
Event: 30.130 Thread 0x00000216b02dcde0 13125   !   2       org.modelmapper.internal.TypeInfoRegistry::typeInfoFor (89 bytes)
Event: 30.130 Thread 0x00000216b02dcde0 nmethod 13125 0x000002169aa5c110 code [0x000002169aa5c300, 0x000002169aa5c848]
Event: 30.130 Thread 0x00000216b02dcde0 13126       2       org.modelmapper.internal.TypeInfoRegistry$TypeInfoKey::<init> (15 bytes)
Event: 30.130 Thread 0x00000216b02dcde0 nmethod 13126 0x000002169a26fd90 code [0x000002169a26ff20, 0x000002169a2700d8]
Event: 30.130 Thread 0x00000216b02dcde0 13108       2       org.modelmapper.internal.valueaccess.ValueAccessStore::getFirstSupportedReader (12 bytes)
Event: 30.130 Thread 0x00000216b02dcde0 nmethod 13108 0x000002169aa05390 code [0x000002169aa05540, 0x000002169aa056c8]
Event: 30.130 Thread 0x00000216b02dcde0 13131       1       org.modelmapper.internal.MappingImpl::getDestinationProperties (5 bytes)
Event: 30.130 Thread 0x00000216b02dcde0 nmethod 13131 0x00000216a1ce0690 code [0x00000216a1ce0820, 0x00000216a1ce08f8]
Event: 30.130 Thread 0x00000216b02dcde0 13107       2       org.modelmapper.internal.TypeInfoRegistry$TypeInfoKey::hashCode (24 bytes)
Event: 30.130 Thread 0x00000216b02dcde0 nmethod 13107 0x000002169aa31590 code [0x000002169aa31740, 0x000002169aa318b8]
Event: 30.130 Thread 0x00000216b02dcde0 13123       2       org.modelmapper.internal.util.CopyOnWriteLinkedHashMap::entrySet (10 bytes)
Event: 30.130 Thread 0x00000216b02dcde0 nmethod 13123 0x000002169a81ba10 code [0x000002169a81bba0, 0x000002169a81bcc8]
Event: 30.130 Thread 0x00000216b02dcde0 13109       2       org.modelmapper.internal.TypeInfoRegistry$TypeInfoKey::equals (55 bytes)
Event: 30.131 Thread 0x00000216b02dcde0 nmethod 13109 0x000002169a4fdf10 code [0x000002169a4fe0c0, 0x000002169a4fe328]
Event: 30.990 Thread 0x00000216b02dcde0 13133       2       org.apache.tomcat.util.buf.ByteChunk::getBufferElement (7 bytes)
Event: 30.990 Thread 0x00000216b02dcde0 nmethod 13133 0x000002169aa6a210 code [0x000002169aa6a3a0, 0x000002169aa6a4d8]

GC Heap History (20 events):
Event: 13.588 GC heap before
{Heap before GC invocations=21 (full 0):
 garbage-first heap   total 132096K, used 107542K [0x00000000a2600000, 0x0000000100000000)
  region size 1024K, 60 young (61440K), 4 survivors (4096K)
 Metaspace       used 82771K, committed 83456K, reserved 1179648K
  class space    used 11131K, committed 11456K, reserved 1048576K
}
Event: 13.597 GC heap after
{Heap after GC invocations=22 (full 0):
 garbage-first heap   total 132096K, used 56275K [0x00000000a2600000, 0x0000000100000000)
  region size 1024K, 8 young (8192K), 8 survivors (8192K)
 Metaspace       used 82771K, committed 83456K, reserved 1179648K
  class space    used 11131K, committed 11456K, reserved 1048576K
}
Event: 13.699 GC heap before
{Heap before GC invocations=22 (full 0):
 garbage-first heap   total 132096K, used 105427K [0x00000000a2600000, 0x0000000100000000)
  region size 1024K, 56 young (57344K), 8 survivors (8192K)
 Metaspace       used 82774K, committed 83456K, reserved 1179648K
  class space    used 11131K, committed 11456K, reserved 1048576K
}
Event: 13.719 GC heap after
{Heap after GC invocations=23 (full 0):
 garbage-first heap   total 132096K, used 71442K [0x00000000a2600000, 0x0000000100000000)
  region size 1024K, 7 young (7168K), 7 survivors (7168K)
 Metaspace       used 82774K, committed 83456K, reserved 1179648K
  class space    used 11131K, committed 11456K, reserved 1048576K
}
Event: 13.765 GC heap before
{Heap before GC invocations=23 (full 0):
 garbage-first heap   total 132096K, used 100114K [0x00000000a2600000, 0x0000000100000000)
  region size 1024K, 35 young (35840K), 7 survivors (7168K)
 Metaspace       used 82818K, committed 83520K, reserved 1179648K
  class space    used 11141K, committed 11456K, reserved 1048576K
}
Event: 13.774 GC heap after
{Heap after GC invocations=24 (full 0):
 garbage-first heap   total 132096K, used 76428K [0x00000000a2600000, 0x0000000100000000)
  region size 1024K, 4 young (4096K), 4 survivors (4096K)
 Metaspace       used 82818K, committed 83520K, reserved 1179648K
  class space    used 11141K, committed 11456K, reserved 1048576K
}
Event: 13.824 GC heap before
{Heap before GC invocations=24 (full 0):
 garbage-first heap   total 168960K, used 103052K [0x00000000a2600000, 0x0000000100000000)
  region size 1024K, 30 young (30720K), 4 survivors (4096K)
 Metaspace       used 82819K, committed 83520K, reserved 1179648K
  class space    used 11141K, committed 11456K, reserved 1048576K
}
Event: 13.828 GC heap after
{Heap after GC invocations=25 (full 0):
 garbage-first heap   total 303104K, used 76623K [0x00000000a2600000, 0x0000000100000000)
  region size 1024K, 1 young (1024K), 1 survivors (1024K)
 Metaspace       used 82819K, committed 83520K, reserved 1179648K
  class space    used 11141K, committed 11456K, reserved 1048576K
}
Event: 14.441 GC heap before
{Heap before GC invocations=26 (full 0):
 garbage-first heap   total 303104K, used 194383K [0x00000000a2600000, 0x0000000100000000)
  region size 1024K, 116 young (118784K), 1 survivors (1024K)
 Metaspace       used 83727K, committed 84416K, reserved 1179648K
  class space    used 11241K, committed 11584K, reserved 1048576K
}
Event: 14.447 GC heap after
{Heap after GC invocations=27 (full 0):
 garbage-first heap   total 303104K, used 79411K [0x00000000a2600000, 0x0000000100000000)
  region size 1024K, 4 young (4096K), 4 survivors (4096K)
 Metaspace       used 83727K, committed 84416K, reserved 1179648K
  class space    used 11241K, committed 11584K, reserved 1048576K
}
Event: 14.503 GC heap before
{Heap before GC invocations=27 (full 0):
 garbage-first heap   total 303104K, used 89651K [0x00000000a2600000, 0x0000000100000000)
  region size 1024K, 14 young (14336K), 4 survivors (4096K)
 Metaspace       used 83838K, committed 84480K, reserved 1179648K
  class space    used 11251K, committed 11584K, reserved 1048576K
}
Event: 14.509 GC heap after
{Heap after GC invocations=28 (full 0):
 garbage-first heap   total 303104K, used 82017K [0x00000000a2600000, 0x0000000100000000)
  region size 1024K, 2 young (2048K), 2 survivors (2048K)
 Metaspace       used 83838K, committed 84480K, reserved 1179648K
  class space    used 11251K, committed 11584K, reserved 1048576K
}
Event: 14.889 GC heap before
{Heap before GC invocations=28 (full 0):
 garbage-first heap   total 303104K, used 237665K [0x00000000a2600000, 0x0000000100000000)
  region size 1024K, 153 young (156672K), 2 survivors (2048K)
 Metaspace       used 83841K, committed 84480K, reserved 1179648K
  class space    used 11251K, committed 11584K, reserved 1048576K
}
Event: 14.910 GC heap after
{Heap after GC invocations=29 (full 0):
 garbage-first heap   total 303104K, used 102667K [0x00000000a2600000, 0x0000000100000000)
  region size 1024K, 20 young (20480K), 20 survivors (20480K)
 Metaspace       used 83841K, committed 84480K, reserved 1179648K
  class space    used 11251K, committed 11584K, reserved 1048576K
}
Event: 15.127 GC heap before
{Heap before GC invocations=29 (full 0):
 garbage-first heap   total 303104K, used 231691K [0x00000000a2600000, 0x0000000100000000)
  region size 1024K, 146 young (149504K), 20 survivors (20480K)
 Metaspace       used 84040K, committed 84736K, reserved 1179648K
  class space    used 11337K, committed 11712K, reserved 1048576K
}
Event: 15.149 GC heap after
{Heap after GC invocations=30 (full 0):
 garbage-first heap   total 303104K, used 113093K [0x00000000a2600000, 0x0000000100000000)
  region size 1024K, 10 young (10240K), 10 survivors (10240K)
 Metaspace       used 84040K, committed 84736K, reserved 1179648K
  class space    used 11337K, committed 11712K, reserved 1048576K
}
Event: 15.420 GC heap before
{Heap before GC invocations=30 (full 0):
 garbage-first heap   total 303104K, used 235973K [0x00000000a2600000, 0x0000000100000000)
  region size 1024K, 130 young (133120K), 10 survivors (10240K)
 Metaspace       used 84290K, committed 84992K, reserved 1179648K
  class space    used 11357K, committed 11712K, reserved 1048576K
}
Event: 15.428 GC heap after
{Heap after GC invocations=31 (full 0):
 garbage-first heap   total 303104K, used 112008K [0x00000000a2600000, 0x0000000100000000)
  region size 1024K, 3 young (3072K), 3 survivors (3072K)
 Metaspace       used 84290K, committed 84992K, reserved 1179648K
  class space    used 11357K, committed 11712K, reserved 1048576K
}
Event: 16.612 GC heap before
{Heap before GC invocations=31 (full 0):
 garbage-first heap   total 303104K, used 240008K [0x00000000a2600000, 0x0000000100000000)
  region size 1024K, 128 young (131072K), 3 survivors (3072K)
 Metaspace       used 88627K, committed 89344K, reserved 1179648K
  class space    used 11850K, committed 12224K, reserved 1048576K
}
Event: 16.620 GC heap after
{Heap after GC invocations=32 (full 0):
 garbage-first heap   total 303104K, used 117328K [0x00000000a2600000, 0x0000000100000000)
  region size 1024K, 9 young (9216K), 9 survivors (9216K)
 Metaspace       used 88627K, committed 89344K, reserved 1179648K
  class space    used 11850K, committed 12224K, reserved 1048576K
}

Deoptimization events (20 events):
Event: 29.924 Thread 0x00000216b04fe610 DEOPT PACKING pc=0x00000216a1f2a534 sp=0x00000085595f92e0
Event: 29.924 Thread 0x00000216b04fdbf0 DEOPT PACKING pc=0x00000216a1f29098 sp=0x00000085591f87f0
Event: 29.924 Thread 0x00000216b04fe610 DEOPT UNPACKING pc=0x00000216a17723a3 sp=0x00000085595f8f98 mode 2
Event: 29.924 Thread 0x00000216b04fdbf0 DEOPT UNPACKING pc=0x00000216a17723a3 sp=0x00000085591f85e0 mode 2
Event: 29.928 Thread 0x00000216b04fdbf0 Uncommon trap: trap_request=0xffffff45 fr.pc=0x00000216a2154b8c relative=0x00000000000032ec
Event: 29.928 Thread 0x00000216b04fdbf0 Uncommon trap: reason=unstable_if action=reinterpret pc=0x00000216a2154b8c method=java.util.concurrent.locks.ReentrantLock$NonfairSync.initialTryLock()Z @ 25 c2
Event: 29.928 Thread 0x00000216b04fdbf0 DEOPT PACKING pc=0x00000216a2154b8c sp=0x00000085591f84f0
Event: 29.928 Thread 0x00000216b04fdbf0 DEOPT UNPACKING pc=0x00000216a17723a3 sp=0x00000085591f8128 mode 2
Event: 29.937 Thread 0x00000216b04fccc0 Uncommon trap: trap_request=0xffffff45 fr.pc=0x00000216a1cd8df4 relative=0x0000000000000174
Event: 29.937 Thread 0x00000216b04fccc0 Uncommon trap: reason=unstable_if action=reinterpret pc=0x00000216a1cd8df4 method=java.lang.StringCoding.hasNegatives([BII)Z @ 12 c2
Event: 29.937 Thread 0x00000216b04fccc0 DEOPT PACKING pc=0x00000216a1cd8df4 sp=0x00000085592f8180
Event: 29.937 Thread 0x00000216b04fccc0 DEOPT UNPACKING pc=0x00000216a17723a3 sp=0x00000085592f8110 mode 2
Event: 30.008 Thread 0x00000216b04fdbf0 Uncommon trap: trap_request=0xffffff45 fr.pc=0x00000216a20dbf5c relative=0x00000000000001bc
Event: 30.008 Thread 0x00000216b04fdbf0 Uncommon trap: reason=unstable_if action=reinterpret pc=0x00000216a20dbf5c method=com.mysql.cj.protocol.a.NativePacketPayload.readInteger(Lcom/mysql/cj/protocol/a/NativeConstants$IntegerDataType;)J @ 582 c2
Event: 30.008 Thread 0x00000216b04fdbf0 DEOPT PACKING pc=0x00000216a20dbf5c sp=0x00000085591f6dc0
Event: 30.008 Thread 0x00000216b04fdbf0 DEOPT UNPACKING pc=0x00000216a17723a3 sp=0x00000085591f6d50 mode 2
Event: 30.050 Thread 0x00000216b04fdbf0 DEOPT PACKING pc=0x000002169aa51455 sp=0x00000085591f6960
Event: 30.050 Thread 0x00000216b04fdbf0 DEOPT UNPACKING pc=0x00000216a1772b43 sp=0x00000085591f5de8 mode 0
Event: 30.100 Thread 0x00000216b04fdbf0 DEOPT PACKING pc=0x000002169a58d987 sp=0x00000085591f8850
Event: 30.100 Thread 0x00000216b04fdbf0 DEOPT UNPACKING pc=0x00000216a1772b43 sp=0x00000085591f7d08 mode 0

Classes unloaded (0 events):
No events

Classes redefined (0 events):
No events

Internal exceptions (20 events):
Event: 16.621 Thread 0x000002169114f370 Implicit null exception at 0x00000216a21eeac8 to 0x00000216a21f50bc
Event: 16.677 Thread 0x000002169114f370 Exception <a 'java/lang/NoSuchMethodError'{0x00000000b4bbaf80}: 'java.lang.Object java.lang.invoke.DirectMethodHandle$Holder.invokeInterface(java.lang.Object, java.lang.Object, java.lang.Object, java.lang.Object)'> (0x00000000b4bbaf80) 
thrown [s\open\src\hotspot\share\interpreter\linkResolver.cpp, line 759]
Event: 16.848 Thread 0x000002169114f370 Implicit null exception at 0x00000216a1ee1aab to 0x00000216a1ee1eb8
Event: 16.895 Thread 0x000002169114f370 Exception <a 'java/lang/IncompatibleClassChangeError'{0x00000000b3cf5d78}: Found class java.lang.Object, but interface was expected> (0x00000000b3cf5d78) 
thrown [s\open\src\hotspot\share\interpreter\linkResolver.cpp, line 826]
Event: 16.908 Thread 0x000002169114f370 Implicit null exception at 0x00000216a2256c93 to 0x00000216a2256d74
Event: 16.939 Thread 0x000002169114f370 Exception <a 'java/lang/NoSuchMethodError'{0x00000000b3615278}: 'java.lang.Object java.lang.invoke.DirectMethodHandle$Holder.invokeSpecial(java.lang.Object, java.lang.Object, java.lang.Object, java.lang.Object, java.lang.Object, java.lang.Object, java.lang.Object, java.lang.Object, java.lang.Object, java.lang.Object, java.lang.Object)'> (0x00000000b3615278) 
thrown [s\open\src\hotspot\share\interpreter\linkResolver.cpp, line 759]
Event: 16.940 Thread 0x000002169114f370 Exception <a 'java/lang/NoSuchMethodError'{0x00000000b3619660}: 'java.lang.Object java.lang.invoke.Invokers$Holder.invoke_MT(java.lang.Object, java.lang.Object, java.lang.Object, java.lang.Object, java.lang.Object, java.lang.Object, java.lang.Object, java.lang.Object, java.lang.Object, java.lang.Object, java.lang.Object)'> (0x00000000b3619660) 
thrown [s\open\src\hotspot\share\interpreter\linkResolver.cpp, line 759]
Event: 17.030 Thread 0x000002169114f370 Exception <a 'java/lang/NoSuchMethodError'{0x00000000b2f6e928}: 'java.lang.Object java.lang.invoke.DirectMethodHandle$Holder.newInvokeSpecial(java.lang.Object, java.lang.Object, int, java.lang.Object, java.lang.Object)'> (0x00000000b2f6e928) 
thrown [s\open\src\hotspot\share\interpreter\linkResolver.cpp, line 759]
Event: 17.126 Thread 0x00000216fa73cbb0 Exception <a 'java/lang/IncompatibleClassChangeError'{0x00000000b27f4550}: Found class java.lang.Object, but interface was expected> (0x00000000b27f4550) 
thrown [s\open\src\hotspot\share\interpreter\linkResolver.cpp, line 826]
Event: 17.182 Thread 0x00000216fa73cbb0 Exception <a 'java/lang/NoSuchMethodError'{0x00000000b2405568}: 'void java.lang.invoke.DirectMethodHandle$Holder.invokeSpecialIFC(java.lang.Object, java.lang.Object, int, java.lang.Object, java.lang.Object, java.lang.Object, java.lang.Object)'> (0x00000000b2405568) 
thrown [s\open\src\hotspot\share\interpreter\linkResolver.cpp, line 759]
Event: 28.543 Thread 0x00000216f917a240 Exception <a 'java/lang/NoSuchMethodError'{0x00000000b2a2afc0}: 'java.lang.Object java.lang.invoke.DirectMethodHandle$Holder.invokeStatic(java.lang.Object, java.lang.Object, java.lang.Object, int, int)'> (0x00000000b2a2afc0) 
thrown [s\open\src\hotspot\share\interpreter\linkResolver.cpp, line 759]
Event: 28.544 Thread 0x00000216f917a240 Exception <a 'java/lang/NoSuchMethodError'{0x00000000b2a2e9b8}: 'java.lang.Object java.lang.invoke.DirectMethodHandle$Holder.invokeStaticInit(java.lang.Object, java.lang.Object, java.lang.Object, int, int)'> (0x00000000b2a2e9b8) 
thrown [s\open\src\hotspot\share\interpreter\linkResolver.cpp, line 759]
Event: 28.608 Thread 0x00000216fa73dff0 Exception <a 'java/lang/NoSuchMethodError'{0x00000000b20568e8}: 'java.lang.Object java.lang.invoke.DirectMethodHandle$Holder.invokeSpecial(java.lang.Object, java.lang.Object, java.lang.Object, java.lang.Object, java.lang.Object, long)'> (0x00000000b20568e8) 
thrown [s\open\src\hotspot\share\interpreter\linkResolver.cpp, line 759]
Event: 28.608 Thread 0x00000216fa73dff0 Exception <a 'java/lang/NoSuchMethodError'{0x00000000b205a2e0}: 'java.lang.Object java.lang.invoke.Invokers$Holder.linkToTargetMethod(java.lang.Object, java.lang.Object, java.lang.Object, long, java.lang.Object)'> (0x00000000b205a2e0) 
thrown [s\open\src\hotspot\share\interpreter\linkResolver.cpp, line 759]
Event: 28.913 Thread 0x00000216fa73c6a0 Exception <a 'java/lang/IncompatibleClassChangeError'{0x00000000b15b0d80}: Found class java.lang.Object, but interface was expected> (0x00000000b15b0d80) 
thrown [s\open\src\hotspot\share\interpreter\linkResolver.cpp, line 826]
Event: 29.011 Thread 0x00000216fa73c6a0 Exception <a 'java/lang/NoSuchMethodError'{0x00000000b123a1c0}: 'java.lang.Object java.lang.invoke.DelegatingMethodHandle$Holder.reinvoke_L(java.lang.Object, java.lang.Object, long, java.lang.Object, java.lang.Object, java.lang.Object, java.lang.Object, java.lang.Object, java.lang.Object, java.lang.Object, java.lang.Object, java.lang.Object, java.lang.Object, java.lang.Object, java.lang.Object, java.lang.Object, java.lang.Object, java.lang.Object, java.lang.Object)'> (0x00000000b123a1c0) 
thrown [s\open\sr
Event: 29.013 Thread 0x00000216fa73c6a0 Exception <a 'java/lang/NoSuchMethodError'{0x00000000b1286018}: 'java.lang.Object java.lang.invoke.DirectMethodHandle$Holder.invokeSpecial(java.lang.Object, java.lang.Object, long, java.lang.Object, java.lang.Object, java.lang.Object, java.lang.Object, java.lang.Object, java.lang.Object, java.lang.Object, java.lang.Object, java.lang.Object, java.lang.Object, java.lang.Object, java.lang.Object, java.lang.Object, java.lang.Object, java.lang.Object, java.lang.Object)'> (0x00000000b1286018) 
thrown [s\open\src
Event: 29.013 Thread 0x00000216fa73c6a0 Exception <a 'java/lang/NoSuchMethodError'{0x00000000b128b9d0}: 'java.lang.Object java.lang.invoke.DelegatingMethodHandle$Holder.reinvoke_L(java.lang.Object, long, java.lang.Object, java.lang.Object, java.lang.Object, java.lang.Object, java.lang.Object, java.lang.Object, java.lang.Object, java.lang.Object, java.lang.Object, java.lang.Object, java.lang.Object, java.lang.Object, java.lang.Object, java.lang.Object, java.lang.Object, java.lang.Object)'> (0x00000000b128b9d0) 
thrown [s\open\src\hotspot\share\in
Event: 29.016 Thread 0x00000216fa73c6a0 Exception <a 'java/lang/NoSuchMethodError'{0x00000000b12d0720}: 'java.lang.Object java.lang.invoke.Invokers$Holder.linkToTargetMethod(java.lang.Object, java.lang.Object, java.lang.Object, java.lang.Object, java.lang.Object, java.lang.Object, java.lang.Object, java.lang.Object, java.lang.Object, java.lang.Object, java.lang.Object, java.lang.Object, java.lang.Object, java.lang.Object, java.lang.Object, java.lang.Object, java.lang.Object)'> (0x00000000b12d0720) 
thrown [s\open\src\hotspot\share\interpreter\li
Event: 29.940 Thread 0x00000216b04fccc0 Exception <a 'java/lang/IncompatibleClassChangeError'{0x00000000b0baaf38}: Found class java.lang.Object, but interface was expected> (0x00000000b0baaf38) 
thrown [s\open\src\hotspot\share\interpreter\linkResolver.cpp, line 826]

VM Operations (20 events):
Event: 28.893 Executing VM operation: HandshakeAllThreads done
Event: 28.998 Executing VM operation: HandshakeAllThreads
Event: 28.998 Executing VM operation: HandshakeAllThreads done
Event: 29.024 Executing VM operation: HandshakeAllThreads
Event: 29.024 Executing VM operation: HandshakeAllThreads done
Event: 29.113 Executing VM operation: HandshakeAllThreads
Event: 29.113 Executing VM operation: HandshakeAllThreads done
Event: 29.884 Executing VM operation: HandshakeAllThreads
Event: 29.884 Executing VM operation: HandshakeAllThreads done
Event: 29.884 Executing VM operation: Cleanup
Event: 29.884 Executing VM operation: Cleanup done
Event: 29.897 Executing VM operation: HandshakeAllThreads
Event: 29.897 Executing VM operation: HandshakeAllThreads done
Event: 29.924 Executing VM operation: HandshakeAllThreads
Event: 29.924 Executing VM operation: HandshakeAllThreads done
Event: 30.008 Executing VM operation: HandshakeAllThreads
Event: 30.008 Executing VM operation: HandshakeAllThreads done
Event: 30.113 Executing VM operation: HandshakeAllThreads
Event: 30.113 Executing VM operation: HandshakeAllThreads done
Event: 31.112 Executing VM operation: Cleanup

Events (20 events):
Event: 30.133 Thread 0x00000216b02dd300 flushing nmethod 0x000002169b3c2910
Event: 30.133 Thread 0x00000216b02dd300 flushing nmethod 0x000002169b3c8c10
Event: 30.133 Thread 0x00000216b02dd300 flushing nmethod 0x000002169b3cb710
Event: 30.133 Thread 0x00000216b02dd300 flushing nmethod 0x000002169b3e1d90
Event: 30.133 Thread 0x00000216b02dd300 flushing nmethod 0x000002169b3ea310
Event: 30.133 Thread 0x00000216b02dd300 flushing nmethod 0x000002169b3eec90
Event: 30.133 Thread 0x00000216b02dd300 flushing nmethod 0x000002169b3f1610
Event: 30.133 Thread 0x00000216b02dd300 flushing nmethod 0x000002169b3f9090
Event: 30.133 Thread 0x00000216b02dd300 flushing nmethod 0x000002169b400390
Event: 30.133 Thread 0x00000216b02dd300 flushing nmethod 0x000002169b40d710
Event: 30.133 Thread 0x00000216b02dd300 flushing nmethod 0x000002169b43f990
Event: 30.133 Thread 0x00000216b02dd300 flushing nmethod 0x000002169b44da10
Event: 30.133 Thread 0x00000216b02dd300 flushing nmethod 0x000002169b45a990
Event: 30.134 Thread 0x00000216b02dd300 flushing nmethod 0x000002169b47aa10
Event: 30.134 Thread 0x00000216b02dd300 flushing nmethod 0x000002169b485290
Event: 30.134 Thread 0x00000216b02dd300 flushing nmethod 0x000002169b485710
Event: 30.134 Thread 0x00000216b02dd300 flushing nmethod 0x000002169b486090
Event: 30.134 Thread 0x00000216b02dd300 flushing nmethod 0x000002169b4d0990
Event: 30.134 Thread 0x00000216b02dd300 flushing nmethod 0x000002169b4d8610
Event: 30.134 Thread 0x00000216b02dd300 flushing nmethod 0x000002169b4e5a10


Dynamic libraries:
0x00007ff6189e0000 - 0x00007ff6189f0000 	C:\Program Files\Java\jdk-17\bin\java.exe
0x00007ffbe98e0000 - 0x00007ffbe9b47000 	C:\WINDOWS\SYSTEM32\ntdll.dll
0x00007ffbe7670000 - 0x00007ffbe7739000 	C:\WINDOWS\System32\KERNEL32.DLL
0x00007ffbe6c40000 - 0x00007ffbe7030000 	C:\WINDOWS\System32\KERNELBASE.dll
0x00007ffbe7520000 - 0x00007ffbe766b000 	C:\WINDOWS\System32\ucrtbase.dll
0x00007ffbdfb90000 - 0x00007ffbdfba9000 	C:\Program Files\Java\jdk-17\bin\jli.dll
0x00007ffbdfb70000 - 0x00007ffbdfb8b000 	C:\Program Files\Java\jdk-17\bin\VCRUNTIME140.dll
0x00007ffbe8410000 - 0x00007ffbe84c4000 	C:\WINDOWS\System32\ADVAPI32.dll
0x00007ffbe9610000 - 0x00007ffbe96b9000 	C:\WINDOWS\System32\msvcrt.dll
0x00007ffbe96c0000 - 0x00007ffbe9766000 	C:\WINDOWS\System32\sechost.dll
0x00007ffbe9770000 - 0x00007ffbe9888000 	C:\WINDOWS\System32\RPCRT4.dll
0x00007ffbe8190000 - 0x00007ffbe8355000 	C:\WINDOWS\System32\USER32.dll
0x00007ffbe7460000 - 0x00007ffbe7487000 	C:\WINDOWS\System32\win32u.dll
0x00007ffbd4920000 - 0x00007ffbd4bba000 	C:\WINDOWS\WinSxS\amd64_microsoft.windows.common-controls_6595b64144ccf1df_6.0.26100.4768_none_3e0c112ce331287c\COMCTL32.dll
0x00007ffbe7e60000 - 0x00007ffbe7e8b000 	C:\WINDOWS\System32\GDI32.dll
0x00007ffbe7100000 - 0x00007ffbe7238000 	C:\WINDOWS\System32\gdi32full.dll
0x00007ffbe6a10000 - 0x00007ffbe6ab3000 	C:\WINDOWS\System32\msvcp_win.dll
0x00007ffbde280000 - 0x00007ffbde28b000 	C:\WINDOWS\SYSTEM32\VERSION.dll
0x00007ffbe8140000 - 0x00007ffbe816f000 	C:\WINDOWS\System32\IMM32.DLL
0x00007ffbe1e40000 - 0x00007ffbe1e4c000 	C:\Program Files\Java\jdk-17\bin\vcruntime140_1.dll
0x00007ffbd07a0000 - 0x00007ffbd082e000 	C:\Program Files\Java\jdk-17\bin\msvcp140.dll
0x00007ffb97170000 - 0x00007ffb97d50000 	C:\Program Files\Java\jdk-17\bin\server\jvm.dll
0x00007ffbe8180000 - 0x00007ffbe8188000 	C:\WINDOWS\System32\PSAPI.DLL
0x00007ffbde150000 - 0x00007ffbde185000 	C:\WINDOWS\SYSTEM32\WINMM.dll
0x00007ffbc6740000 - 0x00007ffbc674a000 	C:\WINDOWS\SYSTEM32\WSOCK32.dll
0x00007ffbe77a0000 - 0x00007ffbe7814000 	C:\WINDOWS\System32\WS2_32.dll
0x00007ffbe5790000 - 0x00007ffbe57ab000 	C:\WINDOWS\SYSTEM32\kernel.appcore.dll
0x00007ffbe07c0000 - 0x00007ffbe07ca000 	C:\Program Files\Java\jdk-17\bin\jimage.dll
0x00007ffbd8810000 - 0x00007ffbd8a51000 	C:\WINDOWS\SYSTEM32\DBGHELP.DLL
0x00007ffbe7ad0000 - 0x00007ffbe7e55000 	C:\WINDOWS\System32\combase.dll
0x00007ffbe7e90000 - 0x00007ffbe7f70000 	C:\WINDOWS\System32\OLEAUT32.dll
0x00007ffbd75c0000 - 0x00007ffbd7603000 	C:\WINDOWS\SYSTEM32\dbgcore.DLL
0x00007ffbe7240000 - 0x00007ffbe72d9000 	C:\WINDOWS\System32\bcryptPrimitives.dll
0x00007ffbdf720000 - 0x00007ffbdf72e000 	C:\Program Files\Java\jdk-17\bin\instrument.dll
0x00007ffbdf6f0000 - 0x00007ffbdf715000 	C:\Program Files\Java\jdk-17\bin\java.dll
0x00007ffbb5460000 - 0x00007ffbb5537000 	C:\Program Files\Java\jdk-17\bin\jsvml.dll
0x00007ffbe8940000 - 0x00007ffbe908d000 	C:\WINDOWS\System32\SHELL32.dll
0x00007ffbe6ac0000 - 0x00007ffbe6c33000 	C:\WINDOWS\System32\wintypes.dll
0x00007ffbe4630000 - 0x00007ffbe4e8f000 	C:\WINDOWS\SYSTEM32\windows.storage.dll
0x00007ffbe84d0000 - 0x00007ffbe85c5000 	C:\WINDOWS\System32\SHCORE.dll
0x00007ffbe9110000 - 0x00007ffbe917a000 	C:\WINDOWS\System32\shlwapi.dll
0x00007ffbe6930000 - 0x00007ffbe6959000 	C:\WINDOWS\SYSTEM32\profapi.dll
0x00007ffbd27f0000 - 0x00007ffbd2808000 	C:\Program Files\Java\jdk-17\bin\zip.dll
0x00007ffbdf530000 - 0x00007ffbdf549000 	C:\Program Files\Java\jdk-17\bin\net.dll
0x00007ffbe0380000 - 0x00007ffbe049e000 	C:\WINDOWS\SYSTEM32\WINHTTP.dll
0x00007ffbe5d20000 - 0x00007ffbe5d8b000 	C:\WINDOWS\system32\mswsock.dll
0x00007ffbdf4f0000 - 0x00007ffbdf506000 	C:\Program Files\Java\jdk-17\bin\nio.dll
0x00007ffbdf6e0000 - 0x00007ffbdf6ee000 	C:\Program Files\Java\jdk-17\bin\sunmscapi.dll
0x00007ffbe72e0000 - 0x00007ffbe7457000 	C:\WINDOWS\System32\CRYPT32.dll
0x00007ffbe6200000 - 0x00007ffbe6230000 	C:\WINDOWS\SYSTEM32\ncrypt.dll
0x00007ffbe61b0000 - 0x00007ffbe61ef000 	C:\WINDOWS\SYSTEM32\NTASN1.dll
0x00007ffbe5fe0000 - 0x00007ffbe5ffb000 	C:\WINDOWS\SYSTEM32\CRYPTSP.dll
0x00007ffbe56f0000 - 0x00007ffbe572b000 	C:\WINDOWS\system32\rsaenh.dll
0x00007ffbe5dc0000 - 0x00007ffbe5deb000 	C:\WINDOWS\SYSTEM32\USERENV.dll
0x00007ffbe6900000 - 0x00007ffbe6926000 	C:\WINDOWS\SYSTEM32\bcrypt.dll
0x00007ffbe6000000 - 0x00007ffbe600c000 	C:\WINDOWS\SYSTEM32\CRYPTBASE.dll
0x00007ffbe51a0000 - 0x00007ffbe51d3000 	C:\WINDOWS\SYSTEM32\IPHLPAPI.DLL
0x00007ffbe9890000 - 0x00007ffbe989a000 	C:\WINDOWS\System32\NSI.dll
0x00007ffbe05a0000 - 0x00007ffbe05bf000 	C:\WINDOWS\SYSTEM32\dhcpcsvc6.DLL
0x00007ffbe0350000 - 0x00007ffbe0375000 	C:\WINDOWS\SYSTEM32\dhcpcsvc.DLL
0x00007ffbe5230000 - 0x00007ffbe5356000 	C:\WINDOWS\SYSTEM32\DNSAPI.dll
0x00007ffbdf570000 - 0x00007ffbdf57a000 	C:\Program Files\Java\jdk-17\bin\management.dll
0x00007ffbdf520000 - 0x00007ffbdf52b000 	C:\Program Files\Java\jdk-17\bin\management_ext.dll
0x00007ffbd27e0000 - 0x00007ffbd27f0000 	C:\Program Files\Java\jdk-17\bin\verify.dll
0x00007ffbde000000 - 0x00007ffbde00b000 	C:\Windows\System32\rasadhlp.dll
0x00007ffbdfc60000 - 0x00007ffbdfce6000 	C:\WINDOWS\System32\fwpuclnt.dll
0x00007ffbb4db0000 - 0x00007ffbb4db8000 	C:\WINDOWS\system32\wshunix.dll

dbghelp: loaded successfully - version: 4.0.5 - missing functions: none
symbol engine: initialized successfully - sym options: 0x614 - pdb path: .;C:\Program Files\Java\jdk-17\bin;C:\WINDOWS\SYSTEM32;C:\WINDOWS\WinSxS\amd64_microsoft.windows.common-controls_6595b64144ccf1df_6.0.26100.4768_none_3e0c112ce331287c;C:\Program Files\Java\jdk-17\bin\server

VM Arguments:
jvm_args: -javaagent:C:\Program Files\JetBrains\IntelliJ IDEA Community Edition 2024.3.5\lib\idea_rt.jar=50409 -Dfile.encoding=UTF-8 
java_command: com.maven.OnlineShoppingSB.OnlineShoppingSbApplication
java_class_path (initial): D:\git\OnlineShoppingOJT\OnlineShoppingSB\target\classes;C:\Users\Lenovo\.m2\repository\org\apache\commons\commons-text\1.12.0\commons-text-1.12.0.jar;C:\Users\Lenovo\.m2\repository\org\apache\commons\commons-lang3\3.17.0\commons-lang3-3.17.0.jar;C:\Users\Lenovo\.m2\repository\org\apache\poi\poi-ooxml\5.2.3\poi-ooxml-5.2.3.jar;C:\Users\Lenovo\.m2\repository\org\apache\poi\poi\5.2.3\poi-5.2.3.jar;C:\Users\Lenovo\.m2\repository\commons-codec\commons-codec\1.17.2\commons-codec-1.17.2.jar;C:\Users\Lenovo\.m2\repository\org\apache\commons\commons-math3\3.6.1\commons-math3-3.6.1.jar;C:\Users\Lenovo\.m2\repository\com\zaxxer\SparseBitSet\1.2\SparseBitSet-1.2.jar;C:\Users\Lenovo\.m2\repository\org\apache\poi\poi-ooxml-lite\5.2.3\poi-ooxml-lite-5.2.3.jar;C:\Users\Lenovo\.m2\repository\org\apache\xmlbeans\xmlbeans\5.1.1\xmlbeans-5.1.1.jar;C:\Users\Lenovo\.m2\repository\org\apache\commons\commons-compress\1.21\commons-compress-1.21.jar;C:\Users\Lenovo\.m2\repository\commons-io\commons-io\2.11.0\commons-io-2.11.0.jar;C:\Users\Lenovo\.m2\repository\com\github\virtuald\curvesapi\1.07\curvesapi-1.07.jar;C:\Users\Lenovo\.m2\repository\org\apache\logging\log4j\log4j-api\2.24.3\log4j-api-2.24.3.jar;C:\Users\Lenovo\.m2\repository\org\apache\commons\commons-collections4\4.4\commons-collections4-4.4.jar;C:\Users\Lenovo\.m2\repository\com\fasterxml\jackson\core\jackson-databind\2.18.4\jackson-databind-2.18.4.jar;C:\Users\Lenovo\.m2\repository\com\fasterxml\jackson\core\jackson-annotations\2.18.4\jackson-annotations-2.18.4.jar;C:\Users\Lenovo\.m2\repository\com\fasterxml\jackson\core\jackson-core\2.18.4\jackson-core-2.18.4.jar;C:\Users\Lenovo\.m2\repository\org\springframework\boot\spring-boot-starter-websocket\3.4.6\spring-boot-starter-websocket-3.4.6.jar;C:\Users\Lenovo\.m2\repository\org\springframework\spring-messaging\6.2.7\spring-messaging-6.2.7.jar;C:\Users\Lenovo\.m2\repository\org\springframework\spring-beans\6.2.7\spring-beans-6.2.7.jar;C:\Users\Leno
Launcher Type: SUN_STANDARD

[Global flags]
     intx CICompilerCount                          = 4                                         {product} {ergonomic}
     uint ConcGCThreads                            = 3                                         {product} {ergonomic}
     uint G1ConcRefinementThreads                  = 10                                        {product} {ergonomic}
   size_t G1HeapRegionSize                         = 1048576                                   {product} {ergonomic}
    uintx GCDrainStackTargetSize                   = 64                                        {product} {ergonomic}
   size_t InitialHeapSize                          = 98566144                                  {product} {ergonomic}
   size_t MarkStackSize                            = 4194304                                   {product} {ergonomic}
   size_t MaxHeapSize                              = 1570766848                                {product} {ergonomic}
   size_t MaxNewSize                               = 941621248                                 {product} {ergonomic}
   size_t MinHeapDeltaBytes                        = 1048576                                   {product} {ergonomic}
   size_t MinHeapSize                              = 8388608                                   {product} {ergonomic}
    uintx NonNMethodCodeHeapSize                   = 5839372                                {pd product} {ergonomic}
    uintx NonProfiledCodeHeapSize                  = 122909434                              {pd product} {ergonomic}
    uintx ProfiledCodeHeapSize                     = 122909434                              {pd product} {ergonomic}
    uintx ReservedCodeCacheSize                    = 251658240                              {pd product} {ergonomic}
     bool SegmentedCodeCache                       = true                                      {product} {ergonomic}
   size_t SoftMaxHeapSize                          = 1570766848                             {manageable} {ergonomic}
     bool UseCompressedClassPointers               = true                           {product lp64_product} {ergonomic}
     bool UseCompressedOops                        = true                           {product lp64_product} {ergonomic}
     bool UseG1GC                                  = true                                      {product} {ergonomic}
     bool UseLargePagesIndividualAllocation        = false                                  {pd product} {ergonomic}

Logging:
Log output configuration:
 #0: stdout all=warning uptime,level,tags
 #1: stderr all=off uptime,level,tags

Environment Variables:
JAVA_HOME=C:\Users\Lenovo\Downloads\jdk-17_windows-x64_bin.exe
PATH=C:\Program Files (x86)\VMware\VMware Workstation\bin\;C:\Program Files\Common Files\Oracle\Java\javapath;C:\WINDOWS\system32;C:\WINDOWS;C:\WINDOWS\System32\Wbem;C:\WINDOWS\System32\WindowsPowerShell\v1.0\;C:\WINDOWS\System32\OpenSSH\;C:\Program Files\Java\jdk-17\bin;C:\Program Files\Git\cmd;C:\Program Files\nodejs\;C:\Users\Lenovo\AppData\Local\Microsoft\WindowsApps;C:\Users\Lenovo\AppData\Local\Programs\Microsoft VS Code\bin;C:\Program Files\JetBrains\IntelliJ IDEA Community Edition 2024.3.5\bin;;C:\Users\Lenovo\AppData\Local\GitHubDesktop\bin;C:\Users\Lenovo\AppData\Roaming\npm;C:\Users\Lenovo\AppData\Local\Programs\cursor\resources\app\bin
USERNAME=Lenovo
OS=Windows_NT
PROCESSOR_IDENTIFIER=AMD64 Family 23 Model 104 Stepping 1, AuthenticAMD



---------------  S Y S T E M  ---------------

OS:
 Windows 11 , 64 bit Build 26100 (10.0.26100.4768)
OS uptime: 0 days 18:59 hours

CPU: total 12 (initial active 12) (12 cores per cpu, 2 threads per core) family 23 model 104 stepping 1 microcode 0x8608103, cx8, cmov, fxsr, ht, mmx, 3dnowpref, sse, sse2, sse3, ssse3, sse4a, sse4.1, sse4.2, popcnt, lzcnt, tsc, tscinvbit, avx, avx2, aes, clmul, bmi1, bmi2, adx, sha, fma, vzeroupper, clflush, clflushopt

Memory: 4k page, system-wide physical 5989M (553M free)
TotalPageFile size 24421M (AvailPageFile size 140M)
current process WorkingSet (physical memory assigned to process): 313M, peak: 546M
current process commit charge ("private bytes"): 576M, peak: 602M

vm_info: Java HotSpot(TM) 64-Bit Server VM (17.0.12+8-LTS-286) for windows-amd64 JRE (17.0.12+8-LTS-286), built on Jun  5 2024 06:46:59 by "mach5one" with MS VC++ 17.6 (VS2022)

END.
