#
# There is insufficient memory for the Java Runtime Environment to continue.
# Native memory allocation (malloc) failed to allocate 1073936 bytes for Chunk::new
# Possible reasons:
#   The system is out of physical RAM or swap space
#   The process is running with CompressedOops enabled, and the Java Heap may be blocking the growth of the native heap
# Possible solutions:
#   Reduce memory load on the system
#   Increase physical memory or swap space
#   Check if swap backing store is full
#   Decrease Java heap size (-Xmx/-Xms)
#   Decrease number of Java threads
#   Decrease Java thread stack sizes (-Xss)
#   Set larger code cache with -XX:ReservedCodeCacheSize=
#   JVM is running with Unscaled Compressed Oops mode in which the Java heap is
#     placed in the first 4GB address space. The Java Heap base address is the
#     maximum limit for the native heap growth. Please use -XX:HeapBaseMinAddress
#     to set the Java Heap base and to place the Java Heap above 4GB virtual address.
# This output file may be truncated or incomplete.
#
#  Out of Memory Error (arena.cpp:189), pid=14932, tid=6092
#
# JRE version: Java(TM) SE Runtime Environment (17.0.12+8) (build 17.0.12+8-LTS-286)
# Java VM: Java HotSpot(TM) 64-Bit Server VM (17.0.12+8-LTS-286, mixed mode, sharing, tiered, compressed oops, compressed class ptrs, g1 gc, windows-amd64)
# No core dump will be written. Minidumps are not enabled by default on client versions of Windows
#

---------------  S U M M A R Y ------------

Command Line: -javaagent:C:\Program Files\JetBrains\IntelliJ IDEA Community Edition 2024.3.5\lib\idea_rt.jar=58424 -Dfile.encoding=UTF-8 com.maven.OnlineShoppingSB.OnlineShoppingSbApplication

Host: AMD Ryzen 5 5500U with Radeon Graphics         , 12 cores, 5G,  Windows 11 , 64 bit Build 26100 (10.0.26100.4484)
Time: Fri Jul 18 13:03:32 2025 Myanmar Standard Time elapsed time: 1120.676001 seconds (0d 0h 18m 40s)

---------------  T H R E A D  ---------------

Current thread (0x00000293447f6040):  JavaThread "C2 CompilerThread0" daemon [_thread_in_native, id=6092, stack(0x000000a040d00000,0x000000a040e00000)]


Current CompileTask:
C2:1120676 17151       4       org.hibernate.sql.results.jdbc.internal.JdbcValuesResultSetImpl::<init> (272 bytes)

Stack: [0x000000a040d00000,0x000000a040e00000]
Native frames: (J=compiled Java code, j=interpreted, Vv=VM code, C=native code)
V  [jvm.dll+0x67a04a]
V  [jvm.dll+0x7da4ed]
V  [jvm.dll+0x7dbe33]
V  [jvm.dll+0x7dc4a3]
V  [jvm.dll+0x24508f]
V  [jvm.dll+0xab773]
V  [jvm.dll+0xabd3c]
V  [jvm.dll+0x2aa52f]
V  [jvm.dll+0x581eb9]
V  [jvm.dll+0x21f422]
V  [jvm.dll+0x21856c]
V  [jvm.dll+0x215b65]
V  [jvm.dll+0x1a2960]
V  [jvm.dll+0x22610b]
V  [jvm.dll+0x2242ab]
V  [jvm.dll+0x79075c]
V  [jvm.dll+0x78abea]
V  [jvm.dll+0x678f35]
C  [ucrtbase.dll+0x37b0]
C  [KERNEL32.DLL+0x2e8d7]
C  [ntdll.dll+0x3c34c]


---------------  P R O C E S S  ---------------

Threads class SMR info:
_java_thread_list=0x000002938e63cba0, length=43, elements={
0x00000293447da2d0, 0x00000293447dac90, 0x00000293447ee4c0, 0x00000293447f1db0,
0x00000293447f31f0, 0x00000293447f6e10, 0x00000293447f6040, 0x00000293447fba60,
0x00000293448012f0, 0x00000293447c5250, 0x000002938a066380, 0x0000029344cbdc50,
0x000002938cec3650, 0x000002938b74b6b0, 0x000002938e3867e0, 0x000002938e3858b0,
0x000002938e388130, 0x000002938ed730d0, 0x000002938ed726b0, 0x000002938ed71c90,
0x000002938ed721a0, 0x000002938ed72bc0, 0x000002938f7676f0, 0x000002938f768110,
0x000002938f766cd0, 0x000002938f7671e0, 0x000002938f767c00, 0x000002938f768620,
0x000002938c7c7820, 0x000002938c7c5ed0, 0x000002938c7c59c0, 0x000002938c7c4fa0,
0x000002938c7c4580, 0x000002938bc7e570, 0x000002938a6715f0, 0x000002938f396ab0,
0x000002938d13aaf0, 0x000002938d1396b0, 0x000002938f541f00, 0x000002938b450cb0,
0x000002938d13a0d0, 0x000002938b1969a0, 0x000002938d0914d0
}

Java Threads: ( => current thread )
  0x00000293447da2d0 JavaThread "Reference Handler" daemon [_thread_blocked, id=16804, stack(0x000000a040700000,0x000000a040800000)]
  0x00000293447dac90 JavaThread "Finalizer" daemon [_thread_blocked, id=15388, stack(0x000000a040800000,0x000000a040900000)]
  0x00000293447ee4c0 JavaThread "Signal Dispatcher" daemon [_thread_blocked, id=24380, stack(0x000000a040900000,0x000000a040a00000)]
  0x00000293447f1db0 JavaThread "Attach Listener" daemon [_thread_blocked, id=7744, stack(0x000000a040a00000,0x000000a040b00000)]
  0x00000293447f31f0 JavaThread "Service Thread" daemon [_thread_blocked, id=1056, stack(0x000000a040b00000,0x000000a040c00000)]
  0x00000293447f6e10 JavaThread "Monitor Deflation Thread" daemon [_thread_blocked, id=9604, stack(0x000000a040c00000,0x000000a040d00000)]
=>0x00000293447f6040 JavaThread "C2 CompilerThread0" daemon [_thread_in_native, id=6092, stack(0x000000a040d00000,0x000000a040e00000)]
  0x00000293447fba60 JavaThread "C1 CompilerThread0" daemon [_thread_blocked, id=18904, stack(0x000000a040e00000,0x000000a040f00000)]
  0x00000293448012f0 JavaThread "Sweeper thread" daemon [_thread_blocked, id=20548, stack(0x000000a040f00000,0x000000a041000000)]
  0x00000293447c5250 JavaThread "Common-Cleaner" daemon [_thread_blocked, id=29164, stack(0x000000a041000000,0x000000a041100000)]
  0x000002938a066380 JavaThread "Monitor Ctrl-Break" daemon [_thread_in_native, id=24616, stack(0x000000a041100000,0x000000a041200000)]
  0x0000029344cbdc50 JavaThread "Notification Thread" daemon [_thread_blocked, id=9832, stack(0x000000a041200000,0x000000a041300000)]
  0x000002938cec3650 JavaThread "mysql-cj-abandoned-connection-cleanup" daemon [_thread_blocked, id=23304, stack(0x000000a042100000,0x000000a042200000)]
  0x000002938b74b6b0 JavaThread "HikariPool-1 housekeeper" daemon [_thread_blocked, id=19848, stack(0x000000a042300000,0x000000a042400000)]
  0x000002938e3867e0 JavaThread "Catalina-utility-1" [_thread_blocked, id=25616, stack(0x000000a041f00000,0x000000a042000000)]
  0x000002938e3858b0 JavaThread "Catalina-utility-2" [_thread_blocked, id=8804, stack(0x000000a042500000,0x000000a042600000)]
  0x000002938e388130 JavaThread "container-0" [_thread_blocked, id=10836, stack(0x000000a042600000,0x000000a042700000)]
  0x000002938ed730d0 JavaThread "MessageBroker-1" [_thread_blocked, id=10456, stack(0x000000a042700000,0x000000a042800000)]
  0x000002938ed726b0 JavaThread "http-nio-8080-exec-1" daemon [_thread_blocked, id=9308, stack(0x000000a042800000,0x000000a042900000)]
  0x000002938ed71c90 JavaThread "http-nio-8080-exec-2" daemon [_thread_blocked, id=22304, stack(0x000000a042900000,0x000000a042a00000)]
  0x000002938ed721a0 JavaThread "http-nio-8080-exec-3" daemon [_thread_blocked, id=22752, stack(0x000000a042a00000,0x000000a042b00000)]
  0x000002938ed72bc0 JavaThread "http-nio-8080-exec-4" daemon [_thread_blocked, id=8396, stack(0x000000a042b00000,0x000000a042c00000)]
  0x000002938f7676f0 JavaThread "http-nio-8080-exec-5" daemon [_thread_blocked, id=17704, stack(0x000000a042c00000,0x000000a042d00000)]
  0x000002938f768110 JavaThread "http-nio-8080-exec-6" daemon [_thread_blocked, id=27160, stack(0x000000a042d00000,0x000000a042e00000)]
  0x000002938f766cd0 JavaThread "http-nio-8080-exec-7" daemon [_thread_blocked, id=27528, stack(0x000000a042e00000,0x000000a042f00000)]
  0x000002938f7671e0 JavaThread "http-nio-8080-exec-8" daemon [_thread_blocked, id=20760, stack(0x000000a042f00000,0x000000a043000000)]
  0x000002938f767c00 JavaThread "http-nio-8080-exec-9" daemon [_thread_blocked, id=13388, stack(0x000000a043000000,0x000000a043100000)]
  0x000002938f768620 JavaThread "http-nio-8080-exec-10" daemon [_thread_blocked, id=28936, stack(0x000000a043100000,0x000000a043200000)]
  0x000002938c7c7820 JavaThread "http-nio-8080-Poller" daemon [_thread_in_native, id=17288, stack(0x000000a043200000,0x000000a043300000)]
  0x000002938c7c5ed0 JavaThread "http-nio-8080-Acceptor" daemon [_thread_in_native, id=24888, stack(0x000000a043300000,0x000000a043400000)]
  0x000002938c7c59c0 JavaThread "MessageBroker-2" [_thread_blocked, id=19168, stack(0x000000a043400000,0x000000a043500000)]
  0x000002938c7c4fa0 JavaThread "MessageBroker-3" [_thread_blocked, id=14980, stack(0x000000a043500000,0x000000a043600000)]
  0x000002938c7c4580 JavaThread "DestroyJavaVM" [_thread_blocked, id=11388, stack(0x000000a040000000,0x000000a040100000)]
  0x000002938bc7e570 JavaThread "MessageBroker-4" [_thread_blocked, id=14820, stack(0x000000a043600000,0x000000a043700000)]
  0x000002938a6715f0 JavaThread "MessageBroker-5" [_thread_blocked, id=16320, stack(0x000000a043800000,0x000000a043900000)]
  0x000002938f396ab0 JavaThread "MessageBroker-6" [_thread_blocked, id=24908, stack(0x000000a043900000,0x000000a043a00000)]
  0x000002938d13aaf0 JavaThread "MessageBroker-7" [_thread_blocked, id=13340, stack(0x000000a043a00000,0x000000a043b00000)]
  0x000002938d1396b0 JavaThread "WebSocket background processing" daemon [_thread_blocked, id=27100, stack(0x000000a043b00000,0x000000a043c00000)]
  0x000002938f541f00 JavaThread "MessageBroker-8" [_thread_blocked, id=22632, stack(0x000000a044000000,0x000000a044100000)]
  0x000002938b450cb0 JavaThread "MessageBroker-9" [_thread_blocked, id=27576, stack(0x000000a044400000,0x000000a044500000)]
  0x000002938d13a0d0 JavaThread "MessageBroker-10" [_thread_blocked, id=13528, stack(0x000000a044500000,0x000000a044600000)]
  0x000002938b1969a0 JavaThread "MessageBroker-11" [_thread_blocked, id=28644, stack(0x000000a044600000,0x000000a044700000)]
  0x000002938d0914d0 JavaThread "MessageBroker-12" [_thread_blocked, id=15412, stack(0x000000a044700000,0x000000a044800000)]

Other Threads:
  0x00000293447d3210 VMThread "VM Thread" [stack: 0x000000a040600000,0x000000a040700000] [id=17596]
  0x0000029344d57850 WatcherThread [stack: 0x000000a041300000,0x000000a041400000] [id=14412]
  0x0000029327650f70 GCTaskThread "GC Thread#0" [stack: 0x000000a040100000,0x000000a040200000] [id=18004]
  0x000002938a8b8040 GCTaskThread "GC Thread#1" [stack: 0x000000a041500000,0x000000a041600000] [id=24708]
  0x000002938a89bab0 GCTaskThread "GC Thread#2" [stack: 0x000000a041600000,0x000000a041700000] [id=18776]
  0x000002938a2d6140 GCTaskThread "GC Thread#3" [stack: 0x000000a041700000,0x000000a041800000] [id=1940]
  0x000002938a2d6400 GCTaskThread "GC Thread#4" [stack: 0x000000a041800000,0x000000a041900000] [id=18336]
  0x000002938ac38f10 GCTaskThread "GC Thread#5" [stack: 0x000000a041900000,0x000000a041a00000] [id=7876]
  0x000002938a9e4490 GCTaskThread "GC Thread#6" [stack: 0x000000a041a00000,0x000000a041b00000] [id=22924]
  0x000002938ac2c120 GCTaskThread "GC Thread#7" [stack: 0x000000a041b00000,0x000000a041c00000] [id=16820]
  0x000002938ae4f610 GCTaskThread "GC Thread#8" [stack: 0x000000a041d00000,0x000000a041e00000] [id=6344]
  0x000002938b8a0d20 GCTaskThread "GC Thread#9" [stack: 0x000000a041e00000,0x000000a041f00000] [id=6992]
  0x000002932765d900 ConcurrentGCThread "G1 Main Marker" [stack: 0x000000a040200000,0x000000a040300000] [id=23280]
  0x000002932765e220 ConcurrentGCThread "G1 Conc#0" [stack: 0x000000a040300000,0x000000a040400000] [id=17784]
  0x000002938be803d0 ConcurrentGCThread "G1 Conc#1" [stack: 0x000000a041400000,0x000000a041500000] [id=20540]
  0x000002938b748b50 ConcurrentGCThread "G1 Conc#2" [stack: 0x000000a042000000,0x000000a042100000] [id=3732]
  0x00000293276be970 ConcurrentGCThread "G1 Refine#0" [stack: 0x000000a040400000,0x000000a040500000] [id=19556]
  0x0000029344abd3f0 ConcurrentGCThread "G1 Refine#1" [stack: 0x000000a042400000,0x000000a042500000] [id=820]
  0x00000293446934b0 ConcurrentGCThread "G1 Service" [stack: 0x000000a040500000,0x000000a040600000] [id=19980]

Threads with active compile tasks:
C2 CompilerThread0  1120743 17151       4       org.hibernate.sql.results.jdbc.internal.JdbcValuesResultSetImpl::<init> (272 bytes)

VM state: not at safepoint (normal execution)

VM Mutex/Monitor currently owned by a thread: None

Heap address: 0x00000000a2600000, size: 1498 MB, Compressed Oops mode: 32-bit

CDS archive(s) mapped at: [0x0000029345000000-0x0000029345bd0000-0x0000029345bd0000), size 12386304, SharedBaseAddress: 0x0000029345000000, ArchiveRelocationMode: 1.
Compressed class space mapped at: 0x0000029346000000-0x0000029386000000, reserved size: 1073741824
Narrow klass base: 0x0000029345000000, Narrow klass shift: 0, Narrow klass range: 0x100000000

GC Precious Log:
 CPUs: 12 total, 12 available
 Memory: 5989M
 Large Page Support: Disabled
 NUMA Support: Disabled
 Compressed Oops: Enabled (32-bit)
 Heap Region Size: 1M
 Heap Min Capacity: 8M
 Heap Initial Capacity: 94M
 Heap Max Capacity: 1498M
 Pre-touch: Disabled
 Parallel Workers: 10
 Concurrent Workers: 3
 Concurrent Refinement Workers: 10
 Periodic GC: Disabled

Heap:
 garbage-first heap   total 270336K, used 213819K [0x00000000a2600000, 0x0000000100000000)
  region size 1024K, 136 young (139264K), 8 survivors (8192K)
 Metaspace       used 102026K, committed 102976K, reserved 1179648K
  class space    used 13301K, committed 13760K, reserved 1048576K

Heap Regions: E=young(eden), S=young(survivor), O=old, HS=humongous(starts), HC=humongous(continues), CS=collection set, F=free, OA=open archive, CA=closed archive, TAMS=top-at-mark-start (previous, next)
|   0|0x00000000a2600000, 0x00000000a2700000, 0x00000000a2700000|100%|HS|  |TAMS 0x00000000a2700000, 0x00000000a2600000| Complete 
|   1|0x00000000a2700000, 0x00000000a2800000, 0x00000000a2800000|100%|HS|  |TAMS 0x00000000a2800000, 0x00000000a2700000| Complete 
|   2|0x00000000a2800000, 0x00000000a2900000, 0x00000000a2900000|100%|HS|  |TAMS 0x00000000a2900000, 0x00000000a2800000| Complete 
|   3|0x00000000a2900000, 0x00000000a2a00000, 0x00000000a2a00000|100%| O|  |TAMS 0x00000000a2a00000, 0x00000000a2900000| Untracked 
|   4|0x00000000a2a00000, 0x00000000a2b00000, 0x00000000a2b00000|100%| O|  |TAMS 0x00000000a2b00000, 0x00000000a2a00000| Untracked 
|   5|0x00000000a2b00000, 0x00000000a2c00000, 0x00000000a2c00000|100%| O|  |TAMS 0x00000000a2c00000, 0x00000000a2b00000| Untracked 
|   6|0x00000000a2c00000, 0x00000000a2d00000, 0x00000000a2d00000|100%| O|  |TAMS 0x00000000a2d00000, 0x00000000a2c00000| Untracked 
|   7|0x00000000a2d00000, 0x00000000a2e00000, 0x00000000a2e00000|100%| O|  |TAMS 0x00000000a2e00000, 0x00000000a2d00000| Untracked 
|   8|0x00000000a2e00000, 0x00000000a2f00000, 0x00000000a2f00000|100%| O|  |TAMS 0x00000000a2f00000, 0x00000000a2e00000| Untracked 
|   9|0x00000000a2f00000, 0x00000000a3000000, 0x00000000a3000000|100%| O|  |TAMS 0x00000000a3000000, 0x00000000a2f00000| Untracked 
|  10|0x00000000a3000000, 0x00000000a3100000, 0x00000000a3100000|100%| O|  |TAMS 0x00000000a3100000, 0x00000000a3000000| Untracked 
|  11|0x00000000a3100000, 0x00000000a3200000, 0x00000000a3200000|100%| O|  |TAMS 0x00000000a3200000, 0x00000000a3100000| Untracked 
|  12|0x00000000a3200000, 0x00000000a3300000, 0x00000000a3300000|100%| O|  |TAMS 0x00000000a3300000, 0x00000000a3200000| Untracked 
|  13|0x00000000a3300000, 0x00000000a3400000, 0x00000000a3400000|100%| O|  |TAMS 0x00000000a3400000, 0x00000000a3300000| Untracked 
|  14|0x00000000a3400000, 0x00000000a3500000, 0x00000000a3500000|100%| O|  |TAMS 0x00000000a3500000, 0x00000000a3400000| Untracked 
|  15|0x00000000a3500000, 0x00000000a3600000, 0x00000000a3600000|100%| O|  |TAMS 0x00000000a3600000, 0x00000000a3500000| Untracked 
|  16|0x00000000a3600000, 0x00000000a3692000, 0x00000000a3700000| 57%| O|  |TAMS 0x00000000a3692000, 0x00000000a3600000| Untracked 
|  17|0x00000000a3700000, 0x00000000a3800000, 0x00000000a3800000|100%| O|  |TAMS 0x00000000a3800000, 0x00000000a3700000| Untracked 
|  18|0x00000000a3800000, 0x00000000a3900000, 0x00000000a3900000|100%| O|  |TAMS 0x00000000a3900000, 0x00000000a3800000| Untracked 
|  19|0x00000000a3900000, 0x00000000a3a00000, 0x00000000a3a00000|100%| O|  |TAMS 0x00000000a3a00000, 0x00000000a3900000| Untracked 
|  20|0x00000000a3a00000, 0x00000000a3b00000, 0x00000000a3b00000|100%| O|  |TAMS 0x00000000a3b00000, 0x00000000a3a00000| Untracked 
|  21|0x00000000a3b00000, 0x00000000a3c00000, 0x00000000a3c00000|100%| O|  |TAMS 0x00000000a3c00000, 0x00000000a3b00000| Untracked 
|  22|0x00000000a3c00000, 0x00000000a3d00000, 0x00000000a3d00000|100%| O|  |TAMS 0x00000000a3d00000, 0x00000000a3c00000| Untracked 
|  23|0x00000000a3d00000, 0x00000000a3e00000, 0x00000000a3e00000|100%| O|  |TAMS 0x00000000a3e00000, 0x00000000a3d00000| Untracked 
|  24|0x00000000a3e00000, 0x00000000a3f00000, 0x00000000a3f00000|100%| O|  |TAMS 0x00000000a3f00000, 0x00000000a3e00000| Untracked 
|  25|0x00000000a3f00000, 0x00000000a4000000, 0x00000000a4000000|100%| O|  |TAMS 0x00000000a4000000, 0x00000000a3f00000| Untracked 
|  26|0x00000000a4000000, 0x00000000a4100000, 0x00000000a4100000|100%| O|  |TAMS 0x00000000a4100000, 0x00000000a4000000| Untracked 
|  27|0x00000000a4100000, 0x00000000a4200000, 0x00000000a4200000|100%| O|  |TAMS 0x00000000a4200000, 0x00000000a4100000| Untracked 
|  28|0x00000000a4200000, 0x00000000a4300000, 0x00000000a4300000|100%| O|  |TAMS 0x00000000a4300000, 0x00000000a4200000| Untracked 
|  29|0x00000000a4300000, 0x00000000a4400000, 0x00000000a4400000|100%| O|  |TAMS 0x00000000a4400000, 0x00000000a4300000| Untracked 
|  30|0x00000000a4400000, 0x00000000a4500000, 0x00000000a4500000|100%| O|  |TAMS 0x00000000a4500000, 0x00000000a4400000| Untracked 
|  31|0x00000000a4500000, 0x00000000a4600000, 0x00000000a4600000|100%| O|  |TAMS 0x00000000a4600000, 0x00000000a4500000| Untracked 
|  32|0x00000000a4600000, 0x00000000a4700000, 0x00000000a4700000|100%| O|  |TAMS 0x00000000a4700000, 0x00000000a4600000| Untracked 
|  33|0x00000000a4700000, 0x00000000a4800000, 0x00000000a4800000|100%| O|  |TAMS 0x00000000a4800000, 0x00000000a4700000| Untracked 
|  34|0x00000000a4800000, 0x00000000a4900000, 0x00000000a4900000|100%| O|  |TAMS 0x00000000a4900000, 0x00000000a4800000| Untracked 
|  35|0x00000000a4900000, 0x00000000a4a00000, 0x00000000a4a00000|100%| O|  |TAMS 0x00000000a4a00000, 0x00000000a4900000| Untracked 
|  36|0x00000000a4a00000, 0x00000000a4b00000, 0x00000000a4b00000|100%| O|  |TAMS 0x00000000a4b00000, 0x00000000a4a00000| Untracked 
|  37|0x00000000a4b00000, 0x00000000a4c00000, 0x00000000a4c00000|100%| O|  |TAMS 0x00000000a4c00000, 0x00000000a4b00000| Untracked 
|  38|0x00000000a4c00000, 0x00000000a4d00000, 0x00000000a4d00000|100%| O|  |TAMS 0x00000000a4d00000, 0x00000000a4c00000| Untracked 
|  39|0x00000000a4d00000, 0x00000000a4e00000, 0x00000000a4e00000|100%| O|  |TAMS 0x00000000a4d00000, 0x00000000a4d00000| Untracked 
|  40|0x00000000a4e00000, 0x00000000a4f00000, 0x00000000a4f00000|100%| O|  |TAMS 0x00000000a4f00000, 0x00000000a4e00000| Untracked 
|  41|0x00000000a4f00000, 0x00000000a5000000, 0x00000000a5000000|100%| O|  |TAMS 0x00000000a5000000, 0x00000000a4f00000| Untracked 
|  42|0x00000000a5000000, 0x00000000a5100000, 0x00000000a5100000|100%| O|  |TAMS 0x00000000a5100000, 0x00000000a5000000| Untracked 
|  43|0x00000000a5100000, 0x00000000a5200000, 0x00000000a5200000|100%| O|  |TAMS 0x00000000a5200000, 0x00000000a5100000| Untracked 
|  44|0x00000000a5200000, 0x00000000a5300000, 0x00000000a5300000|100%| O|  |TAMS 0x00000000a5300000, 0x00000000a5200000| Untracked 
|  45|0x00000000a5300000, 0x00000000a5400000, 0x00000000a5400000|100%| O|  |TAMS 0x00000000a5400000, 0x00000000a5300000| Untracked 
|  46|0x00000000a5400000, 0x00000000a5500000, 0x00000000a5500000|100%| O|  |TAMS 0x00000000a5500000, 0x00000000a5400000| Untracked 
|  47|0x00000000a5500000, 0x00000000a5600000, 0x00000000a5600000|100%| O|  |TAMS 0x00000000a5600000, 0x00000000a5500000| Untracked 
|  48|0x00000000a5600000, 0x00000000a5700000, 0x00000000a5700000|100%| O|  |TAMS 0x00000000a5700000, 0x00000000a5600000| Untracked 
|  49|0x00000000a5700000, 0x00000000a5800000, 0x00000000a5800000|100%| O|  |TAMS 0x00000000a5800000, 0x00000000a5700000| Untracked 
|  50|0x00000000a5800000, 0x00000000a5900000, 0x00000000a5900000|100%| O|  |TAMS 0x00000000a5900000, 0x00000000a5800000| Untracked 
|  51|0x00000000a5900000, 0x00000000a5a00000, 0x00000000a5a00000|100%| O|  |TAMS 0x00000000a5a00000, 0x00000000a5900000| Untracked 
|  52|0x00000000a5a00000, 0x00000000a5b00000, 0x00000000a5b00000|100%| O|  |TAMS 0x00000000a5b00000, 0x00000000a5a00000| Untracked 
|  53|0x00000000a5b00000, 0x00000000a5c00000, 0x00000000a5c00000|100%| O|  |TAMS 0x00000000a5c00000, 0x00000000a5b00000| Untracked 
|  54|0x00000000a5c00000, 0x00000000a5d00000, 0x00000000a5d00000|100%| O|  |TAMS 0x00000000a5d00000, 0x00000000a5c00000| Untracked 
|  55|0x00000000a5d00000, 0x00000000a5e00000, 0x00000000a5e00000|100%| O|  |TAMS 0x00000000a5e00000, 0x00000000a5d00000| Untracked 
|  56|0x00000000a5e00000, 0x00000000a5f00000, 0x00000000a5f00000|100%| O|  |TAMS 0x00000000a5f00000, 0x00000000a5e00000| Untracked 
|  57|0x00000000a5f00000, 0x00000000a6000000, 0x00000000a6000000|100%| O|  |TAMS 0x00000000a6000000, 0x00000000a5f00000| Untracked 
|  58|0x00000000a6000000, 0x00000000a6100000, 0x00000000a6100000|100%| O|  |TAMS 0x00000000a6100000, 0x00000000a6000000| Untracked 
|  59|0x00000000a6100000, 0x00000000a6200000, 0x00000000a6200000|100%| O|  |TAMS 0x00000000a6200000, 0x00000000a6100000| Untracked 
|  60|0x00000000a6200000, 0x00000000a6300000, 0x00000000a6300000|100%| O|  |TAMS 0x00000000a6300000, 0x00000000a6200000| Untracked 
|  61|0x00000000a6300000, 0x00000000a6400000, 0x00000000a6400000|100%| O|  |TAMS 0x00000000a6383e00, 0x00000000a6300000| Untracked 
|  62|0x00000000a6400000, 0x00000000a6500000, 0x00000000a6500000|100%| O|  |TAMS 0x00000000a6400000, 0x00000000a6400000| Untracked 
|  63|0x00000000a6500000, 0x00000000a6600000, 0x00000000a6600000|100%| O|  |TAMS 0x00000000a6500000, 0x00000000a6500000| Untracked 
|  64|0x00000000a6600000, 0x00000000a6700000, 0x00000000a6700000|100%| O|  |TAMS 0x00000000a6600000, 0x00000000a6600000| Untracked 
|  65|0x00000000a6700000, 0x00000000a6800000, 0x00000000a6800000|100%| O|  |TAMS 0x00000000a6700000, 0x00000000a6700000| Untracked 
|  66|0x00000000a6800000, 0x00000000a6900000, 0x00000000a6900000|100%| O|  |TAMS 0x00000000a6800000, 0x00000000a6800000| Untracked 
|  67|0x00000000a6900000, 0x00000000a6a00000, 0x00000000a6a00000|100%| O|  |TAMS 0x00000000a6900000, 0x00000000a6900000| Untracked 
|  68|0x00000000a6a00000, 0x00000000a6a54e00, 0x00000000a6b00000| 33%| O|  |TAMS 0x00000000a6a00000, 0x00000000a6a00000| Untracked 
|  69|0x00000000a6b00000, 0x00000000a6c00000, 0x00000000a6c00000|100%| O|  |TAMS 0x00000000a6b00000, 0x00000000a6b00000| Untracked 
|  70|0x00000000a6c00000, 0x00000000a6d00000, 0x00000000a6d00000|100%| O|  |TAMS 0x00000000a6c00000, 0x00000000a6c00000| Untracked 
|  71|0x00000000a6d00000, 0x00000000a6e00000, 0x00000000a6e00000|100%| O|  |TAMS 0x00000000a6d00000, 0x00000000a6d00000| Untracked 
|  72|0x00000000a6e00000, 0x00000000a6f00000, 0x00000000a6f00000|100%| O|  |TAMS 0x00000000a6e00000, 0x00000000a6e00000| Untracked 
|  73|0x00000000a6f00000, 0x00000000a7000000, 0x00000000a7000000|100%| O|  |TAMS 0x00000000a6f00000, 0x00000000a6f00000| Untracked 
|  74|0x00000000a7000000, 0x00000000a7100000, 0x00000000a7100000|100%| O|  |TAMS 0x00000000a7000000, 0x00000000a7000000| Untracked 
|  75|0x00000000a7100000, 0x00000000a7178e00, 0x00000000a7200000| 47%| O|  |TAMS 0x00000000a7100000, 0x00000000a7100000| Untracked 
|  76|0x00000000a7200000, 0x00000000a7200000, 0x00000000a7300000|  0%| F|  |TAMS 0x00000000a7200000, 0x00000000a7200000| Untracked 
|  77|0x00000000a7300000, 0x00000000a7300000, 0x00000000a7400000|  0%| F|  |TAMS 0x00000000a7300000, 0x00000000a7300000| Untracked 
|  78|0x00000000a7400000, 0x00000000a7400000, 0x00000000a7500000|  0%| F|  |TAMS 0x00000000a7400000, 0x00000000a7400000| Untracked 
|  79|0x00000000a7500000, 0x00000000a7500000, 0x00000000a7600000|  0%| F|  |TAMS 0x00000000a7500000, 0x00000000a7500000| Untracked 
|  80|0x00000000a7600000, 0x00000000a7600000, 0x00000000a7700000|  0%| F|  |TAMS 0x00000000a7600000, 0x00000000a7600000| Untracked 
|  81|0x00000000a7700000, 0x00000000a7700000, 0x00000000a7800000|  0%| F|  |TAMS 0x00000000a7700000, 0x00000000a7700000| Untracked 
|  82|0x00000000a7800000, 0x00000000a7800000, 0x00000000a7900000|  0%| F|  |TAMS 0x00000000a7800000, 0x00000000a7800000| Untracked 
|  83|0x00000000a7900000, 0x00000000a7900000, 0x00000000a7a00000|  0%| F|  |TAMS 0x00000000a7900000, 0x00000000a7900000| Untracked 
|  84|0x00000000a7a00000, 0x00000000a7a00000, 0x00000000a7b00000|  0%| F|  |TAMS 0x00000000a7a00000, 0x00000000a7a00000| Untracked 
|  85|0x00000000a7b00000, 0x00000000a7b00000, 0x00000000a7c00000|  0%| F|  |TAMS 0x00000000a7b00000, 0x00000000a7b00000| Untracked 
|  86|0x00000000a7c00000, 0x00000000a7c00000, 0x00000000a7d00000|  0%| F|  |TAMS 0x00000000a7c00000, 0x00000000a7c00000| Untracked 
|  87|0x00000000a7d00000, 0x00000000a7d00000, 0x00000000a7e00000|  0%| F|  |TAMS 0x00000000a7d00000, 0x00000000a7d00000| Untracked 
|  88|0x00000000a7e00000, 0x00000000a7e00000, 0x00000000a7f00000|  0%| F|  |TAMS 0x00000000a7e00000, 0x00000000a7e00000| Untracked 
|  89|0x00000000a7f00000, 0x00000000a7f00000, 0x00000000a8000000|  0%| F|  |TAMS 0x00000000a7f00000, 0x00000000a7f00000| Untracked 
|  90|0x00000000a8000000, 0x00000000a8000000, 0x00000000a8100000|  0%| F|  |TAMS 0x00000000a8000000, 0x00000000a8000000| Untracked 
|  91|0x00000000a8100000, 0x00000000a8100000, 0x00000000a8200000|  0%| F|  |TAMS 0x00000000a8100000, 0x00000000a8100000| Untracked 
|  92|0x00000000a8200000, 0x00000000a8200000, 0x00000000a8300000|  0%| F|  |TAMS 0x00000000a8200000, 0x00000000a8200000| Untracked 
|  93|0x00000000a8300000, 0x00000000a8300000, 0x00000000a8400000|  0%| F|  |TAMS 0x00000000a8300000, 0x00000000a8300000| Untracked 
|  94|0x00000000a8400000, 0x00000000a8400000, 0x00000000a8500000|  0%| F|  |TAMS 0x00000000a8400000, 0x00000000a8400000| Untracked 
|  95|0x00000000a8500000, 0x00000000a8500000, 0x00000000a8600000|  0%| F|  |TAMS 0x00000000a8500000, 0x00000000a8500000| Untracked 
|  96|0x00000000a8600000, 0x00000000a8600000, 0x00000000a8700000|  0%| F|  |TAMS 0x00000000a8600000, 0x00000000a8600000| Untracked 
|  97|0x00000000a8700000, 0x00000000a8700000, 0x00000000a8800000|  0%| F|  |TAMS 0x00000000a8700000, 0x00000000a8700000| Untracked 
|  98|0x00000000a8800000, 0x00000000a8800000, 0x00000000a8900000|  0%| F|  |TAMS 0x00000000a8800000, 0x00000000a8800000| Untracked 
|  99|0x00000000a8900000, 0x00000000a8900000, 0x00000000a8a00000|  0%| F|  |TAMS 0x00000000a8900000, 0x00000000a8900000| Untracked 
| 100|0x00000000a8a00000, 0x00000000a8a00000, 0x00000000a8b00000|  0%| F|  |TAMS 0x00000000a8a00000, 0x00000000a8a00000| Untracked 
| 101|0x00000000a8b00000, 0x00000000a8b00000, 0x00000000a8c00000|  0%| F|  |TAMS 0x00000000a8b00000, 0x00000000a8b00000| Untracked 
| 102|0x00000000a8c00000, 0x00000000a8c00000, 0x00000000a8d00000|  0%| F|  |TAMS 0x00000000a8c00000, 0x00000000a8c00000| Untracked 
| 103|0x00000000a8d00000, 0x00000000a8d00000, 0x00000000a8e00000|  0%| F|  |TAMS 0x00000000a8d00000, 0x00000000a8d00000| Untracked 
| 104|0x00000000a8e00000, 0x00000000a8e00000, 0x00000000a8f00000|  0%| F|  |TAMS 0x00000000a8e00000, 0x00000000a8e00000| Untracked 
| 105|0x00000000a8f00000, 0x00000000a8f00000, 0x00000000a9000000|  0%| F|  |TAMS 0x00000000a8f00000, 0x00000000a8f00000| Untracked 
| 106|0x00000000a9000000, 0x00000000a9000000, 0x00000000a9100000|  0%| F|  |TAMS 0x00000000a9000000, 0x00000000a9000000| Untracked 
| 107|0x00000000a9100000, 0x00000000a9100000, 0x00000000a9200000|  0%| F|  |TAMS 0x00000000a9100000, 0x00000000a9100000| Untracked 
| 108|0x00000000a9200000, 0x00000000a9200000, 0x00000000a9300000|  0%| F|  |TAMS 0x00000000a9200000, 0x00000000a9200000| Untracked 
| 109|0x00000000a9300000, 0x00000000a9300000, 0x00000000a9400000|  0%| F|  |TAMS 0x00000000a9300000, 0x00000000a9300000| Untracked 
| 110|0x00000000a9400000, 0x00000000a9400000, 0x00000000a9500000|  0%| F|  |TAMS 0x00000000a9400000, 0x00000000a9400000| Untracked 
| 111|0x00000000a9500000, 0x00000000a9500000, 0x00000000a9600000|  0%| F|  |TAMS 0x00000000a9500000, 0x00000000a9500000| Untracked 
| 112|0x00000000a9600000, 0x00000000a966f2a0, 0x00000000a9700000| 43%| S|CS|TAMS 0x00000000a9600000, 0x00000000a9600000| Complete 
| 113|0x00000000a9700000, 0x00000000a9800000, 0x00000000a9800000|100%| S|CS|TAMS 0x00000000a9700000, 0x00000000a9700000| Complete 
| 114|0x00000000a9800000, 0x00000000a9900000, 0x00000000a9900000|100%| S|CS|TAMS 0x00000000a9800000, 0x00000000a9800000| Complete 
| 115|0x00000000a9900000, 0x00000000a9a00000, 0x00000000a9a00000|100%| S|CS|TAMS 0x00000000a9900000, 0x00000000a9900000| Complete 
| 116|0x00000000a9a00000, 0x00000000a9b00000, 0x00000000a9b00000|100%| S|CS|TAMS 0x00000000a9a00000, 0x00000000a9a00000| Complete 
| 117|0x00000000a9b00000, 0x00000000a9c00000, 0x00000000a9c00000|100%| S|CS|TAMS 0x00000000a9b00000, 0x00000000a9b00000| Complete 
| 118|0x00000000a9c00000, 0x00000000a9d00000, 0x00000000a9d00000|100%| S|CS|TAMS 0x00000000a9c00000, 0x00000000a9c00000| Complete 
| 119|0x00000000a9d00000, 0x00000000a9e00000, 0x00000000a9e00000|100%| S|CS|TAMS 0x00000000a9d00000, 0x00000000a9d00000| Complete 
| 120|0x00000000a9e00000, 0x00000000a9e00000, 0x00000000a9f00000|  0%| F|  |TAMS 0x00000000a9e00000, 0x00000000a9e00000| Untracked 
| 121|0x00000000a9f00000, 0x00000000a9f00000, 0x00000000aa000000|  0%| F|  |TAMS 0x00000000a9f00000, 0x00000000a9f00000| Untracked 
| 122|0x00000000aa000000, 0x00000000aa000000, 0x00000000aa100000|  0%| F|  |TAMS 0x00000000aa000000, 0x00000000aa000000| Untracked 
| 123|0x00000000aa100000, 0x00000000aa100000, 0x00000000aa200000|  0%| F|  |TAMS 0x00000000aa100000, 0x00000000aa100000| Untracked 
| 124|0x00000000aa200000, 0x00000000aa200000, 0x00000000aa300000|  0%| F|  |TAMS 0x00000000aa200000, 0x00000000aa200000| Untracked 
| 125|0x00000000aa300000, 0x00000000aa300000, 0x00000000aa400000|  0%| F|  |TAMS 0x00000000aa300000, 0x00000000aa300000| Untracked 
| 126|0x00000000aa400000, 0x00000000aa400000, 0x00000000aa500000|  0%| F|  |TAMS 0x00000000aa400000, 0x00000000aa400000| Untracked 
| 127|0x00000000aa500000, 0x00000000aa500000, 0x00000000aa600000|  0%| F|  |TAMS 0x00000000aa500000, 0x00000000aa500000| Untracked 
| 128|0x00000000aa600000, 0x00000000aa600000, 0x00000000aa700000|  0%| F|  |TAMS 0x00000000aa600000, 0x00000000aa600000| Untracked 
| 129|0x00000000aa700000, 0x00000000aa700000, 0x00000000aa800000|  0%| F|  |TAMS 0x00000000aa700000, 0x00000000aa700000| Untracked 
| 130|0x00000000aa800000, 0x00000000aa800000, 0x00000000aa900000|  0%| F|  |TAMS 0x00000000aa800000, 0x00000000aa800000| Untracked 
| 131|0x00000000aa900000, 0x00000000aa900000, 0x00000000aaa00000|  0%| F|  |TAMS 0x00000000aa900000, 0x00000000aa900000| Untracked 
| 132|0x00000000aaa00000, 0x00000000aaa00000, 0x00000000aab00000|  0%| F|  |TAMS 0x00000000aaa00000, 0x00000000aaa00000| Untracked 
| 133|0x00000000aab00000, 0x00000000aab00000, 0x00000000aac00000|  0%| F|  |TAMS 0x00000000aab00000, 0x00000000aab00000| Untracked 
| 134|0x00000000aac00000, 0x00000000aac00000, 0x00000000aad00000|  0%| F|  |TAMS 0x00000000aac00000, 0x00000000aac00000| Untracked 
| 135|0x00000000aad00000, 0x00000000aad00000, 0x00000000aae00000|  0%| F|  |TAMS 0x00000000aad00000, 0x00000000aad00000| Untracked 
| 136|0x00000000aae00000, 0x00000000aae9cca0, 0x00000000aaf00000| 61%| E|  |TAMS 0x00000000aae00000, 0x00000000aae00000| Complete 
| 137|0x00000000aaf00000, 0x00000000ab000000, 0x00000000ab000000|100%| E|CS|TAMS 0x00000000aaf00000, 0x00000000aaf00000| Complete 
| 138|0x00000000ab000000, 0x00000000ab100000, 0x00000000ab100000|100%| E|CS|TAMS 0x00000000ab000000, 0x00000000ab000000| Complete 
| 139|0x00000000ab100000, 0x00000000ab200000, 0x00000000ab200000|100%| E|CS|TAMS 0x00000000ab100000, 0x00000000ab100000| Complete 
| 140|0x00000000ab200000, 0x00000000ab300000, 0x00000000ab300000|100%| E|CS|TAMS 0x00000000ab200000, 0x00000000ab200000| Complete 
| 141|0x00000000ab300000, 0x00000000ab400000, 0x00000000ab400000|100%| E|CS|TAMS 0x00000000ab300000, 0x00000000ab300000| Complete 
| 142|0x00000000ab400000, 0x00000000ab500000, 0x00000000ab500000|100%| E|CS|TAMS 0x00000000ab400000, 0x00000000ab400000| Complete 
| 143|0x00000000ab500000, 0x00000000ab600000, 0x00000000ab600000|100%| E|CS|TAMS 0x00000000ab500000, 0x00000000ab500000| Complete 
| 144|0x00000000ab600000, 0x00000000ab700000, 0x00000000ab700000|100%| E|CS|TAMS 0x00000000ab600000, 0x00000000ab600000| Complete 
| 145|0x00000000ab700000, 0x00000000ab800000, 0x00000000ab800000|100%| E|CS|TAMS 0x00000000ab700000, 0x00000000ab700000| Complete 
| 146|0x00000000ab800000, 0x00000000ab900000, 0x00000000ab900000|100%| E|CS|TAMS 0x00000000ab800000, 0x00000000ab800000| Complete 
| 147|0x00000000ab900000, 0x00000000aba00000, 0x00000000aba00000|100%| E|CS|TAMS 0x00000000ab900000, 0x00000000ab900000| Complete 
| 148|0x00000000aba00000, 0x00000000abb00000, 0x00000000abb00000|100%| E|CS|TAMS 0x00000000aba00000, 0x00000000aba00000| Complete 
| 149|0x00000000abb00000, 0x00000000abc00000, 0x00000000abc00000|100%| E|CS|TAMS 0x00000000abb00000, 0x00000000abb00000| Complete 
| 150|0x00000000abc00000, 0x00000000abd00000, 0x00000000abd00000|100%| E|CS|TAMS 0x00000000abc00000, 0x00000000abc00000| Complete 
| 151|0x00000000abd00000, 0x00000000abe00000, 0x00000000abe00000|100%| E|CS|TAMS 0x00000000abd00000, 0x00000000abd00000| Complete 
| 152|0x00000000abe00000, 0x00000000abf00000, 0x00000000abf00000|100%| E|CS|TAMS 0x00000000abe00000, 0x00000000abe00000| Complete 
| 153|0x00000000abf00000, 0x00000000ac000000, 0x00000000ac000000|100%| E|CS|TAMS 0x00000000abf00000, 0x00000000abf00000| Complete 
| 154|0x00000000ac000000, 0x00000000ac100000, 0x00000000ac100000|100%| E|CS|TAMS 0x00000000ac000000, 0x00000000ac000000| Complete 
| 155|0x00000000ac100000, 0x00000000ac200000, 0x00000000ac200000|100%| E|CS|TAMS 0x00000000ac100000, 0x00000000ac100000| Complete 
| 156|0x00000000ac200000, 0x00000000ac300000, 0x00000000ac300000|100%| E|CS|TAMS 0x00000000ac200000, 0x00000000ac200000| Complete 
| 157|0x00000000ac300000, 0x00000000ac400000, 0x00000000ac400000|100%| E|CS|TAMS 0x00000000ac300000, 0x00000000ac300000| Complete 
| 158|0x00000000ac400000, 0x00000000ac500000, 0x00000000ac500000|100%| E|CS|TAMS 0x00000000ac400000, 0x00000000ac400000| Complete 
| 159|0x00000000ac500000, 0x00000000ac600000, 0x00000000ac600000|100%| E|CS|TAMS 0x00000000ac500000, 0x00000000ac500000| Complete 
| 160|0x00000000ac600000, 0x00000000ac700000, 0x00000000ac700000|100%| E|CS|TAMS 0x00000000ac600000, 0x00000000ac600000| Complete 
| 161|0x00000000ac700000, 0x00000000ac800000, 0x00000000ac800000|100%| E|CS|TAMS 0x00000000ac700000, 0x00000000ac700000| Complete 
| 162|0x00000000ac800000, 0x00000000ac900000, 0x00000000ac900000|100%| E|CS|TAMS 0x00000000ac800000, 0x00000000ac800000| Complete 
| 163|0x00000000ac900000, 0x00000000aca00000, 0x00000000aca00000|100%| E|CS|TAMS 0x00000000ac900000, 0x00000000ac900000| Complete 
| 164|0x00000000aca00000, 0x00000000acb00000, 0x00000000acb00000|100%| E|CS|TAMS 0x00000000aca00000, 0x00000000aca00000| Complete 
| 165|0x00000000acb00000, 0x00000000acc00000, 0x00000000acc00000|100%| E|CS|TAMS 0x00000000acb00000, 0x00000000acb00000| Complete 
| 166|0x00000000acc00000, 0x00000000acd00000, 0x00000000acd00000|100%| E|CS|TAMS 0x00000000acc00000, 0x00000000acc00000| Complete 
| 167|0x00000000acd00000, 0x00000000ace00000, 0x00000000ace00000|100%| E|CS|TAMS 0x00000000acd00000, 0x00000000acd00000| Complete 
| 168|0x00000000ace00000, 0x00000000acf00000, 0x00000000acf00000|100%| E|CS|TAMS 0x00000000ace00000, 0x00000000ace00000| Complete 
| 169|0x00000000acf00000, 0x00000000ad000000, 0x00000000ad000000|100%| E|CS|TAMS 0x00000000acf00000, 0x00000000acf00000| Complete 
| 170|0x00000000ad000000, 0x00000000ad100000, 0x00000000ad100000|100%| E|CS|TAMS 0x00000000ad000000, 0x00000000ad000000| Complete 
| 171|0x00000000ad100000, 0x00000000ad200000, 0x00000000ad200000|100%| E|CS|TAMS 0x00000000ad100000, 0x00000000ad100000| Complete 
| 172|0x00000000ad200000, 0x00000000ad300000, 0x00000000ad300000|100%| E|CS|TAMS 0x00000000ad200000, 0x00000000ad200000| Complete 
| 173|0x00000000ad300000, 0x00000000ad400000, 0x00000000ad400000|100%| E|CS|TAMS 0x00000000ad300000, 0x00000000ad300000| Complete 
| 174|0x00000000ad400000, 0x00000000ad500000, 0x00000000ad500000|100%| E|CS|TAMS 0x00000000ad400000, 0x00000000ad400000| Complete 
| 175|0x00000000ad500000, 0x00000000ad600000, 0x00000000ad600000|100%| E|CS|TAMS 0x00000000ad500000, 0x00000000ad500000| Complete 
| 176|0x00000000ad600000, 0x00000000ad700000, 0x00000000ad700000|100%| E|CS|TAMS 0x00000000ad600000, 0x00000000ad600000| Complete 
| 177|0x00000000ad700000, 0x00000000ad800000, 0x00000000ad800000|100%| E|CS|TAMS 0x00000000ad700000, 0x00000000ad700000| Complete 
| 178|0x00000000ad800000, 0x00000000ad900000, 0x00000000ad900000|100%| E|CS|TAMS 0x00000000ad800000, 0x00000000ad800000| Complete 
| 179|0x00000000ad900000, 0x00000000ada00000, 0x00000000ada00000|100%| E|CS|TAMS 0x00000000ad900000, 0x00000000ad900000| Complete 
| 180|0x00000000ada00000, 0x00000000adb00000, 0x00000000adb00000|100%| E|CS|TAMS 0x00000000ada00000, 0x00000000ada00000| Complete 
| 181|0x00000000adb00000, 0x00000000adc00000, 0x00000000adc00000|100%| E|CS|TAMS 0x00000000adb00000, 0x00000000adb00000| Complete 
| 182|0x00000000adc00000, 0x00000000add00000, 0x00000000add00000|100%| E|CS|TAMS 0x00000000adc00000, 0x00000000adc00000| Complete 
| 183|0x00000000add00000, 0x00000000ade00000, 0x00000000ade00000|100%| E|CS|TAMS 0x00000000add00000, 0x00000000add00000| Complete 
| 184|0x00000000ade00000, 0x00000000adf00000, 0x00000000adf00000|100%| E|CS|TAMS 0x00000000ade00000, 0x00000000ade00000| Complete 
| 185|0x00000000adf00000, 0x00000000ae000000, 0x00000000ae000000|100%| E|CS|TAMS 0x00000000adf00000, 0x00000000adf00000| Complete 
| 186|0x00000000ae000000, 0x00000000ae100000, 0x00000000ae100000|100%| E|CS|TAMS 0x00000000ae000000, 0x00000000ae000000| Complete 
| 187|0x00000000ae100000, 0x00000000ae200000, 0x00000000ae200000|100%| E|CS|TAMS 0x00000000ae100000, 0x00000000ae100000| Complete 
| 188|0x00000000ae200000, 0x00000000ae300000, 0x00000000ae300000|100%| E|CS|TAMS 0x00000000ae200000, 0x00000000ae200000| Complete 
| 189|0x00000000ae300000, 0x00000000ae400000, 0x00000000ae400000|100%| E|CS|TAMS 0x00000000ae300000, 0x00000000ae300000| Complete 
| 190|0x00000000ae400000, 0x00000000ae500000, 0x00000000ae500000|100%| E|CS|TAMS 0x00000000ae400000, 0x00000000ae400000| Complete 
| 191|0x00000000ae500000, 0x00000000ae600000, 0x00000000ae600000|100%| E|CS|TAMS 0x00000000ae500000, 0x00000000ae500000| Complete 
| 192|0x00000000ae600000, 0x00000000ae700000, 0x00000000ae700000|100%| E|CS|TAMS 0x00000000ae600000, 0x00000000ae600000| Complete 
| 193|0x00000000ae700000, 0x00000000ae800000, 0x00000000ae800000|100%| E|CS|TAMS 0x00000000ae700000, 0x00000000ae700000| Complete 
| 194|0x00000000ae800000, 0x00000000ae900000, 0x00000000ae900000|100%| E|CS|TAMS 0x00000000ae800000, 0x00000000ae800000| Complete 
| 195|0x00000000ae900000, 0x00000000aea00000, 0x00000000aea00000|100%| E|CS|TAMS 0x00000000ae900000, 0x00000000ae900000| Complete 
| 196|0x00000000aea00000, 0x00000000aeb00000, 0x00000000aeb00000|100%| E|CS|TAMS 0x00000000aea00000, 0x00000000aea00000| Complete 
| 197|0x00000000aeb00000, 0x00000000aec00000, 0x00000000aec00000|100%| E|CS|TAMS 0x00000000aeb00000, 0x00000000aeb00000| Complete 
| 198|0x00000000aec00000, 0x00000000aed00000, 0x00000000aed00000|100%| E|CS|TAMS 0x00000000aec00000, 0x00000000aec00000| Complete 
| 199|0x00000000aed00000, 0x00000000aee00000, 0x00000000aee00000|100%| E|CS|TAMS 0x00000000aed00000, 0x00000000aed00000| Complete 
| 200|0x00000000aee00000, 0x00000000aef00000, 0x00000000aef00000|100%| E|CS|TAMS 0x00000000aee00000, 0x00000000aee00000| Complete 
| 201|0x00000000aef00000, 0x00000000af000000, 0x00000000af000000|100%| E|CS|TAMS 0x00000000aef00000, 0x00000000aef00000| Complete 
| 202|0x00000000af000000, 0x00000000af100000, 0x00000000af100000|100%| E|CS|TAMS 0x00000000af000000, 0x00000000af000000| Complete 
| 203|0x00000000af100000, 0x00000000af200000, 0x00000000af200000|100%| E|CS|TAMS 0x00000000af100000, 0x00000000af100000| Complete 
| 204|0x00000000af200000, 0x00000000af300000, 0x00000000af300000|100%| E|CS|TAMS 0x00000000af200000, 0x00000000af200000| Complete 
| 205|0x00000000af300000, 0x00000000af400000, 0x00000000af400000|100%| E|CS|TAMS 0x00000000af300000, 0x00000000af300000| Complete 
| 206|0x00000000af400000, 0x00000000af500000, 0x00000000af500000|100%| E|CS|TAMS 0x00000000af400000, 0x00000000af400000| Complete 
| 207|0x00000000af500000, 0x00000000af600000, 0x00000000af600000|100%| E|CS|TAMS 0x00000000af500000, 0x00000000af500000| Complete 
| 208|0x00000000af600000, 0x00000000af700000, 0x00000000af700000|100%| E|CS|TAMS 0x00000000af600000, 0x00000000af600000| Complete 
| 209|0x00000000af700000, 0x00000000af800000, 0x00000000af800000|100%| E|CS|TAMS 0x00000000af700000, 0x00000000af700000| Complete 
| 210|0x00000000af800000, 0x00000000af900000, 0x00000000af900000|100%| E|CS|TAMS 0x00000000af800000, 0x00000000af800000| Complete 
| 211|0x00000000af900000, 0x00000000afa00000, 0x00000000afa00000|100%| E|CS|TAMS 0x00000000af900000, 0x00000000af900000| Complete 
| 212|0x00000000afa00000, 0x00000000afb00000, 0x00000000afb00000|100%| E|CS|TAMS 0x00000000afa00000, 0x00000000afa00000| Complete 
| 213|0x00000000afb00000, 0x00000000afc00000, 0x00000000afc00000|100%| E|CS|TAMS 0x00000000afb00000, 0x00000000afb00000| Complete 
| 214|0x00000000afc00000, 0x00000000afd00000, 0x00000000afd00000|100%| E|CS|TAMS 0x00000000afc00000, 0x00000000afc00000| Complete 
| 215|0x00000000afd00000, 0x00000000afe00000, 0x00000000afe00000|100%| E|CS|TAMS 0x00000000afd00000, 0x00000000afd00000| Complete 
| 216|0x00000000afe00000, 0x00000000aff00000, 0x00000000aff00000|100%| E|CS|TAMS 0x00000000afe00000, 0x00000000afe00000| Complete 
| 217|0x00000000aff00000, 0x00000000b0000000, 0x00000000b0000000|100%| E|CS|TAMS 0x00000000aff00000, 0x00000000aff00000| Complete 
| 218|0x00000000b0000000, 0x00000000b0100000, 0x00000000b0100000|100%| E|CS|TAMS 0x00000000b0000000, 0x00000000b0000000| Complete 
| 219|0x00000000b0100000, 0x00000000b0200000, 0x00000000b0200000|100%| E|CS|TAMS 0x00000000b0100000, 0x00000000b0100000| Complete 
| 220|0x00000000b0200000, 0x00000000b0300000, 0x00000000b0300000|100%| E|CS|TAMS 0x00000000b0200000, 0x00000000b0200000| Complete 
| 221|0x00000000b0300000, 0x00000000b0400000, 0x00000000b0400000|100%| E|CS|TAMS 0x00000000b0300000, 0x00000000b0300000| Complete 
| 222|0x00000000b0400000, 0x00000000b0500000, 0x00000000b0500000|100%| E|CS|TAMS 0x00000000b0400000, 0x00000000b0400000| Complete 
| 223|0x00000000b0500000, 0x00000000b0600000, 0x00000000b0600000|100%| E|CS|TAMS 0x00000000b0500000, 0x00000000b0500000| Complete 
| 224|0x00000000b0600000, 0x00000000b0700000, 0x00000000b0700000|100%| E|CS|TAMS 0x00000000b0600000, 0x00000000b0600000| Complete 
| 225|0x00000000b0700000, 0x00000000b0800000, 0x00000000b0800000|100%| E|CS|TAMS 0x00000000b0700000, 0x00000000b0700000| Complete 
| 226|0x00000000b0800000, 0x00000000b0900000, 0x00000000b0900000|100%| E|CS|TAMS 0x00000000b0800000, 0x00000000b0800000| Complete 
| 227|0x00000000b0900000, 0x00000000b0a00000, 0x00000000b0a00000|100%| E|CS|TAMS 0x00000000b0900000, 0x00000000b0900000| Complete 
| 228|0x00000000b0a00000, 0x00000000b0b00000, 0x00000000b0b00000|100%| E|CS|TAMS 0x00000000b0a00000, 0x00000000b0a00000| Complete 
| 229|0x00000000b0b00000, 0x00000000b0c00000, 0x00000000b0c00000|100%| E|CS|TAMS 0x00000000b0b00000, 0x00000000b0b00000| Complete 
| 230|0x00000000b0c00000, 0x00000000b0d00000, 0x00000000b0d00000|100%| E|CS|TAMS 0x00000000b0c00000, 0x00000000b0c00000| Complete 
| 231|0x00000000b0d00000, 0x00000000b0e00000, 0x00000000b0e00000|100%| E|CS|TAMS 0x00000000b0d00000, 0x00000000b0d00000| Complete 
| 232|0x00000000b0e00000, 0x00000000b0f00000, 0x00000000b0f00000|100%| E|CS|TAMS 0x00000000b0e00000, 0x00000000b0e00000| Complete 
| 233|0x00000000b0f00000, 0x00000000b1000000, 0x00000000b1000000|100%| E|CS|TAMS 0x00000000b0f00000, 0x00000000b0f00000| Complete 
| 234|0x00000000b1000000, 0x00000000b1100000, 0x00000000b1100000|100%| E|CS|TAMS 0x00000000b1000000, 0x00000000b1000000| Complete 
| 235|0x00000000b1100000, 0x00000000b1200000, 0x00000000b1200000|100%| E|CS|TAMS 0x00000000b1100000, 0x00000000b1100000| Complete 
| 236|0x00000000b1200000, 0x00000000b1300000, 0x00000000b1300000|100%| E|CS|TAMS 0x00000000b1200000, 0x00000000b1200000| Complete 
| 237|0x00000000b1300000, 0x00000000b1400000, 0x00000000b1400000|100%| E|CS|TAMS 0x00000000b1300000, 0x00000000b1300000| Complete 
| 238|0x00000000b1400000, 0x00000000b1500000, 0x00000000b1500000|100%| E|CS|TAMS 0x00000000b1400000, 0x00000000b1400000| Complete 
| 239|0x00000000b1500000, 0x00000000b1600000, 0x00000000b1600000|100%| E|CS|TAMS 0x00000000b1500000, 0x00000000b1500000| Complete 
| 240|0x00000000b1600000, 0x00000000b1700000, 0x00000000b1700000|100%| E|CS|TAMS 0x00000000b1600000, 0x00000000b1600000| Complete 
| 241|0x00000000b1700000, 0x00000000b1800000, 0x00000000b1800000|100%| E|CS|TAMS 0x00000000b1700000, 0x00000000b1700000| Complete 
| 242|0x00000000b1800000, 0x00000000b1900000, 0x00000000b1900000|100%| E|CS|TAMS 0x00000000b1800000, 0x00000000b1800000| Complete 
| 243|0x00000000b1900000, 0x00000000b1a00000, 0x00000000b1a00000|100%| E|CS|TAMS 0x00000000b1900000, 0x00000000b1900000| Complete 
| 244|0x00000000b1a00000, 0x00000000b1b00000, 0x00000000b1b00000|100%| E|CS|TAMS 0x00000000b1a00000, 0x00000000b1a00000| Complete 
| 245|0x00000000b1b00000, 0x00000000b1c00000, 0x00000000b1c00000|100%| E|CS|TAMS 0x00000000b1b00000, 0x00000000b1b00000| Complete 
| 246|0x00000000b1c00000, 0x00000000b1d00000, 0x00000000b1d00000|100%| E|CS|TAMS 0x00000000b1c00000, 0x00000000b1c00000| Complete 
| 247|0x00000000b1d00000, 0x00000000b1e00000, 0x00000000b1e00000|100%| E|CS|TAMS 0x00000000b1d00000, 0x00000000b1d00000| Complete 
| 248|0x00000000b1e00000, 0x00000000b1f00000, 0x00000000b1f00000|100%| E|CS|TAMS 0x00000000b1e00000, 0x00000000b1e00000| Complete 
| 249|0x00000000b1f00000, 0x00000000b2000000, 0x00000000b2000000|100%| E|CS|TAMS 0x00000000b1f00000, 0x00000000b1f00000| Complete 
| 250|0x00000000b2000000, 0x00000000b2100000, 0x00000000b2100000|100%| E|CS|TAMS 0x00000000b2000000, 0x00000000b2000000| Complete 
| 251|0x00000000b2100000, 0x00000000b2200000, 0x00000000b2200000|100%| E|CS|TAMS 0x00000000b2100000, 0x00000000b2100000| Complete 
| 252|0x00000000b2200000, 0x00000000b2300000, 0x00000000b2300000|100%| E|CS|TAMS 0x00000000b2200000, 0x00000000b2200000| Complete 
| 253|0x00000000b2300000, 0x00000000b2400000, 0x00000000b2400000|100%| E|CS|TAMS 0x00000000b2300000, 0x00000000b2300000| Complete 
| 254|0x00000000b2400000, 0x00000000b2500000, 0x00000000b2500000|100%| E|CS|TAMS 0x00000000b2400000, 0x00000000b2400000| Complete 
| 255|0x00000000b2500000, 0x00000000b2600000, 0x00000000b2600000|100%| E|CS|TAMS 0x00000000b2500000, 0x00000000b2500000| Complete 
| 259|0x00000000b2900000, 0x00000000b2a00000, 0x00000000b2a00000|100%| E|CS|TAMS 0x00000000b2900000, 0x00000000b2900000| Complete 
| 260|0x00000000b2a00000, 0x00000000b2b00000, 0x00000000b2b00000|100%| E|CS|TAMS 0x00000000b2a00000, 0x00000000b2a00000| Complete 
| 261|0x00000000b2b00000, 0x00000000b2c00000, 0x00000000b2c00000|100%| E|CS|TAMS 0x00000000b2b00000, 0x00000000b2b00000| Complete 
| 262|0x00000000b2c00000, 0x00000000b2d00000, 0x00000000b2d00000|100%| E|CS|TAMS 0x00000000b2c00000, 0x00000000b2c00000| Complete 
| 263|0x00000000b2d00000, 0x00000000b2e00000, 0x00000000b2e00000|100%| E|CS|TAMS 0x00000000b2d00000, 0x00000000b2d00000| Complete 
| 264|0x00000000b2e00000, 0x00000000b2f00000, 0x00000000b2f00000|100%| E|CS|TAMS 0x00000000b2e00000, 0x00000000b2e00000| Complete 
| 265|0x00000000b2f00000, 0x00000000b3000000, 0x00000000b3000000|100%| E|CS|TAMS 0x00000000b2f00000, 0x00000000b2f00000| Complete 
| 266|0x00000000b3000000, 0x00000000b3100000, 0x00000000b3100000|100%| E|CS|TAMS 0x00000000b3000000, 0x00000000b3000000| Complete 

Card table byte_map: [0x000002933e6f0000,0x000002933e9e0000] _byte_map_base: 0x000002933e1dd000

Marking Bits (Prev, Next): (CMBitMap*) 0x00000293276514d0, (CMBitMap*) 0x0000029327651490
 Prev Bits: [0x0000029340440000, 0x0000029341ba8000)
 Next Bits: [0x000002933ecd0000, 0x0000029340438000)

Polling page: 0x0000029325590000

Metaspace:

Usage:
  Non-class:     86.65 MB used.
      Class:     12.99 MB used.
       Both:     99.64 MB used.

Virtual space:
  Non-class space:      128.00 MB reserved,      87.12 MB ( 68%) committed,  2 nodes.
      Class space:        1.00 GB reserved,      13.44 MB (  1%) committed,  1 nodes.
             Both:        1.12 GB reserved,     100.56 MB (  9%) committed. 

Chunk freelists:
   Non-Class:  8.64 MB
       Class:  2.47 MB
        Both:  11.11 MB

MaxMetaspaceSize: unlimited
CompressedClassSpaceSize: 1.00 GB
Initial GC threshold: 21.00 MB
Current GC threshold: 134.50 MB
CDS: on
MetaspaceReclaimPolicy: balanced
 - commit_granule_bytes: 65536.
 - commit_granule_words: 8192.
 - virtual_space_node_default_size: 8388608.
 - enlarge_chunks_in_place: 1.
 - new_chunks_are_fully_committed: 0.
 - uncommit_free_chunks: 1.
 - use_allocation_guard: 0.
 - handle_deallocations: 1.


Internal statistics:

num_allocs_failed_limit: 9.
num_arena_births: 1674.
num_arena_deaths: 0.
num_vsnodes_births: 3.
num_vsnodes_deaths: 0.
num_space_committed: 1607.
num_space_uncommitted: 0.
num_chunks_returned_to_freelist: 9.
num_chunks_taken_from_freelist: 5708.
num_chunk_merges: 6.
num_chunk_splits: 3914.
num_chunks_enlarged: 2807.
num_inconsistent_stats: 0.

CodeHeap 'non-profiled nmethods': size=120000Kb used=9456Kb max_used=9456Kb free=110543Kb
 bounds [0x0000029336980000, 0x00000293372c0000, 0x000002933deb0000]
CodeHeap 'profiled nmethods': size=120000Kb used=29365Kb max_used=29365Kb free=90634Kb
 bounds [0x000002932eeb0000, 0x0000029330b60000, 0x00000293363e0000]
CodeHeap 'non-nmethods': size=5760Kb used=1429Kb max_used=1487Kb free=4330Kb
 bounds [0x00000293363e0000, 0x0000029336650000, 0x0000029336980000]
 total_blobs=15576 nmethods=14805 adapters=682
 compilation: enabled
              stopped_count=0, restarted_count=0
 full_count=0

Compilation events (20 events):
Event: 1088.684 Thread 0x00000293447f6040 nmethod 17141 0x00000293372b8f10 code [0x00000293372b90a0, 0x00000293372b9158]
Event: 1088.717 Thread 0x00000293447f6040 17142       4       org.hibernate.type.spi.TypeConfiguration::getBasicTypeForJavaType (45 bytes)
Event: 1088.792 Thread 0x00000293447fba60 17143       3       org.springframework.core.convert.support.GenericConversionService::convert (116 bytes)
Event: 1088.829 Thread 0x00000293447fba60 nmethod 17143 0x0000029330b5a290 code [0x0000029330b5a5a0, 0x0000029330b5b7a8]
Event: 1088.913 Thread 0x00000293447f6040 nmethod 17142 0x00000293372b9210 code [0x00000293372b94a0, 0x00000293372ba8c0]
Event: 1088.914 Thread 0x00000293447f6040 17144       4       org.hibernate.engine.spi.ActionQueue::areTablesToBeUpdated (76 bytes)
Event: 1088.934 Thread 0x00000293447f6040 nmethod 17144 0x00000293372bb510 code [0x00000293372bb6a0, 0x00000293372bb7f8]
Event: 1095.314 Thread 0x00000293447f6040 17145       4       java.util.concurrent.locks.ReentrantLock$NonfairSync::tryAcquire (27 bytes)
Event: 1095.321 Thread 0x00000293447f6040 nmethod 17145 0x00000293372bba10 code [0x00000293372bbb80, 0x00000293372bbcd8]
Event: 1108.059 Thread 0x00000293447fba60 17146       3       org.springframework.web.socket.sockjs.transport.session.AbstractSockJsSession::getTimeSinceLastActive (36 bytes)
Event: 1108.108 Thread 0x00000293447fba60 nmethod 17146 0x0000029330b5bd90 code [0x0000029330b5bf80, 0x0000029330b5c568]
Event: 1108.109 Thread 0x00000293447fba60 17147       3       org.springframework.web.socket.sockjs.transport.session.AbstractSockJsSession::isNew (11 bytes)
Event: 1108.112 Thread 0x00000293447fba60 nmethod 17147 0x0000029330b5c710 code [0x0000029330b5c8a0, 0x0000029330b5ca78]
Event: 1112.079 Thread 0x00000293447f6040 17148       4       java.util.HashMap$KeySet::iterator (12 bytes)
Event: 1112.163 Thread 0x00000293447f6040 nmethod 17148 0x00000293372bbd90 code [0x00000293372bbf20, 0x00000293372bc198]
Event: 1118.490 Thread 0x00000293447fba60 17149       3       org.springframework.util.MultiValueMapAdapter::entrySet (10 bytes)
Event: 1118.514 Thread 0x00000293447fba60 nmethod 17149 0x0000029330b5cb10 code [0x0000029330b5ccc0, 0x0000029330b5ce88]
Event: 1118.677 Thread 0x00000293447fba60 17150       3       org.springframework.core.convert.support.GenericConversionService::canConvert (25 bytes)
Event: 1118.698 Thread 0x00000293447fba60 nmethod 17150 0x0000029330b5cf90 code [0x0000029330b5d160, 0x0000029330b5d538]
Event: 1118.827 Thread 0x00000293447f6040 17151       4       org.hibernate.sql.results.jdbc.internal.JdbcValuesResultSetImpl::<init> (272 bytes)

GC Heap History (20 events):
Event: 16.567 GC heap before
{Heap before GC invocations=26 (full 0):
 garbage-first heap   total 124928K, used 100764K [0x00000000a2600000, 0x0000000100000000)
  region size 1024K, 49 young (50176K), 2 survivors (2048K)
 Metaspace       used 81493K, committed 82048K, reserved 1179648K
  class space    used 11060K, committed 11328K, reserved 1048576K
}
Event: 16.572 GC heap after
{Heap after GC invocations=27 (full 0):
 garbage-first heap   total 124928K, used 55363K [0x00000000a2600000, 0x0000000100000000)
  region size 1024K, 5 young (5120K), 5 survivors (5120K)
 Metaspace       used 81493K, committed 82048K, reserved 1179648K
  class space    used 11060K, committed 11328K, reserved 1048576K
}
Event: 16.717 GC heap before
{Heap before GC invocations=27 (full 0):
 garbage-first heap   total 124928K, used 100419K [0x00000000a2600000, 0x0000000100000000)
  region size 1024K, 49 young (50176K), 5 survivors (5120K)
 Metaspace       used 81495K, committed 82112K, reserved 1179648K
  class space    used 11060K, committed 11328K, reserved 1048576K
}
Event: 16.727 GC heap after
{Heap after GC invocations=28 (full 0):
 garbage-first heap   total 124928K, used 61176K [0x00000000a2600000, 0x0000000100000000)
  region size 1024K, 7 young (7168K), 7 survivors (7168K)
 Metaspace       used 81495K, committed 82112K, reserved 1179648K
  class space    used 11060K, committed 11328K, reserved 1048576K
}
Event: 16.933 GC heap before
{Heap before GC invocations=28 (full 0):
 garbage-first heap   total 124928K, used 97016K [0x00000000a2600000, 0x0000000100000000)
  region size 1024K, 42 young (43008K), 7 survivors (7168K)
 Metaspace       used 81711K, committed 82368K, reserved 1179648K
  class space    used 11078K, committed 11392K, reserved 1048576K
}
Event: 16.947 GC heap after
{Heap after GC invocations=29 (full 0):
 garbage-first heap   total 124928K, used 68695K [0x00000000a2600000, 0x0000000100000000)
  region size 1024K, 6 young (6144K), 6 survivors (6144K)
 Metaspace       used 81711K, committed 82368K, reserved 1179648K
  class space    used 11078K, committed 11392K, reserved 1048576K
}
Event: 17.079 GC heap before
{Heap before GC invocations=29 (full 0):
 garbage-first heap   total 124928K, used 96343K [0x00000000a2600000, 0x0000000100000000)
  region size 1024K, 33 young (33792K), 6 survivors (6144K)
 Metaspace       used 81929K, committed 82560K, reserved 1179648K
  class space    used 11097K, committed 11392K, reserved 1048576K
}
Event: 17.088 GC heap after
{Heap after GC invocations=30 (full 0):
 garbage-first heap   total 273408K, used 70862K [0x00000000a2600000, 0x0000000100000000)
  region size 1024K, 2 young (2048K), 2 survivors (2048K)
 Metaspace       used 81929K, committed 82560K, reserved 1179648K
  class space    used 11097K, committed 11392K, reserved 1048576K
}
Event: 17.618 GC heap before
{Heap before GC invocations=31 (full 0):
 garbage-first heap   total 270336K, used 197838K [0x00000000a2600000, 0x0000000100000000)
  region size 1024K, 126 young (129024K), 2 survivors (2048K)
 Metaspace       used 82849K, committed 83456K, reserved 1179648K
  class space    used 11182K, committed 11456K, reserved 1048576K
}
Event: 17.625 GC heap after
{Heap after GC invocations=32 (full 0):
 garbage-first heap   total 270336K, used 73458K [0x00000000a2600000, 0x0000000100000000)
  region size 1024K, 4 young (4096K), 4 survivors (4096K)
 Metaspace       used 82849K, committed 83456K, reserved 1179648K
  class space    used 11182K, committed 11456K, reserved 1048576K
}
Event: 17.641 GC heap before
{Heap before GC invocations=32 (full 0):
 garbage-first heap   total 270336K, used 82674K [0x00000000a2600000, 0x0000000100000000)
  region size 1024K, 13 young (13312K), 4 survivors (4096K)
 Metaspace       used 82849K, committed 83456K, reserved 1179648K
  class space    used 11182K, committed 11456K, reserved 1048576K
}
Event: 17.645 GC heap after
{Heap after GC invocations=33 (full 0):
 garbage-first heap   total 270336K, used 72587K [0x00000000a2600000, 0x0000000100000000)
  region size 1024K, 1 young (1024K), 1 survivors (1024K)
 Metaspace       used 82849K, committed 83456K, reserved 1179648K
  class space    used 11182K, committed 11456K, reserved 1048576K
}
Event: 18.849 GC heap before
{Heap before GC invocations=33 (full 0):
 garbage-first heap   total 270336K, used 212875K [0x00000000a2600000, 0x0000000100000000)
  region size 1024K, 138 young (141312K), 1 survivors (1024K)
 Metaspace       used 86490K, committed 87104K, reserved 1179648K
  class space    used 11591K, committed 11904K, reserved 1048576K
}
Event: 18.856 GC heap after
{Heap after GC invocations=34 (full 0):
 garbage-first heap   total 270336K, used 76792K [0x00000000a2600000, 0x0000000100000000)
  region size 1024K, 5 young (5120K), 5 survivors (5120K)
 Metaspace       used 86490K, committed 87104K, reserved 1179648K
  class space    used 11591K, committed 11904K, reserved 1048576K
}
Event: 89.590 GC heap before
{Heap before GC invocations=34 (full 0):
 garbage-first heap   total 270336K, used 219128K [0x00000000a2600000, 0x0000000100000000)
  region size 1024K, 144 young (147456K), 5 survivors (5120K)
 Metaspace       used 99203K, committed 100032K, reserved 1179648K
  class space    used 13223K, committed 13632K, reserved 1048576K
}
Event: 89.709 GC heap after
{Heap after GC invocations=35 (full 0):
 garbage-first heap   total 270336K, used 83867K [0x00000000a2600000, 0x0000000100000000)
  region size 1024K, 12 young (12288K), 12 survivors (12288K)
 Metaspace       used 99203K, committed 100032K, reserved 1179648K
  class space    used 13223K, committed 13632K, reserved 1048576K
}
Event: 90.109 GC heap before
{Heap before GC invocations=35 (full 0):
 garbage-first heap   total 270336K, used 218011K [0x00000000a2600000, 0x0000000100000000)
  region size 1024K, 143 young (146432K), 12 survivors (12288K)
 Metaspace       used 99204K, committed 100032K, reserved 1179648K
  class space    used 13223K, committed 13632K, reserved 1048576K
}
Event: 90.137 GC heap after
{Heap after GC invocations=36 (full 0):
 garbage-first heap   total 270336K, used 84229K [0x00000000a2600000, 0x0000000100000000)
  region size 1024K, 8 young (8192K), 8 survivors (8192K)
 Metaspace       used 99204K, committed 100032K, reserved 1179648K
  class space    used 13223K, committed 13632K, reserved 1048576K
}
Event: 90.519 GC heap before
{Heap before GC invocations=36 (full 0):
 garbage-first heap   total 270336K, used 223493K [0x00000000a2600000, 0x0000000100000000)
  region size 1024K, 144 young (147456K), 8 survivors (8192K)
 Metaspace       used 99494K, committed 100416K, reserved 1179648K
  class space    used 13247K, committed 13696K, reserved 1048576K
}
Event: 90.527 GC heap after
{Heap after GC invocations=37 (full 0):
 garbage-first heap   total 270336K, used 83771K [0x00000000a2600000, 0x0000000100000000)
  region size 1024K, 8 young (8192K), 8 survivors (8192K)
 Metaspace       used 99494K, committed 100416K, reserved 1179648K
  class space    used 13247K, committed 13696K, reserved 1048576K
}

Deoptimization events (20 events):
Event: 488.063 Thread 0x000002938f396ab0 DEOPT PACKING pc=0x00000293372195a0 sp=0x000000a0439fce50
Event: 488.063 Thread 0x000002938f396ab0 DEOPT UNPACKING pc=0x00000293364323a3 sp=0x000000a0439fcd38 mode 2
Event: 488.069 Thread 0x000002938f396ab0 Uncommon trap: trap_request=0xffffffd6 fr.pc=0x00000293372195a0 relative=0x0000000000001380
Event: 488.070 Thread 0x000002938f396ab0 Uncommon trap: reason=array_check action=maybe_recompile pc=0x00000293372195a0 method=org.hibernate.engine.internal.EntityEntryContext.reentrantSafeEntityEntries()[Ljava/util/Map$Entry; @ 56 c2
Event: 488.070 Thread 0x000002938f396ab0 DEOPT PACKING pc=0x00000293372195a0 sp=0x000000a0439fca50
Event: 488.070 Thread 0x000002938f396ab0 DEOPT UNPACKING pc=0x00000293364323a3 sp=0x000000a0439fc938 mode 2
Event: 488.081 Thread 0x000002938f396ab0 Uncommon trap: trap_request=0xffffffd6 fr.pc=0x00000293372195a0 relative=0x0000000000001380
Event: 488.081 Thread 0x000002938f396ab0 Uncommon trap: reason=array_check action=maybe_recompile pc=0x00000293372195a0 method=org.hibernate.engine.internal.EntityEntryContext.reentrantSafeEntityEntries()[Ljava/util/Map$Entry; @ 56 c2
Event: 488.081 Thread 0x000002938f396ab0 DEOPT PACKING pc=0x00000293372195a0 sp=0x000000a0439fd0d0
Event: 488.081 Thread 0x000002938f396ab0 DEOPT UNPACKING pc=0x00000293364323a3 sp=0x000000a0439fcfb8 mode 2
Event: 518.075 Thread 0x000002938c7c59c0 Uncommon trap: trap_request=0xffffffd6 fr.pc=0x00000293372195a0 relative=0x0000000000001380
Event: 518.075 Thread 0x000002938c7c59c0 Uncommon trap: reason=array_check action=maybe_recompile pc=0x00000293372195a0 method=org.hibernate.engine.internal.EntityEntryContext.reentrantSafeEntityEntries()[Ljava/util/Map$Entry; @ 56 c2
Event: 518.075 Thread 0x000002938c7c59c0 DEOPT PACKING pc=0x00000293372195a0 sp=0x000000a0434fd2f0
Event: 518.076 Thread 0x000002938c7c59c0 DEOPT UNPACKING pc=0x00000293364323a3 sp=0x000000a0434fd1d8 mode 2
Event: 518.180 Thread 0x000002938c7c59c0 DEOPT PACKING pc=0x00000293305bd5fa sp=0x000000a0434fd250
Event: 518.180 Thread 0x000002938c7c59c0 DEOPT UNPACKING pc=0x0000029336432b43 sp=0x000000a0434fc768 mode 0
Event: 1058.159 Thread 0x000002938a6715f0 Uncommon trap: trap_request=0xffffff54 fr.pc=0x00000293372b72a0 relative=0x0000000000000080
Event: 1058.160 Thread 0x000002938a6715f0 Uncommon trap: reason=speculate_null_assert action=make_not_entrant pc=0x00000293372b72a0 method=org.hibernate.internal.util.NullnessHelper.lambda$coalesceSuppliedValues$0(Ljava/lang/Object;)Ljava/lang/Boolean; @ 18 c2
Event: 1058.161 Thread 0x000002938a6715f0 DEOPT PACKING pc=0x00000293372b72a0 sp=0x000000a0438fcf10
Event: 1058.161 Thread 0x000002938a6715f0 DEOPT UNPACKING pc=0x00000293364323a3 sp=0x000000a0438fce30 mode 2

Classes unloaded (0 events):
No events

Classes redefined (0 events):
No events

Internal exceptions (20 events):
Event: 36.860 Thread 0x000002938c7c5ed0 Exception <a 'java/lang/NoSuchMethodError'{0x00000000b06aa038}: 'java.lang.Object java.lang.invoke.DirectMethodHandle$Holder.invokeStatic(java.lang.Object, java.lang.Object, java.lang.Object, int, int)'> (0x00000000b06aa038) 
thrown [s\open\src\hotspot\share\interpreter\linkResolver.cpp, line 759]
Event: 36.861 Thread 0x000002938c7c5ed0 Exception <a 'java/lang/NoSuchMethodError'{0x00000000b06ada30}: 'java.lang.Object java.lang.invoke.DirectMethodHandle$Holder.invokeStaticInit(java.lang.Object, java.lang.Object, java.lang.Object, int, int)'> (0x00000000b06ada30) 
thrown [s\open\src\hotspot\share\interpreter\linkResolver.cpp, line 759]
Event: 36.918 Thread 0x000002938ed726b0 Exception <a 'java/lang/NoSuchMethodError'{0x00000000afc249c0}: 'java.lang.Object java.lang.invoke.DirectMethodHandle$Holder.invokeSpecial(java.lang.Object, java.lang.Object, java.lang.Object, java.lang.Object, java.lang.Object, long)'> (0x00000000afc249c0) 
thrown [s\open\src\hotspot\share\interpreter\linkResolver.cpp, line 759]
Event: 36.919 Thread 0x000002938ed726b0 Exception <a 'java/lang/NoSuchMethodError'{0x00000000afc283b8}: 'java.lang.Object java.lang.invoke.Invokers$Holder.linkToTargetMethod(java.lang.Object, java.lang.Object, java.lang.Object, long, java.lang.Object)'> (0x00000000afc283b8) 
thrown [s\open\src\hotspot\share\interpreter\linkResolver.cpp, line 759]
Event: 37.232 Thread 0x000002938ed721a0 Exception <a 'java/lang/IncompatibleClassChangeError'{0x00000000af35dae8}: Found class java.lang.Object, but interface was expected> (0x00000000af35dae8) 
thrown [s\open\src\hotspot\share\interpreter\linkResolver.cpp, line 826]
Event: 37.383 Thread 0x000002938ed721a0 Exception <a 'java/lang/NoSuchMethodError'{0x00000000aef37298}: 'java.lang.Object java.lang.invoke.Invokers$Holder.linkToTargetMethod(java.lang.Object, int, java.lang.Object, java.lang.Object, java.lang.Object, java.lang.Object)'> (0x00000000aef37298) 
thrown [s\open\src\hotspot\share\interpreter\linkResolver.cpp, line 759]
Event: 37.384 Thread 0x000002938ed721a0 Exception <a 'java/lang/NoSuchMethodError'{0x00000000aef44210}: 'int java.lang.invoke.DirectMethodHandle$Holder.invokeStatic(java.lang.Object, java.lang.Object, int, java.lang.Object)'> (0x00000000aef44210) 
thrown [s\open\src\hotspot\share\interpreter\linkResolver.cpp, line 759]
Event: 37.595 Thread 0x000002938ed71c90 Exception <a 'java/lang/NoSuchMethodError'{0x00000000ae6659a0}: 'java.lang.Object java.lang.invoke.DelegatingMethodHandle$Holder.reinvoke_L(java.lang.Object, java.lang.Object, long, java.lang.Object, java.lang.Object, java.lang.Object, java.lang.Object, java.lang.Object, java.lang.Object, java.lang.Object, java.lang.Object, java.lang.Object, java.lang.Object, java.lang.Object, java.lang.Object, java.lang.Object, java.lang.Object)'> (0x00000000ae6659a0) 
thrown [s\open\src\hotspot\share\interpreter\linkReso
Event: 37.598 Thread 0x000002938ed71c90 Exception <a 'java/lang/NoSuchMethodError'{0x00000000ae6aeb90}: 'java.lang.Object java.lang.invoke.DirectMethodHandle$Holder.invokeSpecial(java.lang.Object, java.lang.Object, long, java.lang.Object, java.lang.Object, java.lang.Object, java.lang.Object, java.lang.Object, java.lang.Object, java.lang.Object, java.lang.Object, java.lang.Object, java.lang.Object, java.lang.Object, java.lang.Object, java.lang.Object, java.lang.Object)'> (0x00000000ae6aeb90) 
thrown [s\open\src\hotspot\share\interpreter\linkResol
Event: 37.599 Thread 0x000002938ed71c90 Exception <a 'java/lang/NoSuchMethodError'{0x00000000ae6b4240}: 'java.lang.Object java.lang.invoke.DelegatingMethodHandle$Holder.reinvoke_L(java.lang.Object, long, java.lang.Object, java.lang.Object, java.lang.Object, java.lang.Object, java.lang.Object, java.lang.Object, java.lang.Object, java.lang.Object, java.lang.Object, java.lang.Object, java.lang.Object, java.lang.Object, java.lang.Object, java.lang.Object)'> (0x00000000ae6b4240) 
thrown [s\open\src\hotspot\share\interpreter\linkResolver.cpp, line 759
Event: 37.600 Thread 0x000002938ed71c90 Exception <a 'java/lang/NoSuchMethodError'{0x00000000ae6d9538}: 'java.lang.Object java.lang.invoke.DirectMethodHandle$Holder.invokeSpecial(java.lang.Object, java.lang.Object, java.lang.Object, java.lang.Object, java.lang.Object, java.lang.Object, java.lang.Object, java.lang.Object, java.lang.Object, java.lang.Object, java.lang.Object, java.lang.Object, java.lang.Object, java.lang.Object, java.lang.Object, java.lang.Object)'> (0x00000000ae6d9538) 
thrown [s\open\src\hotspot\share\interpreter\linkResolver.cp
Event: 37.600 Thread 0x000002938ed71c90 Exception <a 'java/lang/NoSuchMethodError'{0x00000000ae6df120}: 'java.lang.Object java.lang.invoke.Invokers$Holder.linkToTargetMethod(java.lang.Object, java.lang.Object, java.lang.Object, java.lang.Object, java.lang.Object, java.lang.Object, java.lang.Object, java.lang.Object, java.lang.Object, java.lang.Object, java.lang.Object, java.lang.Object, java.lang.Object, java.lang.Object, java.lang.Object)'> (0x00000000ae6df120) 
thrown [s\open\src\hotspot\share\interpreter\linkResolver.cpp, line 759]
Event: 37.881 Thread 0x000002938f768110 Exception <a 'java/lang/IncompatibleClassChangeError'{0x00000000ae44da50}: Found class java.lang.Object, but interface was expected> (0x00000000ae44da50) 
thrown [s\open\src\hotspot\share\interpreter\linkResolver.cpp, line 826]
Event: 37.989 Thread 0x000002938f766cd0 Exception <a 'java/lang/NoSuchMethodError'{0x00000000ae3125b8}: 'java.lang.Object java.lang.invoke.DirectMethodHandle$Holder.invokeStatic(java.lang.Object, int, int)'> (0x00000000ae3125b8) 
thrown [s\open\src\hotspot\share\interpreter\linkResolver.cpp, line 759]
Event: 38.326 Thread 0x000002938a6715f0 Exception <a 'java/lang/NoSuchMethodError'{0x00000000ae0eb450}: 'java.lang.Object java.lang.invoke.DirectMethodHandle$Holder.invokeSpecial(java.lang.Object, java.lang.Object, java.lang.Object, java.lang.Object, java.lang.Object, int)'> (0x00000000ae0eb450) 
thrown [s\open\src\hotspot\share\interpreter\linkResolver.cpp, line 759]
Event: 38.326 Thread 0x000002938a6715f0 Exception <a 'java/lang/NoSuchMethodError'{0x00000000ae0eeef0}: 'java.lang.Object java.lang.invoke.Invokers$Holder.linkToTargetMethod(java.lang.Object, java.lang.Object, java.lang.Object, int, java.lang.Object)'> (0x00000000ae0eeef0) 
thrown [s\open\src\hotspot\share\interpreter\linkResolver.cpp, line 759]
Event: 38.345 Thread 0x000002938a6715f0 Implicit null exception at 0x0000029336b66712 to 0x0000029336b66ed0
Event: 79.486 Thread 0x000002938d0914d0 Exception <a 'java/lang/NoSuchMethodError'{0x00000000ad640300}: 'java.lang.Object java.lang.invoke.DirectMethodHandle$Holder.invokeSpecial(java.lang.Object, java.lang.Object, long, int, int, int, int, int, int, int, int, int)'> (0x00000000ad640300) 
thrown [s\open\src\hotspot\share\interpreter\linkResolver.cpp, line 759]
Event: 79.489 Thread 0x000002938d0914d0 Exception <a 'java/lang/NoSuchMethodError'{0x00000000ad643f50}: 'java.lang.Object java.lang.invoke.DelegatingMethodHandle$Holder.reinvoke_L(java.lang.Object, long, int, int, int, int, int, int, int, int, int)'> (0x00000000ad643f50) 
thrown [s\open\src\hotspot\share\interpreter\linkResolver.cpp, line 759]
Event: 91.239 Thread 0x000002938f767c00 Implicit null exception at 0x0000029336db2a3f to 0x0000029336db3058

VM Operations (20 events):
Event: 998.343 Executing VM operation: Cleanup
Event: 998.344 Executing VM operation: Cleanup done
Event: 999.349 Executing VM operation: Cleanup
Event: 999.349 Executing VM operation: Cleanup done
Event: 1003.378 Executing VM operation: Cleanup
Event: 1003.378 Executing VM operation: Cleanup done
Event: 1004.384 Executing VM operation: Cleanup
Event: 1004.385 Executing VM operation: Cleanup done
Event: 1028.526 Executing VM operation: Cleanup
Event: 1028.529 Executing VM operation: Cleanup done
Event: 1058.828 Executing VM operation: Cleanup
Event: 1058.828 Executing VM operation: Cleanup done
Event: 1089.100 Executing VM operation: Cleanup
Event: 1089.102 Executing VM operation: Cleanup done
Event: 1096.147 Executing VM operation: Cleanup
Event: 1096.147 Executing VM operation: Cleanup done
Event: 1113.228 Executing VM operation: Cleanup
Event: 1113.235 Executing VM operation: Cleanup done
Event: 1119.278 Executing VM operation: Cleanup
Event: 1119.278 Executing VM operation: Cleanup done

Events (20 events):
Event: 253.968 Thread 0x000002938bc7e060 Thread added: 0x000002938bc7e060
Event: 253.969 Thread 0x000002938bc7ea80 Thread added: 0x000002938bc7ea80
Event: 253.976 Thread 0x000002938bc45080 Thread added: 0x000002938bc45080
Event: 253.997 Thread 0x000002938bc464c0 Thread added: 0x000002938bc464c0
Event: 253.997 Thread 0x000002938b5045e0 Thread added: 0x000002938b5045e0
Event: 253.997 Thread 0x000002938b505a20 Thread added: 0x000002938b505a20
Event: 255.320 Thread 0x000002938cb445d0 Thread exited: 0x000002938cb445d0
Event: 308.310 Thread 0x000002938cb445d0 Thread added: 0x000002938cb445d0
Event: 309.844 Thread 0x000002938cb445d0 Thread exited: 0x000002938cb445d0
Event: 313.980 Thread 0x000002938bc7f9b0 Thread exited: 0x000002938bc7f9b0
Event: 313.980 Thread 0x000002938bc7e060 Thread exited: 0x000002938bc7e060
Event: 313.980 Thread 0x000002938bc7ea80 Thread exited: 0x000002938bc7ea80
Event: 313.995 Thread 0x000002938bc45080 Thread exited: 0x000002938bc45080
Event: 314.007 Thread 0x000002938b505a20 Thread exited: 0x000002938b505a20
Event: 314.007 Thread 0x000002938b5045e0 Thread exited: 0x000002938b5045e0
Event: 314.008 Thread 0x000002938bc464c0 Thread exited: 0x000002938bc464c0
Event: 518.140 Thread 0x000002938ad77e50 Thread added: 0x000002938ad77e50
Event: 523.510 Thread 0x000002938ad77e50 Thread exited: 0x000002938ad77e50
Event: 938.208 Thread 0x000002938c7e5c40 Thread added: 0x000002938c7e5c40
Event: 938.743 Thread 0x000002938c7e5c40 Thread exited: 0x000002938c7e5c40


Dynamic libraries:
0x00007ff620c50000 - 0x00007ff620c60000 	C:\Program Files\Java\jdk-17\bin\java.exe
0x00007ff83b520000 - 0x00007ff83b788000 	C:\WINDOWS\SYSTEM32\ntdll.dll
0x00007ff83af00000 - 0x00007ff83afc9000 	C:\WINDOWS\System32\KERNEL32.DLL
0x00007ff838910000 - 0x00007ff838cfd000 	C:\WINDOWS\System32\KERNELBASE.dll
0x00007ff838720000 - 0x00007ff83886b000 	C:\WINDOWS\System32\ucrtbase.dll
0x00007ff833a50000 - 0x00007ff833a69000 	C:\Program Files\Java\jdk-17\bin\jli.dll
0x00007ff83b000000 - 0x00007ff83b0b4000 	C:\WINDOWS\System32\ADVAPI32.dll
0x00007ff833a30000 - 0x00007ff833a4b000 	C:\Program Files\Java\jdk-17\bin\VCRUNTIME140.dll
0x00007ff83a260000 - 0x00007ff83a309000 	C:\WINDOWS\System32\msvcrt.dll
0x00007ff83b430000 - 0x00007ff83b4d6000 	C:\WINDOWS\System32\sechost.dll
0x00007ff83ad30000 - 0x00007ff83ae48000 	C:\WINDOWS\System32\RPCRT4.dll
0x00007ff83a090000 - 0x00007ff83a25c000 	C:\WINDOWS\System32\USER32.dll
0x00007ff8391d0000 - 0x00007ff8391f7000 	C:\WINDOWS\System32\win32u.dll
0x00007ff823ca0000 - 0x00007ff823f3a000 	C:\WINDOWS\WinSxS\amd64_microsoft.windows.common-controls_6595b64144ccf1df_6.0.26100.4484_none_3e0e6d4ce32ef3b3\COMCTL32.dll
0x00007ff83a060000 - 0x00007ff83a08b000 	C:\WINDOWS\System32\GDI32.dll
0x00007ff839000000 - 0x00007ff839137000 	C:\WINDOWS\System32\gdi32full.dll
0x00007ff838670000 - 0x00007ff838713000 	C:\WINDOWS\System32\msvcp_win.dll
0x00007ff831e70000 - 0x00007ff831e7b000 	C:\WINDOWS\SYSTEM32\VERSION.dll
0x00007ff8397e0000 - 0x00007ff83980f000 	C:\WINDOWS\System32\IMM32.DLL
0x00007ff833b00000 - 0x00007ff833b0c000 	C:\Program Files\Java\jdk-17\bin\vcruntime140_1.dll
0x00007ff82fae0000 - 0x00007ff82fb6e000 	C:\Program Files\Java\jdk-17\bin\msvcp140.dll
0x00007ffffc7d0000 - 0x00007ffffd3b0000 	C:\Program Files\Java\jdk-17\bin\server\jvm.dll
0x00007ff83b230000 - 0x00007ff83b238000 	C:\WINDOWS\System32\PSAPI.DLL
0x00007ff82f9c0000 - 0x00007ff82f9ca000 	C:\WINDOWS\SYSTEM32\WSOCK32.dll
0x00007ff82f010000 - 0x00007ff82f045000 	C:\WINDOWS\SYSTEM32\WINMM.dll
0x00007ff839760000 - 0x00007ff8397d4000 	C:\WINDOWS\System32\WS2_32.dll
0x00007ff837410000 - 0x00007ff83742b000 	C:\WINDOWS\SYSTEM32\kernel.appcore.dll
0x00007ff833ad0000 - 0x00007ff833ada000 	C:\Program Files\Java\jdk-17\bin\jimage.dll
0x00007ff82f230000 - 0x00007ff82f471000 	C:\WINDOWS\SYSTEM32\DBGHELP.DLL
0x00007ff8393d0000 - 0x00007ff839756000 	C:\WINDOWS\System32\combase.dll
0x00007ff83aad0000 - 0x00007ff83abb0000 	C:\WINDOWS\System32\OLEAUT32.dll
0x00007ff8270c0000 - 0x00007ff827103000 	C:\WINDOWS\SYSTEM32\dbgcore.DLL
0x00007ff838870000 - 0x00007ff838909000 	C:\WINDOWS\System32\bcryptPrimitives.dll
0x00007ff830960000 - 0x00007ff83096e000 	C:\Program Files\Java\jdk-17\bin\instrument.dll
0x00007ff831cd0000 - 0x00007ff831cf5000 	C:\Program Files\Java\jdk-17\bin\java.dll
0x00007ff817b50000 - 0x00007ff817c27000 	C:\Program Files\Java\jdk-17\bin\jsvml.dll
0x00007ff839840000 - 0x00007ff839f8a000 	C:\WINDOWS\System32\SHELL32.dll
0x00007ff838d00000 - 0x00007ff838e74000 	C:\WINDOWS\System32\wintypes.dll
0x00007ff8362f0000 - 0x00007ff836b4b000 	C:\WINDOWS\SYSTEM32\windows.storage.dll
0x00007ff83ac30000 - 0x00007ff83ad25000 	C:\WINDOWS\System32\SHCORE.dll
0x00007ff83abc0000 - 0x00007ff83ac2a000 	C:\WINDOWS\System32\shlwapi.dll
0x00007ff838580000 - 0x00007ff8385af000 	C:\WINDOWS\SYSTEM32\profapi.dll
0x00007ff830970000 - 0x00007ff830988000 	C:\Program Files\Java\jdk-17\bin\zip.dll
0x00007ff831d30000 - 0x00007ff831d49000 	C:\Program Files\Java\jdk-17\bin\net.dll
0x00007ff8317b0000 - 0x00007ff8318ce000 	C:\WINDOWS\SYSTEM32\WINHTTP.dll
0x00007ff8379a0000 - 0x00007ff837a0a000 	C:\WINDOWS\system32\mswsock.dll
0x00007ff830a90000 - 0x00007ff830aa6000 	C:\Program Files\Java\jdk-17\bin\nio.dll
0x00007ff8308b0000 - 0x00007ff8308be000 	C:\Program Files\Java\jdk-17\bin\sunmscapi.dll
0x00007ff838e80000 - 0x00007ff838ff7000 	C:\WINDOWS\System32\CRYPT32.dll
0x00007ff837e70000 - 0x00007ff837ea0000 	C:\WINDOWS\SYSTEM32\ncrypt.dll
0x00007ff837e20000 - 0x00007ff837e5f000 	C:\WINDOWS\SYSTEM32\NTASN1.dll
0x00007ff837c50000 - 0x00007ff837c6b000 	C:\WINDOWS\SYSTEM32\CRYPTSP.dll
0x00007ff837370000 - 0x00007ff8373ab000 	C:\WINDOWS\system32\rsaenh.dll
0x00007ff837a40000 - 0x00007ff837a6b000 	C:\WINDOWS\SYSTEM32\USERENV.dll
0x00007ff838550000 - 0x00007ff838576000 	C:\WINDOWS\SYSTEM32\bcrypt.dll
0x00007ff837c70000 - 0x00007ff837c7c000 	C:\WINDOWS\SYSTEM32\CRYPTBASE.dll
0x00007ff836e90000 - 0x00007ff836ec3000 	C:\WINDOWS\SYSTEM32\IPHLPAPI.DLL
0x00007ff839fa0000 - 0x00007ff839faa000 	C:\WINDOWS\System32\NSI.dll
0x00007ff832570000 - 0x00007ff83258f000 	C:\WINDOWS\SYSTEM32\dhcpcsvc6.DLL
0x00007ff831e80000 - 0x00007ff831ea5000 	C:\WINDOWS\SYSTEM32\dhcpcsvc.DLL
0x00007ff836ed0000 - 0x00007ff836ff6000 	C:\WINDOWS\SYSTEM32\DNSAPI.dll
0x00007ff8308a0000 - 0x00007ff8308aa000 	C:\Program Files\Java\jdk-17\bin\management.dll
0x00007ff8307a0000 - 0x00007ff8307ab000 	C:\Program Files\Java\jdk-17\bin\management_ext.dll
0x00007ff82ff10000 - 0x00007ff82ff20000 	C:\Program Files\Java\jdk-17\bin\verify.dll
0x00007ff82efa0000 - 0x00007ff82efab000 	C:\Windows\System32\rasadhlp.dll
0x00007ff8310f0000 - 0x00007ff831176000 	C:\WINDOWS\System32\fwpuclnt.dll
0x00007ff800790000 - 0x00007ff800798000 	C:\WINDOWS\system32\wshunix.dll

dbghelp: loaded successfully - version: 4.0.5 - missing functions: none
symbol engine: initialized successfully - sym options: 0x614 - pdb path: .;C:\Program Files\Java\jdk-17\bin;C:\WINDOWS\SYSTEM32;C:\WINDOWS\WinSxS\amd64_microsoft.windows.common-controls_6595b64144ccf1df_6.0.26100.4484_none_3e0e6d4ce32ef3b3;C:\Program Files\Java\jdk-17\bin\server

VM Arguments:
jvm_args: -javaagent:C:\Program Files\JetBrains\IntelliJ IDEA Community Edition 2024.3.5\lib\idea_rt.jar=58424 -Dfile.encoding=UTF-8 
java_command: com.maven.OnlineShoppingSB.OnlineShoppingSbApplication
java_class_path (initial): D:\git\OnlineShoppingOJT\OnlineShoppingSB\target\classes;C:\Users\Lenovo\.m2\repository\org\apache\commons\commons-text\1.12.0\commons-text-1.12.0.jar;C:\Users\Lenovo\.m2\repository\org\apache\commons\commons-lang3\3.17.0\commons-lang3-3.17.0.jar;C:\Users\Lenovo\.m2\repository\org\apache\poi\poi-ooxml\5.2.3\poi-ooxml-5.2.3.jar;C:\Users\Lenovo\.m2\repository\org\apache\poi\poi\5.2.3\poi-5.2.3.jar;C:\Users\Lenovo\.m2\repository\commons-codec\commons-codec\1.17.2\commons-codec-1.17.2.jar;C:\Users\Lenovo\.m2\repository\org\apache\commons\commons-math3\3.6.1\commons-math3-3.6.1.jar;C:\Users\Lenovo\.m2\repository\com\zaxxer\SparseBitSet\1.2\SparseBitSet-1.2.jar;C:\Users\Lenovo\.m2\repository\org\apache\poi\poi-ooxml-lite\5.2.3\poi-ooxml-lite-5.2.3.jar;C:\Users\Lenovo\.m2\repository\org\apache\xmlbeans\xmlbeans\5.1.1\xmlbeans-5.1.1.jar;C:\Users\Lenovo\.m2\repository\org\apache\commons\commons-compress\1.21\commons-compress-1.21.jar;C:\Users\Lenovo\.m2\repository\commons-io\commons-io\2.11.0\commons-io-2.11.0.jar;C:\Users\Lenovo\.m2\repository\com\github\virtuald\curvesapi\1.07\curvesapi-1.07.jar;C:\Users\Lenovo\.m2\repository\org\apache\logging\log4j\log4j-api\2.24.3\log4j-api-2.24.3.jar;C:\Users\Lenovo\.m2\repository\org\apache\commons\commons-collections4\4.4\commons-collections4-4.4.jar;C:\Users\Lenovo\.m2\repository\org\springframework\boot\spring-boot-starter-websocket\3.4.6\spring-boot-starter-websocket-3.4.6.jar;C:\Users\Lenovo\.m2\repository\org\springframework\spring-messaging\6.2.7\spring-messaging-6.2.7.jar;C:\Users\Lenovo\.m2\repository\org\springframework\spring-beans\6.2.7\spring-beans-6.2.7.jar;C:\Users\Lenovo\.m2\repository\org\springframework\spring-websocket\6.2.7\spring-websocket-6.2.7.jar;C:\Users\Lenovo\.m2\repository\org\springframework\spring-context\6.2.7\spring-context-6.2.7.jar;C:\Users\Lenovo\.m2\repository\javax\xml\bind\jaxb-api\2.3.1\jaxb-api-2.3.1.jar;C:\Users\Lenovo\.m2\repository\javax\activation\javax.activatio
Launcher Type: SUN_STANDARD

[Global flags]
     intx CICompilerCount                          = 4                                         {product} {ergonomic}
     uint ConcGCThreads                            = 3                                         {product} {ergonomic}
     uint G1ConcRefinementThreads                  = 10                                        {product} {ergonomic}
   size_t G1HeapRegionSize                         = 1048576                                   {product} {ergonomic}
    uintx GCDrainStackTargetSize                   = 64                                        {product} {ergonomic}
   size_t InitialHeapSize                          = 98566144                                  {product} {ergonomic}
   size_t MarkStackSize                            = 4194304                                   {product} {ergonomic}
   size_t MaxHeapSize                              = 1570766848                                {product} {ergonomic}
   size_t MaxNewSize                               = 941621248                                 {product} {ergonomic}
   size_t MinHeapDeltaBytes                        = 1048576                                   {product} {ergonomic}
   size_t MinHeapSize                              = 8388608                                   {product} {ergonomic}
    uintx NonNMethodCodeHeapSize                   = 5839372                                {pd product} {ergonomic}
    uintx NonProfiledCodeHeapSize                  = 122909434                              {pd product} {ergonomic}
    uintx ProfiledCodeHeapSize                     = 122909434                              {pd product} {ergonomic}
    uintx ReservedCodeCacheSize                    = 251658240                              {pd product} {ergonomic}
     bool SegmentedCodeCache                       = true                                      {product} {ergonomic}
   size_t SoftMaxHeapSize                          = 1570766848                             {manageable} {ergonomic}
     bool UseCompressedClassPointers               = true                           {product lp64_product} {ergonomic}
     bool UseCompressedOops                        = true                           {product lp64_product} {ergonomic}
     bool UseG1GC                                  = true                                      {product} {ergonomic}
     bool UseLargePagesIndividualAllocation        = false                                  {pd product} {ergonomic}

Logging:
Log output configuration:
 #0: stdout all=warning uptime,level,tags
 #1: stderr all=off uptime,level,tags

Environment Variables:
JAVA_HOME=C:\Users\Lenovo\Downloads\jdk-17_windows-x64_bin.exe
PATH=C:\Program Files (x86)\VMware\VMware Workstation\bin\;C:\Program Files\Common Files\Oracle\Java\javapath;C:\WINDOWS\system32;C:\WINDOWS;C:\WINDOWS\System32\Wbem;C:\WINDOWS\System32\WindowsPowerShell\v1.0\;C:\WINDOWS\System32\OpenSSH\;C:\Program Files\Java\jdk-17\bin;C:\Program Files\Git\cmd;C:\Program Files\nodejs\;C:\Users\Lenovo\AppData\Local\Microsoft\WindowsApps;C:\Users\Lenovo\AppData\Local\Programs\Microsoft VS Code\bin;C:\Program Files\JetBrains\IntelliJ IDEA Community Edition 2024.3.5\bin;;C:\Users\Lenovo\AppData\Local\GitHubDesktop\bin;C:\Users\Lenovo\AppData\Roaming\npm;D:\cursor\resources\app\bin
USERNAME=Lenovo
OS=Windows_NT
PROCESSOR_IDENTIFIER=AMD64 Family 23 Model 104 Stepping 1, AuthenticAMD



---------------  S Y S T E M  ---------------

OS:
 Windows 11 , 64 bit Build 26100 (10.0.26100.4484)
OS uptime: 4 days 1:46 hours

CPU: total 12 (initial active 12) (12 cores per cpu, 2 threads per core) family 23 model 104 stepping 1 microcode 0x8608103, cx8, cmov, fxsr, ht, mmx, 3dnowpref, sse, sse2, sse3, ssse3, sse4a, sse4.1, sse4.2, popcnt, lzcnt, tsc, tscinvbit, avx, avx2, aes, clmul, bmi1, bmi2, adx, sha, fma, vzeroupper, clflush, clflushopt

Memory: 4k page, system-wide physical 5989M (31M free)
TotalPageFile size 24421M (AvailPageFile size 1M)
current process WorkingSet (physical memory assigned to process): 72M, peak: 495M
current process commit charge ("private bytes"): 580M, peak: 594M

vm_info: Java HotSpot(TM) 64-Bit Server VM (17.0.12+8-LTS-286) for windows-amd64 JRE (17.0.12+8-LTS-286), built on Jun  5 2024 06:46:59 by "mach5one" with MS VC++ 17.6 (VS2022)

END.
