#
# There is insufficient memory for the Java Runtime Environment to continue.
# Native memory allocation (mmap) failed to map 314572800 bytes for G1 virtual space
# Possible reasons:
#   The system is out of physical RAM or swap space
#   The process is running with CompressedOops enabled, and the Java Heap may be blocking the growth of the native heap
# Possible solutions:
#   Reduce memory load on the system
#   Increase physical memory or swap space
#   Check if swap backing store is full
#   Decrease Java heap size (-Xmx/-Xms)
#   Decrease number of Java threads
#   Decrease Java thread stack sizes (-Xss)
#   Set larger code cache with -XX:ReservedCodeCacheSize=
#   JVM is running with Unscaled Compressed Oops mode in which the Java heap is
#     placed in the first 4GB address space. The Java Heap base address is the
#     maximum limit for the native heap growth. Please use -XX:HeapBaseMinAddress
#     to set the Java Heap base and to place the Java Heap above 4GB virtual address.
# This output file may be truncated or incomplete.
#
#  Out of Memory Error (os_windows.cpp:3548), pid=24648, tid=10148
#
# JRE version: Java(TM) SE Runtime Environment (17.0.12+8) (build 17.0.12+8-LTS-286)
# Java VM: Java HotSpot(TM) 64-Bit Server VM (17.0.12+8-LTS-286, mixed mode, sharing, tiered, compressed oops, compressed class ptrs, g1 gc, windows-amd64)
# No core dump will be written. Minidumps are not enabled by default on client versions of Windows
#

---------------  S U M M A R Y ------------

Command Line: -javaagent:C:\Program Files\JetBrains\IntelliJ IDEA Community Edition 2024.3.5\lib\idea_rt.jar=50814 -Dfile.encoding=UTF-8 com.maven.OnlineShoppingSB.OnlineShoppingSbApplication

Host: AMD Ryzen 5 5500U with Radeon Graphics         , 12 cores, 5G,  Windows 11 , 64 bit Build 26100 (10.0.26100.4768)
Time: Thu Jul 31 17:18:30 2025 Myanmar Standard Time elapsed time: 15.156602 seconds (0d 0h 0m 15s)

---------------  T H R E A D  ---------------

Current thread (0x000001771a2e5fd0):  VMThread "VM Thread" [stack: 0x00000018a6e00000,0x00000018a6f00000] [id=10148]

Stack: [0x00000018a6e00000,0x00000018a6f00000]
Native frames: (J=compiled Java code, j=interpreted, Vv=VM code, C=native code)
V  [jvm.dll+0x67a04a]
V  [jvm.dll+0x7da4ed]
V  [jvm.dll+0x7dbe33]
V  [jvm.dll+0x7dc4a3]
V  [jvm.dll+0x24508f]
V  [jvm.dll+0x677089]
V  [jvm.dll+0x66bd32]
V  [jvm.dll+0x301fa6]
V  [jvm.dll+0x309546]
V  [jvm.dll+0x359d2e]
V  [jvm.dll+0x359f5f]
V  [jvm.dll+0x2d9078]
V  [jvm.dll+0x2d74ad]
V  [jvm.dll+0x2d6afc]
V  [jvm.dll+0x31a65b]
V  [jvm.dll+0x7e0d9b]
V  [jvm.dll+0x7e1ad4]
V  [jvm.dll+0x7e1fed]
V  [jvm.dll+0x7e23c4]
V  [jvm.dll+0x7e2490]
V  [jvm.dll+0x78abea]
V  [jvm.dll+0x678f35]
C  [ucrtbase.dll+0x37b0]
C  [KERNEL32.DLL+0x2e8d7]
C  [ntdll.dll+0x3c34c]

VM_Operation (0x00000018a68fc510): G1CollectForAllocation, mode: safepoint, requested by thread 0x000001777d0314a0


---------------  P R O C E S S  ---------------

Threads class SMR info:
_java_thread_list=0x0000017762b0e070, length=19, elements={
0x000001777d0314a0, 0x000001771a2ec9f0, 0x000001771a2ee120, 0x000001771a2fbda0,
0x000001771a2fd970, 0x000001771a2fe530, 0x000001771a308640, 0x000001771a314f50,
0x000001771a3124d0, 0x000001771a321450, 0x000001771a2d8000, 0x000001771a658e00,
0x000001771a8494e0, 0x0000017762b2ff30, 0x0000017761146d70, 0x000001771a314a00,
0x0000017764a7d8a0, 0x0000017764a7a0f0, 0x0000017764a7e2c0
}

Java Threads: ( => current thread )
  0x000001777d0314a0 JavaThread "main" [_thread_blocked, id=20380, stack(0x00000018a6800000,0x00000018a6900000)]
  0x000001771a2ec9f0 JavaThread "Reference Handler" daemon [_thread_blocked, id=17840, stack(0x00000018a6f00000,0x00000018a7000000)]
  0x000001771a2ee120 JavaThread "Finalizer" daemon [_thread_blocked, id=17440, stack(0x00000018a7000000,0x00000018a7100000)]
  0x000001771a2fbda0 JavaThread "Signal Dispatcher" daemon [_thread_blocked, id=12128, stack(0x00000018a7100000,0x00000018a7200000)]
  0x000001771a2fd970 JavaThread "Attach Listener" daemon [_thread_blocked, id=11252, stack(0x00000018a7200000,0x00000018a7300000)]
  0x000001771a2fe530 JavaThread "Service Thread" daemon [_thread_blocked, id=20188, stack(0x00000018a7300000,0x00000018a7400000)]
  0x000001771a308640 JavaThread "Monitor Deflation Thread" daemon [_thread_blocked, id=4776, stack(0x00000018a7400000,0x00000018a7500000)]
  0x000001771a314f50 JavaThread "C2 CompilerThread0" daemon [_thread_blocked, id=21720, stack(0x00000018a7500000,0x00000018a7600000)]
  0x000001771a3124d0 JavaThread "C1 CompilerThread0" daemon [_thread_blocked, id=12688, stack(0x00000018a7600000,0x00000018a7700000)]
  0x000001771a321450 JavaThread "Sweeper thread" daemon [_thread_blocked, id=22176, stack(0x00000018a7700000,0x00000018a7800000)]
  0x000001771a2d8000 JavaThread "Common-Cleaner" daemon [_thread_blocked, id=12632, stack(0x00000018a7800000,0x00000018a7900000)]
  0x000001771a658e00 JavaThread "Monitor Ctrl-Break" daemon [_thread_in_native, id=8600, stack(0x00000018a7900000,0x00000018a7a00000)]
  0x000001771a8494e0 JavaThread "Notification Thread" daemon [_thread_blocked, id=23540, stack(0x00000018a7a00000,0x00000018a7b00000)]
  0x0000017762b2ff30 JavaThread "mysql-cj-abandoned-connection-cleanup" daemon [_thread_blocked, id=9260, stack(0x00000018a8900000,0x00000018a8a00000)]
  0x0000017761146d70 JavaThread "HikariPool-1 housekeeper" daemon [_thread_blocked, id=20304, stack(0x00000018a8b00000,0x00000018a8c00000)]
  0x000001771a314a00 JavaThread "C2 CompilerThread1" daemon [_thread_blocked, id=3400, stack(0x00000018a8700000,0x00000018a8800000)]
  0x0000017764a7d8a0 JavaThread "Catalina-utility-1" [_thread_blocked, id=26056, stack(0x00000018a8800000,0x00000018a8900000)]
  0x0000017764a7a0f0 JavaThread "Catalina-utility-2" [_thread_blocked, id=14312, stack(0x00000018a8d00000,0x00000018a8e00000)]
  0x0000017764a7e2c0 JavaThread "container-0" [_thread_blocked, id=25936, stack(0x00000018a8e00000,0x00000018a8f00000)]

Other Threads:
=>0x000001771a2e5fd0 VMThread "VM Thread" [stack: 0x00000018a6e00000,0x00000018a6f00000] [id=10148]
  0x000001777d0985a0 WatcherThread [stack: 0x00000018a7b00000,0x00000018a7c00000] [id=2996]
  0x000001777d07c8f0 GCTaskThread "GC Thread#0" [stack: 0x00000018a6900000,0x00000018a6a00000] [id=16320]
  0x0000017760902590 GCTaskThread "GC Thread#1" [stack: 0x00000018a7c00000,0x00000018a7d00000] [id=15200]
  0x0000017760a073e0 GCTaskThread "GC Thread#2" [stack: 0x00000018a7d00000,0x00000018a7e00000] [id=24908]
  0x00000177606ec580 GCTaskThread "GC Thread#3" [stack: 0x00000018a7e00000,0x00000018a7f00000] [id=15376]
  0x00000177606e8910 GCTaskThread "GC Thread#4" [stack: 0x00000018a7f00000,0x00000018a8000000] [id=3096]
  0x0000017760afa0f0 GCTaskThread "GC Thread#5" [stack: 0x00000018a8100000,0x00000018a8200000] [id=18328]
  0x0000017760be28e0 GCTaskThread "GC Thread#6" [stack: 0x00000018a8200000,0x00000018a8300000] [id=18464]
  0x0000017760eb80c0 GCTaskThread "GC Thread#7" [stack: 0x00000018a8300000,0x00000018a8400000] [id=19052]
  0x0000017760f31a80 GCTaskThread "GC Thread#8" [stack: 0x00000018a8000000,0x00000018a8100000] [id=2412]
  0x0000017760f31d40 GCTaskThread "GC Thread#9" [stack: 0x00000018a8400000,0x00000018a8500000] [id=16464]
  0x000001777d089380 ConcurrentGCThread "G1 Main Marker" [stack: 0x00000018a6a00000,0x00000018a6b00000] [id=12932]
  0x000001777d08aa60 ConcurrentGCThread "G1 Conc#0" [stack: 0x00000018a6b00000,0x00000018a6c00000] [id=3248]
  0x0000017761177a20 ConcurrentGCThread "G1 Conc#1" [stack: 0x00000018a8500000,0x00000018a8600000] [id=10104]
  0x0000017761176f20 ConcurrentGCThread "G1 Conc#2" [stack: 0x00000018a8600000,0x00000018a8700000] [id=4468]
  0x000001777d0ee820 ConcurrentGCThread "G1 Refine#0" [stack: 0x00000018a6c00000,0x00000018a6d00000] [id=21528]
  0x00000177644a2710 ConcurrentGCThread "G1 Refine#1" [stack: 0x00000018a8c00000,0x00000018a8d00000] [id=9172]
  0x00000177644a2a00 ConcurrentGCThread "G1 Refine#2" [stack: 0x00000018a8f00000,0x00000018a9000000] [id=26472]
  0x000001771a1a82d0 ConcurrentGCThread "G1 Service" [stack: 0x00000018a6d00000,0x00000018a6e00000] [id=24928]

Threads with active compile tasks:
C2 CompilerThread0    15188 10964       4       org.antlr.v4.runtime.misc.DoubleKeyMap::put (71 bytes)
C2 CompilerThread1    15188 11016       4       org.antlr.v4.runtime.atn.PredictionContext::getCachedContext (261 bytes)

VM state: at safepoint (normal execution)

VM Mutex/Monitor currently owned by a thread:  ([mutex/lock_event])
[0x000001777d02d860] Threads_lock - owner thread: 0x000001771a2e5fd0
[0x000001777d02d350] Heap_lock - owner thread: 0x000001777d0314a0

Heap address: 0x00000000a2600000, size: 1498 MB, Compressed Oops mode: 32-bit

CDS archive(s) mapped at: [0x000001771b000000-0x000001771bbd0000-0x000001771bbd0000), size 12386304, SharedBaseAddress: 0x000001771b000000, ArchiveRelocationMode: 1.
Compressed class space mapped at: 0x000001771c000000-0x000001775c000000, reserved size: 1073741824
Narrow klass base: 0x000001771b000000, Narrow klass shift: 0, Narrow klass range: 0x100000000

GC Precious Log:
 CPUs: 12 total, 12 available
 Memory: 5989M
 Large Page Support: Disabled
 NUMA Support: Disabled
 Compressed Oops: Enabled (32-bit)
 Heap Region Size: 1M
 Heap Min Capacity: 8M
 Heap Initial Capacity: 94M
 Heap Max Capacity: 1498M
 Pre-touch: Disabled
 Parallel Workers: 10
 Concurrent Workers: 3
 Concurrent Refinement Workers: 10
 Periodic GC: Disabled

Heap:
 garbage-first heap   total 153600K, used 74741K [0x00000000a2600000, 0x0000000100000000)
  region size 1024K, 2 young (2048K), 2 survivors (2048K)
 Metaspace       used 83195K, committed 83840K, reserved 1179648K
  class space    used 11196K, committed 11520K, reserved 1048576K

Heap Regions: E=young(eden), S=young(survivor), O=old, HS=humongous(starts), HC=humongous(continues), CS=collection set, F=free, OA=open archive, CA=closed archive, TAMS=top-at-mark-start (previous, next)
|   0|0x00000000a2600000, 0x00000000a2700000, 0x00000000a2700000|100%|HS|  |TAMS 0x00000000a2700000, 0x00000000a2700000| Complete 
|   1|0x00000000a2700000, 0x00000000a2800000, 0x00000000a2800000|100%|HS|  |TAMS 0x00000000a2800000, 0x00000000a2800000| Complete 
|   2|0x00000000a2800000, 0x00000000a2900000, 0x00000000a2900000|100%|HS|  |TAMS 0x00000000a2900000, 0x00000000a2900000| Complete 
|   3|0x00000000a2900000, 0x00000000a2a00000, 0x00000000a2a00000|100%| O|  |TAMS 0x00000000a2a00000, 0x00000000a2a00000| Untracked 
|   4|0x00000000a2a00000, 0x00000000a2b00000, 0x00000000a2b00000|100%| O|  |TAMS 0x00000000a2b00000, 0x00000000a2b00000| Untracked 
|   5|0x00000000a2b00000, 0x00000000a2c00000, 0x00000000a2c00000|100%| O|  |TAMS 0x00000000a2c00000, 0x00000000a2c00000| Untracked 
|   6|0x00000000a2c00000, 0x00000000a2d00000, 0x00000000a2d00000|100%| O|  |TAMS 0x00000000a2d00000, 0x00000000a2d00000| Untracked 
|   7|0x00000000a2d00000, 0x00000000a2e00000, 0x00000000a2e00000|100%| O|  |TAMS 0x00000000a2e00000, 0x00000000a2e00000| Untracked 
|   8|0x00000000a2e00000, 0x00000000a2f00000, 0x00000000a2f00000|100%| O|  |TAMS 0x00000000a2f00000, 0x00000000a2f00000| Untracked 
|   9|0x00000000a2f00000, 0x00000000a3000000, 0x00000000a3000000|100%| O|  |TAMS 0x00000000a3000000, 0x00000000a3000000| Untracked 
|  10|0x00000000a3000000, 0x00000000a3100000, 0x00000000a3100000|100%| O|  |TAMS 0x00000000a3100000, 0x00000000a3100000| Untracked 
|  11|0x00000000a3100000, 0x00000000a3200000, 0x00000000a3200000|100%| O|  |TAMS 0x00000000a3200000, 0x00000000a3200000| Untracked 
|  12|0x00000000a3200000, 0x00000000a3300000, 0x00000000a3300000|100%| O|  |TAMS 0x00000000a3300000, 0x00000000a3300000| Untracked 
|  13|0x00000000a3300000, 0x00000000a3400000, 0x00000000a3400000|100%| O|  |TAMS 0x00000000a3400000, 0x00000000a3400000| Untracked 
|  14|0x00000000a3400000, 0x00000000a3500000, 0x00000000a3500000|100%| O|  |TAMS 0x00000000a3500000, 0x00000000a3500000| Untracked 
|  15|0x00000000a3500000, 0x00000000a3600000, 0x00000000a3600000|100%| O|  |TAMS 0x00000000a3600000, 0x00000000a3600000| Untracked 
|  16|0x00000000a3600000, 0x00000000a3700000, 0x00000000a3700000|100%| O|  |TAMS 0x00000000a3700000, 0x00000000a3700000| Untracked 
|  17|0x00000000a3700000, 0x00000000a37fe000, 0x00000000a3800000| 99%| O|  |TAMS 0x00000000a37fe000, 0x00000000a37fe000| Untracked 
|  18|0x00000000a3800000, 0x00000000a3900000, 0x00000000a3900000|100%| O|  |TAMS 0x00000000a3900000, 0x00000000a3900000| Untracked 
|  19|0x00000000a3900000, 0x00000000a3a00000, 0x00000000a3a00000|100%| O|  |TAMS 0x00000000a3a00000, 0x00000000a3a00000| Untracked 
|  20|0x00000000a3a00000, 0x00000000a3b00000, 0x00000000a3b00000|100%| O|  |TAMS 0x00000000a3b00000, 0x00000000a3b00000| Untracked 
|  21|0x00000000a3b00000, 0x00000000a3c00000, 0x00000000a3c00000|100%| O|  |TAMS 0x00000000a3c00000, 0x00000000a3c00000| Untracked 
|  22|0x00000000a3c00000, 0x00000000a3d00000, 0x00000000a3d00000|100%| O|  |TAMS 0x00000000a3d00000, 0x00000000a3d00000| Untracked 
|  23|0x00000000a3d00000, 0x00000000a3e00000, 0x00000000a3e00000|100%| O|  |TAMS 0x00000000a3e00000, 0x00000000a3e00000| Untracked 
|  24|0x00000000a3e00000, 0x00000000a3f00000, 0x00000000a3f00000|100%| O|  |TAMS 0x00000000a3f00000, 0x00000000a3f00000| Untracked 
|  25|0x00000000a3f00000, 0x00000000a4000000, 0x00000000a4000000|100%| O|  |TAMS 0x00000000a4000000, 0x00000000a4000000| Untracked 
|  26|0x00000000a4000000, 0x00000000a4100000, 0x00000000a4100000|100%| O|  |TAMS 0x00000000a4100000, 0x00000000a4100000| Untracked 
|  27|0x00000000a4100000, 0x00000000a4200000, 0x00000000a4200000|100%| O|  |TAMS 0x00000000a4200000, 0x00000000a4200000| Untracked 
|  28|0x00000000a4200000, 0x00000000a4300000, 0x00000000a4300000|100%| O|  |TAMS 0x00000000a4300000, 0x00000000a4300000| Untracked 
|  29|0x00000000a4300000, 0x00000000a4400000, 0x00000000a4400000|100%| O|  |TAMS 0x00000000a4400000, 0x00000000a4400000| Untracked 
|  30|0x00000000a4400000, 0x00000000a4500000, 0x00000000a4500000|100%| O|  |TAMS 0x00000000a4500000, 0x00000000a4500000| Untracked 
|  31|0x00000000a4500000, 0x00000000a4600000, 0x00000000a4600000|100%| O|  |TAMS 0x00000000a4600000, 0x00000000a4600000| Untracked 
|  32|0x00000000a4600000, 0x00000000a4700000, 0x00000000a4700000|100%| O|  |TAMS 0x00000000a4700000, 0x00000000a4700000| Untracked 
|  33|0x00000000a4700000, 0x00000000a4800000, 0x00000000a4800000|100%| O|  |TAMS 0x00000000a4800000, 0x00000000a4800000| Untracked 
|  34|0x00000000a4800000, 0x00000000a4900000, 0x00000000a4900000|100%| O|  |TAMS 0x00000000a4800000, 0x00000000a4900000| Untracked 
|  35|0x00000000a4900000, 0x00000000a4a00000, 0x00000000a4a00000|100%| O|  |TAMS 0x00000000a4a00000, 0x00000000a4a00000| Untracked 
|  36|0x00000000a4a00000, 0x00000000a4b00000, 0x00000000a4b00000|100%| O|  |TAMS 0x00000000a4b00000, 0x00000000a4b00000| Untracked 
|  37|0x00000000a4b00000, 0x00000000a4c00000, 0x00000000a4c00000|100%| O|  |TAMS 0x00000000a4c00000, 0x00000000a4c00000| Untracked 
|  38|0x00000000a4c00000, 0x00000000a4d00000, 0x00000000a4d00000|100%| O|  |TAMS 0x00000000a4d00000, 0x00000000a4d00000| Untracked 
|  39|0x00000000a4d00000, 0x00000000a4e00000, 0x00000000a4e00000|100%| O|  |TAMS 0x00000000a4e00000, 0x00000000a4e00000| Untracked 
|  40|0x00000000a4e00000, 0x00000000a4f00000, 0x00000000a4f00000|100%| O|  |TAMS 0x00000000a4f00000, 0x00000000a4f00000| Untracked 
|  41|0x00000000a4f00000, 0x00000000a5000000, 0x00000000a5000000|100%| O|  |TAMS 0x00000000a5000000, 0x00000000a5000000| Untracked 
|  42|0x00000000a5000000, 0x00000000a5100000, 0x00000000a5100000|100%| O|  |TAMS 0x00000000a5100000, 0x00000000a5100000| Untracked 
|  43|0x00000000a5100000, 0x00000000a5200000, 0x00000000a5200000|100%| O|  |TAMS 0x00000000a5200000, 0x00000000a5200000| Untracked 
|  44|0x00000000a5200000, 0x00000000a5300000, 0x00000000a5300000|100%| O|  |TAMS 0x00000000a5300000, 0x00000000a5300000| Untracked 
|  45|0x00000000a5300000, 0x00000000a5400000, 0x00000000a5400000|100%| O|  |TAMS 0x00000000a5400000, 0x00000000a5400000| Untracked 
|  46|0x00000000a5400000, 0x00000000a5500000, 0x00000000a5500000|100%| O|  |TAMS 0x00000000a5500000, 0x00000000a5500000| Untracked 
|  47|0x00000000a5500000, 0x00000000a5600000, 0x00000000a5600000|100%| O|  |TAMS 0x00000000a5600000, 0x00000000a5600000| Untracked 
|  48|0x00000000a5600000, 0x00000000a5700000, 0x00000000a5700000|100%| O|  |TAMS 0x00000000a5700000, 0x00000000a5700000| Untracked 
|  49|0x00000000a5700000, 0x00000000a5800000, 0x00000000a5800000|100%| O|  |TAMS 0x00000000a5800000, 0x00000000a5800000| Untracked 
|  50|0x00000000a5800000, 0x00000000a5900000, 0x00000000a5900000|100%| O|  |TAMS 0x00000000a5900000, 0x00000000a5900000| Untracked 
|  51|0x00000000a5900000, 0x00000000a5a00000, 0x00000000a5a00000|100%| O|  |TAMS 0x00000000a5a00000, 0x00000000a5a00000| Untracked 
|  52|0x00000000a5a00000, 0x00000000a5b00000, 0x00000000a5b00000|100%| O|  |TAMS 0x00000000a5b00000, 0x00000000a5b00000| Untracked 
|  53|0x00000000a5b00000, 0x00000000a5c00000, 0x00000000a5c00000|100%| O|  |TAMS 0x00000000a5c00000, 0x00000000a5c00000| Untracked 
|  54|0x00000000a5c00000, 0x00000000a5d00000, 0x00000000a5d00000|100%| O|  |TAMS 0x00000000a5d00000, 0x00000000a5d00000| Untracked 
|  55|0x00000000a5d00000, 0x00000000a5e00000, 0x00000000a5e00000|100%| O|  |TAMS 0x00000000a5e00000, 0x00000000a5e00000| Untracked 
|  56|0x00000000a5e00000, 0x00000000a5f00000, 0x00000000a5f00000|100%| O|  |TAMS 0x00000000a5f00000, 0x00000000a5f00000| Untracked 
|  57|0x00000000a5f00000, 0x00000000a6000000, 0x00000000a6000000|100%| O|  |TAMS 0x00000000a6000000, 0x00000000a6000000| Untracked 
|  58|0x00000000a6000000, 0x00000000a6100000, 0x00000000a6100000|100%| O|  |TAMS 0x00000000a6100000, 0x00000000a6100000| Untracked 
|  59|0x00000000a6100000, 0x00000000a6200000, 0x00000000a6200000|100%| O|  |TAMS 0x00000000a6200000, 0x00000000a6200000| Untracked 
|  60|0x00000000a6200000, 0x00000000a6300000, 0x00000000a6300000|100%| O|  |TAMS 0x00000000a6300000, 0x00000000a6300000| Untracked 
|  61|0x00000000a6300000, 0x00000000a6400000, 0x00000000a6400000|100%| O|  |TAMS 0x00000000a6400000, 0x00000000a6400000| Untracked 
|  62|0x00000000a6400000, 0x00000000a6500000, 0x00000000a6500000|100%| O|  |TAMS 0x00000000a6500000, 0x00000000a6500000| Untracked 
|  63|0x00000000a6500000, 0x00000000a6600000, 0x00000000a6600000|100%| O|  |TAMS 0x00000000a6600000, 0x00000000a6600000| Untracked 
|  64|0x00000000a6600000, 0x00000000a6600000, 0x00000000a6700000|  0%| F|  |TAMS 0x00000000a6600000, 0x00000000a6600000| Untracked 
|  65|0x00000000a6700000, 0x00000000a6800000, 0x00000000a6800000|100%| O|  |TAMS 0x00000000a6700000, 0x00000000a6800000| Untracked 
|  66|0x00000000a6800000, 0x00000000a6900000, 0x00000000a6900000|100%| O|  |TAMS 0x00000000a6800000, 0x00000000a6900000| Untracked 
|  67|0x00000000a6900000, 0x00000000a6a00000, 0x00000000a6a00000|100%| O|  |TAMS 0x00000000a6900000, 0x00000000a6a00000| Untracked 
|  68|0x00000000a6a00000, 0x00000000a6b00000, 0x00000000a6b00000|100%| O|  |TAMS 0x00000000a6a00000, 0x00000000a6b00000| Untracked 
|  69|0x00000000a6b00000, 0x00000000a6c00000, 0x00000000a6c00000|100%| O|  |TAMS 0x00000000a6b00000, 0x00000000a6c00000| Untracked 
|  70|0x00000000a6c00000, 0x00000000a6d00000, 0x00000000a6d00000|100%| O|  |TAMS 0x00000000a6c00000, 0x00000000a6d00000| Untracked 
|  71|0x00000000a6d00000, 0x00000000a6e00000, 0x00000000a6e00000|100%| O|  |TAMS 0x00000000a6d00000, 0x00000000a6e00000| Untracked 
|  72|0x00000000a6e00000, 0x00000000a6e1ee00, 0x00000000a6f00000| 12%| O|  |TAMS 0x00000000a6e00000, 0x00000000a6e1ee00| Untracked 
|  73|0x00000000a6f00000, 0x00000000a6f00000, 0x00000000a7000000|  0%| F|  |TAMS 0x00000000a6f00000, 0x00000000a6f00000| Untracked 
|  74|0x00000000a7000000, 0x00000000a7000000, 0x00000000a7100000|  0%| F|  |TAMS 0x00000000a7000000, 0x00000000a7000000| Untracked 
|  75|0x00000000a7100000, 0x00000000a7100000, 0x00000000a7200000|  0%| F|  |TAMS 0x00000000a7100000, 0x00000000a7100000| Untracked 
|  76|0x00000000a7200000, 0x00000000a7200000, 0x00000000a7300000|  0%| F|  |TAMS 0x00000000a7200000, 0x00000000a7200000| Untracked 
|  77|0x00000000a7300000, 0x00000000a7300000, 0x00000000a7400000|  0%| F|  |TAMS 0x00000000a7300000, 0x00000000a7300000| Untracked 
|  78|0x00000000a7400000, 0x00000000a7400000, 0x00000000a7500000|  0%| F|  |TAMS 0x00000000a7400000, 0x00000000a7400000| Untracked 
|  79|0x00000000a7500000, 0x00000000a7500000, 0x00000000a7600000|  0%| F|  |TAMS 0x00000000a7500000, 0x00000000a7500000| Untracked 
|  80|0x00000000a7600000, 0x00000000a7600000, 0x00000000a7700000|  0%| F|  |TAMS 0x00000000a7600000, 0x00000000a7600000| Untracked 
|  81|0x00000000a7700000, 0x00000000a7700000, 0x00000000a7800000|  0%| F|  |TAMS 0x00000000a7700000, 0x00000000a7700000| Untracked 
|  82|0x00000000a7800000, 0x00000000a7800000, 0x00000000a7900000|  0%| F|  |TAMS 0x00000000a7800000, 0x00000000a7800000| Untracked 
|  83|0x00000000a7900000, 0x00000000a7900000, 0x00000000a7a00000|  0%| F|  |TAMS 0x00000000a7900000, 0x00000000a7900000| Untracked 
|  84|0x00000000a7a00000, 0x00000000a7a00000, 0x00000000a7b00000|  0%| F|  |TAMS 0x00000000a7a00000, 0x00000000a7a00000| Untracked 
|  85|0x00000000a7b00000, 0x00000000a7b00000, 0x00000000a7c00000|  0%| F|  |TAMS 0x00000000a7b00000, 0x00000000a7b00000| Untracked 
|  86|0x00000000a7c00000, 0x00000000a7c00000, 0x00000000a7d00000|  0%| F|  |TAMS 0x00000000a7c00000, 0x00000000a7c00000| Untracked 
|  87|0x00000000a7d00000, 0x00000000a7d00000, 0x00000000a7e00000|  0%| F|  |TAMS 0x00000000a7d00000, 0x00000000a7d00000| Untracked 
|  88|0x00000000a7e00000, 0x00000000a7e00000, 0x00000000a7f00000|  0%| F|  |TAMS 0x00000000a7e00000, 0x00000000a7e00000| Untracked 
|  89|0x00000000a7f00000, 0x00000000a7f00000, 0x00000000a8000000|  0%| F|  |TAMS 0x00000000a7f00000, 0x00000000a7f00000| Untracked 
|  90|0x00000000a8000000, 0x00000000a8000000, 0x00000000a8100000|  0%| F|  |TAMS 0x00000000a8000000, 0x00000000a8000000| Untracked 
|  91|0x00000000a8100000, 0x00000000a8100000, 0x00000000a8200000|  0%| F|  |TAMS 0x00000000a8100000, 0x00000000a8100000| Untracked 
|  92|0x00000000a8200000, 0x00000000a8200000, 0x00000000a8300000|  0%| F|  |TAMS 0x00000000a8200000, 0x00000000a8200000| Untracked 
|  93|0x00000000a8300000, 0x00000000a8300000, 0x00000000a8400000|  0%| F|  |TAMS 0x00000000a8300000, 0x00000000a8300000| Untracked 
|  94|0x00000000a8400000, 0x00000000a8400000, 0x00000000a8500000|  0%| F|  |TAMS 0x00000000a8400000, 0x00000000a8400000| Untracked 
|  95|0x00000000a8500000, 0x00000000a8500000, 0x00000000a8600000|  0%| F|  |TAMS 0x00000000a8500000, 0x00000000a8500000| Untracked 
|  96|0x00000000a8600000, 0x00000000a8600000, 0x00000000a8700000|  0%| F|  |TAMS 0x00000000a8600000, 0x00000000a8600000| Untracked 
|  97|0x00000000a8700000, 0x00000000a8700000, 0x00000000a8800000|  0%| F|  |TAMS 0x00000000a8700000, 0x00000000a8700000| Untracked 
|  98|0x00000000a8800000, 0x00000000a8800000, 0x00000000a8900000|  0%| F|  |TAMS 0x00000000a8800000, 0x00000000a8800000| Untracked 
|  99|0x00000000a8900000, 0x00000000a8900000, 0x00000000a8a00000|  0%| F|  |TAMS 0x00000000a8900000, 0x00000000a8900000| Untracked 
| 100|0x00000000a8a00000, 0x00000000a8a00000, 0x00000000a8b00000|  0%| F|  |TAMS 0x00000000a8a00000, 0x00000000a8a00000| Untracked 
| 101|0x00000000a8b00000, 0x00000000a8b00000, 0x00000000a8c00000|  0%| F|  |TAMS 0x00000000a8b00000, 0x00000000a8b00000| Untracked 
| 102|0x00000000a8c00000, 0x00000000a8c00000, 0x00000000a8d00000|  0%| F|  |TAMS 0x00000000a8c00000, 0x00000000a8c00000| Untracked 
| 103|0x00000000a8d00000, 0x00000000a8d00000, 0x00000000a8e00000|  0%| F|  |TAMS 0x00000000a8d00000, 0x00000000a8d00000| Untracked 
| 104|0x00000000a8e00000, 0x00000000a8e00000, 0x00000000a8f00000|  0%| F|  |TAMS 0x00000000a8e00000, 0x00000000a8e00000| Untracked 
| 105|0x00000000a8f00000, 0x00000000a8f00000, 0x00000000a9000000|  0%| F|  |TAMS 0x00000000a8f00000, 0x00000000a8f00000| Untracked 
| 106|0x00000000a9000000, 0x00000000a90e0758, 0x00000000a9100000| 87%| S|CS|TAMS 0x00000000a9000000, 0x00000000a9000000| Complete 
| 107|0x00000000a9100000, 0x00000000a9200000, 0x00000000a9200000|100%| S|CS|TAMS 0x00000000a9100000, 0x00000000a9100000| Complete 
| 108|0x00000000a9200000, 0x00000000a9200000, 0x00000000a9300000|  0%| F|  |TAMS 0x00000000a9200000, 0x00000000a9200000| Untracked 
| 109|0x00000000a9300000, 0x00000000a9300000, 0x00000000a9400000|  0%| F|  |TAMS 0x00000000a9300000, 0x00000000a9300000| Untracked 
| 110|0x00000000a9400000, 0x00000000a9400000, 0x00000000a9500000|  0%| F|  |TAMS 0x00000000a9400000, 0x00000000a9400000| Untracked 
| 111|0x00000000a9500000, 0x00000000a9500000, 0x00000000a9600000|  0%| F|  |TAMS 0x00000000a9500000, 0x00000000a9500000| Untracked 
| 112|0x00000000a9600000, 0x00000000a9600000, 0x00000000a9700000|  0%| F|  |TAMS 0x00000000a9600000, 0x00000000a9600000| Untracked 
| 113|0x00000000a9700000, 0x00000000a9700000, 0x00000000a9800000|  0%| F|  |TAMS 0x00000000a9700000, 0x00000000a9700000| Untracked 
| 114|0x00000000a9800000, 0x00000000a9800000, 0x00000000a9900000|  0%| F|  |TAMS 0x00000000a9800000, 0x00000000a9800000| Untracked 
| 115|0x00000000a9900000, 0x00000000a9900000, 0x00000000a9a00000|  0%| F|  |TAMS 0x00000000a9900000, 0x00000000a9900000| Untracked 
| 116|0x00000000a9a00000, 0x00000000a9a00000, 0x00000000a9b00000|  0%| F|  |TAMS 0x00000000a9a00000, 0x00000000a9a00000| Untracked 
| 117|0x00000000a9b00000, 0x00000000a9b00000, 0x00000000a9c00000|  0%| F|  |TAMS 0x00000000a9b00000, 0x00000000a9b00000| Untracked 
| 118|0x00000000a9c00000, 0x00000000a9c00000, 0x00000000a9d00000|  0%| F|  |TAMS 0x00000000a9c00000, 0x00000000a9c00000| Untracked 
| 119|0x00000000a9d00000, 0x00000000a9d00000, 0x00000000a9e00000|  0%| F|  |TAMS 0x00000000a9d00000, 0x00000000a9d00000| Untracked 
| 120|0x00000000a9e00000, 0x00000000a9e00000, 0x00000000a9f00000|  0%| F|  |TAMS 0x00000000a9e00000, 0x00000000a9e00000| Untracked 
| 121|0x00000000a9f00000, 0x00000000a9f00000, 0x00000000aa000000|  0%| F|  |TAMS 0x00000000a9f00000, 0x00000000a9f00000| Untracked 
| 122|0x00000000aa000000, 0x00000000aa000000, 0x00000000aa100000|  0%| F|  |TAMS 0x00000000aa000000, 0x00000000aa000000| Untracked 
| 123|0x00000000aa100000, 0x00000000aa100000, 0x00000000aa200000|  0%| F|  |TAMS 0x00000000aa100000, 0x00000000aa100000| Untracked 
| 124|0x00000000aa200000, 0x00000000aa200000, 0x00000000aa300000|  0%| F|  |TAMS 0x00000000aa200000, 0x00000000aa200000| Untracked 
| 125|0x00000000aa300000, 0x00000000aa300000, 0x00000000aa400000|  0%| F|  |TAMS 0x00000000aa300000, 0x00000000aa300000| Untracked 
| 126|0x00000000aa400000, 0x00000000aa400000, 0x00000000aa500000|  0%| F|  |TAMS 0x00000000aa400000, 0x00000000aa400000| Untracked 
| 127|0x00000000aa500000, 0x00000000aa500000, 0x00000000aa600000|  0%| F|  |TAMS 0x00000000aa500000, 0x00000000aa500000| Untracked 
| 128|0x00000000aa600000, 0x00000000aa600000, 0x00000000aa700000|  0%| F|  |TAMS 0x00000000aa600000, 0x00000000aa600000| Untracked 
| 129|0x00000000aa700000, 0x00000000aa700000, 0x00000000aa800000|  0%| F|  |TAMS 0x00000000aa700000, 0x00000000aa700000| Untracked 
| 130|0x00000000aa800000, 0x00000000aa800000, 0x00000000aa900000|  0%| F|  |TAMS 0x00000000aa800000, 0x00000000aa800000| Untracked 
| 131|0x00000000aa900000, 0x00000000aa900000, 0x00000000aaa00000|  0%| F|  |TAMS 0x00000000aa900000, 0x00000000aa900000| Untracked 
| 132|0x00000000aaa00000, 0x00000000aaa00000, 0x00000000aab00000|  0%| F|  |TAMS 0x00000000aaa00000, 0x00000000aaa00000| Untracked 
| 133|0x00000000aab00000, 0x00000000aab00000, 0x00000000aac00000|  0%| F|  |TAMS 0x00000000aab00000, 0x00000000aab00000| Untracked 
| 134|0x00000000aac00000, 0x00000000aac00000, 0x00000000aad00000|  0%| F|  |TAMS 0x00000000aac00000, 0x00000000aac00000| Untracked 
| 135|0x00000000aad00000, 0x00000000aad00000, 0x00000000aae00000|  0%| F|  |TAMS 0x00000000aad00000, 0x00000000aad00000| Untracked 
| 136|0x00000000aae00000, 0x00000000aae00000, 0x00000000aaf00000|  0%| F|  |TAMS 0x00000000aae00000, 0x00000000aae00000| Untracked 
| 137|0x00000000aaf00000, 0x00000000aaf00000, 0x00000000ab000000|  0%| F|  |TAMS 0x00000000aaf00000, 0x00000000aaf00000| Untracked 
| 138|0x00000000ab000000, 0x00000000ab000000, 0x00000000ab100000|  0%| F|  |TAMS 0x00000000ab000000, 0x00000000ab000000| Untracked 
| 139|0x00000000ab100000, 0x00000000ab100000, 0x00000000ab200000|  0%| F|  |TAMS 0x00000000ab100000, 0x00000000ab100000| Untracked 
| 140|0x00000000ab200000, 0x00000000ab200000, 0x00000000ab300000|  0%| F|  |TAMS 0x00000000ab200000, 0x00000000ab200000| Untracked 
| 141|0x00000000ab300000, 0x00000000ab300000, 0x00000000ab400000|  0%| F|  |TAMS 0x00000000ab300000, 0x00000000ab300000| Untracked 
| 142|0x00000000ab400000, 0x00000000ab400000, 0x00000000ab500000|  0%| F|  |TAMS 0x00000000ab400000, 0x00000000ab400000| Untracked 
| 143|0x00000000ab500000, 0x00000000ab500000, 0x00000000ab600000|  0%| F|  |TAMS 0x00000000ab500000, 0x00000000ab500000| Untracked 
| 144|0x00000000ab600000, 0x00000000ab600000, 0x00000000ab700000|  0%| F|  |TAMS 0x00000000ab600000, 0x00000000ab600000| Untracked 
| 145|0x00000000ab700000, 0x00000000ab700000, 0x00000000ab800000|  0%| F|  |TAMS 0x00000000ab700000, 0x00000000ab700000| Untracked 
| 146|0x00000000ab800000, 0x00000000ab800000, 0x00000000ab900000|  0%| F|  |TAMS 0x00000000ab800000, 0x00000000ab800000| Untracked 
| 147|0x00000000ab900000, 0x00000000ab900000, 0x00000000aba00000|  0%| F|  |TAMS 0x00000000ab900000, 0x00000000ab900000| Untracked 
| 148|0x00000000aba00000, 0x00000000aba00000, 0x00000000abb00000|  0%| F|  |TAMS 0x00000000aba00000, 0x00000000aba00000| Untracked 
| 149|0x00000000abb00000, 0x00000000abb00000, 0x00000000abc00000|  0%| F|  |TAMS 0x00000000abb00000, 0x00000000abb00000| Untracked 

Card table byte_map: [0x000001777d930000,0x000001777dc20000] _byte_map_base: 0x000001777d41d000

Marking Bits (Prev, Next): (CMBitMap*) 0x000001777d07cf50, (CMBitMap*) 0x000001777d07cf10
 Prev Bits: [0x00000177167f0000, 0x0000017717f58000)
 Next Bits: [0x000001777df10000, 0x000001777f678000)

Polling page: 0x000001777c7f0000

Metaspace:

Usage:
  Non-class:     70.31 MB used.
      Class:     10.93 MB used.
       Both:     81.25 MB used.

Virtual space:
  Non-class space:      128.00 MB reserved,      70.62 MB ( 55%) committed,  2 nodes.
      Class space:        1.00 GB reserved,      11.25 MB (  1%) committed,  1 nodes.
             Both:        1.12 GB reserved,      81.88 MB (  7%) committed. 

Chunk freelists:
   Non-Class:  9.20 MB
       Class:  4.63 MB
        Both:  13.83 MB

MaxMetaspaceSize: unlimited
CompressedClassSpaceSize: 1.00 GB
Initial GC threshold: 21.00 MB
Current GC threshold: 136.06 MB
CDS: on
MetaspaceReclaimPolicy: balanced
 - commit_granule_bytes: 65536.
 - commit_granule_words: 8192.
 - virtual_space_node_default_size: 8388608.
 - enlarge_chunks_in_place: 1.
 - new_chunks_are_fully_committed: 0.
 - uncommit_free_chunks: 1.
 - use_allocation_guard: 0.
 - handle_deallocations: 1.


Internal statistics:

num_allocs_failed_limit: 9.
num_arena_births: 996.
num_arena_deaths: 0.
num_vsnodes_births: 3.
num_vsnodes_deaths: 0.
num_space_committed: 1308.
num_space_uncommitted: 0.
num_chunks_returned_to_freelist: 9.
num_chunks_taken_from_freelist: 4132.
num_chunk_merges: 9.
num_chunk_splits: 2918.
num_chunks_enlarged: 2230.
num_inconsistent_stats: 0.

CodeHeap 'non-profiled nmethods': size=120000Kb used=5822Kb max_used=5822Kb free=114177Kb
 bounds [0x000001770f2c0000, 0x000001770f8b0000, 0x00000177167f0000]
CodeHeap 'profiled nmethods': size=120000Kb used=17640Kb max_used=17946Kb free=102359Kb
 bounds [0x00000177077f0000, 0x0000017708980000, 0x000001770ed20000]
CodeHeap 'non-nmethods': size=5760Kb used=1382Kb max_used=1455Kb free=4377Kb
 bounds [0x000001770ed20000, 0x000001770ef90000, 0x000001770f2c0000]
 total_blobs=10198 nmethods=9484 adapters=625
 compilation: enabled
              stopped_count=0, restarted_count=0
 full_count=0

Compilation events (20 events):
Event: 14.081 Thread 0x000001771a3124d0 11288       2       org.springframework.beans.factory.support.AbstractBeanFactory::registerDisposableBeanIfNecessary (114 bytes)
Event: 14.082 Thread 0x000001771a3124d0 nmethod 11288 0x0000017708399e10 code [0x000001770839a060, 0x000001770839a628]
Event: 14.082 Thread 0x000001771a3124d0 11292   !   2       jdk.proxy2.$Proxy143::close (27 bytes)
Event: 14.082 Thread 0x000001771a3124d0 nmethod 11292 0x0000017708399890 code [0x0000017708399a40, 0x0000017708399c98]
Event: 14.082 Thread 0x000001771a3124d0 11289       2       org.springframework.context.support.ApplicationContextAwareProcessor::postProcessBeforeInitialization (14 bytes)
Event: 14.082 Thread 0x000001771a3124d0 nmethod 11289 0x0000017708399490 code [0x0000017708399620, 0x00000177083997c8]
Event: 14.082 Thread 0x000001771a3124d0 11293       2       org.hibernate.query.sqm.tree.predicate.AbstractNegatableSqmPredicate::<init> (12 bytes)
Event: 14.083 Thread 0x000001771a3124d0 nmethod 11293 0x0000017708399090 code [0x0000017708399220, 0x00000177083993f8]
Event: 14.084 Thread 0x000001771a3124d0 11294       2       java.util.regex.Pattern$CharPredicate::negate (7 bytes)
Event: 14.084 Thread 0x000001771a3124d0 nmethod 11294 0x0000017708398c10 code [0x0000017708398dc0, 0x0000017708398f68]
Event: 14.084 Thread 0x000001771a3124d0 11296       2       org.springframework.data.util.TypeDiscoverer$$Lambda$555/0x000001771c3714d0::get (8 bytes)
Event: 14.084 Thread 0x000001771a3124d0 nmethod 11296 0x0000017708398610 code [0x00000177083987e0, 0x0000017708398a88]
Event: 14.084 Thread 0x000001771a3124d0 11297       2       org.springframework.data.util.TypeDiscoverer::lambda$new$0 (11 bytes)
Event: 14.084 Thread 0x000001771a3124d0 nmethod 11297 0x0000017708398010 code [0x00000177083981e0, 0x0000017708398488]
Event: 14.084 Thread 0x000001771a3124d0 11299       2       org.hibernate.metamodel.model.domain.internal.AbstractSqmPathSource::getExpressibleJavaType (10 bytes)
Event: 14.084 Thread 0x000001771a3124d0 nmethod 11299 0x0000017708397c90 code [0x0000017708397e20, 0x0000017708397f48]
Event: 14.085 Thread 0x000001771a3124d0 11298       2       org.springframework.data.util.CustomCollections::isMap (8 bytes)
Event: 14.085 Thread 0x000001771a3124d0 nmethod 11298 0x0000017708397510 code [0x00000177083976c0, 0x00000177083978f8]
Event: 14.085 Thread 0x000001771a3124d0 11295       2       java.util.regex.Pattern$CharPredicate$$Lambda$23/0x80000002d::<init> (10 bytes)
Event: 14.085 Thread 0x000001771a3124d0 nmethod 11295 0x0000017707e3d010 code [0x0000017707e3d1a0, 0x0000017707e3d2f8]

GC Heap History (20 events):
Event: 12.323 GC heap after
{Heap after GC invocations=21 (full 0):
 garbage-first heap   total 109568K, used 49224K [0x00000000a2600000, 0x0000000100000000)
  region size 1024K, 6 young (6144K), 6 survivors (6144K)
 Metaspace       used 78994K, committed 79552K, reserved 1179648K
  class space    used 10698K, committed 10944K, reserved 1048576K
}
Event: 12.710 GC heap before
{Heap before GC invocations=21 (full 0):
 garbage-first heap   total 109568K, used 89160K [0x00000000a2600000, 0x0000000100000000)
  region size 1024K, 45 young (46080K), 6 survivors (6144K)
 Metaspace       used 80257K, committed 80896K, reserved 1179648K
  class space    used 10854K, committed 11136K, reserved 1048576K
}
Event: 12.716 GC heap after
{Heap after GC invocations=22 (full 0):
 garbage-first heap   total 109568K, used 49765K [0x00000000a2600000, 0x0000000100000000)
  region size 1024K, 4 young (4096K), 4 survivors (4096K)
 Metaspace       used 80257K, committed 80896K, reserved 1179648K
  class space    used 10854K, committed 11136K, reserved 1048576K
}
Event: 13.137 GC heap before
{Heap before GC invocations=22 (full 0):
 garbage-first heap   total 109568K, used 88677K [0x00000000a2600000, 0x0000000100000000)
  region size 1024K, 42 young (43008K), 4 survivors (4096K)
 Metaspace       used 81681K, committed 82304K, reserved 1179648K
  class space    used 11025K, committed 11328K, reserved 1048576K
}
Event: 13.142 GC heap after
{Heap after GC invocations=23 (full 0):
 garbage-first heap   total 109568K, used 51490K [0x00000000a2600000, 0x0000000100000000)
  region size 1024K, 5 young (5120K), 5 survivors (5120K)
 Metaspace       used 81681K, committed 82304K, reserved 1179648K
  class space    used 11025K, committed 11328K, reserved 1048576K
}
Event: 13.401 GC heap before
{Heap before GC invocations=23 (full 0):
 garbage-first heap   total 109568K, used 90402K [0x00000000a2600000, 0x0000000100000000)
  region size 1024K, 43 young (44032K), 5 survivors (5120K)
 Metaspace       used 82734K, committed 83328K, reserved 1179648K
  class space    used 11136K, committed 11456K, reserved 1048576K
}
Event: 13.407 GC heap after
{Heap after GC invocations=24 (full 0):
 garbage-first heap   total 109568K, used 53263K [0x00000000a2600000, 0x0000000100000000)
  region size 1024K, 4 young (4096K), 4 survivors (4096K)
 Metaspace       used 82734K, committed 83328K, reserved 1179648K
  class space    used 11136K, committed 11456K, reserved 1048576K
}
Event: 13.474 GC heap before
{Heap before GC invocations=24 (full 0):
 garbage-first heap   total 109568K, used 91151K [0x00000000a2600000, 0x0000000100000000)
  region size 1024K, 41 young (41984K), 4 survivors (4096K)
 Metaspace       used 82759K, committed 83392K, reserved 1179648K
  class space    used 11139K, committed 11456K, reserved 1048576K
}
Event: 13.480 GC heap after
{Heap after GC invocations=25 (full 0):
 garbage-first heap   total 132096K, used 54883K [0x00000000a2600000, 0x0000000100000000)
  region size 1024K, 4 young (4096K), 4 survivors (4096K)
 Metaspace       used 82759K, committed 83392K, reserved 1179648K
  class space    used 11139K, committed 11456K, reserved 1048576K
}
Event: 13.599 GC heap before
{Heap before GC invocations=26 (full 0):
 garbage-first heap   total 132096K, used 109155K [0x00000000a2600000, 0x0000000100000000)
  region size 1024K, 57 young (58368K), 4 survivors (4096K)
 Metaspace       used 82759K, committed 83392K, reserved 1179648K
  class space    used 11139K, committed 11456K, reserved 1048576K
}
Event: 13.611 GC heap after
{Heap after GC invocations=27 (full 0):
 garbage-first heap   total 132096K, used 65331K [0x00000000a2600000, 0x0000000100000000)
  region size 1024K, 8 young (8192K), 8 survivors (8192K)
 Metaspace       used 82759K, committed 83392K, reserved 1179648K
  class space    used 11139K, committed 11456K, reserved 1048576K
}
Event: 13.613 GC heap before
{Heap before GC invocations=27 (full 0):
 garbage-first heap   total 132096K, used 66355K [0x00000000a2600000, 0x0000000100000000)
  region size 1024K, 9 young (9216K), 8 survivors (8192K)
 Metaspace       used 82759K, committed 83392K, reserved 1179648K
  class space    used 11139K, committed 11456K, reserved 1048576K
}
Event: 13.622 GC heap after
{Heap after GC invocations=28 (full 0):
 garbage-first heap   total 132096K, used 66517K [0x00000000a2600000, 0x0000000100000000)
  region size 1024K, 2 young (2048K), 2 survivors (2048K)
 Metaspace       used 82759K, committed 83392K, reserved 1179648K
  class space    used 11139K, committed 11456K, reserved 1048576K
}
Event: 13.736 GC heap before
{Heap before GC invocations=28 (full 0):
 garbage-first heap   total 132096K, used 101333K [0x00000000a2600000, 0x0000000100000000)
  region size 1024K, 36 young (36864K), 2 survivors (2048K)
 Metaspace       used 82903K, committed 83584K, reserved 1179648K
  class space    used 11162K, committed 11520K, reserved 1048576K
}
Event: 13.744 GC heap after
{Heap after GC invocations=29 (full 0):
 garbage-first heap   total 132096K, used 71860K [0x00000000a2600000, 0x0000000100000000)
  region size 1024K, 5 young (5120K), 5 survivors (5120K)
 Metaspace       used 82903K, committed 83584K, reserved 1179648K
  class space    used 11162K, committed 11520K, reserved 1048576K
}
Event: 13.844 GC heap before
{Heap before GC invocations=30 (full 0):
 garbage-first heap   total 153600K, used 102580K [0x00000000a2600000, 0x0000000100000000)
  region size 1024K, 35 young (35840K), 5 survivors (5120K)
 Metaspace       used 82924K, committed 83584K, reserved 1179648K
  class space    used 11164K, committed 11520K, reserved 1048576K
}
Event: 13.849 GC heap after
{Heap after GC invocations=31 (full 0):
 garbage-first heap   total 153600K, used 73573K [0x00000000a2600000, 0x0000000100000000)
  region size 1024K, 2 young (2048K), 2 survivors (2048K)
 Metaspace       used 82924K, committed 83584K, reserved 1179648K
  class space    used 11164K, committed 11520K, reserved 1048576K
}
Event: 13.879 GC heap before
{Heap before GC invocations=31 (full 0):
 garbage-first heap   total 153600K, used 78693K [0x00000000a2600000, 0x0000000100000000)
  region size 1024K, 7 young (7168K), 2 survivors (2048K)
 Metaspace       used 82964K, committed 83648K, reserved 1179648K
  class space    used 11172K, committed 11520K, reserved 1048576K
}
Event: 13.883 GC heap after
{Heap after GC invocations=32 (full 0):
 garbage-first heap   total 153600K, used 73819K [0x00000000a2600000, 0x0000000100000000)
  region size 1024K, 1 young (1024K), 1 survivors (1024K)
 Metaspace       used 82964K, committed 83648K, reserved 1179648K
  class space    used 11172K, committed 11520K, reserved 1048576K
}
Event: 14.085 GC heap before
{Heap before GC invocations=32 (full 0):
 garbage-first heap   total 153600K, used 115803K [0x00000000a2600000, 0x0000000100000000)
  region size 1024K, 42 young (43008K), 1 survivors (1024K)
 Metaspace       used 83195K, committed 83840K, reserved 1179648K
  class space    used 11196K, committed 11520K, reserved 1048576K
}

Deoptimization events (20 events):
Event: 13.896 Thread 0x000001777d0314a0 DEOPT PACKING pc=0x000001770f78bed4 sp=0x00000018a68fa690
Event: 13.896 Thread 0x000001777d0314a0 DEOPT UNPACKING pc=0x000001770ed723a3 sp=0x00000018a68fa628 mode 2
Event: 13.896 Thread 0x000001777d0314a0 Uncommon trap: trap_request=0xffffff66 fr.pc=0x000001770f78bed4 relative=0x0000000000000914
Event: 13.896 Thread 0x000001777d0314a0 Uncommon trap: reason=speculate_class_check action=maybe_recompile pc=0x000001770f78bed4 method=org.antlr.v4.runtime.atn.ParserATNSimulator.canDropLoopEntryEdgeInLeftRecursiveRule(Lorg/antlr/v4/runtime/atn/ATNConfig;)Z @ 234 c2
Event: 13.896 Thread 0x000001777d0314a0 DEOPT PACKING pc=0x000001770f78bed4 sp=0x00000018a68fa350
Event: 13.896 Thread 0x000001777d0314a0 DEOPT UNPACKING pc=0x000001770ed723a3 sp=0x00000018a68fa2e8 mode 2
Event: 13.896 Thread 0x000001777d0314a0 Uncommon trap: trap_request=0xffffff66 fr.pc=0x000001770f78bed4 relative=0x0000000000000914
Event: 13.896 Thread 0x000001777d0314a0 Uncommon trap: reason=speculate_class_check action=maybe_recompile pc=0x000001770f78bed4 method=org.antlr.v4.runtime.atn.ParserATNSimulator.canDropLoopEntryEdgeInLeftRecursiveRule(Lorg/antlr/v4/runtime/atn/ATNConfig;)Z @ 234 c2
Event: 13.896 Thread 0x000001777d0314a0 DEOPT PACKING pc=0x000001770f78bed4 sp=0x00000018a68fa350
Event: 13.896 Thread 0x000001777d0314a0 DEOPT UNPACKING pc=0x000001770ed723a3 sp=0x00000018a68fa2e8 mode 2
Event: 13.903 Thread 0x000001777d0314a0 Uncommon trap: trap_request=0xffffffde fr.pc=0x000001770f8401c4 relative=0x0000000000003ba4
Event: 13.903 Thread 0x000001777d0314a0 Uncommon trap: reason=class_check action=maybe_recompile pc=0x000001770f8401c4 method=org.antlr.v4.runtime.atn.SingletonPredictionContext.equals(Ljava/lang/Object;)Z @ 8 c2
Event: 13.903 Thread 0x000001777d0314a0 DEOPT PACKING pc=0x000001770f8401c4 sp=0x00000018a68f9350
Event: 13.903 Thread 0x000001777d0314a0 DEOPT UNPACKING pc=0x000001770ed723a3 sp=0x00000018a68f92f8 mode 2
Event: 13.903 Thread 0x000001777d0314a0 Uncommon trap: trap_request=0xffffffde fr.pc=0x000001770f8401c4 relative=0x0000000000003ba4
Event: 13.903 Thread 0x000001777d0314a0 Uncommon trap: reason=class_check action=maybe_recompile pc=0x000001770f8401c4 method=org.antlr.v4.runtime.atn.SingletonPredictionContext.equals(Ljava/lang/Object;)Z @ 8 c2
Event: 13.903 Thread 0x000001777d0314a0 DEOPT PACKING pc=0x000001770f8401c4 sp=0x00000018a68f9350
Event: 13.903 Thread 0x000001777d0314a0 DEOPT UNPACKING pc=0x000001770ed723a3 sp=0x00000018a68f92f8 mode 2
Event: 13.973 Thread 0x000001777d0314a0 DEOPT PACKING pc=0x0000017707dec3ed sp=0x00000018a68fc740
Event: 13.973 Thread 0x000001777d0314a0 DEOPT UNPACKING pc=0x000001770ed72b43 sp=0x00000018a68fbbf8 mode 0

Classes unloaded (0 events):
No events

Classes redefined (0 events):
No events

Internal exceptions (20 events):
Event: 12.465 Thread 0x000001777d0314a0 Exception <a 'java/lang/NoSuchMethodError'{0x00000000a7fced18}: 'int java.lang.invoke.DirectMethodHandle$Holder.invokeStaticInit(java.lang.Object, int, java.lang.Object, java.lang.Object, java.lang.Object, java.lang.Object)'> (0x00000000a7fced18) 
thrown [s\open\src\hotspot\share\interpreter\linkResolver.cpp, line 759]
Event: 12.531 Thread 0x000001777d0314a0 Exception <a 'java/lang/NoSuchMethodError'{0x00000000a7a5eca8}: 'long java.lang.invoke.DirectMethodHandle$Holder.invokeVirtual(java.lang.Object, java.lang.Object)'> (0x00000000a7a5eca8) 
thrown [s\open\src\hotspot\share\interpreter\linkResolver.cpp, line 759]
Event: 12.586 Thread 0x000001777d0314a0 Exception <a 'java/lang/reflect/InvocationTargetException'{0x00000000a76c5ca8}> (0x00000000a76c5ca8) 
thrown [s\open\src\hotspot\share\runtime\reflection.cpp, line 1121]
Event: 12.603 Thread 0x000001777d0314a0 Exception <a 'java/lang/reflect/InvocationTargetException'{0x00000000a745f068}> (0x00000000a745f068) 
thrown [s\open\src\hotspot\share\runtime\reflection.cpp, line 1121]
Event: 12.604 Thread 0x000001777d0314a0 Exception <a 'java/lang/reflect/InvocationTargetException'{0x00000000a746a888}> (0x00000000a746a888) 
thrown [s\open\src\hotspot\share\runtime\reflection.cpp, line 1121]
Event: 12.615 Thread 0x000001777d0314a0 Exception <a 'java/lang/reflect/InvocationTargetException'{0x00000000a73e7ca0}> (0x00000000a73e7ca0) 
thrown [s\open\src\hotspot\share\runtime\reflection.cpp, line 1121]
Event: 12.658 Thread 0x000001777d0314a0 Exception <a 'sun/nio/fs/WindowsException'{0x00000000a6f5e3d8}> (0x00000000a6f5e3d8) 
thrown [s\open\src\hotspot\share\prims\jni.cpp, line 516]
Event: 12.771 Thread 0x000001777d0314a0 Exception <a 'java/lang/reflect/InvocationTargetException'{0x00000000a8cc7cd0}> (0x00000000a8cc7cd0) 
thrown [s\open\src\hotspot\share\runtime\reflection.cpp, line 1121]
Event: 12.772 Thread 0x000001777d0314a0 Exception <a 'java/lang/reflect/InvocationTargetException'{0x00000000a8cd3568}> (0x00000000a8cd3568) 
thrown [s\open\src\hotspot\share\runtime\reflection.cpp, line 1121]
Event: 12.774 Thread 0x000001777d0314a0 Exception <a 'java/lang/reflect/InvocationTargetException'{0x00000000a8ce0d68}> (0x00000000a8ce0d68) 
thrown [s\open\src\hotspot\share\runtime\reflection.cpp, line 1121]
Event: 12.778 Thread 0x000001777d0314a0 Exception <a 'java/lang/reflect/InvocationTargetException'{0x00000000a8b30e00}> (0x00000000a8b30e00) 
thrown [s\open\src\hotspot\share\runtime\reflection.cpp, line 1121]
Event: 12.812 Thread 0x000001777d0314a0 Exception <a 'java/lang/reflect/InvocationTargetException'{0x00000000a88bcdb0}> (0x00000000a88bcdb0) 
thrown [s\open\src\hotspot\share\runtime\reflection.cpp, line 1121]
Event: 12.970 Thread 0x000001777d0314a0 Exception <a 'java/io/FileNotFoundException'{0x00000000a776ec30}> (0x00000000a776ec30) 
thrown [s\open\src\hotspot\share\prims\jni.cpp, line 516]
Event: 12.971 Thread 0x000001777d0314a0 Exception <a 'java/io/FileNotFoundException'{0x00000000a7779f10}> (0x00000000a7779f10) 
thrown [s\open\src\hotspot\share\prims\jni.cpp, line 516]
Event: 13.208 Thread 0x000001777d0314a0 Exception <a 'java/lang/NoSuchMethodError'{0x00000000a8aa26c8}: 'java.lang.Object java.lang.invoke.Invokers$Holder.invoker(java.lang.Object, java.lang.Object, java.lang.Object, java.lang.Object)'> (0x00000000a8aa26c8) 
thrown [s\open\src\hotspot\share\interpreter\linkResolver.cpp, line 759]
Event: 13.209 Thread 0x000001777d0314a0 Implicit null exception at 0x000001770f746e9a to 0x000001770f74709c
Event: 13.209 Thread 0x000001777d0314a0 Exception <a 'java/lang/NoSuchMethodError'{0x00000000a8aabf78}: 'int java.lang.invoke.DirectMethodHandle$Holder.invokeSpecial(java.lang.Object, java.lang.Object, java.lang.Object, int)'> (0x00000000a8aabf78) 
thrown [s\open\src\hotspot\share\interpreter\linkResolver.cpp, line 759]
Event: 13.211 Thread 0x000001777d0314a0 Exception <a 'java/lang/NoSuchMethodError'{0x00000000a8abdc60}: 'java.lang.Object java.lang.invoke.DirectMethodHandle$Holder.invokeStatic(java.lang.Object, java.lang.Object, java.lang.Object, java.lang.Object, int)'> (0x00000000a8abdc60) 
thrown [s\open\src\hotspot\share\interpreter\linkResolver.cpp, line 759]
Event: 13.212 Thread 0x000001777d0314a0 Exception <a 'java/lang/NoSuchMethodError'{0x00000000a8ac8620}: 'void java.lang.invoke.DelegatingMethodHandle$Holder.reinvoke_L(java.lang.Object, java.lang.Object, int)'> (0x00000000a8ac8620) 
thrown [s\open\src\hotspot\share\interpreter\linkResolver.cpp, line 759]
Event: 13.214 Thread 0x000001777d0314a0 Exception <a 'java/lang/NoSuchMethodError'{0x00000000a8ad6318}: 'java.lang.Object java.lang.invoke.Invokers$Holder.invokeExact_MT(java.lang.Object, java.lang.Object, java.lang.Object, java.lang.Object)'> (0x00000000a8ad6318) 
thrown [s\open\src\hotspot\share\interpreter\linkResolver.cpp, line 759]

VM Operations (20 events):
Event: 13.480 Executing VM operation: G1CollectForAllocation done
Event: 13.509 Executing VM operation: G1Concurrent
Event: 13.513 Executing VM operation: G1Concurrent done
Event: 13.525 Executing VM operation: G1Concurrent
Event: 13.525 Executing VM operation: G1Concurrent done
Event: 13.599 Executing VM operation: G1CollectForAllocation
Event: 13.611 Executing VM operation: G1CollectForAllocation done
Event: 13.613 Executing VM operation: G1CollectForAllocation
Event: 13.622 Executing VM operation: G1CollectForAllocation done
Event: 13.736 Executing VM operation: G1CollectForAllocation
Event: 13.744 Executing VM operation: G1CollectForAllocation done
Event: 13.793 Executing VM operation: G1Concurrent
Event: 13.797 Executing VM operation: G1Concurrent done
Event: 13.815 Executing VM operation: G1Concurrent
Event: 13.815 Executing VM operation: G1Concurrent done
Event: 13.844 Executing VM operation: G1CollectForAllocation
Event: 13.849 Executing VM operation: G1CollectForAllocation done
Event: 13.879 Executing VM operation: G1CollectForAllocation
Event: 13.883 Executing VM operation: G1CollectForAllocation done
Event: 14.085 Executing VM operation: G1CollectForAllocation

Events (20 events):
Event: 13.208 loading class jdk/internal/access/JavaAWTAccess
Event: 13.208 loading class jdk/internal/access/JavaAWTAccess done
Event: 13.208 loading class jdk/internal/access/JavaAWTFontAccess
Event: 13.208 loading class jdk/internal/access/JavaAWTFontAccess done
Event: 13.208 loading class jdk/internal/access/JavaObjectInputStreamReadString
Event: 13.208 loading class jdk/internal/access/JavaObjectInputStreamReadString done
Event: 13.208 loading class jdk/internal/access/JavaObjectInputFilterAccess
Event: 13.208 loading class jdk/internal/access/JavaObjectInputFilterAccess done
Event: 13.208 loading class jdk/internal/access/JavaxCryptoSealedObjectAccess
Event: 13.208 loading class jdk/internal/access/JavaxCryptoSealedObjectAccess done
Event: 13.209 loading class sun/invoke/util/ValueConversions$1
Event: 13.209 loading class sun/invoke/util/ValueConversions$1 done
Event: 13.210 loading class java/lang/invoke/BoundMethodHandle$Species_LI
Event: 13.210 loading class java/lang/invoke/BoundMethodHandle$Species_LI done
Event: 13.214 loading class sun/nio/ch/Interruptible
Event: 13.214 loading class sun/nio/ch/Interruptible done
Event: 13.215 loading class jdk/internal/reflect/ConstantPool$Tag
Event: 13.215 loading class jdk/internal/reflect/ConstantPool$Tag done
Event: 13.258 loading class java/lang/UnknownError
Event: 13.258 loading class java/lang/UnknownError done


Dynamic libraries:
0x00007ff6189e0000 - 0x00007ff6189f0000 	C:\Program Files\Java\jdk-17\bin\java.exe
0x00007ffbe98e0000 - 0x00007ffbe9b47000 	C:\WINDOWS\SYSTEM32\ntdll.dll
0x00007ffbe7670000 - 0x00007ffbe7739000 	C:\WINDOWS\System32\KERNEL32.DLL
0x00007ffbe6c40000 - 0x00007ffbe7030000 	C:\WINDOWS\System32\KERNELBASE.dll
0x00007ffbe7520000 - 0x00007ffbe766b000 	C:\WINDOWS\System32\ucrtbase.dll
0x00007ffbdfb90000 - 0x00007ffbdfba9000 	C:\Program Files\Java\jdk-17\bin\jli.dll
0x00007ffbdfb70000 - 0x00007ffbdfb8b000 	C:\Program Files\Java\jdk-17\bin\VCRUNTIME140.dll
0x00007ffbe8410000 - 0x00007ffbe84c4000 	C:\WINDOWS\System32\ADVAPI32.dll
0x00007ffbe9610000 - 0x00007ffbe96b9000 	C:\WINDOWS\System32\msvcrt.dll
0x00007ffbe96c0000 - 0x00007ffbe9766000 	C:\WINDOWS\System32\sechost.dll
0x00007ffbe9770000 - 0x00007ffbe9888000 	C:\WINDOWS\System32\RPCRT4.dll
0x00007ffbe8190000 - 0x00007ffbe8355000 	C:\WINDOWS\System32\USER32.dll
0x00007ffbe7460000 - 0x00007ffbe7487000 	C:\WINDOWS\System32\win32u.dll
0x00007ffbd4920000 - 0x00007ffbd4bba000 	C:\WINDOWS\WinSxS\amd64_microsoft.windows.common-controls_6595b64144ccf1df_6.0.26100.4768_none_3e0c112ce331287c\COMCTL32.dll
0x00007ffbe7e60000 - 0x00007ffbe7e8b000 	C:\WINDOWS\System32\GDI32.dll
0x00007ffbe7100000 - 0x00007ffbe7238000 	C:\WINDOWS\System32\gdi32full.dll
0x00007ffbe6a10000 - 0x00007ffbe6ab3000 	C:\WINDOWS\System32\msvcp_win.dll
0x00007ffbde280000 - 0x00007ffbde28b000 	C:\WINDOWS\SYSTEM32\VERSION.dll
0x00007ffbe8140000 - 0x00007ffbe816f000 	C:\WINDOWS\System32\IMM32.DLL
0x00007ffbe1e40000 - 0x00007ffbe1e4c000 	C:\Program Files\Java\jdk-17\bin\vcruntime140_1.dll
0x00007ffbd07a0000 - 0x00007ffbd082e000 	C:\Program Files\Java\jdk-17\bin\msvcp140.dll
0x00007ffb97170000 - 0x00007ffb97d50000 	C:\Program Files\Java\jdk-17\bin\server\jvm.dll
0x00007ffbe8180000 - 0x00007ffbe8188000 	C:\WINDOWS\System32\PSAPI.DLL
0x00007ffbde150000 - 0x00007ffbde185000 	C:\WINDOWS\SYSTEM32\WINMM.dll
0x00007ffbc6740000 - 0x00007ffbc674a000 	C:\WINDOWS\SYSTEM32\WSOCK32.dll
0x00007ffbe77a0000 - 0x00007ffbe7814000 	C:\WINDOWS\System32\WS2_32.dll
0x00007ffbe5790000 - 0x00007ffbe57ab000 	C:\WINDOWS\SYSTEM32\kernel.appcore.dll
0x00007ffbe07c0000 - 0x00007ffbe07ca000 	C:\Program Files\Java\jdk-17\bin\jimage.dll
0x00007ffbd8810000 - 0x00007ffbd8a51000 	C:\WINDOWS\SYSTEM32\DBGHELP.DLL
0x00007ffbe7ad0000 - 0x00007ffbe7e55000 	C:\WINDOWS\System32\combase.dll
0x00007ffbe7e90000 - 0x00007ffbe7f70000 	C:\WINDOWS\System32\OLEAUT32.dll
0x00007ffbd75c0000 - 0x00007ffbd7603000 	C:\WINDOWS\SYSTEM32\dbgcore.DLL
0x00007ffbe7240000 - 0x00007ffbe72d9000 	C:\WINDOWS\System32\bcryptPrimitives.dll
0x00007ffbdf570000 - 0x00007ffbdf57e000 	C:\Program Files\Java\jdk-17\bin\instrument.dll
0x00007ffbdf700000 - 0x00007ffbdf725000 	C:\Program Files\Java\jdk-17\bin\java.dll
0x00007ffbb5460000 - 0x00007ffbb5537000 	C:\Program Files\Java\jdk-17\bin\jsvml.dll
0x00007ffbe8940000 - 0x00007ffbe908d000 	C:\WINDOWS\System32\SHELL32.dll
0x00007ffbe6ac0000 - 0x00007ffbe6c33000 	C:\WINDOWS\System32\wintypes.dll
0x00007ffbe4630000 - 0x00007ffbe4e8f000 	C:\WINDOWS\SYSTEM32\windows.storage.dll
0x00007ffbe84d0000 - 0x00007ffbe85c5000 	C:\WINDOWS\System32\SHCORE.dll
0x00007ffbe9110000 - 0x00007ffbe917a000 	C:\WINDOWS\System32\shlwapi.dll
0x00007ffbe6930000 - 0x00007ffbe6959000 	C:\WINDOWS\SYSTEM32\profapi.dll
0x00007ffbdf530000 - 0x00007ffbdf548000 	C:\Program Files\Java\jdk-17\bin\zip.dll
0x00007ffbdf6e0000 - 0x00007ffbdf6f9000 	C:\Program Files\Java\jdk-17\bin\net.dll
0x00007ffbe0380000 - 0x00007ffbe049e000 	C:\WINDOWS\SYSTEM32\WINHTTP.dll
0x00007ffbe5d20000 - 0x00007ffbe5d8b000 	C:\WINDOWS\system32\mswsock.dll
0x00007ffbdf580000 - 0x00007ffbdf596000 	C:\Program Files\Java\jdk-17\bin\nio.dll
0x00007ffbdf520000 - 0x00007ffbdf52e000 	C:\Program Files\Java\jdk-17\bin\sunmscapi.dll
0x00007ffbe72e0000 - 0x00007ffbe7457000 	C:\WINDOWS\System32\CRYPT32.dll
0x00007ffbe6200000 - 0x00007ffbe6230000 	C:\WINDOWS\SYSTEM32\ncrypt.dll
0x00007ffbe61b0000 - 0x00007ffbe61ef000 	C:\WINDOWS\SYSTEM32\NTASN1.dll
0x00007ffbe5fe0000 - 0x00007ffbe5ffb000 	C:\WINDOWS\SYSTEM32\CRYPTSP.dll
0x00007ffbe56f0000 - 0x00007ffbe572b000 	C:\WINDOWS\system32\rsaenh.dll
0x00007ffbe5dc0000 - 0x00007ffbe5deb000 	C:\WINDOWS\SYSTEM32\USERENV.dll
0x00007ffbe6900000 - 0x00007ffbe6926000 	C:\WINDOWS\SYSTEM32\bcrypt.dll
0x00007ffbe6000000 - 0x00007ffbe600c000 	C:\WINDOWS\SYSTEM32\CRYPTBASE.dll
0x00007ffbe51a0000 - 0x00007ffbe51d3000 	C:\WINDOWS\SYSTEM32\IPHLPAPI.DLL
0x00007ffbe9890000 - 0x00007ffbe989a000 	C:\WINDOWS\System32\NSI.dll
0x00007ffbe05a0000 - 0x00007ffbe05bf000 	C:\WINDOWS\SYSTEM32\dhcpcsvc6.DLL
0x00007ffbe0350000 - 0x00007ffbe0375000 	C:\WINDOWS\SYSTEM32\dhcpcsvc.DLL
0x00007ffbe5230000 - 0x00007ffbe5356000 	C:\WINDOWS\SYSTEM32\DNSAPI.dll
0x00007ffbdf500000 - 0x00007ffbdf50a000 	C:\Program Files\Java\jdk-17\bin\management.dll
0x00007ffbdf4f0000 - 0x00007ffbdf4fb000 	C:\Program Files\Java\jdk-17\bin\management_ext.dll
0x00007ffbd2800000 - 0x00007ffbd2810000 	C:\Program Files\Java\jdk-17\bin\verify.dll
0x00007ffbde000000 - 0x00007ffbde00b000 	C:\Windows\System32\rasadhlp.dll
0x00007ffbdfc60000 - 0x00007ffbdfce6000 	C:\WINDOWS\System32\fwpuclnt.dll

dbghelp: loaded successfully - version: 4.0.5 - missing functions: none
symbol engine: initialized successfully - sym options: 0x614 - pdb path: .;C:\Program Files\Java\jdk-17\bin;C:\WINDOWS\SYSTEM32;C:\WINDOWS\WinSxS\amd64_microsoft.windows.common-controls_6595b64144ccf1df_6.0.26100.4768_none_3e0c112ce331287c;C:\Program Files\Java\jdk-17\bin\server

VM Arguments:
jvm_args: -javaagent:C:\Program Files\JetBrains\IntelliJ IDEA Community Edition 2024.3.5\lib\idea_rt.jar=50814 -Dfile.encoding=UTF-8 
java_command: com.maven.OnlineShoppingSB.OnlineShoppingSbApplication
java_class_path (initial): D:\git\OnlineShoppingOJT\OnlineShoppingSB\target\classes;C:\Users\Lenovo\.m2\repository\org\apache\commons\commons-text\1.12.0\commons-text-1.12.0.jar;C:\Users\Lenovo\.m2\repository\org\apache\commons\commons-lang3\3.17.0\commons-lang3-3.17.0.jar;C:\Users\Lenovo\.m2\repository\org\apache\poi\poi-ooxml\5.2.3\poi-ooxml-5.2.3.jar;C:\Users\Lenovo\.m2\repository\org\apache\poi\poi\5.2.3\poi-5.2.3.jar;C:\Users\Lenovo\.m2\repository\commons-codec\commons-codec\1.17.2\commons-codec-1.17.2.jar;C:\Users\Lenovo\.m2\repository\org\apache\commons\commons-math3\3.6.1\commons-math3-3.6.1.jar;C:\Users\Lenovo\.m2\repository\com\zaxxer\SparseBitSet\1.2\SparseBitSet-1.2.jar;C:\Users\Lenovo\.m2\repository\org\apache\poi\poi-ooxml-lite\5.2.3\poi-ooxml-lite-5.2.3.jar;C:\Users\Lenovo\.m2\repository\org\apache\xmlbeans\xmlbeans\5.1.1\xmlbeans-5.1.1.jar;C:\Users\Lenovo\.m2\repository\org\apache\commons\commons-compress\1.21\commons-compress-1.21.jar;C:\Users\Lenovo\.m2\repository\commons-io\commons-io\2.11.0\commons-io-2.11.0.jar;C:\Users\Lenovo\.m2\repository\com\github\virtuald\curvesapi\1.07\curvesapi-1.07.jar;C:\Users\Lenovo\.m2\repository\org\apache\logging\log4j\log4j-api\2.24.3\log4j-api-2.24.3.jar;C:\Users\Lenovo\.m2\repository\org\apache\commons\commons-collections4\4.4\commons-collections4-4.4.jar;C:\Users\Lenovo\.m2\repository\com\fasterxml\jackson\core\jackson-databind\2.18.4\jackson-databind-2.18.4.jar;C:\Users\Lenovo\.m2\repository\com\fasterxml\jackson\core\jackson-annotations\2.18.4\jackson-annotations-2.18.4.jar;C:\Users\Lenovo\.m2\repository\com\fasterxml\jackson\core\jackson-core\2.18.4\jackson-core-2.18.4.jar;C:\Users\Lenovo\.m2\repository\org\springframework\boot\spring-boot-starter-websocket\3.4.6\spring-boot-starter-websocket-3.4.6.jar;C:\Users\Lenovo\.m2\repository\org\springframework\spring-messaging\6.2.7\spring-messaging-6.2.7.jar;C:\Users\Lenovo\.m2\repository\org\springframework\spring-beans\6.2.7\spring-beans-6.2.7.jar;C:\Users\Leno
Launcher Type: SUN_STANDARD

[Global flags]
     intx CICompilerCount                          = 4                                         {product} {ergonomic}
     uint ConcGCThreads                            = 3                                         {product} {ergonomic}
     uint G1ConcRefinementThreads                  = 10                                        {product} {ergonomic}
   size_t G1HeapRegionSize                         = 1048576                                   {product} {ergonomic}
    uintx GCDrainStackTargetSize                   = 64                                        {product} {ergonomic}
   size_t InitialHeapSize                          = 98566144                                  {product} {ergonomic}
   size_t MarkStackSize                            = 4194304                                   {product} {ergonomic}
   size_t MaxHeapSize                              = 1570766848                                {product} {ergonomic}
   size_t MaxNewSize                               = 941621248                                 {product} {ergonomic}
   size_t MinHeapDeltaBytes                        = 1048576                                   {product} {ergonomic}
   size_t MinHeapSize                              = 8388608                                   {product} {ergonomic}
    uintx NonNMethodCodeHeapSize                   = 5839372                                {pd product} {ergonomic}
    uintx NonProfiledCodeHeapSize                  = 122909434                              {pd product} {ergonomic}
    uintx ProfiledCodeHeapSize                     = 122909434                              {pd product} {ergonomic}
    uintx ReservedCodeCacheSize                    = 251658240                              {pd product} {ergonomic}
     bool SegmentedCodeCache                       = true                                      {product} {ergonomic}
   size_t SoftMaxHeapSize                          = 1570766848                             {manageable} {ergonomic}
     bool UseCompressedClassPointers               = true                           {product lp64_product} {ergonomic}
     bool UseCompressedOops                        = true                           {product lp64_product} {ergonomic}
     bool UseG1GC                                  = true                                      {product} {ergonomic}
     bool UseLargePagesIndividualAllocation        = false                                  {pd product} {ergonomic}

Logging:
Log output configuration:
 #0: stdout all=warning uptime,level,tags
 #1: stderr all=off uptime,level,tags

Environment Variables:
JAVA_HOME=C:\Users\Lenovo\Downloads\jdk-17_windows-x64_bin.exe
PATH=C:\Program Files (x86)\VMware\VMware Workstation\bin\;C:\Program Files\Common Files\Oracle\Java\javapath;C:\WINDOWS\system32;C:\WINDOWS;C:\WINDOWS\System32\Wbem;C:\WINDOWS\System32\WindowsPowerShell\v1.0\;C:\WINDOWS\System32\OpenSSH\;C:\Program Files\Java\jdk-17\bin;C:\Program Files\Git\cmd;C:\Program Files\nodejs\;C:\Users\Lenovo\AppData\Local\Microsoft\WindowsApps;C:\Users\Lenovo\AppData\Local\Programs\Microsoft VS Code\bin;C:\Program Files\JetBrains\IntelliJ IDEA Community Edition 2024.3.5\bin;;C:\Users\Lenovo\AppData\Local\GitHubDesktop\bin;C:\Users\Lenovo\AppData\Roaming\npm;C:\Users\Lenovo\AppData\Local\Programs\cursor\resources\app\bin
USERNAME=Lenovo
OS=Windows_NT
PROCESSOR_IDENTIFIER=AMD64 Family 23 Model 104 Stepping 1, AuthenticAMD



---------------  S Y S T E M  ---------------

OS:
 Windows 11 , 64 bit Build 26100 (10.0.26100.4768)
OS uptime: 0 days 19:03 hours

CPU: total 12 (initial active 12) (12 cores per cpu, 2 threads per core) family 23 model 104 stepping 1 microcode 0x8608103, cx8, cmov, fxsr, ht, mmx, 3dnowpref, sse, sse2, sse3, ssse3, sse4a, sse4.1, sse4.2, popcnt, lzcnt, tsc, tscinvbit, avx, avx2, aes, clmul, bmi1, bmi2, adx, sha, fma, vzeroupper, clflush, clflushopt

Memory: 4k page, system-wide physical 5989M (554M free)
TotalPageFile size 24421M (AvailPageFile size 136M)
current process WorkingSet (physical memory assigned to process): 385M, peak: 389M
current process commit charge ("private bytes"): 426M, peak: 726M

vm_info: Java HotSpot(TM) 64-Bit Server VM (17.0.12+8-LTS-286) for windows-amd64 JRE (17.0.12+8-LTS-286), built on Jun  5 2024 06:46:59 by "mach5one" with MS VC++ 17.6 (VS2022)

END.
